TN:
SF:src\App.tsx
FN:39,ProtectedRoute
FN:44,AdminRoute
FN:49,App
FNF:3
FNH:1
FNDA:0,ProtectedRoute
FNDA:0,AdminRoute
FNDA:1,App
DA:1,1
DA:2,1
DA:3,1
DA:4,1
DA:5,1
DA:6,1
DA:7,1
DA:8,1
DA:9,1
DA:10,1
DA:11,1
DA:12,1
DA:13,1
DA:14,1
DA:15,1
DA:16,1
DA:17,1
DA:18,1
DA:19,1
DA:20,1
DA:21,1
DA:22,1
DA:23,1
DA:24,1
DA:25,1
DA:26,1
DA:27,1
DA:28,1
DA:29,1
DA:30,1
DA:31,1
DA:32,1
DA:40,0
DA:45,0
DA:49,1
LF:35
LH:33
BRDA:41,0,0,0
BRDA:46,1,0,0
BRF:2
BRH:0
end_of_record
TN:
SF:src\components\auth\AuthLeftPanel.tsx
FN:62,(anonymous_3)
FN:95,(anonymous_4)
FN:99,(anonymous_5)
FNF:3
FNH:0
FNDA:0,(anonymous_3)
FNDA:0,(anonymous_4)
FNDA:0,(anonymous_5)
DA:6,1
DA:7,1
DA:62,1
DA:63,0
DA:64,0
DA:65,0
DA:96,0
DA:99,0
DA:114,1
LF:9
LH:4
BRDA:64,0,0,0
BRDA:64,0,1,0
BRDA:65,1,0,0
BRDA:65,1,1,0
BRDA:98,2,0,0
BRDA:98,2,1,0
BRF:6
BRH:0
end_of_record
TN:
SF:src\components\auth\PasswordChecks.tsx
FNF:0
FNH:0
DA:5,1
DA:33,1
LF:2
LH:2
BRDA:14,0,0,0
BRDA:14,0,1,0
BRF:2
BRH:0
end_of_record
TN:
SF:src\components\branding\AppLogo.tsx
FN:9,AppLogo
FNF:1
FNH:1
FNDA:1,AppLogo
DA:2,1
DA:9,1
LF:2
LH:2
BRDA:9,0,0,0
BRDA:9,1,0,1
BRF:2
BRH:1
end_of_record
TN:
SF:src\components\common\EntityMenu.tsx
FN:32,EntityMenu
FN:38,(anonymous_5)
FN:39,(anonymous_6)
FN:45,(anonymous_7)
FN:48,(anonymous_8)
FN:65,(anonymous_9)
FN:77,(anonymous_10)
FN:90,(anonymous_11)
FN:97,(anonymous_12)
FNF:9
FNH:0
FNDA:0,EntityMenu
FNDA:0,(anonymous_5)
FNDA:0,(anonymous_6)
FNDA:0,(anonymous_7)
FNDA:0,(anonymous_8)
FNDA:0,(anonymous_9)
FNDA:0,(anonymous_10)
FNDA:0,(anonymous_11)
FNDA:0,(anonymous_12)
DA:1,1
DA:13,1
DA:32,0
DA:33,0
DA:34,0
DA:35,0
DA:36,0
DA:38,0
DA:39,0
DA:40,0
DA:41,0
DA:44,0
DA:45,0
DA:48,0
DA:49,0
DA:50,0
DA:53,0
DA:65,0
DA:66,0
DA:67,0
DA:68,0
DA:69,0
DA:71,0
DA:73,0
DA:77,0
DA:91,0
DA:92,0
DA:97,0
LF:28
LH:2
BRDA:40,0,0,0
BRDA:40,1,0,0
BRDA:40,1,1,0
BRDA:67,2,0,0
BRDA:67,3,0,0
BRDA:67,3,1,0
BRDA:88,4,0,0
BRDA:89,5,0,0
BRDA:89,5,1,0
BRF:9
BRH:0
end_of_record
TN:
SF:src\components\layout\Header.tsx
FN:10,Header
FN:15,(anonymous_3)
FN:20,(anonymous_4)
FN:25,(anonymous_5)
FNF:4
FNH:0
FNDA:0,Header
FNDA:0,(anonymous_3)
FNDA:0,(anonymous_4)
FNDA:0,(anonymous_5)
DA:1,1
DA:2,1
DA:3,1
DA:4,1
DA:5,1
DA:6,1
DA:7,1
DA:8,1
DA:10,0
DA:11,0
DA:12,0
DA:13,0
DA:15,0
DA:16,0
DA:17,0
DA:18,0
DA:20,0
DA:21,0
DA:25,0
DA:26,0
DA:28,0
DA:33,0
LF:22
LH:8
BRDA:16,0,0,0
BRDA:26,1,0,0
BRDA:26,1,1,0
BRDA:26,2,0,0
BRDA:26,2,1,0
BRDA:28,3,0,0
BRDA:28,3,1,0
BRDA:29,4,0,0
BRDA:29,4,1,0
BRDA:29,5,0,0
BRDA:29,5,1,0
BRDA:29,6,0,0
BRDA:29,6,1,0
BRDA:33,7,0,0
BRDA:33,7,1,0
BRDA:35,8,0,0
BRDA:35,8,1,0
BRDA:37,9,0,0
BRDA:37,9,1,0
BRDA:39,10,0,0
BRDA:39,10,1,0
BRDA:65,11,0,0
BRDA:65,11,1,0
BRDA:65,12,0,0
BRDA:65,12,1,0
BRDA:65,13,0,0
BRDA:65,13,1,0
BRF:27
BRH:0
end_of_record
TN:
SF:src\components\layout\MainLayout.tsx
FN:6,MainLayout
FNF:1
FNH:0
FNDA:0,MainLayout
DA:1,1
DA:2,1
DA:3,1
DA:4,1
DA:6,1
DA:7,0
LF:6
LH:5
BRDA:10,0,0,0
BRDA:10,0,1,0
BRF:2
BRH:0
end_of_record
TN:
SF:src\components\layout\Sidebar.tsx
FN:9,Sidebar
FN:15,(anonymous_3)
FN:20,(anonymous_4)
FN:23,(anonymous_5)
FN:40,(anonymous_6)
FN:42,(anonymous_7)
FN:44,(anonymous_8)
FN:47,(anonymous_9)
FN:50,(anonymous_10)
FN:54,(anonymous_11)
FN:55,(anonymous_12)
FN:56,(anonymous_13)
FN:60,(anonymous_14)
FN:61,(anonymous_15)
FN:63,(anonymous_16)
FN:84,(anonymous_17)
FN:93,(anonymous_18)
FN:111,(anonymous_19)
FNF:18
FNH:0
FNDA:0,Sidebar
FNDA:0,(anonymous_3)
FNDA:0,(anonymous_4)
FNDA:0,(anonymous_5)
FNDA:0,(anonymous_6)
FNDA:0,(anonymous_7)
FNDA:0,(anonymous_8)
FNDA:0,(anonymous_9)
FNDA:0,(anonymous_10)
FNDA:0,(anonymous_11)
FNDA:0,(anonymous_12)
FNDA:0,(anonymous_13)
FNDA:0,(anonymous_14)
FNDA:0,(anonymous_15)
FNDA:0,(anonymous_16)
FNDA:0,(anonymous_17)
FNDA:0,(anonymous_18)
FNDA:0,(anonymous_19)
DA:1,1
DA:2,1
DA:3,1
DA:4,1
DA:5,1
DA:6,1
DA:7,1
DA:9,0
DA:10,0
DA:11,0
DA:12,0
DA:13,0
DA:15,0
DA:17,0
DA:18,0
DA:20,0
DA:21,0
DA:22,0
DA:23,0
DA:24,0
DA:25,0
DA:35,0
DA:38,0
DA:40,0
DA:41,0
DA:43,0
DA:44,0
DA:47,0
DA:48,0
DA:50,0
DA:54,0
DA:55,0
DA:56,0
DA:60,0
DA:61,0
DA:63,0
DA:64,0
DA:65,0
DA:85,0
DA:86,0
DA:87,0
DA:88,0
DA:93,0
DA:112,0
DA:127,0
LF:45
LH:7
BRDA:15,0,0,0
BRDA:15,0,1,0
BRDA:18,1,0,0
BRDA:18,1,1,0
BRDA:22,2,0,0
BRDA:24,3,0,0
BRDA:24,3,1,0
BRDA:44,4,0,0
BRDA:44,4,1,0
BRDA:48,5,0,0
BRDA:56,6,0,0
BRDA:56,6,1,0
BRDA:61,7,0,0
BRDA:61,7,1,0
BRDA:69,8,0,0
BRDA:69,8,1,0
BRDA:86,9,0,0
BRDA:92,10,0,0
BRDA:92,10,1,0
BRDA:99,11,0,0
BRDA:102,12,0,0
BRDA:109,13,0,0
BRDA:109,13,1,0
BRDA:116,14,0,0
BRDA:116,14,1,0
BRDA:131,15,0,0
BRDA:131,15,1,0
BRDA:137,16,0,0
BRDA:139,17,0,0
BRDA:139,17,1,0
BRDA:152,18,0,0
BRDA:156,19,0,0
BRDA:158,20,0,0
BRDA:158,20,1,0
BRF:34
BRH:0
end_of_record
TN:
SF:src\components\meetings\MeetingCalendar.tsx
FN:26,MeetingCalendar
FN:29,(anonymous_2)
FN:35,(anonymous_3)
FN:36,(anonymous_4)
FN:54,(anonymous_5)
FN:59,(anonymous_6)
FN:61,(anonymous_7)
FN:65,(anonymous_8)
FN:86,(anonymous_9)
FN:96,(anonymous_10)
FNF:10
FNH:0
FNDA:0,MeetingCalendar
FNDA:0,(anonymous_2)
FNDA:0,(anonymous_3)
FNDA:0,(anonymous_4)
FNDA:0,(anonymous_5)
FNDA:0,(anonymous_6)
FNDA:0,(anonymous_7)
FNDA:0,(anonymous_8)
FNDA:0,(anonymous_9)
FNDA:0,(anonymous_10)
DA:1,1
DA:2,1
DA:15,1
DA:16,1
DA:26,0
DA:27,0
DA:29,0
DA:30,0
DA:31,0
DA:32,0
DA:35,0
DA:36,0
DA:38,0
DA:55,0
DA:60,0
DA:61,0
DA:62,0
DA:65,0
DA:66,0
DA:67,0
DA:69,0
DA:70,0
DA:71,0
DA:74,0
DA:87,0
DA:88,0
DA:89,0
DA:91,0
DA:96,0
LF:29
LH:4
BRDA:26,0,0,0
BRDA:61,1,0,0
BRDA:61,1,1,0
BRDA:71,2,0,0
BRDA:71,2,1,0
BRDA:77,3,0,0
BRDA:77,3,1,0
BRDA:77,4,0,0
BRDA:77,4,1,0
BRDA:77,5,0,0
BRDA:77,5,1,0
BRDA:81,6,0,0
BRDA:88,7,0,0
BRDA:88,7,1,0
BRDA:89,8,0,0
BRDA:89,8,1,0
BRDA:103,9,0,0
BRF:17
BRH:0
end_of_record
TN:
SF:src\components\networking\ContactAccountantModal.tsx
FN:15,ContactAccountantModal
FN:33,(anonymous_2)
FN:46,(anonymous_3)
FN:48,(anonymous_4)
FN:54,(anonymous_5)
FN:62,(anonymous_6)
FN:97,(anonymous_7)
FN:139,(anonymous_8)
FN:149,(anonymous_9)
FN:159,(anonymous_10)
FN:170,(anonymous_11)
FN:182,(anonymous_12)
FN:193,(anonymous_13)
FNF:13
FNH:3
FNDA:1,ContactAccountantModal
FNDA:1,(anonymous_2)
FNDA:1,(anonymous_3)
FNDA:0,(anonymous_4)
FNDA:0,(anonymous_5)
FNDA:0,(anonymous_6)
FNDA:0,(anonymous_7)
FNDA:0,(anonymous_8)
FNDA:0,(anonymous_9)
FNDA:0,(anonymous_10)
FNDA:0,(anonymous_11)
FNDA:0,(anonymous_12)
FNDA:0,(anonymous_13)
DA:1,1
DA:2,1
DA:3,1
DA:4,1
DA:15,1
DA:22,1
DA:23,1
DA:24,1
DA:25,1
DA:26,1
DA:27,1
DA:28,1
DA:29,1
DA:30,1
DA:31,1
DA:33,1
DA:34,1
DA:35,0
DA:36,0
DA:37,0
DA:38,0
DA:39,0
DA:40,0
DA:41,0
DA:42,0
DA:43,0
DA:46,1
DA:47,1
DA:48,0
DA:49,0
DA:51,0
DA:52,0
DA:53,0
DA:54,0
DA:55,0
DA:56,0
DA:60,1
DA:62,0
DA:63,0
DA:64,0
DA:66,0
DA:67,0
DA:69,0
DA:70,0
DA:80,0
DA:81,0
DA:83,0
DA:85,0
DA:97,0
DA:139,0
DA:149,0
DA:159,0
DA:170,0
DA:182,0
DA:193,0
LF:55
LH:20
BRDA:20,0,0,0
BRDA:34,1,0,1
BRDA:35,2,0,0
BRDA:35,2,1,0
BRDA:36,3,0,0
BRDA:36,3,1,0
BRDA:37,4,0,0
BRDA:37,4,1,0
BRDA:38,5,0,0
BRDA:38,5,1,0
BRDA:47,6,0,1
BRDA:49,7,0,0
BRDA:60,8,0,1
BRDA:64,9,0,0
BRDA:83,10,0,0
BRDA:83,10,1,0
BRDA:103,11,0,0
BRDA:125,12,0,0
BRDA:207,13,0,0
BRDA:207,13,1,0
BRDA:207,13,2,0
BRDA:207,13,3,0
BRDA:207,13,4,0
BRDA:209,14,0,0
BRDA:209,14,1,0
BRF:25
BRH:3
end_of_record
TN:
SF:src\components\networking\NetworkingHeader.tsx
FN:5,NetworkingHeader
FNF:1
FNH:1
FNDA:1,NetworkingHeader
DA:1,1
DA:2,1
DA:3,1
DA:5,1
DA:6,1
LF:5
LH:5
BRDA:17,0,0,0
BRF:1
BRH:0
end_of_record
TN:
SF:src\components\notifications\MessageDropdown.tsx
FN:7,formatRelativeTime
FN:22,MessageDropdown
FN:29,(anonymous_6)
FN:30,(anonymous_7)
FN:32,(anonymous_8)
FN:33,handleClickOutside
FN:39,(anonymous_10)
FN:42,(anonymous_11)
FN:61,(anonymous_12)
FN:81,(anonymous_13)
FN:93,(anonymous_14)
FN:97,(anonymous_15)
FN:117,(anonymous_16)
FN:120,(anonymous_17)
FNF:14
FNH:0
FNDA:0,formatRelativeTime
FNDA:0,MessageDropdown
FNDA:0,(anonymous_6)
FNDA:0,(anonymous_7)
FNDA:0,(anonymous_8)
FNDA:0,handleClickOutside
FNDA:0,(anonymous_10)
FNDA:0,(anonymous_11)
FNDA:0,(anonymous_12)
FNDA:0,(anonymous_13)
FNDA:0,(anonymous_14)
FNDA:0,(anonymous_15)
FNDA:0,(anonymous_16)
FNDA:0,(anonymous_17)
DA:1,1
DA:2,1
DA:3,1
DA:4,1
DA:5,1
DA:8,0
DA:9,0
DA:10,0
DA:11,0
DA:13,0
DA:14,0
DA:16,0
DA:17,0
DA:19,0
DA:22,0
DA:23,0
DA:24,0
DA:25,0
DA:26,0
DA:29,0
DA:30,0
DA:32,0
DA:34,0
DA:35,0
DA:38,0
DA:39,0
DA:42,0
DA:43,0
DA:44,0
DA:46,0
DA:49,0
DA:50,0
DA:53,0
DA:61,0
DA:81,0
DA:94,0
DA:97,0
DA:117,0
DA:120,0
LF:39
LH:5
BRDA:13,0,0,0
BRDA:14,1,0,0
BRDA:17,2,0,0
BRDA:34,3,0,0
BRDA:34,4,0,0
BRDA:34,4,1,0
BRDA:43,5,0,0
BRDA:49,6,0,0
BRDA:49,6,1,0
BRDA:59,7,0,0
BRDA:59,7,1,0
BRDA:65,8,0,0
BRDA:77,9,0,0
BRDA:87,10,0,0
BRDA:87,10,1,0
BRDA:96,11,0,0
BRDA:96,11,1,0
BRDA:110,12,0,0
BRF:18
BRH:0
end_of_record
TN:
SF:src\components\notifications\NotificationDropdown.tsx
FN:7,getNotifIcon
FN:14,formatRelativeTime
FN:29,NotificationDropdown
FN:38,(anonymous_7)
FN:39,(anonymous_8)
FN:44,(anonymous_9)
FN:45,handleClickOutside
FN:51,(anonymous_11)
FN:54,(anonymous_12)
FN:57,(anonymous_13)
FN:70,(anonymous_14)
FN:94,(anonymous_15)
FN:105,(anonymous_16)
FN:116,(anonymous_17)
FN:128,(anonymous_18)
FN:132,(anonymous_19)
FN:155,(anonymous_20)
FN:163,(anonymous_21)
FN:164,(anonymous_22)
FN:168,(anonymous_23)
FN:187,(anonymous_24)
FN:189,(anonymous_25)
FN:272,(anonymous_26)
FNF:23
FNH:0
FNDA:0,getNotifIcon
FNDA:0,formatRelativeTime
FNDA:0,NotificationDropdown
FNDA:0,(anonymous_7)
FNDA:0,(anonymous_8)
FNDA:0,(anonymous_9)
FNDA:0,handleClickOutside
FNDA:0,(anonymous_11)
FNDA:0,(anonymous_12)
FNDA:0,(anonymous_13)
FNDA:0,(anonymous_14)
FNDA:0,(anonymous_15)
FNDA:0,(anonymous_16)
FNDA:0,(anonymous_17)
FNDA:0,(anonymous_18)
FNDA:0,(anonymous_19)
FNDA:0,(anonymous_20)
FNDA:0,(anonymous_21)
FNDA:0,(anonymous_22)
FNDA:0,(anonymous_23)
FNDA:0,(anonymous_24)
FNDA:0,(anonymous_25)
FNDA:0,(anonymous_26)
DA:1,1
DA:2,1
DA:3,1
DA:4,1
DA:5,1
DA:15,0
DA:16,0
DA:17,0
DA:18,0
DA:20,0
DA:21,0
DA:23,0
DA:24,0
DA:26,0
DA:29,0
DA:30,0
DA:31,0
DA:32,0
DA:33,0
DA:35,0
DA:38,0
DA:39,0
DA:41,0
DA:42,0
DA:44,0
DA:46,0
DA:47,0
DA:50,0
DA:51,0
DA:54,0
DA:55,0
DA:56,0
DA:57,0
DA:58,0
DA:59,0
DA:60,0
DA:61,0
DA:64,0
DA:66,0
DA:70,0
DA:71,0
DA:72,0
DA:74,0
DA:77,0
DA:78,0
DA:79,0
DA:80,0
DA:81,0
DA:83,0
DA:86,0
DA:87,0
DA:88,0
DA:89,0
DA:90,0
DA:91,0
DA:94,0
DA:95,0
DA:98,0
DA:105,0
DA:116,0
DA:129,0
DA:132,0
DA:155,0
DA:163,0
DA:164,0
DA:168,0
DA:188,0
DA:189,0
DA:190,0
DA:191,0
DA:192,0
DA:195,0
DA:196,0
DA:197,0
DA:198,0
DA:199,0
DA:200,0
DA:273,0
DA:274,0
LF:79
LH:5
BRDA:10,0,0,0
BRDA:10,0,1,0
BRDA:20,1,0,0
BRDA:21,2,0,0
BRDA:24,3,0,0
BRDA:46,4,0,0
BRDA:46,5,0,0
BRDA:46,5,1,0
BRDA:59,6,0,0
BRDA:71,7,0,0
BRDA:77,8,0,0
BRDA:80,9,0,0
BRDA:86,10,0,0
BRDA:86,10,1,0
BRDA:87,11,0,0
BRDA:87,11,1,0
BRDA:88,12,0,0
BRDA:88,12,1,0
BRDA:89,13,0,0
BRDA:89,13,1,0
BRDA:90,14,0,0
BRDA:90,14,1,0
BRDA:91,15,0,0
BRDA:104,16,0,0
BRDA:104,16,1,0
BRDA:109,17,0,0
BRDA:112,18,0,0
BRDA:122,19,0,0
BRDA:122,19,1,0
BRDA:131,20,0,0
BRDA:131,20,1,0
BRDA:145,21,0,0
BRDA:162,22,0,0
BRDA:188,23,0,0
BRDA:188,23,1,0
BRDA:192,24,0,0
BRDA:192,24,1,0
BRDA:199,25,0,0
BRDA:199,25,1,0
BRDA:216,26,0,0
BRDA:216,26,1,0
BRDA:221,27,0,0
BRDA:221,27,1,0
BRDA:235,28,0,0
BRDA:235,28,1,0
BRF:45
BRH:0
end_of_record
TN:
SF:src\config\dashboardNav.ts
FN:25,getDashboardNav
FNF:1
FNH:0
FNDA:0,getDashboardNav
DA:12,1
DA:25,0
DA:26,0
DA:28,0
DA:29,0
DA:41,0
DA:42,0
DA:49,0
DA:50,0
DA:62,0
LF:10
LH:1
BRDA:26,0,0,0
BRDA:26,0,1,0
BRDA:28,1,0,0
BRDA:41,2,0,0
BRDA:49,3,0,0
BRF:5
BRH:0
end_of_record
TN:
SF:src\hooks\useLocalDocumentState.ts
FN:6,readJsonArray
FN:11,(anonymous_4)
FN:18,useArchivedDocumentIds
FN:19,(anonymous_6)
FN:21,(anonymous_7)
FN:27,(anonymous_8)
FN:35,(anonymous_9)
FN:36,(anonymous_10)
FN:41,(anonymous_11)
FN:45,(anonymous_12)
FN:55,useHiddenDocumentIds
FN:56,(anonymous_14)
FN:58,(anonymous_15)
FN:64,(anonymous_16)
FN:71,(anonymous_17)
FNF:15
FNH:0
FNDA:0,readJsonArray
FNDA:0,(anonymous_4)
FNDA:0,useArchivedDocumentIds
FNDA:0,(anonymous_6)
FNDA:0,(anonymous_7)
FNDA:0,(anonymous_8)
FNDA:0,(anonymous_9)
FNDA:0,(anonymous_10)
FNDA:0,(anonymous_11)
FNDA:0,(anonymous_12)
FNDA:0,useHiddenDocumentIds
FNDA:0,(anonymous_14)
FNDA:0,(anonymous_15)
FNDA:0,(anonymous_16)
FNDA:0,(anonymous_17)
DA:1,1
DA:3,1
DA:4,1
DA:7,0
DA:8,0
DA:9,0
DA:10,0
DA:11,0
DA:13,0
DA:18,0
DA:19,0
DA:21,0
DA:22,0
DA:23,0
DA:26,0
DA:28,0
DA:29,0
DA:34,0
DA:36,0
DA:41,0
DA:42,0
DA:45,0
DA:46,0
DA:55,0
DA:56,0
DA:58,0
DA:59,0
DA:60,0
DA:63,0
DA:65,0
DA:66,0
DA:71,0
DA:72,0
LF:33
LH:3
BRDA:9,0,0,0
BRDA:11,1,0,0
BRDA:11,1,1,0
BRDA:28,2,0,0
BRDA:65,3,0,0
BRF:5
BRH:0
end_of_record
TN:
SF:src\hooks\useSlideshow.ts
FN:41,useSlideshow
FN:44,(anonymous_4)
FN:46,(anonymous_5)
FN:46,(anonymous_6)
FN:49,(anonymous_7)
FN:52,(anonymous_8)
FNF:6
FNH:0
FNDA:0,useSlideshow
FNDA:0,(anonymous_4)
FNDA:0,(anonymous_5)
FNDA:0,(anonymous_6)
FNDA:0,(anonymous_7)
FNDA:0,(anonymous_8)
DA:5,1
DA:8,1
DA:41,0
DA:42,0
DA:44,0
DA:45,0
DA:46,0
DA:49,0
DA:52,0
DA:53,0
DA:56,0
LF:11
LH:2
BRDA:41,0,0,0
BRF:1
BRH:0
end_of_record
TN:
SF:src\lib\api.ts
FN:5,getApiBase
FN:12,apiUrl
FN:21,getAssetUrl
FN:34,apiErrorMessage
FN:41,(anonymous_14)
FN:42,(anonymous_15)
FN:68,loginRequest
FN:84,verifyEmailRequest
FN:98,testConnection
FN:111,forgotPasswordRequest
FN:125,resetPasswordRequest
FNF:11
FNH:0
FNDA:0,getApiBase
FNDA:0,apiUrl
FNDA:0,getAssetUrl
FNDA:0,apiErrorMessage
FNDA:0,(anonymous_14)
FNDA:0,(anonymous_15)
FNDA:0,loginRequest
FNDA:0,verifyEmailRequest
FNDA:0,testConnection
FNDA:0,forgotPasswordRequest
FNDA:0,resetPasswordRequest
DA:5,0
DA:6,0
DA:7,0
DA:8,0
DA:9,0
DA:12,0
DA:13,0
DA:14,0
DA:15,0
DA:21,0
DA:22,0
DA:23,0
DA:25,0
DA:26,0
DA:29,0
DA:31,0
DA:34,0
DA:35,0
DA:36,0
DA:37,0
DA:38,0
DA:39,0
DA:40,0
DA:41,0
DA:42,0
DA:43,0
DA:45,0
DA:50,0
DA:68,0
DA:72,0
DA:77,0
DA:78,0
DA:80,0
DA:81,0
DA:84,0
DA:87,0
DA:92,0
DA:93,0
DA:95,0
DA:98,0
DA:99,0
DA:100,0
DA:101,0
DA:102,0
DA:104,0
DA:107,0
DA:111,0
DA:114,0
DA:119,0
DA:120,0
DA:122,0
DA:125,0
DA:129,0
DA:134,0
DA:135,0
DA:137,0
LF:56
LH:0
BRDA:7,0,0,0
BRDA:8,1,0,0
BRDA:14,2,0,0
BRDA:14,2,1,0
BRDA:22,3,0,0
BRDA:23,4,0,0
BRDA:26,5,0,0
BRDA:26,5,1,0
BRDA:29,6,0,0
BRDA:38,7,0,0
BRDA:39,8,0,0
BRDA:40,9,0,0
BRDA:40,10,0,0
BRDA:40,10,1,0
BRDA:42,11,0,0
BRDA:45,12,0,0
BRDA:77,13,0,0
BRDA:92,14,0,0
BRDA:101,15,0,0
BRDA:101,15,1,0
BRDA:107,16,0,0
BRDA:107,16,1,0
BRDA:119,17,0,0
BRDA:134,18,0,0
BRF:24
BRH:0
end_of_record
TN:
SF:src\lib\authFetch.ts
FN:6,refreshSession
FN:10,(anonymous_2)
FN:36,authFetch
FNF:3
FNH:1
FNDA:0,refreshSession
FNDA:0,(anonymous_2)
FNDA:1,authFetch
DA:1,1
DA:2,1
DA:4,1
DA:7,0
DA:8,0
DA:9,0
DA:10,0
DA:11,0
DA:12,0
DA:17,0
DA:18,0
DA:22,0
DA:23,0
DA:25,0
DA:27,0
DA:30,0
DA:36,1
DA:37,1
DA:38,1
DA:39,1
DA:40,0
DA:42,1
DA:43,0
DA:44,0
DA:45,0
DA:46,0
DA:47,0
DA:48,0
DA:51,0
LF:29
LH:8
BRDA:8,0,0,0
BRDA:8,1,0,0
BRDA:8,1,1,0
BRDA:9,2,0,0
BRDA:17,3,0,0
BRDA:36,4,0,1
BRDA:39,5,0,0
BRDA:39,6,0,1
BRDA:39,6,1,0
BRDA:43,7,0,0
BRDA:43,8,0,0
BRDA:43,8,1,0
BRDA:43,8,2,0
BRDA:45,9,0,0
BRF:14
BRH:2
end_of_record
TN:
SF:src\lib\api\accountantProfileService.ts
FN:28,parseJson
FN:35,(anonymous_5)
FN:40,(anonymous_6)
FN:49,(anonymous_7)
FNF:4
FNH:0
FNDA:0,parseJson
FNDA:0,(anonymous_5)
FNDA:0,(anonymous_6)
FNDA:0,(anonymous_7)
DA:1,1
DA:2,1
DA:29,0
DA:30,0
DA:32,0
DA:35,1
DA:36,0
DA:37,0
DA:40,1
DA:41,0
DA:46,0
DA:49,1
DA:50,0
DA:51,0
DA:53,0
DA:58,0
DA:60,0
DA:61,0
DA:62,0
DA:64,0
LF:20
LH:5
BRDA:29,0,0,0
BRDA:60,1,0,0
BRDA:60,1,1,0
BRDA:61,2,0,0
BRF:4
BRH:0
end_of_record
TN:
SF:src\lib\api\adminService.ts
FN:146,parseJson
FN:153,withQuery
FN:155,(anonymous_26)
FN:162,fetchAdminDashboard
FN:167,fetchAdminAccountants
FN:180,fetchAdminAccountant
FN:185,deleteAdminAccountant
FN:190,fetchAdminUsers
FN:205,fetchAdminUser
FN:210,createAdminUser
FN:221,updateAdminUserStatus
FN:230,updateAdminUser
FN:249,updateAdminUserRole
FN:258,resetAdminUserPassword
FN:270,deleteAdminUser
FN:277,fetchAdminReviews
FN:284,updateAdminReviewStatus
FN:293,deleteAdminReview
FN:298,fetchAdminStorage
FN:303,updateAdminStorageQuota
FN:312,fetchAdminAnalytics
FN:317,fetchAdminAuditLogs
FN:328,exportAdminAuditLogs
FN:342,fetchAdminProfile
FN:347,updateAdminProfile
FN:360,changeAdminPassword
FNF:26
FNH:0
FNDA:0,parseJson
FNDA:0,withQuery
FNDA:0,(anonymous_26)
FNDA:0,fetchAdminDashboard
FNDA:0,fetchAdminAccountants
FNDA:0,fetchAdminAccountant
FNDA:0,deleteAdminAccountant
FNDA:0,fetchAdminUsers
FNDA:0,fetchAdminUser
FNDA:0,createAdminUser
FNDA:0,updateAdminUserStatus
FNDA:0,updateAdminUser
FNDA:0,updateAdminUserRole
FNDA:0,resetAdminUserPassword
FNDA:0,deleteAdminUser
FNDA:0,fetchAdminReviews
FNDA:0,updateAdminReviewStatus
FNDA:0,deleteAdminReview
FNDA:0,fetchAdminStorage
FNDA:0,updateAdminStorageQuota
FNDA:0,fetchAdminAnalytics
FNDA:0,fetchAdminAuditLogs
FNDA:0,exportAdminAuditLogs
FNDA:0,fetchAdminProfile
FNDA:0,updateAdminProfile
FNDA:0,changeAdminPassword
DA:1,1
DA:2,1
DA:147,0
DA:148,0
DA:150,0
DA:154,0
DA:155,0
DA:156,0
DA:158,0
DA:159,0
DA:162,0
DA:163,0
DA:164,0
DA:167,0
DA:171,0
DA:177,0
DA:180,0
DA:181,0
DA:182,0
DA:185,0
DA:186,0
DA:187,0
DA:190,0
DA:195,0
DA:202,0
DA:205,0
DA:206,0
DA:207,0
DA:210,0
DA:211,0
DA:216,0
DA:221,0
DA:222,0
DA:227,0
DA:230,0
DA:241,0
DA:246,0
DA:249,0
DA:250,0
DA:255,0
DA:258,0
DA:259,0
DA:264,0
DA:270,0
DA:271,0
DA:274,0
DA:277,0
DA:278,0
DA:281,0
DA:284,0
DA:285,0
DA:290,0
DA:293,0
DA:294,0
DA:295,0
DA:298,0
DA:299,0
DA:300,0
DA:303,0
DA:304,0
DA:309,0
DA:312,0
DA:313,0
DA:314,0
DA:317,0
DA:324,0
DA:325,0
DA:328,0
DA:335,0
DA:336,0
DA:337,0
DA:339,0
DA:342,0
DA:343,0
DA:344,0
DA:347,0
DA:352,0
DA:357,0
DA:360,0
DA:364,0
DA:369,0
LF:81
LH:2
BRDA:147,0,0,0
BRDA:156,1,0,0
BRDA:159,2,0,0
BRDA:159,2,1,0
BRDA:173,3,0,0
BRDA:173,3,1,0
BRDA:174,4,0,0
BRDA:174,4,1,0
BRDA:197,5,0,0
BRDA:197,5,1,0
BRDA:198,6,0,0
BRDA:198,6,1,0
BRDA:199,7,0,0
BRDA:199,7,1,0
BRDA:279,8,0,0
BRDA:279,8,1,0
BRDA:336,9,0,0
BRF:17
BRH:0
end_of_record
TN:
SF:src\lib\api\bankService.ts
FN:30,fetchBankAccounts
FN:40,fetchBankAccount
FN:50,createBankAccount
FN:66,updateBankAccount
FN:82,deleteBankAccount
FN:92,addBankTransaction
FNF:6
FNH:0
FNDA:0,fetchBankAccounts
FNDA:0,fetchBankAccount
FNDA:0,createBankAccount
FNDA:0,updateBankAccount
FNDA:0,deleteBankAccount
FNDA:0,addBankTransaction
DA:1,1
DA:2,1
DA:30,0
DA:31,0
DA:33,0
DA:34,0
DA:37,0
DA:40,0
DA:41,0
DA:43,0
DA:44,0
DA:47,0
DA:50,0
DA:51,0
DA:59,0
DA:60,0
DA:63,0
DA:66,0
DA:67,0
DA:75,0
DA:76,0
DA:79,0
DA:82,0
DA:83,0
DA:87,0
DA:88,0
DA:92,0
DA:96,0
DA:104,0
DA:105,0
DA:108,0
LF:31
LH:2
BRDA:33,0,0,0
BRDA:43,1,0,0
BRDA:59,2,0,0
BRDA:75,3,0,0
BRDA:87,4,0,0
BRDA:104,5,0,0
BRF:6
BRH:0
end_of_record
TN:
SF:src\lib\api\clientService.ts
FN:26,fetchClientsStats
FN:32,createClient
FN:48,updateClient
FN:65,deleteClient
FNF:4
FNH:0
FNDA:0,fetchClientsStats
FNDA:0,createClient
FNDA:0,updateClient
FNDA:0,deleteClient
DA:1,1
DA:2,1
DA:26,0
DA:27,0
DA:28,0
DA:29,0
DA:32,0
DA:35,0
DA:41,0
DA:42,0
DA:45,0
DA:48,0
DA:52,0
DA:58,0
DA:59,0
DA:62,0
DA:65,0
DA:66,0
DA:70,0
DA:71,0
DA:74,0
LF:21
LH:2
BRDA:28,0,0,0
BRDA:41,1,0,0
BRDA:58,2,0,0
BRDA:70,3,0,0
BRF:4
BRH:0
end_of_record
TN:
SF:src\lib\api\collaboratorService.ts
FN:29,fetchCollaboratorsStats
FN:35,createCollaborator
FN:50,updateCollaborator
FN:67,deleteCollaborator
FNF:4
FNH:0
FNDA:0,fetchCollaboratorsStats
FNDA:0,createCollaborator
FNDA:0,updateCollaborator
FNDA:0,deleteCollaborator
DA:1,1
DA:2,1
DA:29,0
DA:30,0
DA:31,0
DA:32,0
DA:35,0
DA:38,0
DA:44,0
DA:45,0
DA:48,0
DA:50,0
DA:54,0
DA:60,0
DA:61,0
DA:64,0
DA:67,0
DA:68,0
DA:72,0
DA:73,0
DA:76,0
LF:21
LH:2
BRDA:31,0,0,0
BRDA:44,1,0,0
BRDA:60,2,0,0
BRDA:72,3,0,0
BRF:4
BRH:0
end_of_record
TN:
SF:src\lib\api\documentService.ts
FN:37,fetchDocuments
FN:52,fetchDocumentById
FN:58,patchDocument
FN:75,setDocumentArchived
FN:82,renameDocument
FN:89,deleteDocument
FN:101,uploadDocument
FN:128,moveDocument
FN:135,addDocumentComment
FNF:9
FNH:0
FNDA:0,fetchDocuments
FNDA:0,fetchDocumentById
FNDA:0,patchDocument
FNDA:0,setDocumentArchived
FNDA:0,renameDocument
FNDA:0,deleteDocument
FNDA:0,uploadDocument
FNDA:0,moveDocument
FNDA:0,addDocumentComment
DA:1,1
DA:2,1
DA:37,0
DA:42,0
DA:43,0
DA:44,0
DA:45,0
DA:46,0
DA:47,0
DA:48,0
DA:49,0
DA:52,0
DA:53,0
DA:54,0
DA:55,0
DA:58,0
DA:62,0
DA:69,0
DA:70,0
DA:72,0
DA:75,0
DA:79,0
DA:82,0
DA:86,0
DA:89,0
DA:92,0
DA:95,0
DA:96,0
DA:98,0
DA:101,0
DA:108,0
DA:109,0
DA:110,0
DA:111,0
DA:112,0
DA:113,0
DA:115,0
DA:120,0
DA:121,0
DA:124,0
DA:125,0
DA:128,0
DA:132,0
DA:135,0
DA:139,0
DA:146,0
DA:147,0
DA:149,0
DA:150,0
LF:49
LH:2
BRDA:43,0,0,0
BRDA:44,1,0,0
BRDA:45,2,0,0
BRDA:47,3,0,0
BRDA:47,3,1,0
BRDA:48,4,0,0
BRDA:54,5,0,0
BRDA:69,6,0,0
BRDA:95,7,0,0
BRDA:111,8,0,0
BRDA:112,9,0,0
BRDA:113,10,0,0
BRDA:120,11,0,0
BRDA:146,12,0,0
BRF:14
BRH:0
end_of_record
TN:
SF:src\lib\api\folderService.ts
FN:18,fetchFolders
FN:32,createFolder
FN:53,deleteFolder
FN:60,updateFolder
FN:77,setFolderArchived
FN:94,archiveFolderDocuments
FNF:6
FNH:0
FNDA:0,fetchFolders
FNDA:0,createFolder
FNDA:0,deleteFolder
FNDA:0,updateFolder
FNDA:0,setFolderArchived
FNDA:0,archiveFolderDocuments
DA:1,1
DA:2,1
DA:18,0
DA:19,0
DA:20,0
DA:21,0
DA:22,0
DA:24,0
DA:25,0
DA:27,0
DA:28,0
DA:29,0
DA:32,0
DA:37,0
DA:45,0
DA:46,0
DA:49,0
DA:50,0
DA:53,0
DA:54,0
DA:57,0
DA:60,0
DA:64,0
DA:71,0
DA:72,0
DA:74,0
DA:77,0
DA:81,0
DA:88,0
DA:89,0
DA:91,0
DA:94,0
DA:97,0
DA:100,0
DA:101,0
DA:103,0
DA:104,0
LF:37
LH:2
BRDA:20,0,0,0
BRDA:21,1,0,0
BRDA:22,2,0,0
BRDA:25,3,0,0
BRDA:25,3,1,0
BRDA:28,4,0,0
BRDA:45,5,0,0
BRDA:71,6,0,0
BRDA:88,7,0,0
BRDA:100,8,0,0
BRF:10
BRH:0
end_of_record
TN:
SF:src\lib\api\invoiceService.ts
FN:4,createInvoice
FNF:1
FNH:0
FNDA:0,createInvoice
DA:1,1
DA:2,1
DA:4,0
DA:13,0
DA:21,0
DA:22,0
DA:25,0
DA:26,0
LF:8
LH:2
BRDA:21,0,0,0
BRF:1
BRH:0
end_of_record
TN:
SF:src\lib\api\leaveService.ts
FN:13,fetchLeaves
FN:19,createLeave
FN:36,deleteLeave
FNF:3
FNH:0
FNDA:0,fetchLeaves
FNDA:0,createLeave
FNDA:0,deleteLeave
DA:1,1
DA:2,1
DA:13,0
DA:14,0
DA:15,0
DA:16,0
DA:19,0
DA:24,0
DA:29,0
DA:30,0
DA:32,0
DA:33,0
DA:36,0
DA:37,0
DA:38,0
DA:39,0
DA:41,0
LF:17
LH:2
BRDA:15,0,0,0
BRDA:29,1,0,0
BRDA:38,2,0,0
BRF:3
BRH:0
end_of_record
TN:
SF:src\lib\api\meetingService.ts
FN:45,fetchMeetings
FN:51,createMeeting
FN:77,updateMeeting
FN:103,updateMeetingStatus
FN:119,fetchAvailability
FN:125,updateAvailability
FN:137,setMeetingPV
FN:153,fetchAvailableSlots
FNF:8
FNH:0
FNDA:0,fetchMeetings
FNDA:0,createMeeting
FNDA:0,updateMeeting
FNDA:0,updateMeetingStatus
FNDA:0,fetchAvailability
FNDA:0,updateAvailability
FNDA:0,setMeetingPV
FNDA:0,fetchAvailableSlots
DA:1,1
DA:2,1
DA:45,0
DA:46,0
DA:47,0
DA:48,0
DA:51,0
DA:65,0
DA:70,0
DA:71,0
DA:73,0
DA:74,0
DA:77,0
DA:91,0
DA:96,0
DA:97,0
DA:99,0
DA:100,0
DA:103,0
DA:108,0
DA:113,0
DA:114,0
DA:116,0
DA:119,0
DA:120,0
DA:121,0
DA:122,0
DA:125,0
DA:126,0
DA:131,0
DA:132,0
DA:134,0
DA:137,0
DA:138,0
DA:143,0
DA:144,0
DA:146,0
DA:153,0
DA:158,0
DA:161,0
DA:162,0
LF:41
LH:2
BRDA:47,0,0,0
BRDA:70,1,0,0
BRDA:96,2,0,0
BRDA:113,3,0,0
BRDA:121,4,0,0
BRDA:131,5,0,0
BRDA:143,6,0,0
BRDA:161,7,0,0
BRF:8
BRH:0
end_of_record
TN:
SF:src\lib\api\messagingService.ts
FN:48,fetchMessagingDirectory
FN:54,fetchConversations
FN:60,fetchConversation
FN:66,createConversation
FN:83,sendChatMessage
FNF:5
FNH:0
FNDA:0,fetchMessagingDirectory
FNDA:0,fetchConversations
FNDA:0,fetchConversation
FNDA:0,createConversation
FNDA:0,sendChatMessage
DA:1,1
DA:2,1
DA:48,0
DA:49,0
DA:50,0
DA:51,0
DA:54,0
DA:55,0
DA:56,0
DA:57,0
DA:60,0
DA:61,0
DA:62,0
DA:63,0
DA:66,0
DA:69,0
DA:76,0
DA:77,0
DA:79,0
DA:80,0
DA:83,0
DA:89,0
DA:96,0
DA:97,0
DA:99,0
DA:100,0
LF:26
LH:2
BRDA:50,0,0,0
BRDA:56,1,0,0
BRDA:62,2,0,0
BRDA:76,3,0,0
BRDA:96,4,0,0
BRF:5
BRH:0
end_of_record
TN:
SF:src\lib\api\requestService.ts
FN:69,fetchRequests
FN:76,fetchRequestById
FN:82,createRequest
FN:107,updateRequest
FN:132,updateRequestManagement
FN:156,deleteRequest
FN:166,updateRequestStatus
FN:183,postRequestComment
FN:201,uploadRequestAttachment
FN:218,attachRequestDocumentFromLibrary
FN:236,deleteRequestAttachment
FNF:11
FNH:0
FNDA:0,fetchRequests
FNDA:0,fetchRequestById
FNDA:0,createRequest
FNDA:0,updateRequest
FNDA:0,updateRequestManagement
FNDA:0,deleteRequest
FNDA:0,updateRequestStatus
FNDA:0,postRequestComment
FNDA:0,uploadRequestAttachment
FNDA:0,attachRequestDocumentFromLibrary
FNDA:0,deleteRequestAttachment
DA:1,1
DA:2,1
DA:69,0
DA:70,0
DA:71,0
DA:72,0
DA:73,0
DA:76,0
DA:77,0
DA:78,0
DA:79,0
DA:82,0
DA:93,0
DA:100,0
DA:101,0
DA:103,0
DA:104,0
DA:107,0
DA:119,0
DA:126,0
DA:127,0
DA:129,0
DA:132,0
DA:143,0
DA:150,0
DA:151,0
DA:153,0
DA:156,0
DA:157,0
DA:160,0
DA:161,0
DA:163,0
DA:166,0
DA:170,0
DA:177,0
DA:178,0
DA:180,0
DA:183,0
DA:187,0
DA:194,0
DA:195,0
DA:197,0
DA:198,0
DA:201,0
DA:205,0
DA:206,0
DA:207,0
DA:211,0
DA:212,0
DA:214,0
DA:215,0
DA:218,0
DA:222,0
DA:229,0
DA:230,0
DA:232,0
DA:233,0
DA:236,0
DA:240,0
DA:243,0
DA:244,0
DA:246,0
LF:62
LH:2
BRDA:70,0,0,0
BRDA:70,0,1,0
BRDA:72,1,0,0
BRDA:78,2,0,0
BRDA:100,3,0,0
BRDA:126,4,0,0
BRDA:150,5,0,0
BRDA:160,6,0,0
BRDA:177,7,0,0
BRDA:194,8,0,0
BRDA:211,9,0,0
BRDA:229,10,0,0
BRDA:243,11,0,0
BRF:13
BRH:0
end_of_record
TN:
SF:src\lib\api\reviewContactService.ts
FN:78,fetchNetworkingProfiles
FN:99,fetchAccountantPublicProfile
FN:110,fetchMyAccountantProfile
FN:121,fetchMyAccountants
FN:132,updateMyAccountantProfile
FN:149,checkRelationship
FN:165,submitReview
FN:182,fetchMyClientReviews
FN:191,fetchAccountantReviews
FN:200,fetchAccountantPublicReviews
FN:211,sendContactToAccountant
FN:228,fetchMyContacts
FNF:12
FNH:1
FNDA:1,fetchNetworkingProfiles
FNDA:0,fetchAccountantPublicProfile
FNDA:0,fetchMyAccountantProfile
FNDA:0,fetchMyAccountants
FNDA:0,updateMyAccountantProfile
FNDA:0,checkRelationship
FNDA:0,submitReview
FNDA:0,fetchMyClientReviews
FNDA:0,fetchAccountantReviews
FNDA:0,fetchAccountantPublicReviews
FNDA:0,sendContactToAccountant
FNDA:0,fetchMyContacts
DA:1,1
DA:2,1
DA:78,1
DA:82,1
DA:83,1
DA:84,1
DA:85,1
DA:86,1
DA:87,1
DA:89,1
DA:90,0
DA:91,0
DA:93,0
DA:99,0
DA:100,0
DA:101,0
DA:102,0
DA:104,0
DA:110,0
DA:111,0
DA:112,0
DA:113,0
DA:115,0
DA:121,0
DA:122,0
DA:123,0
DA:124,0
DA:126,0
DA:132,0
DA:133,0
DA:138,0
DA:139,0
DA:141,0
DA:149,0
DA:153,0
DA:154,0
DA:155,0
DA:157,0
DA:165,0
DA:166,0
DA:172,0
DA:173,0
DA:176,0
DA:182,0
DA:183,0
DA:184,0
DA:185,0
DA:191,0
DA:192,0
DA:193,0
DA:194,0
DA:200,0
DA:201,0
DA:202,0
DA:203,0
DA:211,0
DA:212,0
DA:218,0
DA:219,0
DA:222,0
DA:228,0
DA:229,0
DA:230,0
DA:231,0
LF:64
LH:10
BRDA:84,0,0,0
BRDA:85,1,0,0
BRDA:87,2,0,0
BRDA:90,3,0,0
BRDA:101,4,0,0
BRDA:112,5,0,0
BRDA:123,6,0,0
BRDA:138,7,0,0
BRDA:154,8,0,0
BRDA:172,9,0,0
BRDA:184,10,0,0
BRDA:193,11,0,0
BRDA:202,12,0,0
BRDA:218,13,0,0
BRDA:230,14,0,0
BRF:15
BRH:0
end_of_record
TN:
SF:src\lib\api\statsService.ts
FN:39,fetchDashboardStats
FNF:1
FNH:0
FNDA:0,fetchDashboardStats
DA:1,1
DA:39,0
DA:40,0
DA:41,0
DA:42,0
LF:5
LH:1
BRDA:41,0,0,0
BRF:1
BRH:0
end_of_record
TN:
SF:src\lib\api\taskService.ts
FN:51,fetchTasks
FN:59,createTask
FN:73,updateTaskStatus
FN:86,addTaskComment
FN:99,addTaskAttachment
FN:120,deleteTaskAttachment
FNF:6
FNH:0
FNDA:0,fetchTasks
FNDA:0,createTask
FNDA:0,updateTaskStatus
FNDA:0,addTaskComment
FNDA:0,addTaskAttachment
FNDA:0,deleteTaskAttachment
DA:1,1
DA:2,1
DA:51,0
DA:52,0
DA:53,0
DA:54,0
DA:56,0
DA:59,0
DA:60,0
DA:66,0
DA:67,0
DA:70,0
DA:73,0
DA:74,0
DA:80,0
DA:81,0
DA:83,0
DA:86,0
DA:87,0
DA:93,0
DA:94,0
DA:96,0
DA:99,0
DA:103,0
DA:110,0
DA:116,0
DA:117,0
DA:120,0
DA:121,0
DA:124,0
DA:125,0
LF:31
LH:2
BRDA:51,0,0,0
BRDA:51,1,0,0
BRDA:51,2,0,0
BRDA:53,3,0,0
BRDA:66,4,0,0
BRDA:80,5,0,0
BRDA:93,6,0,0
BRDA:116,7,0,0
BRDA:124,8,0,0
BRF:9
BRH:0
end_of_record
TN:
SF:src\pages\admin\AdminAccountantsPage.tsx
FN:11,AdminAccountantsPage
FN:20,(anonymous_2)
FN:33,(anonymous_3)
FN:38,(anonymous_4)
FN:39,(anonymous_5)
FN:47,(anonymous_6)
FN:55,(anonymous_7)
FN:69,(anonymous_8)
FN:92,(anonymous_9)
FN:93,(anonymous_10)
FN:99,(anonymous_11)
FN:136,(anonymous_12)
FN:161,(anonymous_13)
FN:162,(anonymous_14)
FN:163,(anonymous_15)
FN:171,(anonymous_16)
FN:172,(anonymous_17)
FN:173,(anonymous_18)
FN:181,(anonymous_19)
FN:182,(anonymous_20)
FN:183,(anonymous_21)
FN:221,badgeTone
FN:227,InfoLine
FNF:23
FNH:0
FNDA:0,AdminAccountantsPage
FNDA:0,(anonymous_2)
FNDA:0,(anonymous_3)
FNDA:0,(anonymous_4)
FNDA:0,(anonymous_5)
FNDA:0,(anonymous_6)
FNDA:0,(anonymous_7)
FNDA:0,(anonymous_8)
FNDA:0,(anonymous_9)
FNDA:0,(anonymous_10)
FNDA:0,(anonymous_11)
FNDA:0,(anonymous_12)
FNDA:0,(anonymous_13)
FNDA:0,(anonymous_14)
FNDA:0,(anonymous_15)
FNDA:0,(anonymous_16)
FNDA:0,(anonymous_17)
FNDA:0,(anonymous_18)
FNDA:0,(anonymous_19)
FNDA:0,(anonymous_20)
FNDA:0,(anonymous_21)
FNDA:0,badgeTone
FNDA:0,InfoLine
DA:1,1
DA:2,1
DA:9,1
DA:11,1
DA:12,0
DA:13,0
DA:14,0
DA:15,0
DA:16,0
DA:17,0
DA:18,0
DA:20,0
DA:21,0
DA:22,0
DA:23,0
DA:24,0
DA:25,0
DA:27,0
DA:29,0
DA:33,0
DA:34,0
DA:37,0
DA:39,0
DA:40,0
DA:47,0
DA:48,0
DA:49,0
DA:51,0
DA:55,0
DA:56,0
DA:57,0
DA:58,0
DA:59,0
DA:60,0
DA:61,0
DA:62,0
DA:65,0
DA:69,0
DA:70,0
DA:71,0
DA:72,0
DA:73,0
DA:74,0
DA:75,0
DA:77,0
DA:92,0
DA:93,0
DA:99,0
DA:137,0
DA:161,0
DA:162,0
DA:163,0
DA:171,0
DA:172,0
DA:173,0
DA:181,0
DA:182,0
DA:183,0
DA:222,0
DA:223,0
DA:224,0
LF:61
LH:4
BRDA:27,0,0,0
BRDA:27,0,1,0
BRDA:40,1,0,0
BRDA:40,1,1,0
BRDA:51,2,0,0
BRDA:51,2,1,0
BRDA:56,3,0,0
BRDA:56,3,1,0
BRDA:61,4,0,0
BRDA:65,5,0,0
BRDA:65,5,1,0
BRDA:70,6,0,0
BRDA:77,7,0,0
BRDA:77,7,1,0
BRDA:103,8,0,0
BRDA:103,8,1,0
BRDA:104,9,0,0
BRDA:104,9,1,0
BRDA:105,10,0,0
BRDA:105,10,1,0
BRDA:107,11,0,0
BRDA:107,11,1,0
BRDA:107,12,0,0
BRDA:107,12,1,0
BRDA:125,13,0,0
BRDA:125,13,1,0
BRDA:145,14,0,0
BRDA:145,14,1,0
BRDA:153,15,0,0
BRDA:153,15,1,0
BRDA:169,16,0,0
BRDA:169,16,1,0
BRDA:170,17,0,0
BRDA:170,17,1,0
BRDA:171,18,0,0
BRDA:171,18,1,0
BRDA:172,19,0,0
BRDA:172,19,1,0
BRDA:202,20,0,0
BRDA:222,21,0,0
BRDA:223,22,0,0
BRF:41
BRH:0
end_of_record
TN:
SF:src\pages\admin\AdminDashboardPage.tsx
FN:14,formatBytes
FN:26,AdminDashboardPage
FN:31,(anonymous_3)
FN:34,(anonymous_4)
FN:40,(anonymous_5)
FN:43,(anonymous_6)
FN:46,(anonymous_7)
FN:68,(anonymous_8)
FN:80,(anonymous_9)
FN:164,(anonymous_10)
FN:203,(anonymous_11)
FN:234,AlertRow
FNF:12
FNH:0
FNDA:0,formatBytes
FNDA:0,AdminDashboardPage
FNDA:0,(anonymous_3)
FNDA:0,(anonymous_4)
FNDA:0,(anonymous_5)
FNDA:0,(anonymous_6)
FNDA:0,(anonymous_7)
FNDA:0,(anonymous_8)
FNDA:0,(anonymous_9)
FNDA:0,(anonymous_10)
FNDA:0,(anonymous_11)
FNDA:0,AlertRow
DA:1,1
DA:2,1
DA:11,1
DA:12,1
DA:15,0
DA:16,0
DA:17,0
DA:18,0
DA:19,0
DA:20,0
DA:21,0
DA:23,0
DA:26,1
DA:27,0
DA:28,0
DA:29,0
DA:31,0
DA:32,0
DA:33,0
DA:35,0
DA:36,0
DA:37,0
DA:41,0
DA:44,0
DA:46,0
DA:47,0
DA:51,0
DA:68,0
DA:81,0
DA:82,0
DA:165,0
DA:204,0
DA:235,0
LF:33
LH:5
BRDA:15,0,0,0
BRDA:19,1,0,0
BRDA:19,1,1,0
BRDA:23,2,0,0
BRDA:23,2,1,0
BRDA:23,3,0,0
BRDA:23,3,1,0
BRDA:35,4,0,0
BRDA:41,5,0,0
BRDA:44,6,0,0
BRDA:51,7,0,0
BRDA:51,7,1,0
BRDA:74,8,0,0
BRDA:74,8,1,0
BRDA:75,9,0,0
BRDA:75,9,1,0
BRDA:77,10,0,0
BRDA:77,10,1,0
BRDA:77,11,0,0
BRDA:77,11,1,0
BRDA:77,11,2,0
BRDA:174,12,0,0
BRDA:174,12,1,0
BRDA:174,13,0,0
BRDA:174,13,1,0
BRDA:216,14,0,0
BRDA:216,14,1,0
BRDA:241,15,0,0
BRDA:241,15,1,0
BRDA:242,16,0,0
BRDA:242,16,1,0
BRDA:249,17,0,0
BRDA:249,17,1,0
BRDA:251,18,0,0
BRDA:251,18,1,0
BRDA:255,19,0,0
BRDA:255,19,1,0
BRDA:259,20,0,0
BRDA:259,20,1,0
BRDA:260,21,0,0
BRDA:260,21,1,0
BRF:41
BRH:0
end_of_record
TN:
SF:src\pages\admin\AdminUsersPage.tsx
FN:56,AdminUsersPage
FN:64,(anonymous_2)
FN:66,(anonymous_3)
FN:84,(anonymous_4)
FN:90,(anonymous_5)
FN:102,(anonymous_6)
FN:107,(anonymous_7)
FN:108,(anonymous_8)
FN:117,(anonymous_9)
FN:119,(anonymous_10)
FN:120,(anonymous_11)
FN:121,(anonymous_12)
FN:126,(anonymous_13)
FN:151,(anonymous_14)
FN:190,(anonymous_15)
FN:204,(anonymous_16)
FN:215,(anonymous_17)
FN:236,(anonymous_18)
FN:257,(anonymous_19)
FN:274,(anonymous_20)
FN:276,(anonymous_21)
FN:280,(anonymous_22)
FN:292,(anonymous_23)
FN:310,(anonymous_24)
FN:327,(anonymous_25)
FN:339,(anonymous_26)
FN:343,(anonymous_27)
FN:386,(anonymous_28)
FN:388,(anonymous_29)
FN:404,(anonymous_30)
FN:412,(anonymous_31)
FN:421,(anonymous_32)
FN:444,(anonymous_33)
FN:457,(anonymous_34)
FN:468,(anonymous_35)
FN:469,(anonymous_36)
FN:476,StatCard
FN:509,UserModal
FN:534,(anonymous_39)
FN:549,(anonymous_40)
FN:549,(anonymous_41)
FN:550,(anonymous_42)
FN:550,(anonymous_43)
FN:553,(anonymous_44)
FN:553,(anonymous_45)
FN:554,(anonymous_46)
FN:554,(anonymous_47)
FN:556,(anonymous_48)
FN:556,(anonymous_49)
FN:558,(anonymous_50)
FN:558,(anonymous_51)
FN:559,(anonymous_52)
FN:565,(anonymous_53)
FN:565,(anonymous_54)
FN:574,(anonymous_55)
FN:574,(anonymous_56)
FN:576,(anonymous_57)
FN:585,(anonymous_58)
FN:585,(anonymous_59)
FN:586,(anonymous_60)
FN:586,(anonymous_61)
FN:604,EditModal
FN:639,(anonymous_63)
FN:654,(anonymous_64)
FN:654,(anonymous_65)
FN:655,(anonymous_66)
FN:655,(anonymous_67)
FN:658,(anonymous_68)
FN:658,(anonymous_69)
FN:659,(anonymous_70)
FN:659,(anonymous_71)
FN:661,(anonymous_72)
FN:661,(anonymous_73)
FN:665,(anonymous_74)
FN:665,(anonymous_75)
FN:667,(anonymous_76)
FN:688,DeleteConfirmModal
FN:699,(anonymous_78)
FNF:78
FNH:0
FNDA:0,AdminUsersPage
FNDA:0,(anonymous_2)
FNDA:0,(anonymous_3)
FNDA:0,(anonymous_4)
FNDA:0,(anonymous_5)
FNDA:0,(anonymous_6)
FNDA:0,(anonymous_7)
FNDA:0,(anonymous_8)
FNDA:0,(anonymous_9)
FNDA:0,(anonymous_10)
FNDA:0,(anonymous_11)
FNDA:0,(anonymous_12)
FNDA:0,(anonymous_13)
FNDA:0,(anonymous_14)
FNDA:0,(anonymous_15)
FNDA:0,(anonymous_16)
FNDA:0,(anonymous_17)
FNDA:0,(anonymous_18)
FNDA:0,(anonymous_19)
FNDA:0,(anonymous_20)
FNDA:0,(anonymous_21)
FNDA:0,(anonymous_22)
FNDA:0,(anonymous_23)
FNDA:0,(anonymous_24)
FNDA:0,(anonymous_25)
FNDA:0,(anonymous_26)
FNDA:0,(anonymous_27)
FNDA:0,(anonymous_28)
FNDA:0,(anonymous_29)
FNDA:0,(anonymous_30)
FNDA:0,(anonymous_31)
FNDA:0,(anonymous_32)
FNDA:0,(anonymous_33)
FNDA:0,(anonymous_34)
FNDA:0,(anonymous_35)
FNDA:0,(anonymous_36)
FNDA:0,StatCard
FNDA:0,UserModal
FNDA:0,(anonymous_39)
FNDA:0,(anonymous_40)
FNDA:0,(anonymous_41)
FNDA:0,(anonymous_42)
FNDA:0,(anonymous_43)
FNDA:0,(anonymous_44)
FNDA:0,(anonymous_45)
FNDA:0,(anonymous_46)
FNDA:0,(anonymous_47)
FNDA:0,(anonymous_48)
FNDA:0,(anonymous_49)
FNDA:0,(anonymous_50)
FNDA:0,(anonymous_51)
FNDA:0,(anonymous_52)
FNDA:0,(anonymous_53)
FNDA:0,(anonymous_54)
FNDA:0,(anonymous_55)
FNDA:0,(anonymous_56)
FNDA:0,(anonymous_57)
FNDA:0,(anonymous_58)
FNDA:0,(anonymous_59)
FNDA:0,(anonymous_60)
FNDA:0,(anonymous_61)
FNDA:0,EditModal
FNDA:0,(anonymous_63)
FNDA:0,(anonymous_64)
FNDA:0,(anonymous_65)
FNDA:0,(anonymous_66)
FNDA:0,(anonymous_67)
FNDA:0,(anonymous_68)
FNDA:0,(anonymous_69)
FNDA:0,(anonymous_70)
FNDA:0,(anonymous_71)
FNDA:0,(anonymous_72)
FNDA:0,(anonymous_73)
FNDA:0,(anonymous_74)
FNDA:0,(anonymous_75)
FNDA:0,(anonymous_76)
FNDA:0,DeleteConfirmModal
FNDA:0,(anonymous_78)
DA:1,1
DA:13,1
DA:25,1
DA:27,1
DA:28,1
DA:43,1
DA:56,1
DA:57,0
DA:58,0
DA:59,0
DA:60,0
DA:61,0
DA:62,0
DA:64,0
DA:65,0
DA:66,0
DA:68,0
DA:69,0
DA:70,0
DA:71,0
DA:72,0
DA:80,0
DA:82,0
DA:84,0
DA:85,0
DA:90,0
DA:91,0
DA:92,0
DA:93,0
DA:94,0
DA:96,0
DA:98,0
DA:102,0
DA:103,0
DA:106,0
DA:108,0
DA:109,0
DA:116,0
DA:117,0
DA:119,0
DA:120,0
DA:121,0
DA:126,0
DA:127,0
DA:128,0
DA:129,0
DA:131,0
DA:132,0
DA:133,0
DA:134,0
DA:135,0
DA:138,0
DA:147,0
DA:151,0
DA:152,0
DA:153,0
DA:154,0
DA:155,0
DA:157,0
DA:158,0
DA:169,0
DA:170,0
DA:171,0
DA:176,0
DA:177,0
DA:179,0
DA:180,0
DA:181,0
DA:182,0
DA:183,0
DA:184,0
DA:186,0
DA:190,0
DA:191,0
DA:192,0
DA:193,0
DA:194,0
DA:195,0
DA:196,0
DA:197,0
DA:198,0
DA:200,0
DA:204,0
DA:205,0
DA:206,0
DA:207,0
DA:208,0
DA:209,0
DA:211,0
DA:215,0
DA:216,0
DA:217,0
DA:218,0
DA:219,0
DA:220,0
DA:222,0
DA:236,0
DA:237,0
DA:238,0
DA:239,0
DA:240,0
DA:241,0
DA:242,0
DA:244,0
DA:245,0
DA:246,0
DA:257,0
DA:274,0
DA:277,0
DA:280,0
DA:292,0
DA:310,0
DA:328,0
DA:340,0
DA:341,0
DA:344,0
DA:345,0
DA:386,0
DA:388,0
DA:404,0
DA:412,0
DA:421,0
DA:444,0
DA:457,0
DA:468,0
DA:469,0
DA:534,0
DA:549,0
DA:550,0
DA:553,0
DA:554,0
DA:556,0
DA:558,0
DA:560,0
DA:565,0
DA:574,0
DA:577,0
DA:585,0
DA:586,0
DA:639,0
DA:654,0
DA:655,0
DA:658,0
DA:659,0
DA:661,0
DA:665,0
DA:668,0
DA:699,0
LF:148
LH:7
BRDA:96,0,0,0
BRDA:96,0,1,0
BRDA:109,1,0,0
BRDA:109,1,1,0
BRDA:132,2,0,0
BRDA:132,2,1,0
BRDA:132,3,0,0
BRDA:132,3,1,0
BRDA:134,4,0,0
BRDA:134,5,0,0
BRDA:134,5,1,0
BRDA:139,6,0,0
BRDA:139,6,1,0
BRDA:140,7,0,0
BRDA:140,7,1,0
BRDA:141,8,0,0
BRDA:141,8,1,0
BRDA:142,9,0,0
BRDA:142,9,1,0
BRDA:143,10,0,0
BRDA:143,10,1,0
BRDA:147,11,0,0
BRDA:147,11,1,0
BRDA:153,12,0,0
BRDA:162,13,0,0
BRDA:162,13,1,0
BRDA:163,14,0,0
BRDA:163,14,1,0
BRDA:167,15,0,0
BRDA:167,15,1,0
BRDA:172,16,0,0
BRDA:172,16,1,0
BRDA:173,17,0,0
BRDA:173,17,1,0
BRDA:174,18,0,0
BRDA:174,18,1,0
BRDA:179,19,0,0
BRDA:179,19,1,0
BRDA:181,20,0,0
BRDA:181,20,1,0
BRDA:181,21,0,0
BRDA:181,21,1,0
BRDA:183,22,0,0
BRDA:192,23,0,0
BRDA:200,24,0,0
BRDA:200,24,1,0
BRDA:209,25,0,0
BRDA:211,26,0,0
BRDA:211,26,1,0
BRDA:220,27,0,0
BRDA:222,28,0,0
BRDA:222,28,1,0
BRDA:239,29,0,0
BRDA:244,30,0,0
BRDA:244,30,1,0
BRDA:297,31,0,0
BRDA:298,32,0,0
BRDA:298,32,1,0
BRDA:304,33,0,0
BRDA:318,34,0,0
BRDA:320,35,0,0
BRDA:361,36,0,0
BRDA:370,37,0,0
BRDA:370,37,1,0
BRDA:370,38,0,0
BRDA:370,38,1,0
BRDA:371,39,0,0
BRDA:371,39,1,0
BRDA:371,40,0,0
BRDA:371,40,1,0
BRDA:372,41,0,0
BRDA:372,41,1,0
BRDA:372,42,0,0
BRDA:372,42,1,0
BRDA:391,43,0,0
BRDA:391,43,1,0
BRDA:391,44,0,0
BRDA:391,44,1,0
BRDA:411,45,0,0
BRDA:411,45,1,0
BRDA:412,46,0,0
BRDA:412,46,1,0
BRDA:413,47,0,0
BRDA:413,47,1,0
BRDA:419,48,0,0
BRDA:438,49,0,0
BRDA:438,49,1,0
BRDA:449,50,0,0
BRDA:449,50,1,0
BRDA:453,51,0,0
BRDA:453,51,1,0
BRDA:453,52,0,0
BRDA:453,52,1,0
BRDA:461,53,0,0
BRDA:461,53,1,0
BRDA:465,54,0,0
BRDA:541,55,0,0
BRDA:541,55,1,0
BRDA:572,56,0,0
BRDA:572,56,1,0
BRDA:574,57,0,0
BRDA:574,57,1,0
BRDA:583,58,0,0
BRDA:583,58,1,0
BRDA:646,59,0,0
BRDA:646,59,1,0
BRDA:663,60,0,0
BRDA:663,60,1,0
BRDA:665,61,0,0
BRDA:665,61,1,0
BRF:110
BRH:0
end_of_record
TN:
SF:src\pages\archives\ArchivesPage.tsx
FN:39,formatShortDate
FN:44,fileExt
FN:48,getFileIcon
FN:62,ArchivesPage
FN:90,(anonymous_6)
FN:92,(anonymous_7)
FN:95,(anonymous_8)
FN:117,(anonymous_9)
FN:121,(anonymous_10)
FN:122,(anonymous_11)
FN:129,(anonymous_12)
FN:132,(anonymous_13)
FN:135,(anonymous_14)
FN:138,(anonymous_15)
FN:141,(anonymous_16)
FN:143,(anonymous_17)
FN:152,(anonymous_18)
FN:157,(anonymous_19)
FN:159,(anonymous_20)
FN:164,(anonymous_21)
FN:165,(anonymous_22)
FN:168,(anonymous_23)
FN:174,(anonymous_24)
FN:178,(anonymous_25)
FN:183,(anonymous_26)
FN:204,(anonymous_27)
FN:213,(anonymous_28)
FN:229,(anonymous_29)
FN:244,(anonymous_30)
FN:261,(anonymous_31)
FN:277,(anonymous_32)
FN:301,(anonymous_33)
FN:330,(anonymous_34)
FN:336,(anonymous_35)
FN:341,(anonymous_36)
FN:348,(anonymous_37)
FN:353,(anonymous_38)
FN:363,(anonymous_39)
FN:370,(anonymous_40)
FN:404,(anonymous_41)
FN:413,(anonymous_42)
FN:422,(anonymous_43)
FN:433,(anonymous_44)
FN:446,(anonymous_45)
FN:464,(anonymous_46)
FN:500,(anonymous_47)
FN:522,(anonymous_48)
FN:532,(anonymous_49)
FN:537,(anonymous_50)
FN:545,(anonymous_51)
FN:552,(anonymous_52)
FN:559,(anonymous_53)
FN:629,(anonymous_54)
FN:630,(anonymous_55)
FN:640,(anonymous_56)
FN:655,(anonymous_57)
FN:667,(anonymous_58)
FN:678,(anonymous_59)
FN:707,(anonymous_60)
FN:708,(anonymous_61)
FN:719,(anonymous_62)
FN:726,(anonymous_63)
FN:735,(anonymous_64)
FN:736,(anonymous_65)
FN:747,(anonymous_66)
FN:754,(anonymous_67)
FNF:66
FNH:0
FNDA:0,formatShortDate
FNDA:0,fileExt
FNDA:0,getFileIcon
FNDA:0,ArchivesPage
FNDA:0,(anonymous_6)
FNDA:0,(anonymous_7)
FNDA:0,(anonymous_8)
FNDA:0,(anonymous_9)
FNDA:0,(anonymous_10)
FNDA:0,(anonymous_11)
FNDA:0,(anonymous_12)
FNDA:0,(anonymous_13)
FNDA:0,(anonymous_14)
FNDA:0,(anonymous_15)
FNDA:0,(anonymous_16)
FNDA:0,(anonymous_17)
FNDA:0,(anonymous_18)
FNDA:0,(anonymous_19)
FNDA:0,(anonymous_20)
FNDA:0,(anonymous_21)
FNDA:0,(anonymous_22)
FNDA:0,(anonymous_23)
FNDA:0,(anonymous_24)
FNDA:0,(anonymous_25)
FNDA:0,(anonymous_26)
FNDA:0,(anonymous_27)
FNDA:0,(anonymous_28)
FNDA:0,(anonymous_29)
FNDA:0,(anonymous_30)
FNDA:0,(anonymous_31)
FNDA:0,(anonymous_32)
FNDA:0,(anonymous_33)
FNDA:0,(anonymous_34)
FNDA:0,(anonymous_35)
FNDA:0,(anonymous_36)
FNDA:0,(anonymous_37)
FNDA:0,(anonymous_38)
FNDA:0,(anonymous_39)
FNDA:0,(anonymous_40)
FNDA:0,(anonymous_41)
FNDA:0,(anonymous_42)
FNDA:0,(anonymous_43)
FNDA:0,(anonymous_44)
FNDA:0,(anonymous_45)
FNDA:0,(anonymous_46)
FNDA:0,(anonymous_47)
FNDA:0,(anonymous_48)
FNDA:0,(anonymous_49)
FNDA:0,(anonymous_50)
FNDA:0,(anonymous_51)
FNDA:0,(anonymous_52)
FNDA:0,(anonymous_53)
FNDA:0,(anonymous_54)
FNDA:0,(anonymous_55)
FNDA:0,(anonymous_56)
FNDA:0,(anonymous_57)
FNDA:0,(anonymous_58)
FNDA:0,(anonymous_59)
FNDA:0,(anonymous_60)
FNDA:0,(anonymous_61)
FNDA:0,(anonymous_62)
FNDA:0,(anonymous_63)
FNDA:0,(anonymous_64)
FNDA:0,(anonymous_65)
FNDA:0,(anonymous_66)
FNDA:0,(anonymous_67)
DA:1,1
DA:2,1
DA:20,1
DA:21,1
DA:26,1
DA:34,1
DA:35,1
DA:36,1
DA:37,1
DA:40,0
DA:41,0
DA:45,0
DA:49,0
DA:50,0
DA:53,0
DA:56,0
DA:62,2
DA:63,0
DA:64,0
DA:65,0
DA:66,0
DA:68,0
DA:69,0
DA:70,0
DA:71,0
DA:72,0
DA:73,0
DA:74,0
DA:75,0
DA:76,0
DA:77,0
DA:78,0
DA:79,0
DA:80,0
DA:81,0
DA:82,0
DA:83,0
DA:84,0
DA:85,0
DA:86,0
DA:87,0
DA:88,0
DA:90,0
DA:91,0
DA:92,0
DA:95,0
DA:96,0
DA:97,0
DA:98,0
DA:99,0
DA:100,0
DA:102,0
DA:103,0
DA:104,0
DA:108,0
DA:109,0
DA:111,0
DA:113,0
DA:117,0
DA:118,0
DA:121,0
DA:122,0
DA:123,0
DA:124,0
DA:125,0
DA:128,0
DA:129,0
DA:132,0
DA:133,0
DA:134,0
DA:135,0
DA:138,0
DA:139,0
DA:140,0
DA:141,0
DA:142,0
DA:143,0
DA:144,0
DA:145,0
DA:146,0
DA:147,0
DA:148,0
DA:151,0
DA:152,0
DA:154,0
DA:157,0
DA:158,0
DA:159,0
DA:160,0
DA:161,0
DA:163,0
DA:164,0
DA:165,0
DA:168,0
DA:169,0
DA:170,0
DA:171,0
DA:173,0
DA:174,0
DA:175,0
DA:176,0
DA:178,0
DA:179,0
DA:183,0
DA:184,0
DA:185,0
DA:187,0
DA:188,0
DA:189,0
DA:191,0
DA:192,0
DA:194,0
DA:195,0
DA:197,0
DA:198,0
DA:200,0
DA:204,0
DA:205,0
DA:206,0
DA:207,0
DA:209,0
DA:213,0
DA:214,0
DA:215,0
DA:216,0
DA:218,0
DA:219,0
DA:220,0
DA:221,0
DA:223,0
DA:224,0
DA:225,0
DA:226,0
DA:229,0
DA:230,0
DA:231,0
DA:232,0
DA:234,0
DA:235,0
DA:236,0
DA:237,0
DA:239,0
DA:240,0
DA:241,0
DA:244,0
DA:245,0
DA:246,0
DA:247,0
DA:249,0
DA:250,0
DA:251,0
DA:252,0
DA:254,0
DA:255,0
DA:256,0
DA:257,0
DA:258,0
DA:261,0
DA:262,0
DA:263,0
DA:264,0
DA:266,0
DA:267,0
DA:268,0
DA:269,0
DA:271,0
DA:272,0
DA:273,0
DA:274,0
DA:277,0
DA:278,0
DA:279,0
DA:280,0
DA:281,0
DA:282,0
DA:283,0
DA:287,0
DA:291,0
DA:301,0
DA:330,0
DA:337,0
DA:341,0
DA:348,0
DA:354,0
DA:363,0
DA:370,0
DA:404,0
DA:413,0
DA:422,0
DA:433,0
DA:447,0
DA:448,0
DA:450,0
DA:465,0
DA:466,0
DA:500,0
DA:522,0
DA:532,0
DA:537,0
DA:545,0
DA:552,0
DA:559,0
DA:629,0
DA:631,0
DA:640,0
DA:655,0
DA:667,0
DA:679,0
DA:680,0
DA:707,0
DA:708,0
DA:719,0
DA:726,0
DA:735,0
DA:736,0
DA:747,0
DA:754,0
LF:217
LH:10
BRDA:40,0,0,0
BRDA:45,1,0,0
BRDA:45,1,1,0
BRDA:50,2,0,0
BRDA:50,3,0,0
BRDA:50,3,1,0
BRDA:53,4,0,0
BRDA:53,5,0,0
BRDA:53,5,1,0
BRDA:56,6,0,0
BRDA:56,7,0,0
BRDA:56,7,1,0
BRDA:65,8,0,0
BRDA:65,8,1,0
BRDA:96,9,0,0
BRDA:96,10,0,0
BRDA:96,10,1,0
BRDA:123,11,0,0
BRDA:123,12,0,0
BRDA:123,12,1,0
BRDA:134,13,0,0
BRDA:141,14,0,0
BRDA:142,15,0,0
BRDA:145,16,0,0
BRDA:146,17,0,0
BRDA:147,18,0,0
BRDA:151,19,0,0
BRDA:152,20,0,0
BRDA:152,20,1,0
BRDA:160,21,0,0
BRDA:160,21,1,0
BRDA:161,22,0,0
BRDA:161,22,1,0
BRDA:169,23,0,0
BRDA:169,24,0,0
BRDA:169,24,1,0
BRDA:169,24,2,0
BRDA:176,25,0,0
BRDA:176,26,0,0
BRDA:176,26,1,0
BRDA:185,27,0,0
BRDA:185,27,1,0
BRDA:185,27,2,0
BRDA:185,27,3,0
BRDA:185,27,4,0
BRDA:191,28,0,0
BRDA:206,29,0,0
BRDA:206,29,1,0
BRDA:214,30,0,0
BRDA:214,31,0,0
BRDA:214,31,1,0
BRDA:219,32,0,0
BRDA:230,33,0,0
BRDA:230,34,0,0
BRDA:230,34,1,0
BRDA:235,35,0,0
BRDA:236,36,0,0
BRDA:236,36,1,0
BRDA:245,37,0,0
BRDA:245,38,0,0
BRDA:245,38,1,0
BRDA:250,39,0,0
BRDA:262,40,0,0
BRDA:262,41,0,0
BRDA:262,41,1,0
BRDA:267,42,0,0
BRDA:278,43,0,0
BRDA:278,44,0,0
BRDA:278,44,1,0
BRDA:280,45,0,0
BRDA:283,46,0,0
BRDA:287,47,0,0
BRDA:287,48,0,0
BRDA:287,48,1,0
BRDA:291,49,0,0
BRDA:291,49,1,0
BRDA:295,50,0,0
BRDA:296,51,0,0
BRDA:296,51,1,0
BRDA:298,52,0,0
BRDA:334,53,0,0
BRDA:334,53,1,0
BRDA:341,54,0,0
BRDA:341,54,1,0
BRDA:354,55,0,0
BRDA:354,55,1,0
BRDA:359,56,0,0
BRDA:382,57,0,0
BRDA:382,57,1,0
BRDA:385,58,0,0
BRDA:385,58,1,0
BRDA:390,59,0,0
BRDA:390,59,1,0
BRDA:405,60,0,0
BRDA:405,60,1,0
BRDA:414,61,0,0
BRDA:414,61,1,0
BRDA:440,62,0,0
BRDA:442,63,0,0
BRDA:444,64,0,0
BRDA:444,64,1,0
BRDA:454,65,0,0
BRDA:454,65,1,0
BRDA:460,66,0,0
BRDA:460,66,1,0
BRDA:470,67,0,0
BRDA:469,68,0,0
BRDA:469,68,1,0
BRDA:472,69,0,0
BRDA:472,69,1,0
BRDA:493,70,0,0
BRDA:493,70,1,0
BRDA:520,71,0,0
BRDA:532,72,0,0
BRDA:532,72,1,0
BRDA:544,73,0,0
BRDA:544,73,1,0
BRDA:551,74,0,0
BRDA:551,74,1,0
BRDA:558,75,0,0
BRDA:558,75,1,0
BRDA:567,76,0,0
BRDA:569,77,0,0
BRDA:569,78,0,0
BRDA:569,78,1,0
BRDA:569,79,0,0
BRDA:569,79,1,0
BRDA:575,80,0,0
BRDA:575,80,1,0
BRDA:575,81,0,0
BRDA:575,81,1,0
BRDA:591,82,0,0
BRDA:598,83,0,0
BRDA:598,83,1,0
BRDA:605,84,0,0
BRDA:605,84,1,0
BRDA:613,85,0,0
BRDA:613,85,1,0
BRDA:614,86,0,0
BRDA:619,87,0,0
BRDA:619,87,1,0
BRDA:620,88,0,0
BRDA:628,89,0,0
BRDA:627,90,0,0
BRDA:627,90,1,0
BRDA:634,91,0,0
BRDA:634,91,1,0
BRDA:640,92,0,0
BRDA:640,92,1,0
BRDA:655,93,0,0
BRDA:655,93,1,0
BRDA:676,94,0,0
BRDA:676,94,1,0
BRDA:676,95,0,0
BRDA:676,95,1,0
BRDA:678,96,0,0
BRDA:678,96,1,0
BRDA:687,97,0,0
BRDA:687,97,1,0
BRDA:688,98,0,0
BRDA:706,99,0,0
BRDA:706,99,1,0
BRDA:734,100,0,0
BRDA:734,100,1,0
BRF:164
BRH:0
end_of_record
TN:
SF:src\pages\auth\ForgotPassword.tsx
FN:42,(anonymous_5)
FN:57,(anonymous_6)
FN:145,(anonymous_7)
FNF:3
FNH:0
FNDA:0,(anonymous_5)
FNDA:0,(anonymous_6)
FNDA:0,(anonymous_7)
DA:5,1
DA:6,1
DA:7,1
DA:8,1
DA:9,1
DA:10,1
DA:11,1
DA:13,1
DA:14,1
DA:15,1
DA:16,1
DA:18,1
DA:23,1
DA:42,1
DA:43,0
DA:44,0
DA:45,0
DA:46,0
DA:52,0
DA:57,0
DA:58,0
DA:59,0
DA:60,0
DA:61,0
DA:62,0
DA:63,0
DA:65,0
DA:68,0
DA:145,0
DA:166,1
LF:30
LH:15
BRDA:61,0,0,0
BRDA:61,0,1,0
BRDA:86,1,0,0
BRDA:105,2,0,0
BRDA:118,3,0,0
BRDA:118,3,1,0
BRDA:120,4,0,0
BRDA:133,5,0,0
BRDA:133,5,1,0
BRDA:136,6,0,0
BRDA:136,6,1,0
BRF:11
BRH:0
end_of_record
TN:
SF:src\pages\auth\Login.tsx
FN:26,(anonymous_5)
FN:32,(anonymous_6)
FN:47,(anonymous_7)
FN:135,(anonymous_8)
FN:135,(anonymous_9)
FNF:5
FNH:0
FNDA:0,(anonymous_5)
FNDA:0,(anonymous_6)
FNDA:0,(anonymous_7)
FNDA:0,(anonymous_8)
FNDA:0,(anonymous_9)
DA:7,1
DA:8,1
DA:9,1
DA:10,1
DA:11,1
DA:12,1
DA:13,1
DA:15,1
DA:16,1
DA:17,1
DA:18,1
DA:19,1
DA:22,1
DA:26,0
DA:32,1
DA:33,0
DA:34,0
DA:35,0
DA:36,0
DA:42,0
DA:47,0
DA:48,0
DA:49,0
DA:50,0
DA:51,0
DA:52,0
DA:54,0
DA:65,0
DA:135,0
DA:234,1
LF:30
LH:15
BRDA:50,0,0,0
BRDA:55,1,0,0
BRDA:55,1,1,0
BRDA:87,2,0,0
BRDA:113,3,0,0
BRDA:113,3,1,0
BRDA:115,4,0,0
BRDA:128,5,0,0
BRDA:128,5,1,0
BRDA:130,6,0,0
BRDA:130,6,1,0
BRDA:136,7,0,0
BRDA:136,7,1,0
BRDA:138,8,0,0
BRDA:141,9,0,0
BRDA:177,10,0,0
BRDA:209,11,0,0
BRDA:209,11,1,0
BRDA:212,12,0,0
BRDA:212,12,1,0
BRF:20
BRH:0
end_of_record
TN:
SF:src\pages\auth\ResetPassword.tsx
FN:34,ResetPassword
FN:46,(anonymous_3)
FN:94,(anonymous_4)
FN:135,(anonymous_5)
FN:154,(anonymous_6)
FN:175,(anonymous_7)
FN:182,(anonymous_8)
FN:182,(anonymous_9)
FN:198,(anonymous_10)
FN:204,(anonymous_11)
FN:204,(anonymous_12)
FNF:11
FNH:0
FNDA:0,ResetPassword
FNDA:0,(anonymous_3)
FNDA:0,(anonymous_4)
FNDA:0,(anonymous_5)
FNDA:0,(anonymous_6)
FNDA:0,(anonymous_7)
FNDA:0,(anonymous_8)
FNDA:0,(anonymous_9)
FNDA:0,(anonymous_10)
FNDA:0,(anonymous_11)
FNDA:0,(anonymous_12)
DA:5,1
DA:6,1
DA:7,1
DA:8,1
DA:10,1
DA:11,1
DA:12,1
DA:13,1
DA:15,1
DA:34,1
DA:35,0
DA:36,0
DA:37,0
DA:38,0
DA:39,0
DA:40,0
DA:41,0
DA:42,0
DA:43,0
DA:44,0
DA:46,0
DA:47,0
DA:48,0
DA:49,0
DA:50,0
DA:51,0
DA:52,0
DA:53,0
DA:54,0
DA:56,0
DA:57,0
DA:60,0
DA:61,0
DA:63,0
DA:67,0
DA:70,0
DA:94,0
DA:135,0
DA:154,0
DA:175,0
DA:182,0
DA:198,0
DA:204,0
LF:43
LH:10
BRDA:48,0,0,0
BRDA:48,1,0,0
BRDA:48,1,1,0
BRDA:48,1,2,0
BRDA:52,2,0,0
BRDA:52,2,1,0
BRDA:67,3,0,0
BRDA:67,3,1,0
BRDA:70,4,0,0
BRDA:122,5,0,0
BRDA:141,6,0,0
BRDA:171,7,0,0
BRDA:171,7,1,0
BRDA:171,8,0,0
BRDA:171,8,1,0
BRDA:172,9,0,0
BRDA:172,9,1,0
BRDA:183,10,0,0
BRDA:183,10,1,0
BRDA:185,11,0,0
BRDA:194,12,0,0
BRDA:194,12,1,0
BRDA:195,13,0,0
BRDA:195,13,1,0
BRDA:205,14,0,0
BRDA:205,14,1,0
BRDA:207,15,0,0
BRDA:210,16,0,0
BRDA:220,17,0,0
BRDA:220,17,1,0
BRDA:220,17,2,0
BRDA:223,18,0,0
BRDA:223,18,1,0
BRDA:226,19,0,0
BRDA:226,19,1,0
BRF:35
BRH:0
end_of_record
TN:
SF:src\pages\auth\Signup.tsx
FN:44,(anonymous_5)
FN:48,(anonymous_6)
FN:80,(anonymous_7)
FN:81,(anonymous_8)
FN:83,(anonymous_9)
FN:95,(anonymous_10)
FN:132,(anonymous_12)
FN:211,(anonymous_14)
FN:233,(anonymous_15)
FN:233,(anonymous_16)
FN:234,(anonymous_17)
FN:234,(anonymous_18)
FN:257,(anonymous_19)
FN:305,(anonymous_20)
FN:307,(anonymous_21)
FN:352,(anonymous_22)
FN:360,(anonymous_23)
FN:373,(anonymous_25)
FN:387,(anonymous_27)
FN:392,(anonymous_28)
FN:429,(anonymous_30)
FN:442,(anonymous_31)
FN:526,(anonymous_32)
FN:526,(anonymous_33)
FN:541,(anonymous_34)
FN:617,(anonymous_35)
FN:686,(anonymous_36)
FN:686,(anonymous_37)
FN:704,(anonymous_38)
FN:704,(anonymous_39)
FN:719,(anonymous_40)
FNF:31
FNH:0
FNDA:0,(anonymous_5)
FNDA:0,(anonymous_6)
FNDA:0,(anonymous_7)
FNDA:0,(anonymous_8)
FNDA:0,(anonymous_9)
FNDA:0,(anonymous_10)
FNDA:0,(anonymous_12)
FNDA:0,(anonymous_14)
FNDA:0,(anonymous_15)
FNDA:0,(anonymous_16)
FNDA:0,(anonymous_17)
FNDA:0,(anonymous_18)
FNDA:0,(anonymous_19)
FNDA:0,(anonymous_20)
FNDA:0,(anonymous_21)
FNDA:0,(anonymous_22)
FNDA:0,(anonymous_23)
FNDA:0,(anonymous_25)
FNDA:0,(anonymous_27)
FNDA:0,(anonymous_28)
FNDA:0,(anonymous_30)
FNDA:0,(anonymous_31)
FNDA:0,(anonymous_32)
FNDA:0,(anonymous_33)
FNDA:0,(anonymous_34)
FNDA:0,(anonymous_35)
FNDA:0,(anonymous_36)
FNDA:0,(anonymous_37)
FNDA:0,(anonymous_38)
FNDA:0,(anonymous_39)
FNDA:0,(anonymous_40)
DA:15,1
DA:16,1
DA:17,1
DA:18,1
DA:19,1
DA:20,1
DA:21,1
DA:23,1
DA:24,1
DA:25,1
DA:26,1
DA:27,1
DA:28,1
DA:30,1
DA:35,1
DA:44,0
DA:49,0
DA:50,0
DA:56,0
DA:57,0
DA:65,1
DA:70,1
DA:80,0
DA:81,0
DA:83,0
DA:95,1
DA:105,1
DA:132,0
DA:211,1
DA:212,0
DA:213,0
DA:214,0
DA:215,0
DA:216,0
DA:217,0
DA:218,0
DA:219,0
DA:220,0
DA:221,0
DA:222,0
DA:223,0
DA:224,0
DA:226,0
DA:227,0
DA:230,0
DA:233,0
DA:234,0
DA:237,0
DA:241,0
DA:242,0
DA:244,0
DA:249,0
DA:253,0
DA:254,0
DA:257,0
DA:258,0
DA:259,0
DA:260,0
DA:261,0
DA:262,0
DA:263,0
DA:273,0
DA:274,0
DA:275,0
DA:277,0
DA:281,0
DA:282,0
DA:283,0
DA:284,0
DA:286,0
DA:287,0
DA:288,0
DA:291,0
DA:292,0
DA:301,0
DA:305,0
DA:307,0
DA:308,0
DA:309,0
DA:310,0
DA:311,0
DA:312,0
DA:323,0
DA:324,0
DA:325,0
DA:327,0
DA:331,0
DA:332,0
DA:333,0
DA:334,0
DA:336,0
DA:337,0
DA:338,0
DA:341,0
DA:342,0
DA:352,0
DA:353,0
DA:354,0
DA:358,0
DA:360,0
DA:361,0
DA:374,0
DA:388,0
DA:393,0
DA:394,0
DA:429,0
DA:442,0
DA:526,0
DA:541,0
DA:618,0
DA:686,0
DA:704,0
DA:719,0
DA:810,1
LF:114
LH:21
BRDA:44,0,0,0
BRDA:44,0,1,0
BRDA:49,1,0,0
BRDA:49,2,0,0
BRDA:49,2,1,0
BRDA:56,3,0,0
BRDA:56,4,0,0
BRDA:56,4,1,0
BRDA:97,5,0,0
BRDA:97,5,1,0
BRDA:155,6,0,0
BRDA:155,6,1,0
BRDA:159,7,0,0
BRDA:194,8,0,0
BRDA:194,8,1,0
BRDA:203,9,0,0
BRDA:230,10,0,0
BRDA:230,10,1,0
BRDA:241,11,0,0
BRDA:241,11,1,0
BRDA:258,12,0,0
BRDA:258,12,1,0
BRDA:260,13,0,0
BRDA:260,13,1,0
BRDA:261,14,0,0
BRDA:261,14,1,0
BRDA:273,15,0,0
BRDA:282,16,0,0
BRDA:282,16,1,0
BRDA:283,17,0,0
BRDA:283,17,1,0
BRDA:287,18,0,0
BRDA:287,18,1,0
BRDA:293,19,0,0
BRDA:293,19,1,0
BRDA:295,20,0,0
BRDA:295,20,1,0
BRDA:319,21,0,0
BRDA:319,21,1,0
BRDA:320,22,0,0
BRDA:320,22,1,0
BRDA:323,23,0,0
BRDA:332,24,0,0
BRDA:332,24,1,0
BRDA:333,25,0,0
BRDA:333,25,1,0
BRDA:337,26,0,0
BRDA:337,26,1,0
BRDA:343,27,0,0
BRDA:343,27,1,0
BRDA:345,28,0,0
BRDA:345,28,1,0
BRDA:358,29,0,0
BRDA:358,29,1,0
BRDA:361,30,0,0
BRDA:361,30,1,0
BRDA:376,31,0,0
BRDA:376,31,1,0
BRDA:376,32,0,0
BRDA:376,32,1,0
BRDA:391,33,0,0
BRDA:391,33,1,0
BRDA:400,34,0,0
BRDA:400,34,1,0
BRDA:419,35,0,0
BRDA:421,36,0,0
BRDA:421,36,1,0
BRDA:442,37,0,0
BRDA:452,38,0,0
BRDA:483,39,0,0
BRDA:495,40,0,0
BRDA:513,41,0,0
BRDA:519,42,0,0
BRDA:530,43,0,0
BRDA:543,44,0,0
BRDA:571,45,0,0
BRDA:587,46,0,0
BRDA:587,46,1,0
BRDA:590,47,0,0
BRDA:590,47,1,0
BRDA:598,48,0,0
BRDA:598,48,1,0
BRDA:608,49,0,0
BRDA:677,50,0,0
BRDA:677,50,1,0
BRDA:690,51,0,0
BRDA:708,52,0,0
BRDA:720,53,0,0
BRDA:747,54,0,0
BRDA:780,55,0,0
BRDA:780,55,1,0
BRF:91
BRH:0
end_of_record
TN:
SF:src\pages\auth\VerifyEmail.tsx
FN:34,(anonymous_5)
FN:43,(anonymous_6)
FN:58,(anonymous_7)
FN:72,(anonymous_8)
FN:78,(anonymous_9)
FN:130,(anonymous_10)
FN:139,(anonymous_11)
FNF:7
FNH:0
FNDA:0,(anonymous_5)
FNDA:0,(anonymous_6)
FNDA:0,(anonymous_7)
FNDA:0,(anonymous_8)
FNDA:0,(anonymous_9)
FNDA:0,(anonymous_10)
FNDA:0,(anonymous_11)
DA:5,1
DA:6,1
DA:7,1
DA:8,1
DA:10,1
DA:11,1
DA:12,1
DA:13,1
DA:15,1
DA:34,1
DA:35,0
DA:36,0
DA:37,0
DA:38,0
DA:39,0
DA:41,0
DA:43,0
DA:44,0
DA:45,0
DA:46,0
DA:47,0
DA:50,0
DA:51,0
DA:54,0
DA:55,0
DA:57,0
DA:59,0
DA:60,0
DA:61,0
DA:62,0
DA:64,0
DA:65,0
DA:66,0
DA:73,0
DA:74,0
DA:75,0
DA:78,0
DA:79,0
DA:130,0
DA:139,0
DA:158,1
LF:41
LH:11
BRDA:44,0,0,0
BRDA:50,1,0,0
BRDA:59,2,0,0
BRDA:60,3,0,0
BRDA:60,3,1,0
BRDA:62,4,0,0
BRDA:62,4,1,0
BRDA:65,5,0,0
BRDA:65,5,1,0
BRDA:66,6,0,0
BRDA:66,6,1,0
BRDA:68,7,0,0
BRDA:68,7,1,0
BRDA:73,8,0,0
BRDA:98,9,0,0
BRDA:105,10,0,0
BRDA:114,11,0,0
BRDA:124,12,0,0
BRDA:124,12,1,0
BRF:19
BRH:0
end_of_record
TN:
SF:src\pages\auth\VerifyEmailPrompt.tsx
FN:8,(anonymous_2)
FNF:1
FNH:0
FNDA:0,(anonymous_2)
DA:1,1
DA:2,1
DA:3,1
DA:4,1
DA:5,1
DA:6,1
DA:8,1
DA:9,0
DA:10,0
DA:54,1
LF:10
LH:8
BRDA:10,0,0,0
BRDA:10,0,1,0
BRF:2
BRH:0
end_of_record
TN:
SF:src\pages\banques\BanquesPage.tsx
FN:61,formatTableDate
FN:69,formatShortDate
FN:77,getCardStyle
FN:93,(anonymous_7)
FN:98,(anonymous_8)
FN:117,BanquesPage
FN:162,(anonymous_10)
FN:178,(anonymous_11)
FN:182,(anonymous_12)
FN:196,(anonymous_13)
FN:202,(anonymous_14)
FN:209,(anonymous_15)
FN:212,(anonymous_16)
FN:216,(anonymous_17)
FN:223,(anonymous_18)
FN:240,(anonymous_19)
FN:249,(anonymous_20)
FN:251,(anonymous_21)
FN:252,(anonymous_22)
FN:260,(anonymous_23)
FN:262,(anonymous_24)
FN:267,(anonymous_25)
FN:273,(anonymous_26)
FN:283,(anonymous_27)
FN:287,(anonymous_28)
FN:293,(anonymous_29)
FN:296,(anonymous_30)
FN:299,(anonymous_31)
FN:303,(anonymous_32)
FN:314,(anonymous_33)
FN:318,(anonymous_34)
FN:322,(anonymous_35)
FN:329,(anonymous_36)
FN:335,(anonymous_37)
FN:340,(anonymous_38)
FN:372,(anonymous_39)
FN:387,(anonymous_40)
FN:401,(anonymous_41)
FN:434,(anonymous_42)
FN:465,(anonymous_43)
FN:477,(anonymous_44)
FN:478,(anonymous_45)
FN:505,(anonymous_46)
FN:524,(anonymous_47)
FN:557,(anonymous_48)
FN:573,(anonymous_49)
FN:581,(anonymous_50)
FN:584,(anonymous_51)
FN:691,(anonymous_52)
FN:696,(anonymous_53)
FN:701,(anonymous_54)
FN:713,(anonymous_55)
FN:718,(anonymous_56)
FN:748,(anonymous_57)
FN:768,(anonymous_58)
FN:770,(anonymous_59)
FN:776,(anonymous_60)
FN:788,(anonymous_61)
FN:802,(anonymous_62)
FN:808,(anonymous_63)
FN:815,(anonymous_64)
FN:831,(anonymous_65)
FN:839,(anonymous_66)
FN:839,(anonymous_67)
FN:844,(anonymous_68)
FN:844,(anonymous_69)
FN:849,(anonymous_70)
FN:857,(anonymous_71)
FN:857,(anonymous_72)
FN:865,(anonymous_73)
FN:879,(anonymous_74)
FN:892,(anonymous_75)
FN:906,(anonymous_76)
FN:909,(anonymous_77)
FN:933,(anonymous_78)
FN:944,(anonymous_79)
FN:953,(anonymous_80)
FN:963,(anonymous_81)
FN:977,(anonymous_82)
FN:1009,(anonymous_83)
FN:1020,(anonymous_84)
FN:1025,(anonymous_85)
FN:1025,(anonymous_86)
FN:1034,(anonymous_87)
FN:1050,(anonymous_88)
FN:1054,(anonymous_89)
FN:1065,(anonymous_90)
FN:1074,(anonymous_91)
FN:1089,(anonymous_92)
FN:1099,(anonymous_93)
FN:1108,(anonymous_94)
FN:1118,(anonymous_95)
FN:1131,(anonymous_96)
FN:1138,(anonymous_97)
FN:1147,(anonymous_98)
FN:1153,(anonymous_99)
FNF:96
FNH:0
FNDA:0,formatTableDate
FNDA:0,formatShortDate
FNDA:0,getCardStyle
FNDA:0,(anonymous_7)
FNDA:0,(anonymous_8)
FNDA:0,BanquesPage
FNDA:0,(anonymous_10)
FNDA:0,(anonymous_11)
FNDA:0,(anonymous_12)
FNDA:0,(anonymous_13)
FNDA:0,(anonymous_14)
FNDA:0,(anonymous_15)
FNDA:0,(anonymous_16)
FNDA:0,(anonymous_17)
FNDA:0,(anonymous_18)
FNDA:0,(anonymous_19)
FNDA:0,(anonymous_20)
FNDA:0,(anonymous_21)
FNDA:0,(anonymous_22)
FNDA:0,(anonymous_23)
FNDA:0,(anonymous_24)
FNDA:0,(anonymous_25)
FNDA:0,(anonymous_26)
FNDA:0,(anonymous_27)
FNDA:0,(anonymous_28)
FNDA:0,(anonymous_29)
FNDA:0,(anonymous_30)
FNDA:0,(anonymous_31)
FNDA:0,(anonymous_32)
FNDA:0,(anonymous_33)
FNDA:0,(anonymous_34)
FNDA:0,(anonymous_35)
FNDA:0,(anonymous_36)
FNDA:0,(anonymous_37)
FNDA:0,(anonymous_38)
FNDA:0,(anonymous_39)
FNDA:0,(anonymous_40)
FNDA:0,(anonymous_41)
FNDA:0,(anonymous_42)
FNDA:0,(anonymous_43)
FNDA:0,(anonymous_44)
FNDA:0,(anonymous_45)
FNDA:0,(anonymous_46)
FNDA:0,(anonymous_47)
FNDA:0,(anonymous_48)
FNDA:0,(anonymous_49)
FNDA:0,(anonymous_50)
FNDA:0,(anonymous_51)
FNDA:0,(anonymous_52)
FNDA:0,(anonymous_53)
FNDA:0,(anonymous_54)
FNDA:0,(anonymous_55)
FNDA:0,(anonymous_56)
FNDA:0,(anonymous_57)
FNDA:0,(anonymous_58)
FNDA:0,(anonymous_59)
FNDA:0,(anonymous_60)
FNDA:0,(anonymous_61)
FNDA:0,(anonymous_62)
FNDA:0,(anonymous_63)
FNDA:0,(anonymous_64)
FNDA:0,(anonymous_65)
FNDA:0,(anonymous_66)
FNDA:0,(anonymous_67)
FNDA:0,(anonymous_68)
FNDA:0,(anonymous_69)
FNDA:0,(anonymous_70)
FNDA:0,(anonymous_71)
FNDA:0,(anonymous_72)
FNDA:0,(anonymous_73)
FNDA:0,(anonymous_74)
FNDA:0,(anonymous_75)
FNDA:0,(anonymous_76)
FNDA:0,(anonymous_77)
FNDA:0,(anonymous_78)
FNDA:0,(anonymous_79)
FNDA:0,(anonymous_80)
FNDA:0,(anonymous_81)
FNDA:0,(anonymous_82)
FNDA:0,(anonymous_83)
FNDA:0,(anonymous_84)
FNDA:0,(anonymous_85)
FNDA:0,(anonymous_86)
FNDA:0,(anonymous_87)
FNDA:0,(anonymous_88)
FNDA:0,(anonymous_89)
FNDA:0,(anonymous_90)
FNDA:0,(anonymous_91)
FNDA:0,(anonymous_92)
FNDA:0,(anonymous_93)
FNDA:0,(anonymous_94)
FNDA:0,(anonymous_95)
FNDA:0,(anonymous_96)
FNDA:0,(anonymous_97)
FNDA:0,(anonymous_98)
FNDA:0,(anonymous_99)
DA:1,1
DA:2,1
DA:16,1
DA:25,1
DA:26,1
DA:35,1
DA:36,1
DA:38,1
DA:39,1
DA:41,1
DA:43,1
DA:62,0
DA:70,0
DA:78,0
DA:79,0
DA:80,0
DA:81,0
DA:82,0
DA:83,0
DA:84,0
DA:85,0
DA:93,1
DA:94,0
DA:95,0
DA:98,0
DA:117,1
DA:118,0
DA:119,0
DA:120,0
DA:121,0
DA:122,0
DA:123,0
DA:124,0
DA:125,0
DA:126,0
DA:127,0
DA:129,0
DA:130,0
DA:131,0
DA:132,0
DA:133,0
DA:135,0
DA:136,0
DA:137,0
DA:139,0
DA:141,0
DA:148,0
DA:150,0
DA:160,0
DA:162,0
DA:163,0
DA:164,0
DA:165,0
DA:166,0
DA:168,0
DA:169,0
DA:170,0
DA:172,0
DA:174,0
DA:178,0
DA:179,0
DA:182,0
DA:183,0
DA:184,0
DA:185,0
DA:186,0
DA:187,0
DA:188,0
DA:189,0
DA:190,0
DA:192,0
DA:196,0
DA:197,0
DA:198,0
DA:199,0
DA:202,0
DA:203,0
DA:204,0
DA:205,0
DA:206,0
DA:209,0
DA:212,0
DA:213,0
DA:214,0
DA:215,0
DA:217,0
DA:223,0
DA:224,0
DA:227,0
DA:228,0
DA:229,0
DA:230,0
DA:231,0
DA:239,0
DA:240,0
DA:244,0
DA:249,0
DA:250,0
DA:251,0
DA:252,0
DA:253,0
DA:260,0
DA:261,0
DA:262,0
DA:264,0
DA:265,0
DA:266,0
DA:268,0
DA:273,0
DA:274,0
DA:275,0
DA:276,0
DA:277,0
DA:278,0
DA:280,0
DA:283,0
DA:284,0
DA:286,0
DA:287,0
DA:288,0
DA:289,0
DA:290,0
DA:293,0
DA:295,0
DA:296,0
DA:299,0
DA:300,0
DA:301,0
DA:302,0
DA:303,0
DA:304,0
DA:307,0
DA:308,0
DA:309,0
DA:314,0
DA:315,0
DA:318,0
DA:319,0
DA:322,0
DA:323,0
DA:324,0
DA:325,0
DA:326,0
DA:329,0
DA:330,0
DA:331,0
DA:332,0
DA:335,0
DA:336,0
DA:337,0
DA:340,0
DA:341,0
DA:342,0
DA:343,0
DA:344,0
DA:346,0
DA:347,0
DA:358,0
DA:359,0
DA:360,0
DA:362,0
DA:363,0
DA:368,0
DA:372,0
DA:373,0
DA:374,0
DA:375,0
DA:377,0
DA:378,0
DA:379,0
DA:380,0
DA:381,0
DA:383,0
DA:387,0
DA:388,0
DA:389,0
DA:398,0
DA:401,0
DA:402,0
DA:403,0
DA:404,0
DA:405,0
DA:414,0
DA:415,0
DA:416,0
DA:417,0
DA:419,0
DA:423,0
DA:435,0
DA:436,0
DA:437,0
DA:466,0
DA:478,0
DA:505,0
DA:525,0
DA:557,0
DA:573,0
DA:582,0
DA:585,0
DA:691,0
DA:697,0
DA:701,0
DA:713,0
DA:719,0
DA:748,0
DA:768,0
DA:770,0
DA:776,0
DA:788,0
DA:802,0
DA:808,0
DA:816,0
DA:831,0
DA:839,0
DA:844,0
DA:845,0
DA:849,0
DA:857,0
DA:865,0
DA:879,0
DA:892,0
DA:906,0
DA:910,0
DA:911,0
DA:933,0
DA:944,0
DA:953,0
DA:963,0
DA:977,0
DA:1009,0
DA:1020,0
DA:1025,0
DA:1034,0
DA:1050,0
DA:1054,0
DA:1065,0
DA:1074,0
DA:1089,0
DA:1099,0
DA:1108,0
DA:1118,0
DA:1131,0
DA:1138,0
DA:1147,0
DA:1153,0
LF:245
LH:13
BRDA:79,0,0,0
BRDA:80,1,0,0
BRDA:81,2,0,0
BRDA:82,3,0,0
BRDA:83,4,0,0
BRDA:98,5,0,0
BRDA:98,5,1,0
BRDA:104,6,0,0
BRDA:104,6,1,0
BRDA:109,7,0,0
BRDA:109,7,1,0
BRDA:160,8,0,0
BRDA:160,8,1,0
BRDA:163,9,0,0
BRDA:163,10,0,0
BRDA:163,10,1,0
BRDA:187,11,0,0
BRDA:187,12,0,0
BRDA:187,12,1,0
BRDA:205,13,0,0
BRDA:205,13,1,0
BRDA:214,14,0,0
BRDA:217,15,0,0
BRDA:217,15,1,0
BRDA:217,15,2,0
BRDA:217,15,3,0
BRDA:217,15,4,0
BRDA:224,16,0,0
BRDA:239,17,0,0
BRDA:239,17,1,0
BRDA:261,18,0,0
BRDA:261,18,1,0
BRDA:265,19,0,0
BRDA:268,20,0,0
BRDA:268,20,1,0
BRDA:268,20,2,0
BRDA:277,21,0,0
BRDA:284,22,0,0
BRDA:284,23,0,0
BRDA:284,23,1,0
BRDA:300,24,0,0
BRDA:300,24,1,0
BRDA:301,25,0,0
BRDA:303,26,0,0
BRDA:319,27,0,0
BRDA:341,28,0,0
BRDA:341,29,0,0
BRDA:341,29,1,0
BRDA:362,30,0,0
BRDA:362,30,1,0
BRDA:364,31,0,0
BRDA:364,31,1,0
BRDA:364,32,0,0
BRDA:364,32,1,0
BRDA:373,33,0,0
BRDA:373,34,0,0
BRDA:373,34,1,0
BRDA:373,34,2,0
BRDA:383,35,0,0
BRDA:383,35,1,0
BRDA:388,36,0,0
BRDA:391,37,0,0
BRDA:391,37,1,0
BRDA:392,38,0,0
BRDA:392,38,1,0
BRDA:393,39,0,0
BRDA:393,39,1,0
BRDA:394,40,0,0
BRDA:394,40,1,0
BRDA:395,41,0,0
BRDA:395,41,1,0
BRDA:403,42,0,0
BRDA:403,43,0,0
BRDA:403,43,1,0
BRDA:403,43,2,0
BRDA:412,44,0,0
BRDA:412,44,1,0
BRDA:419,45,0,0
BRDA:419,45,1,0
BRDA:423,46,0,0
BRDA:423,47,0,0
BRDA:423,47,1,0
BRDA:429,48,0,0
BRDA:465,49,0,0
BRDA:477,50,0,0
BRDA:524,51,0,0
BRDA:528,52,0,0
BRDA:528,52,1,0
BRDA:529,53,0,0
BRDA:529,53,1,0
BRDA:532,54,0,0
BRDA:532,54,1,0
BRDA:534,55,0,0
BRDA:534,55,1,0
BRDA:550,56,0,0
BRDA:555,57,0,0
BRDA:590,58,0,0
BRDA:590,58,1,0
BRDA:594,59,0,0
BRDA:601,60,0,0
BRDA:601,60,1,0
BRDA:604,61,0,0
BRDA:604,61,1,0
BRDA:605,62,0,0
BRDA:605,62,1,0
BRDA:611,63,0,0
BRDA:629,64,0,0
BRDA:638,65,0,0
BRDA:638,65,1,0
BRDA:642,66,0,0
BRDA:642,66,1,0
BRDA:646,67,0,0
BRDA:646,67,1,0
BRDA:650,68,0,0
BRDA:650,68,1,0
BRDA:718,69,0,0
BRDA:718,69,1,0
BRDA:723,70,0,0
BRDA:723,70,1,0
BRDA:726,71,0,0
BRDA:736,72,0,0
BRDA:736,72,1,0
BRDA:737,73,0,0
BRDA:737,73,1,0
BRDA:763,74,0,0
BRDA:848,75,0,0
BRDA:848,75,1,0
BRDA:877,76,0,0
BRDA:904,77,0,0
BRDA:908,78,0,0
BRDA:1016,79,0,0
BRDA:1016,79,1,0
BRDA:1026,80,0,0
BRDA:1026,80,1,0
BRDA:1028,81,0,0
BRDA:1048,82,0,0
BRDA:1063,83,0,0
BRDA:1063,83,1,0
BRF:138
BRH:0
end_of_record
TN:
SF:src\pages\clients\ClientsPage.tsx
FN:43,ClientsPage
FN:51,(anonymous_5)
FN:53,(anonymous_6)
FN:69,(anonymous_7)
FN:79,(anonymous_8)
FN:83,(anonymous_9)
FN:128,(anonymous_10)
FN:145,(anonymous_11)
FN:157,(anonymous_12)
FN:186,(anonymous_13)
FN:225,(anonymous_14)
FN:244,(anonymous_15)
FN:249,(anonymous_16)
FN:250,(anonymous_17)
FN:258,(anonymous_18)
FN:259,(anonymous_19)
FN:265,(anonymous_20)
FN:275,(anonymous_21)
FN:279,(anonymous_22)
FN:283,(anonymous_23)
FN:287,(anonymous_24)
FN:291,(anonymous_25)
FN:295,(anonymous_26)
FN:299,(anonymous_27)
FN:305,(anonymous_28)
FN:318,ClientCard
FN:337,(anonymous_30)
FN:385,(anonymous_31)
FNF:28
FNH:0
FNDA:0,ClientsPage
FNDA:0,(anonymous_5)
FNDA:0,(anonymous_6)
FNDA:0,(anonymous_7)
FNDA:0,(anonymous_8)
FNDA:0,(anonymous_9)
FNDA:0,(anonymous_10)
FNDA:0,(anonymous_11)
FNDA:0,(anonymous_12)
FNDA:0,(anonymous_13)
FNDA:0,(anonymous_14)
FNDA:0,(anonymous_15)
FNDA:0,(anonymous_16)
FNDA:0,(anonymous_17)
FNDA:0,(anonymous_18)
FNDA:0,(anonymous_19)
FNDA:0,(anonymous_20)
FNDA:0,(anonymous_21)
FNDA:0,(anonymous_22)
FNDA:0,(anonymous_23)
FNDA:0,(anonymous_24)
FNDA:0,(anonymous_25)
FNDA:0,(anonymous_26)
FNDA:0,(anonymous_27)
FNDA:0,(anonymous_28)
FNDA:0,ClientCard
FNDA:0,(anonymous_30)
FNDA:0,(anonymous_31)
DA:1,1
DA:2,1
DA:17,1
DA:24,1
DA:25,1
DA:28,1
DA:35,1
DA:43,1
DA:44,0
DA:45,0
DA:46,0
DA:47,0
DA:48,0
DA:49,0
DA:51,0
DA:52,0
DA:53,0
DA:56,0
DA:69,0
DA:70,0
DA:71,0
DA:72,0
DA:73,0
DA:75,0
DA:79,0
DA:80,0
DA:83,0
DA:84,0
DA:87,0
DA:88,0
DA:89,0
DA:90,0
DA:91,0
DA:92,0
DA:94,0
DA:95,0
DA:96,0
DA:97,0
DA:98,0
DA:99,0
DA:100,0
DA:102,0
DA:105,0
DA:106,0
DA:107,0
DA:108,0
DA:109,0
DA:110,0
DA:123,0
DA:128,0
DA:129,0
DA:130,0
DA:142,0
DA:145,0
DA:146,0
DA:147,0
DA:148,0
DA:149,0
DA:150,0
DA:152,0
DA:157,0
DA:158,0
DA:187,0
DA:188,0
DA:192,0
DA:225,0
DA:245,0
DA:249,0
DA:250,0
DA:258,0
DA:259,0
DA:265,0
DA:275,0
DA:279,0
DA:283,0
DA:287,0
DA:291,0
DA:295,0
DA:299,0
DA:305,0
DA:329,0
DA:330,0
DA:331,0
DA:332,0
DA:337,0
DA:385,0
LF:86
LH:8
BRDA:88,0,0,0
BRDA:89,1,0,0
BRDA:90,2,0,0
BRDA:91,3,0,0
BRDA:92,4,0,0
BRDA:94,5,0,0
BRDA:94,5,1,0
BRDA:96,6,0,0
BRDA:96,6,1,0
BRDA:102,7,0,0
BRDA:102,7,1,0
BRDA:106,8,0,0
BRDA:106,8,1,0
BRDA:123,9,0,0
BRDA:123,9,1,0
BRDA:131,10,0,0
BRDA:131,10,1,0
BRDA:132,11,0,0
BRDA:132,11,1,0
BRDA:133,12,0,0
BRDA:133,12,1,0
BRDA:134,13,0,0
BRDA:134,13,1,0
BRDA:135,14,0,0
BRDA:135,14,1,0
BRDA:136,15,0,0
BRDA:136,15,1,0
BRDA:137,16,0,0
BRDA:137,16,1,0
BRDA:138,17,0,0
BRDA:138,17,1,0
BRDA:139,18,0,0
BRDA:139,18,1,0
BRDA:146,19,0,0
BRDA:148,20,0,0
BRDA:148,20,1,0
BRDA:152,21,0,0
BRDA:152,21,1,0
BRDA:158,22,0,0
BRDA:158,22,1,0
BRDA:158,23,0,0
BRDA:158,23,1,0
BRDA:165,24,0,0
BRDA:166,25,0,0
BRDA:166,25,1,0
BRDA:168,26,0,0
BRDA:168,26,1,0
BRDA:172,27,0,0
BRDA:234,28,0,0
BRDA:250,29,0,0
BRDA:250,29,1,0
BRDA:257,30,0,0
BRDA:262,31,0,0
BRDA:262,31,1,0
BRDA:263,32,0,0
BRDA:263,32,1,0
BRDA:298,33,0,0
BRDA:298,33,1,0
BRDA:307,34,0,0
BRDA:307,34,1,0
BRDA:332,35,0,0
BRDA:332,35,1,0
BRDA:422,36,0,0
BRDA:422,36,1,0
BRDA:426,37,0,0
BRDA:426,37,1,0
BRF:66
BRH:0
end_of_record
TN:
SF:src\pages\collaborators\CollaboratorDetailsPage.tsx
FN:10,CollaboratorDetailsPage
FN:25,(anonymous_3)
FN:27,(anonymous_4)
FN:31,(anonymous_5)
FN:36,(anonymous_6)
FN:41,(anonymous_7)
FN:52,(anonymous_8)
FN:69,(anonymous_9)
FN:84,(anonymous_10)
FN:112,(anonymous_11)
FN:116,(anonymous_12)
FN:134,(anonymous_13)
FN:149,(anonymous_14)
FN:150,(anonymous_15)
FN:165,(anonymous_16)
FN:166,(anonymous_17)
FN:167,(anonymous_18)
FN:168,(anonymous_19)
FN:169,(anonymous_20)
FN:177,(anonymous_21)
FN:193,(anonymous_22)
FN:197,(anonymous_23)
FN:246,(anonymous_24)
FN:247,(anonymous_25)
FN:248,(anonymous_26)
FN:252,(anonymous_27)
FNF:26
FNH:0
FNDA:0,CollaboratorDetailsPage
FNDA:0,(anonymous_3)
FNDA:0,(anonymous_4)
FNDA:0,(anonymous_5)
FNDA:0,(anonymous_6)
FNDA:0,(anonymous_7)
FNDA:0,(anonymous_8)
FNDA:0,(anonymous_9)
FNDA:0,(anonymous_10)
FNDA:0,(anonymous_11)
FNDA:0,(anonymous_12)
FNDA:0,(anonymous_13)
FNDA:0,(anonymous_14)
FNDA:0,(anonymous_15)
FNDA:0,(anonymous_16)
FNDA:0,(anonymous_17)
FNDA:0,(anonymous_18)
FNDA:0,(anonymous_19)
FNDA:0,(anonymous_20)
FNDA:0,(anonymous_21)
FNDA:0,(anonymous_22)
FNDA:0,(anonymous_23)
FNDA:0,(anonymous_24)
FNDA:0,(anonymous_25)
FNDA:0,(anonymous_26)
FNDA:0,(anonymous_27)
DA:1,1
DA:2,1
DA:3,1
DA:4,1
DA:5,1
DA:6,1
DA:8,1
DA:10,1
DA:11,0
DA:12,0
DA:13,0
DA:14,0
DA:16,0
DA:17,0
DA:18,0
DA:19,0
DA:20,0
DA:22,0
DA:23,0
DA:25,0
DA:26,0
DA:27,0
DA:28,0
DA:31,0
DA:32,0
DA:36,0
DA:37,0
DA:38,0
DA:41,0
DA:42,0
DA:43,0
DA:44,0
DA:45,0
DA:46,0
DA:48,0
DA:52,0
DA:53,0
DA:54,0
DA:55,0
DA:56,0
DA:57,0
DA:59,0
DA:60,0
DA:61,0
DA:63,0
DA:65,0
DA:69,0
DA:70,0
DA:71,0
DA:72,0
DA:84,0
DA:112,0
DA:116,0
DA:134,0
DA:150,0
DA:165,0
DA:166,0
DA:167,0
DA:168,0
DA:169,0
DA:177,0
DA:193,0
DA:197,0
DA:246,0
DA:247,0
DA:248,0
DA:252,0
LF:67
LH:8
BRDA:28,0,0,0
BRDA:42,1,0,0
BRDA:44,2,0,0
BRDA:44,2,1,0
BRDA:53,3,0,0
BRDA:54,4,0,0
BRDA:54,4,1,0
BRDA:56,5,0,0
BRDA:56,5,1,0
BRDA:57,6,0,0
BRDA:57,6,1,0
BRDA:70,7,0,0
BRDA:71,8,0,0
BRDA:107,9,0,0
BRDA:107,9,1,0
BRDA:107,10,0,0
BRDA:107,10,1,0
BRDA:112,11,0,0
BRDA:122,12,0,0
BRDA:152,13,0,0
BRDA:152,13,1,0
BRDA:153,14,0,0
BRDA:153,14,1,0
BRDA:163,15,0,0
BRDA:165,16,0,0
BRDA:165,16,1,0
BRDA:166,17,0,0
BRDA:166,17,1,0
BRDA:167,18,0,0
BRDA:167,18,1,0
BRDA:168,19,0,0
BRDA:168,19,1,0
BRDA:168,20,0,0
BRDA:168,20,1,0
BRDA:168,21,0,0
BRDA:168,21,1,0
BRDA:169,22,0,0
BRDA:169,22,1,0
BRDA:169,23,0,0
BRDA:169,23,1,0
BRDA:169,24,0,0
BRDA:169,24,1,0
BRDA:174,25,0,0
BRDA:174,25,1,0
BRDA:177,26,0,0
BRDA:177,26,1,0
BRDA:177,27,0,0
BRDA:177,27,1,0
BRDA:177,28,0,0
BRDA:177,28,1,0
BRDA:182,29,0,0
BRDA:182,29,1,0
BRDA:188,30,0,0
BRDA:204,31,0,0
BRDA:212,32,0,0
BRDA:234,33,0,0
BRDA:234,33,1,0
BRDA:245,34,0,0
BRF:58
BRH:0
end_of_record
TN:
SF:src\pages\collaborators\CollaboratorsPage.tsx
FN:7,CollaboratorsPage
FN:30,(anonymous_5)
FN:37,(anonymous_6)
FN:42,(anonymous_7)
FN:71,(anonymous_8)
FN:82,(anonymous_9)
FN:93,(anonymous_10)
FN:108,(anonymous_11)
FN:118,(anonymous_12)
FN:130,(anonymous_13)
FN:133,(anonymous_14)
FN:140,(anonymous_15)
FN:149,(anonymous_16)
FN:186,(anonymous_17)
FN:187,(anonymous_18)
FN:193,(anonymous_19)
FN:200,(anonymous_20)
FN:204,(anonymous_21)
FN:208,(anonymous_22)
FN:212,(anonymous_23)
FN:216,(anonymous_24)
FN:220,(anonymous_25)
FN:224,(anonymous_26)
FN:232,(anonymous_27)
FN:238,(anonymous_28)
FN:239,(anonymous_29)
FN:247,(anonymous_30)
FN:248,(anonymous_31)
FN:258,(anonymous_32)
FNF:29
FNH:0
FNDA:0,CollaboratorsPage
FNDA:0,(anonymous_5)
FNDA:0,(anonymous_6)
FNDA:0,(anonymous_7)
FNDA:0,(anonymous_8)
FNDA:0,(anonymous_9)
FNDA:0,(anonymous_10)
FNDA:0,(anonymous_11)
FNDA:0,(anonymous_12)
FNDA:0,(anonymous_13)
FNDA:0,(anonymous_14)
FNDA:0,(anonymous_15)
FNDA:0,(anonymous_16)
FNDA:0,(anonymous_17)
FNDA:0,(anonymous_18)
FNDA:0,(anonymous_19)
FNDA:0,(anonymous_20)
FNDA:0,(anonymous_21)
FNDA:0,(anonymous_22)
FNDA:0,(anonymous_23)
FNDA:0,(anonymous_24)
FNDA:0,(anonymous_25)
FNDA:0,(anonymous_26)
FNDA:0,(anonymous_27)
FNDA:0,(anonymous_28)
FNDA:0,(anonymous_29)
FNDA:0,(anonymous_30)
FNDA:0,(anonymous_31)
FNDA:0,(anonymous_32)
DA:1,1
DA:2,1
DA:3,1
DA:4,1
DA:5,1
DA:7,1
DA:8,0
DA:10,0
DA:11,0
DA:12,0
DA:15,0
DA:16,0
DA:30,0
DA:31,0
DA:32,0
DA:33,0
DA:34,0
DA:37,0
DA:39,0
DA:42,0
DA:43,0
DA:44,0
DA:47,0
DA:61,0
DA:62,0
DA:63,0
DA:64,0
DA:65,0
DA:67,0
DA:71,0
DA:72,0
DA:73,0
DA:74,0
DA:75,0
DA:77,0
DA:82,0
DA:83,0
DA:93,0
DA:108,0
DA:119,0
DA:130,0
DA:133,0
DA:140,0
DA:149,0
DA:186,0
DA:187,0
DA:193,0
DA:200,0
DA:204,0
DA:208,0
DA:212,0
DA:216,0
DA:220,0
DA:224,0
DA:232,0
DA:238,0
DA:239,0
DA:247,0
DA:248,0
DA:258,0
LF:60
LH:6
BRDA:44,0,0,0
BRDA:44,1,0,0
BRDA:44,1,1,0
BRDA:57,2,0,0
BRDA:57,2,1,0
BRDA:58,3,0,0
BRDA:58,3,1,0
BRDA:62,4,0,0
BRDA:62,4,1,0
BRDA:72,5,0,0
BRDA:74,6,0,0
BRDA:74,6,1,0
BRDA:115,7,0,0
BRDA:151,8,0,0
BRDA:151,8,1,0
BRDA:156,9,0,0
BRDA:156,9,1,0
BRDA:161,10,0,0
BRDA:161,10,1,0
BRDA:185,11,0,0
BRDA:239,12,0,0
BRDA:239,12,1,0
BRDA:242,13,0,0
BRDA:248,14,0,0
BRDA:248,14,1,0
BRDA:251,15,0,0
BRF:26
BRH:0
end_of_record
TN:
SF:src\pages\dashboard\Dashboard.tsx
FN:33,QuickCard
FN:67,DashboardComptableLike
FN:156,(anonymous_3)
FN:192,(anonymous_4)
FN:224,(anonymous_5)
FN:266,DashboardClient
FN:368,DashboardCollaborateur
FN:425,titleForRole
FN:438,Dashboard
FN:444,(anonymous_10)
FNF:10
FNH:0
FNDA:0,QuickCard
FNDA:0,DashboardComptableLike
FNDA:0,(anonymous_3)
FNDA:0,(anonymous_4)
FNDA:0,(anonymous_5)
FNDA:0,DashboardClient
FNDA:0,DashboardCollaborateur
FNDA:0,titleForRole
FNDA:0,Dashboard
FNDA:0,(anonymous_10)
DA:1,1
DA:2,1
DA:3,1
DA:4,1
DA:17,1
DA:29,1
DA:31,1
DA:157,0
DA:193,0
DA:225,0
DA:426,0
DA:428,0
DA:430,0
DA:432,0
DA:434,0
DA:438,1
DA:439,0
DA:440,0
DA:441,0
DA:442,0
DA:444,0
DA:446,0
DA:447,0
DA:451,0
LF:24
LH:8
BRDA:77,0,0,0
BRDA:77,0,1,0
BRDA:86,1,0,0
BRDA:86,1,1,0
BRDA:95,2,0,0
BRDA:95,2,1,0
BRDA:104,3,0,0
BRDA:104,3,1,0
BRDA:123,4,0,0
BRDA:123,4,1,0
BRDA:148,5,0,0
BRDA:148,5,1,0
BRDA:156,6,0,0
BRDA:156,6,1,0
BRDA:189,7,0,0
BRDA:189,7,1,0
BRDA:189,8,0,0
BRDA:189,8,1,0
BRDA:192,9,0,0
BRDA:192,9,1,0
BRDA:197,10,0,0
BRDA:197,10,1,0
BRDA:197,11,0,0
BRDA:197,11,1,0
BRDA:221,12,0,0
BRDA:221,12,1,0
BRDA:221,13,0,0
BRDA:221,13,1,0
BRDA:224,14,0,0
BRDA:224,14,1,0
BRDA:232,15,0,0
BRDA:232,15,1,0
BRDA:232,16,0,0
BRDA:232,16,1,0
BRDA:241,17,0,0
BRDA:241,17,1,0
BRDA:243,18,0,0
BRDA:243,18,1,0
BRDA:289,19,0,0
BRDA:289,19,1,0
BRDA:298,20,0,0
BRDA:298,20,1,0
BRDA:307,21,0,0
BRDA:307,21,1,0
BRDA:316,22,0,0
BRDA:316,22,1,0
BRDA:346,23,0,0
BRDA:378,24,0,0
BRDA:378,24,1,0
BRDA:387,25,0,0
BRDA:387,25,1,0
BRDA:396,26,0,0
BRDA:396,26,1,0
BRDA:405,27,0,0
BRDA:405,27,1,0
BRDA:426,28,0,0
BRDA:426,28,1,0
BRDA:426,28,2,0
BRDA:426,28,3,0
BRDA:440,29,0,0
BRDA:440,29,1,0
BRDA:446,30,0,0
BRDA:451,31,0,0
BRDA:464,32,0,0
BRDA:464,32,1,0
BRDA:469,33,0,0
BRDA:470,34,0,0
BRDA:471,35,0,0
BRDA:471,35,1,0
BRF:69
BRH:0
end_of_record
TN:
SF:src\pages\demandes\DemandesClientsPage.tsx
FN:3,DemandesClientsPage
FNF:1
FNH:0
FNDA:0,DemandesClientsPage
DA:1,1
DA:3,1
LF:2
LH:2
BRF:0
BRH:0
end_of_record
TN:
SF:src\pages\demandes\DemandesPage.tsx
FN:50,formatDate
FN:54,formatDateTime
FN:58,isoToLocalDateAndTime
FN:61,(anonymous_4)
FN:67,urgencyLabel
FN:72,statusLabel
FN:77,statusLabelFr
FN:82,personLabel
FN:86,requestTitle
FN:89,fileExtType
FN:96,fileExtLabel
FN:101,splitAttachments
FN:120,DemandesPage
FN:154,(anonymous_14)
FN:159,(anonymous_15)
FN:183,(anonymous_16)
FN:185,(anonymous_17)
FN:188,(anonymous_18)
FN:190,(anonymous_19)
FN:196,(anonymous_20)
FN:202,(anonymous_21)
FN:208,(anonymous_22)
FN:209,(anonymous_23)
FN:211,(anonymous_24)
FN:214,(anonymous_25)
FN:215,(anonymous_26)
FN:218,(anonymous_27)
FN:223,(anonymous_28)
FN:229,(anonymous_29)
FN:231,(anonymous_30)
FN:235,(anonymous_31)
FN:237,(anonymous_32)
FN:247,(anonymous_33)
FN:248,(anonymous_34)
FN:250,(anonymous_35)
FN:254,(anonymous_36)
FN:256,(anonymous_37)
FN:261,(anonymous_38)
FN:262,(anonymous_39)
FN:263,(anonymous_40)
FN:268,(anonymous_41)
FN:275,(anonymous_42)
FN:283,(anonymous_43)
FN:296,(anonymous_44)
FN:305,(anonymous_45)
FN:313,(anonymous_46)
FN:321,(anonymous_47)
FN:328,(anonymous_48)
FN:353,(anonymous_49)
FN:389,(anonymous_50)
FN:398,(anonymous_51)
FN:404,(anonymous_52)
FN:410,(anonymous_53)
FN:416,(anonymous_54)
FN:423,(anonymous_55)
FN:424,(anonymous_56)
FN:424,(anonymous_57)
FN:428,(anonymous_58)
FN:435,(anonymous_59)
FN:463,(anonymous_60)
FN:485,(anonymous_61)
FN:509,(anonymous_62)
FN:538,(anonymous_63)
FN:542,(anonymous_64)
FN:553,(anonymous_65)
FN:579,(anonymous_66)
FN:583,(anonymous_67)
FN:592,(anonymous_68)
FN:597,(anonymous_69)
FN:600,(anonymous_70)
FN:603,(anonymous_71)
FN:606,(anonymous_72)
FN:619,(anonymous_73)
FN:619,(anonymous_74)
FN:620,(anonymous_75)
FN:627,(anonymous_76)
FN:632,(anonymous_77)
FN:634,(anonymous_78)
FN:634,(anonymous_79)
FN:643,(anonymous_80)
FN:644,(anonymous_81)
FN:650,(anonymous_82)
FN:657,(anonymous_83)
FN:657,(anonymous_84)
FN:661,(anonymous_85)
FN:661,(anonymous_86)
FN:667,(anonymous_87)
FN:667,(anonymous_88)
FN:669,(anonymous_89)
FN:674,(anonymous_90)
FN:674,(anonymous_91)
FN:676,(anonymous_92)
FN:681,(anonymous_93)
FN:681,(anonymous_94)
FN:686,(anonymous_95)
FN:686,(anonymous_96)
FN:690,(anonymous_97)
FN:690,(anonymous_98)
FN:701,(anonymous_99)
FN:701,(anonymous_100)
FN:704,(anonymous_101)
FN:708,(anonymous_102)
FN:708,(anonymous_103)
FN:709,(anonymous_104)
FN:709,(anonymous_105)
FN:709,(anonymous_106)
FN:711,(anonymous_107)
FN:712,(anonymous_108)
FN:712,(anonymous_109)
FN:712,(anonymous_110)
FN:718,(anonymous_111)
FN:728,(anonymous_112)
FN:729,(anonymous_113)
FN:732,(anonymous_114)
FN:736,(anonymous_115)
FN:738,(anonymous_116)
FN:738,(anonymous_117)
FN:741,(anonymous_118)
FN:741,(anonymous_119)
FN:745,(anonymous_120)
FN:745,(anonymous_121)
FN:745,(anonymous_122)
FN:753,(anonymous_123)
FN:754,(anonymous_124)
FN:762,(anonymous_125)
FN:763,(anonymous_126)
FN:768,(anonymous_127)
FN:776,(anonymous_128)
FN:777,(anonymous_129)
FN:789,(anonymous_130)
FN:794,(anonymous_131)
FN:795,(anonymous_132)
FN:801,(anonymous_133)
FN:839,(anonymous_134)
FN:840,(anonymous_135)
FN:848,(anonymous_136)
FN:849,(anonymous_137)
FN:856,(anonymous_138)
FN:862,(anonymous_139)
FN:869,(anonymous_140)
FN:872,(anonymous_141)
FN:874,(anonymous_142)
FN:886,(anonymous_143)
FN:901,(anonymous_144)
FN:901,(anonymous_145)
FN:902,(anonymous_146)
FN:913,(anonymous_147)
FN:914,(anonymous_148)
FN:917,(anonymous_149)
FN:924,(anonymous_150)
FN:924,(anonymous_151)
FN:928,(anonymous_152)
FN:928,(anonymous_153)
FN:934,(anonymous_154)
FN:934,(anonymous_155)
FN:935,(anonymous_156)
FN:940,(anonymous_157)
FN:940,(anonymous_158)
FN:944,(anonymous_159)
FN:944,(anonymous_160)
FN:948,(anonymous_161)
FN:948,(anonymous_162)
FN:950,(anonymous_163)
FN:951,(anonymous_164)
FN:954,(anonymous_165)
FN:958,(anonymous_166)
FN:968,(anonymous_167)
FN:969,(anonymous_168)
FN:975,(anonymous_169)
FN:980,(anonymous_170)
FN:980,(anonymous_171)
FN:983,(anonymous_172)
FN:983,(anonymous_173)
FN:992,(anonymous_174)
FN:994,(anonymous_175)
FN:1004,(anonymous_176)
FN:1018,(anonymous_177)
FN:1018,(anonymous_178)
FN:1021,(anonymous_179)
FN:1029,(anonymous_180)
FN:1029,(anonymous_181)
FN:1035,(anonymous_182)
FN:1035,(anonymous_183)
FN:1044,(anonymous_184)
FN:1044,(anonymous_185)
FN:1048,(anonymous_186)
FN:1048,(anonymous_187)
FN:1053,(anonymous_188)
FN:1053,(anonymous_189)
FN:1055,(anonymous_190)
FN:1059,(anonymous_191)
FN:1069,(anonymous_192)
FN:1070,(anonymous_193)
FN:1079,(anonymous_194)
FN:1080,(anonymous_195)
FNF:195
FNH:0
FNDA:0,formatDate
FNDA:0,formatDateTime
FNDA:0,isoToLocalDateAndTime
FNDA:0,(anonymous_4)
FNDA:0,urgencyLabel
FNDA:0,statusLabel
FNDA:0,statusLabelFr
FNDA:0,personLabel
FNDA:0,requestTitle
FNDA:0,fileExtType
FNDA:0,fileExtLabel
FNDA:0,splitAttachments
FNDA:0,DemandesPage
FNDA:0,(anonymous_14)
FNDA:0,(anonymous_15)
FNDA:0,(anonymous_16)
FNDA:0,(anonymous_17)
FNDA:0,(anonymous_18)
FNDA:0,(anonymous_19)
FNDA:0,(anonymous_20)
FNDA:0,(anonymous_21)
FNDA:0,(anonymous_22)
FNDA:0,(anonymous_23)
FNDA:0,(anonymous_24)
FNDA:0,(anonymous_25)
FNDA:0,(anonymous_26)
FNDA:0,(anonymous_27)
FNDA:0,(anonymous_28)
FNDA:0,(anonymous_29)
FNDA:0,(anonymous_30)
FNDA:0,(anonymous_31)
FNDA:0,(anonymous_32)
FNDA:0,(anonymous_33)
FNDA:0,(anonymous_34)
FNDA:0,(anonymous_35)
FNDA:0,(anonymous_36)
FNDA:0,(anonymous_37)
FNDA:0,(anonymous_38)
FNDA:0,(anonymous_39)
FNDA:0,(anonymous_40)
FNDA:0,(anonymous_41)
FNDA:0,(anonymous_42)
FNDA:0,(anonymous_43)
FNDA:0,(anonymous_44)
FNDA:0,(anonymous_45)
FNDA:0,(anonymous_46)
FNDA:0,(anonymous_47)
FNDA:0,(anonymous_48)
FNDA:0,(anonymous_49)
FNDA:0,(anonymous_50)
FNDA:0,(anonymous_51)
FNDA:0,(anonymous_52)
FNDA:0,(anonymous_53)
FNDA:0,(anonymous_54)
FNDA:0,(anonymous_55)
FNDA:0,(anonymous_56)
FNDA:0,(anonymous_57)
FNDA:0,(anonymous_58)
FNDA:0,(anonymous_59)
FNDA:0,(anonymous_60)
FNDA:0,(anonymous_61)
FNDA:0,(anonymous_62)
FNDA:0,(anonymous_63)
FNDA:0,(anonymous_64)
FNDA:0,(anonymous_65)
FNDA:0,(anonymous_66)
FNDA:0,(anonymous_67)
FNDA:0,(anonymous_68)
FNDA:0,(anonymous_69)
FNDA:0,(anonymous_70)
FNDA:0,(anonymous_71)
FNDA:0,(anonymous_72)
FNDA:0,(anonymous_73)
FNDA:0,(anonymous_74)
FNDA:0,(anonymous_75)
FNDA:0,(anonymous_76)
FNDA:0,(anonymous_77)
FNDA:0,(anonymous_78)
FNDA:0,(anonymous_79)
FNDA:0,(anonymous_80)
FNDA:0,(anonymous_81)
FNDA:0,(anonymous_82)
FNDA:0,(anonymous_83)
FNDA:0,(anonymous_84)
FNDA:0,(anonymous_85)
FNDA:0,(anonymous_86)
FNDA:0,(anonymous_87)
FNDA:0,(anonymous_88)
FNDA:0,(anonymous_89)
FNDA:0,(anonymous_90)
FNDA:0,(anonymous_91)
FNDA:0,(anonymous_92)
FNDA:0,(anonymous_93)
FNDA:0,(anonymous_94)
FNDA:0,(anonymous_95)
FNDA:0,(anonymous_96)
FNDA:0,(anonymous_97)
FNDA:0,(anonymous_98)
FNDA:0,(anonymous_99)
FNDA:0,(anonymous_100)
FNDA:0,(anonymous_101)
FNDA:0,(anonymous_102)
FNDA:0,(anonymous_103)
FNDA:0,(anonymous_104)
FNDA:0,(anonymous_105)
FNDA:0,(anonymous_106)
FNDA:0,(anonymous_107)
FNDA:0,(anonymous_108)
FNDA:0,(anonymous_109)
FNDA:0,(anonymous_110)
FNDA:0,(anonymous_111)
FNDA:0,(anonymous_112)
FNDA:0,(anonymous_113)
FNDA:0,(anonymous_114)
FNDA:0,(anonymous_115)
FNDA:0,(anonymous_116)
FNDA:0,(anonymous_117)
FNDA:0,(anonymous_118)
FNDA:0,(anonymous_119)
FNDA:0,(anonymous_120)
FNDA:0,(anonymous_121)
FNDA:0,(anonymous_122)
FNDA:0,(anonymous_123)
FNDA:0,(anonymous_124)
FNDA:0,(anonymous_125)
FNDA:0,(anonymous_126)
FNDA:0,(anonymous_127)
FNDA:0,(anonymous_128)
FNDA:0,(anonymous_129)
FNDA:0,(anonymous_130)
FNDA:0,(anonymous_131)
FNDA:0,(anonymous_132)
FNDA:0,(anonymous_133)
FNDA:0,(anonymous_134)
FNDA:0,(anonymous_135)
FNDA:0,(anonymous_136)
FNDA:0,(anonymous_137)
FNDA:0,(anonymous_138)
FNDA:0,(anonymous_139)
FNDA:0,(anonymous_140)
FNDA:0,(anonymous_141)
FNDA:0,(anonymous_142)
FNDA:0,(anonymous_143)
FNDA:0,(anonymous_144)
FNDA:0,(anonymous_145)
FNDA:0,(anonymous_146)
FNDA:0,(anonymous_147)
FNDA:0,(anonymous_148)
FNDA:0,(anonymous_149)
FNDA:0,(anonymous_150)
FNDA:0,(anonymous_151)
FNDA:0,(anonymous_152)
FNDA:0,(anonymous_153)
FNDA:0,(anonymous_154)
FNDA:0,(anonymous_155)
FNDA:0,(anonymous_156)
FNDA:0,(anonymous_157)
FNDA:0,(anonymous_158)
FNDA:0,(anonymous_159)
FNDA:0,(anonymous_160)
FNDA:0,(anonymous_161)
FNDA:0,(anonymous_162)
FNDA:0,(anonymous_163)
FNDA:0,(anonymous_164)
FNDA:0,(anonymous_165)
FNDA:0,(anonymous_166)
FNDA:0,(anonymous_167)
FNDA:0,(anonymous_168)
FNDA:0,(anonymous_169)
FNDA:0,(anonymous_170)
FNDA:0,(anonymous_171)
FNDA:0,(anonymous_172)
FNDA:0,(anonymous_173)
FNDA:0,(anonymous_174)
FNDA:0,(anonymous_175)
FNDA:0,(anonymous_176)
[...]
BRDA:74,4,0,0
BRDA:74,4,1,0
BRDA:88,5,0,0
BRDA:90,6,0,0
BRDA:104,7,0,0
BRDA:115,8,0,0
BRDA:115,8,1,0
BRDA:121,9,0,0
BRDA:121,9,1,0
BRDA:129,10,0,0
BRDA:136,11,0,0
BRDA:148,12,0,0
BRDA:156,13,0,0
BRDA:168,14,0,0
BRDA:179,15,0,0
BRDA:205,16,0,0
BRDA:205,16,1,0
BRDA:209,17,0,0
BRDA:209,17,1,0
BRDA:216,18,0,0
BRDA:216,18,1,0
BRDA:232,19,0,0
BRDA:232,19,1,0
BRDA:236,20,0,0
BRDA:236,20,1,0
BRDA:250,21,0,0
BRDA:250,21,1,0
BRDA:302,22,0,0
BRDA:305,23,0,0
BRDA:305,23,1,0
BRDA:322,24,0,0
BRDA:322,24,1,0
BRDA:324,25,0,0
BRDA:329,26,0,0
BRDA:329,26,1,0
BRDA:330,27,0,0
BRDA:330,27,1,0
BRDA:331,28,0,0
BRDA:331,28,1,0
BRDA:332,29,0,0
BRDA:332,29,1,0
BRDA:333,30,0,0
BRDA:337,31,0,0
BRDA:337,31,1,0
BRDA:342,32,0,0
BRDA:348,33,0,0
BRDA:348,33,1,0
BRDA:367,34,0,0
BRF:53
BRH:0
end_of_record
TN:
SF:src\pages\profile\ProfilePage.tsx
FN:29,ProfilePage
FN:68,(anonymous_2)
FN:70,(anonymous_3)
FN:71,(anonymous_4)
FN:74,(anonymous_5)
FN:78,(anonymous_6)
FN:80,(anonymous_7)
FN:97,(anonymous_8)
FN:100,(anonymous_9)
FN:102,(anonymous_10)
FN:123,(anonymous_11)
FN:125,(anonymous_12)
FN:133,(anonymous_13)
FN:174,(anonymous_14)
FN:179,(anonymous_15)
FN:187,(anonymous_16)
FN:192,(anonymous_17)
FN:217,(anonymous_18)
FN:233,(anonymous_19)
FN:254,(anonymous_20)
FN:257,(anonymous_21)
FN:275,(anonymous_22)
FN:281,(anonymous_23)
FN:290,(anonymous_24)
FN:309,(anonymous_25)
FN:313,(anonymous_26)
FN:317,(anonymous_27)
FN:327,(anonymous_28)
FN:333,(anonymous_29)
FN:339,(anonymous_30)
FN:344,(anonymous_31)
FN:348,(anonymous_32)
FN:369,(anonymous_33)
FN:374,(anonymous_34)
FN:403,(anonymous_35)
FN:407,(anonymous_36)
FN:411,(anonymous_37)
FN:415,(anonymous_38)
FN:464,(anonymous_39)
FNF:39
FNH:0
FNDA:0,ProfilePage
FNDA:0,(anonymous_2)
FNDA:0,(anonymous_3)
FNDA:0,(anonymous_4)
FNDA:0,(anonymous_5)
FNDA:0,(anonymous_6)
FNDA:0,(anonymous_7)
FNDA:0,(anonymous_8)
FNDA:0,(anonymous_9)
FNDA:0,(anonymous_10)
FNDA:0,(anonymous_11)
FNDA:0,(anonymous_12)
FNDA:0,(anonymous_13)
FNDA:0,(anonymous_14)
FNDA:0,(anonymous_15)
FNDA:0,(anonymous_16)
FNDA:0,(anonymous_17)
FNDA:0,(anonymous_18)
FNDA:0,(anonymous_19)
FNDA:0,(anonymous_20)
FNDA:0,(anonymous_21)
FNDA:0,(anonymous_22)
FNDA:0,(anonymous_23)
FNDA:0,(anonymous_24)
FNDA:0,(anonymous_25)
FNDA:0,(anonymous_26)
FNDA:0,(anonymous_27)
FNDA:0,(anonymous_28)
FNDA:0,(anonymous_29)
FNDA:0,(anonymous_30)
FNDA:0,(anonymous_31)
FNDA:0,(anonymous_32)
FNDA:0,(anonymous_33)
FNDA:0,(anonymous_34)
FNDA:0,(anonymous_35)
FNDA:0,(anonymous_36)
FNDA:0,(anonymous_37)
FNDA:0,(anonymous_38)
FNDA:0,(anonymous_39)
DA:1,1
DA:2,1
DA:17,1
DA:22,1
DA:27,1
DA:29,2
DA:30,0
DA:31,0
DA:32,0
DA:34,0
DA:35,0
DA:36,0
DA:38,0
DA:39,0
DA:40,0
DA:41,0
DA:43,0
DA:63,0
DA:68,0
DA:69,0
DA:70,0
DA:71,0
DA:74,0
DA:75,0
DA:76,0
DA:77,0
DA:79,0
DA:80,0
DA:97,0
DA:98,0
DA:99,0
DA:101,0
DA:102,0
DA:123,0
DA:125,0
DA:126,0
DA:130,0
DA:131,0
DA:133,0
DA:134,0
DA:135,0
DA:136,0
DA:141,0
DA:142,0
DA:143,0
DA:145,0
DA:146,0
DA:147,0
DA:166,0
DA:168,0
DA:170,0
DA:174,0
DA:175,0
DA:176,0
DA:177,0
DA:178,0
DA:179,0
DA:180,0
DA:182,0
DA:187,0
DA:188,0
DA:192,0
DA:202,0
DA:203,0
DA:217,0
DA:233,0
DA:254,0
DA:257,0
DA:275,0
DA:281,0
DA:290,0
DA:309,0
DA:313,0
DA:317,0
DA:327,0
DA:333,0
DA:339,0
DA:344,0
DA:348,0
DA:369,0
DA:374,0
DA:403,0
DA:407,0
DA:411,0
DA:415,0
DA:464,0
LF:86
LH:6
BRDA:44,0,0,0
BRDA:44,0,1,0
BRDA:45,1,0,0
BRDA:45,1,1,0
BRDA:46,2,0,0
BRDA:46,2,1,0
BRDA:51,3,0,0
BRDA:51,3,1,0
BRDA:52,4,0,0
BRDA:52,4,1,0
BRDA:54,5,0,0
BRDA:54,5,1,0
BRDA:55,6,0,0
BRDA:55,6,1,0
BRDA:69,7,0,0
BRDA:76,8,0,0
BRDA:76,8,1,0
BRDA:79,9,0,0
BRDA:82,10,0,0
BRDA:82,10,1,0
BRDA:83,11,0,0
BRDA:83,11,1,0
BRDA:84,12,0,0
BRDA:84,12,1,0
BRDA:98,13,0,0
BRDA:101,14,0,0
BRDA:104,15,0,0
BRDA:104,15,1,0
BRDA:105,16,0,0
BRDA:105,16,1,0
BRDA:106,17,0,0
BRDA:106,17,1,0
BRDA:106,17,2,0
BRDA:107,18,0,0
BRDA:107,18,1,0
BRDA:107,18,2,0
BRDA:108,19,0,0
BRDA:108,19,1,0
BRDA:108,19,2,0
BRDA:109,20,0,0
BRDA:109,20,1,0
BRDA:110,21,0,0
BRDA:110,21,1,0
BRDA:111,22,0,0
BRDA:111,22,1,0
BRDA:112,23,0,0
BRDA:112,23,1,0
BRDA:113,24,0,0
BRDA:113,24,1,0
BRDA:114,25,0,0
BRDA:114,25,1,0
BRDA:114,25,2,0
BRDA:115,26,0,0
BRDA:115,26,1,0
BRDA:115,26,2,0
BRDA:116,27,0,0
BRDA:116,27,1,0
BRDA:116,27,2,0
BRDA:117,28,0,0
BRDA:117,28,1,0
BRDA:118,29,0,0
BRDA:118,29,1,0
BRDA:119,30,0,0
BRDA:119,30,1,0
BRDA:120,31,0,0
BRDA:120,31,1,0
BRDA:130,32,0,0
BRDA:130,32,1,0
BRDA:131,33,0,0
BRDA:131,33,1,0
BRDA:135,34,0,0
BRDA:135,34,1,0
BRDA:141,35,0,0
BRDA:141,36,0,0
BRDA:141,36,1,0
BRDA:146,37,0,0
BRDA:170,38,0,0
BRDA:170,38,1,0
BRDA:175,39,0,0
BRDA:175,40,0,0
BRDA:175,40,1,0
BRDA:188,41,0,0
BRDA:192,42,0,0
BRDA:192,42,1,0
BRDA:202,43,0,0
BRDA:202,43,1,0
BRDA:209,44,0,0
BRDA:209,44,1,0
BRDA:216,45,0,0
BRDA:229,46,0,0
BRDA:241,47,0,0
BRDA:241,47,1,0
BRDA:249,48,0,0
BRDA:249,48,1,0
BRDA:252,49,0,0
BRDA:267,50,0,0
BRDA:273,51,0,0
BRDA:284,52,0,0
BRDA:284,52,1,0
BRDA:289,53,0,0
BRDA:309,54,0,0
BRDA:309,54,1,0
BRDA:313,55,0,0
BRDA:313,55,1,0
BRDA:317,56,0,0
BRDA:317,56,1,0
BRDA:327,57,0,0
BRDA:327,57,1,0
BRDA:344,58,0,0
BRDA:344,58,1,0
BRDA:348,59,0,0
BRDA:348,59,1,0
BRDA:365,60,0,0
BRDA:365,60,1,0
BRDA:368,61,0,0
BRDA:368,61,1,0
BRDA:370,62,0,0
BRDA:370,62,1,0
BRDA:371,63,0,0
BRDA:371,63,1,0
BRDA:373,64,0,0
BRDA:375,65,0,0
BRDA:387,66,0,0
BRDA:387,66,1,0
BRDA:391,67,0,0
BRDA:426,68,0,0
BRDA:426,68,1,0
BRDA:430,69,0,0
BRDA:430,69,1,0
BRDA:434,70,0,0
BRDA:434,70,1,0
BRDA:434,70,2,0
BRDA:438,71,0,0
BRDA:438,71,1,0
BRDA:441,72,0,0
BRDA:441,72,1,0
BRDA:448,73,0,0
BRDA:448,73,1,0
BRDA:448,73,2,0
BRDA:462,74,0,0
BRF:140
BRH:0
end_of_record
TN:
SF:src\pages\search\SearchComptables.tsx
FN:4,SearchComptables
FNF:1
FNH:0
FNDA:0,SearchComptables
DA:1,1
DA:4,1
LF:2
LH:2
BRF:0
BRH:0
end_of_record
TN:
SF:src\pages\settings\SettingsPage.tsx
FN:20,SettingsPage
FN:28,(anonymous_2)
FN:29,load
FN:67,(anonymous_4)
FN:72,(anonymous_5)
FN:89,(anonymous_6)
FN:98,(anonymous_7)
FN:103,(anonymous_8)
FN:107,(anonymous_9)
FN:113,(anonymous_10)
FN:119,(anonymous_11)
FN:126,(anonymous_12)
FN:178,(anonymous_13)
FN:189,(anonymous_14)
FN:200,(anonymous_15)
FN:217,(anonymous_16)
FN:235,(anonymous_17)
FN:241,(anonymous_18)
FN:243,(anonymous_19)
FN:248,(anonymous_20)
FN:251,(anonymous_21)
FN:259,(anonymous_22)
FNF:22
FNH:0
FNDA:0,SettingsPage
FNDA:0,(anonymous_2)
FNDA:0,load
FNDA:0,(anonymous_4)
FNDA:0,(anonymous_5)
FNDA:0,(anonymous_6)
FNDA:0,(anonymous_7)
FNDA:0,(anonymous_8)
FNDA:0,(anonymous_9)
FNDA:0,(anonymous_10)
FNDA:0,(anonymous_11)
FNDA:0,(anonymous_12)
FNDA:0,(anonymous_13)
FNDA:0,(anonymous_14)
FNDA:0,(anonymous_15)
FNDA:0,(anonymous_16)
FNDA:0,(anonymous_17)
FNDA:0,(anonymous_18)
FNDA:0,(anonymous_19)
FNDA:0,(anonymous_20)
FNDA:0,(anonymous_21)
FNDA:0,(anonymous_22)
DA:1,1
DA:2,1
DA:3,1
DA:4,1
DA:5,1
DA:20,1
DA:21,0
DA:22,0
DA:23,0
DA:24,0
DA:25,0
DA:26,0
DA:28,0
DA:30,0
DA:31,0
DA:32,0
DA:37,0
DA:38,0
DA:39,0
DA:42,0
DA:43,0
DA:44,0
DA:45,0
DA:48,0
DA:59,0
DA:61,0
DA:64,0
DA:67,0
DA:68,0
DA:69,0
DA:72,0
DA:73,0
DA:74,0
DA:75,0
DA:76,0
DA:77,0
DA:89,0
DA:90,0
DA:92,0
DA:95,0
DA:97,0
DA:98,0
DA:103,0
DA:104,0
DA:107,0
DA:108,0
DA:109,0
DA:110,0
DA:113,0
DA:114,0
DA:115,0
DA:116,0
DA:119,0
DA:120,0
DA:121,0
DA:122,0
DA:123,0
DA:126,0
DA:127,0
DA:128,0
DA:129,0
DA:132,0
DA:178,0
DA:189,0
DA:200,0
DA:217,0
DA:236,0
DA:241,0
DA:243,0
DA:249,0
DA:251,0
DA:260,0
DA:261,0
DA:262,0
LF:74
LH:6
BRDA:30,0,0,0
BRDA:34,1,0,0
BRDA:34,1,1,0
BRDA:37,2,0,0
BRDA:42,3,0,0
BRDA:42,4,0,0
BRDA:42,4,1,0
BRDA:44,5,0,0
BRDA:44,5,1,0
BRDA:68,6,0,0
BRDA:73,7,0,0
BRDA:73,8,0,0
BRDA:73,8,1,0
BRDA:82,9,0,0
BRDA:82,9,1,0
BRDA:89,10,0,0
BRDA:89,10,1,0
BRDA:120,11,0,0
BRDA:132,12,0,0
BRDA:150,13,0,0
BRDA:155,14,0,0
BRDA:161,15,0,0
BRDA:161,15,1,0
BRDA:164,16,0,0
BRDA:225,17,0,0
BRDA:260,18,0,0
BRF:26
BRH:0
end_of_record
TN:
SF:src\pages\tasks\TasksPage.tsx
FN:37,getAvatarBg
FN:49,TasksPage
FN:88,(anonymous_6)
FN:115,(anonymous_7)
FN:125,(anonymous_8)
FN:131,(anonymous_9)
FN:136,(anonymous_10)
FN:146,(anonymous_11)
FN:159,(anonymous_12)
FN:191,(anonymous_13)
FN:199,(anonymous_14)
FN:208,(anonymous_15)
FN:213,(anonymous_16)
FN:218,(anonymous_17)
FN:221,(anonymous_18)
FN:221,(anonymous_19)
FN:226,(anonymous_20)
FN:228,(anonymous_21)
FN:228,(anonymous_22)
FN:239,(anonymous_23)
FN:247,(anonymous_24)
FN:250,(anonymous_25)
FN:253,(anonymous_26)
FN:262,(anonymous_27)
FN:265,(anonymous_28)
FN:265,(anonymous_29)
FN:283,(anonymous_30)
FN:290,(anonymous_31)
FN:300,(anonymous_32)
FN:303,(anonymous_33)
FN:306,(anonymous_34)
FN:312,(anonymous_35)
FN:313,(anonymous_36)
FN:326,(anonymous_37)
FN:332,(anonymous_38)
FN:372,(anonymous_39)
FN:399,(anonymous_40)
FN:400,(anonymous_41)
FN:419,(anonymous_42)
FN:428,(anonymous_43)
FN:455,(anonymous_44)
FN:478,(anonymous_45)
FN:479,(anonymous_46)
FN:496,(anonymous_47)
FN:497,(anonymous_48)
FN:500,(anonymous_49)
FN:508,(anonymous_50)
FN:512,(anonymous_51)
FN:516,(anonymous_52)
FN:543,(anonymous_53)
FN:549,(anonymous_54)
FN:556,(anonymous_55)
FN:557,(anonymous_56)
FN:571,(anonymous_57)
FN:572,(anonymous_58)
FN:591,(anonymous_59)
FN:601,(anonymous_60)
FN:609,(anonymous_61)
FN:620,(anonymous_62)
FN:621,(anonymous_63)
FN:629,(anonymous_64)
FN:630,(anonymous_65)
FN:661,(anonymous_66)
FN:693,(anonymous_67)
FN:732,(anonymous_68)
FN:744,(anonymous_69)
FN:744,(anonymous_70)
FN:757,(anonymous_71)
FN:758,(anonymous_72)
FN:759,(anonymous_73)
FN:765,(anonymous_74)
FN:785,(anonymous_75)
FN:785,(anonymous_76)
FN:797,(anonymous_77)
FN:812,(anonymous_78)
FN:813,(anonymous_79)
FN:819,(anonymous_80)
FN:826,(anonymous_81)
FN:831,(anonymous_82)
FN:838,(anonymous_83)
FN:850,(anonymous_84)
FN:861,(anonymous_85)
FN:863,(anonymous_86)
FN:874,(anonymous_87)
FN:876,(anonymous_88)
FN:887,(anonymous_89)
FN:893,(anonymous_90)
FN:909,(anonymous_91)
FN:911,(anonymous_92)
FN:920,(anonymous_93)
FN:926,(anonymous_94)
FN:930,(anonymous_95)
FN:940,(anonymous_96)
FN:941,(anonymous_97)
FN:951,(anonymous_98)
FN:955,(anonymous_99)
FN:959,(anonymous_100)
FNF:97
FNH:0
FNDA:0,getAvatarBg
FNDA:0,TasksPage
FNDA:0,(anonymous_6)
FNDA:0,(anonymous_7)
FNDA:0,(anonymous_8)
FNDA:0,(anonymous_9)
FNDA:0,(anonymous_10)
FNDA:0,(anonymous_11)
FNDA:0,(anonymous_12)
FNDA:0,(anonymous_13)
FNDA:0,(anonymous_14)
FNDA:0,(anonymous_15)
FNDA:0,(anonymous_16)
FNDA:0,(anonymous_17)
FNDA:0,(anonymous_18)
FNDA:0,(anonymous_19)
FNDA:0,(anonymous_20)
FNDA:0,(anonymous_21)
FNDA:0,(anonymous_22)
FNDA:0,(anonymous_23)
FNDA:0,(anonymous_24)
FNDA:0,(anonymous_25)
FNDA:0,(anonymous_26)
FNDA:0,(anonymous_27)
FNDA:0,(anonymous_28)
FNDA:0,(anonymous_29)
FNDA:0,(anonymous_30)
FNDA:0,(anonymous_31)
FNDA:0,(anonymous_32)
FNDA:0,(anonymous_33)
FNDA:0,(anonymous_34)
FNDA:0,(anonymous_35)
FNDA:0,(anonymous_36)
FNDA:0,(anonymous_37)
FNDA:0,(anonymous_38)
FNDA:0,(anonymous_39)
FNDA:0,(anonymous_40)
FNDA:0,(anonymous_41)
FNDA:0,(anonymous_42)
FNDA:0,(anonymous_43)
FNDA:0,(anonymous_44)
FNDA:0,(anonymous_45)
FNDA:0,(anonymous_46)
FNDA:0,(anonymous_47)
FNDA:0,(anonymous_48)
FNDA:0,(anonymous_49)
FNDA:0,(anonymous_50)
FNDA:0,(anonymous_51)
FNDA:0,(anonymous_52)
FNDA:0,(anonymous_53)
FNDA:0,(anonymous_54)
FNDA:0,(anonymous_55)
FNDA:0,(anonymous_56)
FNDA:0,(anonymous_57)
FNDA:0,(anonymous_58)
FNDA:0,(anonymous_59)
FNDA:0,(anonymous_60)
FNDA:0,(anonymous_61)
FNDA:0,(anonymous_62)
FNDA:0,(anonymous_63)
FNDA:0,(anonymous_64)
FNDA:0,(anonymous_65)
FNDA:0,(anonymous_66)
FNDA:0,(anonymous_67)
FNDA:0,(anonymous_68)
FNDA:0,(anonymous_69)
FNDA:0,(anonymous_70)
FNDA:0,(anonymous_71)
FNDA:0,(anonymous_72)
FNDA:0,(anonymous_73)
FNDA:0,(anonymous_74)
FNDA:0,(anonymous_75)
FNDA:0,(anonymous_76)
FNDA:0,(anonymous_77)
FNDA:0,(anonymous_78)
FNDA:0,(anonymous_79)
FNDA:0,(anonymous_80)
FNDA:0,(anonymous_81)
FNDA:0,(anonymous_82)
FNDA:0,(anonymous_83)
FNDA:0,(anonymous_84)
FNDA:0,(anonymous_85)
FNDA:0,(anonymous_86)
FNDA:0,(anonymous_87)
FNDA:0,(anonymous_88)
FNDA:0,(anonymous_89)
FNDA:0,(anonymous_90)
FNDA:0,(anonymous_91)
FNDA:0,(anonymous_92)
FNDA:0,(anonymous_93)
FNDA:0,(anonymous_94)
FNDA:0,(anonymous_95)
FNDA:0,(anonymous_96)
FNDA:0,(anonymous_97)
FNDA:0,(anonymous_98)
FNDA:0,(anonymous_99)
FNDA:0,(anonymous_100)
DA:1,1
DA:24,1
DA:25,1
DA:26,1
DA:27,1
DA:28,1
DA:29,1
DA:30,1
DA:31,1
DA:32,1
DA:33,1
DA:36,1
DA:38,0
DA:39,0
DA:40,0
DA:49,1
DA:50,0
DA:51,0
DA:52,0
DA:53,0
DA:56,0
DA:57,0
DA:59,0
DA:60,0
DA:61,0
DA:62,0
DA:64,0
DA:67,0
DA:68,0
DA:69,0
DA:70,0
DA:71,0
DA:73,0
DA:80,0
DA:81,0
DA:82,0
DA:83,0
DA:84,0
DA:85,0
DA:86,0
DA:88,0
DA:89,0
DA:90,0
DA:91,0
DA:92,0
DA:95,0
DA:96,0
DA:97,0
DA:98,0
DA:99,0
DA:100,0
DA:101,0
DA:102,0
DA:103,0
DA:104,0
DA:105,0
DA:108,0
DA:109,0
DA:110,0
DA:111,0
DA:115,0
DA:116,0
DA:117,0
DA:121,0
DA:122,0
DA:125,0
DA:126,0
DA:127,0
DA:128,0
DA:131,0
DA:132,0
DA:133,0
DA:136,0
DA:137,0
DA:138,0
DA:139,0
DA:141,0
DA:142,0
DA:146,0
DA:147,0
DA:148,0
DA:149,0
DA:151,0
DA:152,0
DA:154,0
DA:159,0
DA:160,0
DA:161,0
DA:163,0
DA:177,0
DA:178,0
DA:179,0
DA:184,0
DA:185,0
DA:187,0
DA:191,0
DA:192,0
DA:193,0
DA:199,0
DA:200,0
DA:202,0
DA:203,0
DA:204,0
DA:208,0
DA:209,0
DA:210,0
DA:211,0
DA:212,0
DA:213,0
DA:214,0
DA:218,0
DA:219,0
DA:220,0
DA:221,0
DA:222,0
DA:226,0
DA:228,0
DA:229,0
DA:230,0
DA:233,0
DA:234,0
DA:235,0
DA:236,0
DA:237,0
DA:239,0
DA:240,0
DA:247,0
DA:248,0
DA:250,0
DA:251,0
DA:253,0
DA:254,0
DA:255,0
DA:256,0
DA:257,0
DA:259,0
DA:262,0
DA:264,0
DA:265,0
DA:269,0
DA:281,0
DA:282,0
DA:283,0
DA:290,0
DA:300,0
DA:303,0
DA:306,0
DA:312,0
DA:313,0
DA:326,0
DA:332,0
DA:373,0
DA:400,0
DA:420,0
DA:428,0
DA:456,0
DA:478,0
DA:479,0
DA:496,0
DA:497,0
DA:500,0
DA:508,0
DA:512,0
DA:517,0
DA:518,0
DA:519,0
DA:543,0
DA:549,0
DA:556,0
DA:557,0
DA:572,0
DA:573,0
DA:574,0
DA:575,0
DA:576,0
DA:577,0
DA:578,0
DA:579,0
DA:581,0
DA:591,0
DA:601,0
DA:610,0
DA:611,0
DA:612,0
DA:613,0
DA:614,0
DA:616,0
DA:620,0
DA:621,0
DA:629,0
DA:630,0
DA:662,0
DA:693,0
DA:732,0
DA:744,0
DA:757,0
DA:758,0
DA:760,0
DA:761,0
DA:765,0
DA:785,0
DA:797,0
DA:812,0
DA:813,0
DA:819,0
DA:826,0
DA:831,0
DA:838,0
DA:850,0
DA:861,0
DA:864,0
DA:874,0
DA:877,0
DA:888,0
DA:894,0
DA:909,0
DA:912,0
DA:920,0
DA:926,0
DA:930,0
DA:940,0
DA:941,0
DA:951,0
DA:955,0
DA:960,0
DA:961,0
DA:962,0
LF:227
LH:13
BRDA:38,0,0,0
BRDA:49,1,0,0
BRDA:51,2,0,0
BRDA:51,2,1,0
BRDA:88,3,0,0
BRDA:89,4,0,0
BRDA:89,5,0,0
BRDA:89,5,1,0
BRDA:98,6,0,0
BRDA:98,6,1,0
BRDA:99,7,0,0
BRDA:99,7,1,0
BRDA:100,8,0,0
BRDA:100,8,1,0
BRDA:103,9,0,0
BRDA:103,9,1,0
BRDA:104,10,0,0
BRDA:104,11,0,0
BRDA:104,11,1,0
BRDA:105,12,0,0
BRDA:105,12,1,0
BRDA:111,13,0,0
BRDA:111,13,1,0
BRDA:116,14,0,0
BRDA:116,15,0,0
BRDA:116,15,1,0
BRDA:126,16,0,0
BRDA:126,17,0,0
BRDA:126,17,1,0
BRDA:132,18,0,0
BRDA:132,19,0,0
BRDA:132,19,1,0
BRDA:137,20,0,0
BRDA:137,20,1,0
BRDA:147,21,0,0
BRDA:148,22,0,0
BRDA:148,22,1,0
BRDA:149,23,0,0
BRDA:149,23,1,0
BRDA:151,24,0,0
BRDA:151,24,1,0
BRDA:161,25,0,0
BRDA:168,26,0,0
BRDA:168,26,1,0
BRDA:169,27,0,0
BRDA:169,27,1,0
BRDA:170,28,0,0
BRDA:170,28,1,0
BRDA:171,29,0,0
BRDA:171,29,1,0
BRDA:172,30,0,0
BRDA:172,30,1,0
BRDA:177,31,0,0
BRDA:177,31,1,0
BRDA:192,32,0,0
BRDA:192,33,0,0
BRDA:192,33,1,0
BRDA:202,34,0,0
BRDA:202,35,0,0
BRDA:202,35,1,0
BRDA:209,36,0,0
BRDA:209,37,0,0
BRDA:209,37,1,0
BRDA:212,38,0,0
BRDA:212,39,0,0
BRDA:212,39,1,0
BRDA:220,40,0,0
BRDA:228,41,0,0
BRDA:228,41,1,0
BRDA:229,42,0,0
BRDA:229,43,0,0
BRDA:229,43,1,0
BRDA:233,44,0,0
BRDA:233,45,0,0
BRDA:233,45,1,0
BRDA:235,46,0,0
BRDA:237,47,0,0
BRDA:240,48,0,0
BRDA:255,49,0,0
BRDA:255,50,0,0
BRDA:255,50,1,0
BRDA:259,51,0,0
BRDA:262,52,0,0
BRDA:262,52,1,0
BRDA:264,53,0,0
BRDA:269,54,0,0
BRDA:269,54,1,0
BRDA:281,55,0,0
BRDA:292,56,0,0
BRDA:292,56,1,0
BRDA:299,57,0,0
BRDA:299,57,1,0
BRDA:302,58,0,0
BRDA:302,58,1,0
BRDA:305,59,0,0
BRDA:305,59,1,0
BRDA:310,60,0,0
BRDA:310,60,1,0
BRDA:327,61,0,0
BRDA:327,61,1,0
BRDA:327,62,0,0
BRDA:327,62,1,0
BRDA:327,63,0,0
BRDA:327,63,1,0
BRDA:333,64,0,0
BRDA:333,64,1,0
BRDA:333,65,0,0
BRDA:333,65,1,0
BRDA:333,66,0,0
BRDA:333,66,1,0
BRDA:339,67,0,0
BRDA:352,68,0,0
BRDA:352,68,1,0
BRDA:359,69,0,0
BRDA:359,69,1,0
BRDA:363,70,0,0
BRDA:363,70,1,0
BRDA:367,71,0,0
BRDA:367,71,1,0
BRDA:380,72,0,0
BRDA:383,73,0,0
BRDA:393,74,0,0
BRDA:399,75,0,0
BRDA:459,76,0,0
BRDA:459,76,1,0
BRDA:479,77,0,0
BRDA:479,77,1,0
BRDA:495,78,0,0
BRDA:495,78,1,0
BRDA:536,79,0,0
BRDA:548,80,0,0
BRDA:556,81,0,0
BRDA:556,81,1,0
BRDA:556,82,0,0
BRDA:556,82,1,0
BRDA:557,83,0,0
BRDA:557,83,1,0
BRDA:557,84,0,0
BRDA:557,84,1,0
BRDA:562,85,0,0
BRDA:570,86,0,0
BRDA:570,86,1,0
BRDA:573,87,0,0
BRDA:573,87,1,0
BRDA:578,88,0,0
BRDA:578,88,1,0
BRDA:578,89,0,0
BRDA:578,89,1,0
BRDA:578,90,0,0
BRDA:578,90,1,0
BRDA:578,91,0,0
BRDA:578,91,1,0
BRDA:578,92,0,0
BRDA:578,92,1,0
BRDA:579,93,0,0
BRDA:579,93,1,0
BRDA:579,94,0,0
BRDA:579,94,1,0
BRDA:579,95,0,0
BRDA:579,95,1,0
BRDA:579,96,0,0
BRDA:579,96,1,0
BRDA:579,97,0,0
BRDA:579,97,1,0
BRDA:600,98,0,0
BRDA:611,99,0,0
BRDA:611,99,1,0
BRDA:611,99,2,0
BRDA:612,100,0,0
BRDA:612,100,1,0
BRDA:613,101,0,0
BRDA:613,101,1,0
BRDA:613,102,0,0
BRDA:613,102,1,0
BRDA:614,103,0,0
BRDA:614,103,1,0
BRDA:614,104,0,0
BRDA:614,104,1,0
BRDA:640,105,0,0
BRDA:640,105,1,0
BRDA:646,106,0,0
BRDA:657,107,0,0
BRDA:657,107,1,0
BRDA:658,108,0,0
BRDA:658,108,1,0
BRDA:662,109,0,0
BRDA:662,109,1,0
BRDA:666,110,0,0
BRDA:666,110,1,0
BRDA:676,111,0,0
BRDA:691,112,0,0
BRDA:691,112,1,0
BRDA:736,113,0,0
BRDA:736,113,1,0
BRDA:737,114,0,0
BRDA:737,114,1,0
BRDA:748,115,0,0
BRDA:748,115,1,0
BRDA:749,116,0,0
BRDA:749,116,1,0
BRDA:758,117,0,0
BRDA:758,117,1,0
BRDA:758,117,2,0
BRDA:758,117,3,0
BRDA:760,118,0,0
BRDA:760,118,1,0
BRDA:763,119,0,0
BRDA:768,120,0,0
BRDA:768,120,1,0
BRDA:769,121,0,0
BRDA:769,121,1,0
BRDA:770,122,0,0
BRDA:770,122,1,0
BRDA:789,123,0,0
BRDA:789,123,1,0
BRDA:790,124,0,0
BRDA:790,124,1,0
BRDA:801,125,0,0
BRDA:801,125,1,0
BRDA:802,126,0,0
BRDA:802,126,1,0
BRDA:811,127,0,0
BRDA:864,128,0,0
BRDA:864,128,1,0
BRDA:888,129,0,0
BRDA:888,129,1,0
BRDA:888,130,0,0
BRDA:888,130,1,0
BRDA:897,131,0,0
BRDA:897,131,1,0
BRDA:897,132,0,0
BRDA:897,132,1,0
BRDA:902,133,0,0
BRDA:912,134,0,0
BRDA:912,134,1,0
BRDA:939,135,0,0
BRDA:939,135,1,0
BRF:237
BRH:0
end_of_record
TN:
SF:src\store\authStore.ts
FN:41,(anonymous_1)
FN:47,(anonymous_2)
FN:61,(anonymous_3)
FN:68,(anonymous_4)
FN:82,(anonymous_5)
FN:96,(anonymous_6)
FNF:6
FNH:1
FNDA:1,(anonymous_1)
FNDA:0,(anonymous_2)
FNDA:0,(anonymous_3)
FNDA:0,(anonymous_4)
FNDA:0,(anonymous_5)
FNDA:0,(anonymous_6)
DA:5,1
DA:6,1
DA:7,1
DA:39,4
DA:41,1
DA:48,0
DA:62,0
DA:69,0
DA:83,0
DA:84,0
DA:85,0
DA:91,0
DA:96,0
LF:13
LH:5
BRDA:57,0,0,0
BRDA:57,0,1,0
BRDA:84,1,0,0
BRDA:84,2,0,0
BRDA:84,2,1,0
BRDA:84,2,2,0
BRF:6
BRH:0
end_of_record
TN:
SF:src\store\notificationStore.ts
FN:30,(anonymous_1)
FN:35,(anonymous_2)
FN:50,(anonymous_3)
FN:54,(anonymous_4)
FN:55,(anonymous_5)
FN:61,(anonymous_6)
FN:68,(anonymous_7)
FN:76,(anonymous_8)
FN:83,(anonymous_9)
FN:91,(anonymous_10)
FN:94,(anonymous_11)
FN:95,(anonymous_12)
FN:103,(anonymous_13)
FN:106,(anonymous_14)
FN:107,(anonymous_15)
FNF:15
FNH:1
FNDA:1,(anonymous_1)
FNDA:0,(anonymous_2)
FNDA:0,(anonymous_3)
FNDA:0,(anonymous_4)
FNDA:0,(anonymous_5)
FNDA:0,(anonymous_6)
FNDA:0,(anonymous_7)
FNDA:0,(anonymous_8)
FNDA:0,(anonymous_9)
FNDA:0,(anonymous_10)
FNDA:0,(anonymous_11)
FNDA:0,(anonymous_12)
FNDA:0,(anonymous_13)
FNDA:0,(anonymous_14)
FNDA:0,(anonymous_15)
DA:1,1
DA:2,1
DA:3,1
DA:4,1
DA:30,1
DA:37,0
DA:40,0
DA:42,0
DA:50,0
DA:51,0
DA:54,0
DA:55,0
DA:61,0
DA:62,0
DA:65,0
DA:69,0
DA:70,0
DA:71,0
DA:72,0
DA:77,0
DA:78,0
DA:79,0
DA:80,0
DA:81,0
DA:83,0
DA:87,0
DA:92,0
DA:93,0
DA:94,0
DA:95,0
DA:99,0
DA:104,0
DA:105,0
DA:106,0
DA:107,0
DA:111,0
LF:36
LH:5
BRDA:37,0,0,0
BRDA:40,1,0,0
BRDA:40,1,1,0
BRDA:42,2,0,0
BRDA:42,2,1,0
BRDA:70,3,0,0
BRDA:79,4,0,0
BRDA:95,5,0,0
BRDA:95,5,1,0
BRF:9
BRH:0
end_of_record
TN:
SF:src\store\themeStore.ts
FN:14,(anonymous_1)
FN:17,(anonymous_2)
FN:17,(anonymous_3)
FN:18,(anonymous_4)
FN:18,(anonymous_5)
FN:19,(anonymous_6)
FNF:6
FNH:1
FNDA:1,(anonymous_1)
FNDA:0,(anonymous_2)
FNDA:0,(anonymous_3)
FNDA:0,(anonymous_4)
FNDA:0,(anonymous_5)
FNDA:0,(anonymous_6)
DA:1,1
DA:2,1
DA:12,1
DA:14,1
DA:17,0
DA:18,0
DA:19,0
LF:7
LH:4
BRF:0
BRH:0
end_of_record
TN:
SF:src\types\auth.types.ts
FN:54,getPasswordChecks
FNF:1
FNH:0
FNDA:0,getPasswordChecks
DA:54,0
DA:55,0
LF:2
LH:0
BRF:0
BRH:0
end_of_record
