{"numFailedTestSuites":1,"numFailedTests":0,"numPassedTestSuites":10,"numPassedTests":37,"numPendingTestSuites":0,"numPendingTests":0,"numRuntimeErrorTestSuites":1,"numTodoTests":0,"numTotalTestSuites":11,"numTotalTests":37,"openHandles":[],"snapshot":{"added":0,"didUpdate":false,"failure":false,"filesAdded":0,"filesRemoved":0,"filesRemovedList":[],"filesUnmatched":0,"filesUpdated":0,"matched":0,"total":0,"unchecked":0,"uncheckedKeysByFile":[],"unmatched":0,"updated":0},"startTime":1782345830024,"success":false,"testResults":[{"assertionResults":[{"ancestorTitles":["Documents / Messaging / Archives Pages"],"duration":559,"failureDetails":[],"failureMessages":[],"fullName":"Documents / Messaging / Archives Pages DocumentsPage renders without crashing","invocations":1,"location":null,"numPassingAsserts":1,"retryReasons":[],"status":"passed","title":"DocumentsPage renders without crashing"},{"ancestorTitles":["Documents / Messaging / Archives Pages"],"duration":37,"failureDetails":[],"failureMessages":[],"fullName":"Documents / Messaging / Archives Pages MessagingPage renders without crashing","invocations":1,"location":null,"numPassingAsserts":1,"retryReasons":[],"status":"passed","title":"MessagingPage renders without crashing"},{"ancestorTitles":["Documents / Messaging / Archives Pages"],"duration":118,"failureDetails":[],"failureMessages":[],"fullName":"Documents / Messaging / Archives Pages ArchivesPage renders without crashing","invocations":1,"location":null,"numPassingAsserts":1,"retryReasons":[],"status":"passed","title":"ArchivesPage renders without crashing"}],"endTime":1782345843180,"message":"","name":"C:\\comptabli\\frontend\\src\\pages\\documents\\documents.pages.test.tsx","startTime":1782345836956,"status":"passed","summary":""},{"assertionResults":[{"ancestorTitles":["Profile & Misc Pages"],"duration":687,"failureDetails":[],"failureMessages":[],"fullName":"Profile & Misc Pages ProfilePage renders without crashing","invocations":1,"location":null,"numPassingAsserts":1,"retryReasons":[],"status":"passed","title":"ProfilePage renders without crashing"},{"ancestorTitles":["Profile & Misc Pages"],"duration":142,"failureDetails":[],"failureMessages":[],"fullName":"Profile & Misc Pages SettingsPage renders without crashing","invocations":1,"location":null,"numPassingAsserts":1,"retryReasons":[],"status":"passed","title":"SettingsPage renders without crashing"},{"ancestorTitles":["Profile & Misc Pages"],"duration":21,"failureDetails":[],"failureMessages":[],"fullName":"Profile & Misc Pages NotificationsPage renders without crashing","invocations":1,"location":null,"numPassingAsserts":1,"retryReasons":[],"status":"passed","title":"NotificationsPage renders without crashing"},{"ancestorTitles":["Profile & Misc Pages"],"duration":129,"failureDetails":[],"failureMessages":[],"fullName":"Profile & Misc Pages NetworkingPage renders without crashing","invocations":1,"location":null,"numPassingAsserts":1,"retryReasons":[],"status":"passed","title":"NetworkingPage renders without crashing"},{"ancestorTitles":["Profile & Misc Pages"],"duration":18,"failureDetails":[],"failureMessages":[],"fullName":"Profile & Misc Pages NetworkingProfilePage renders without crashing","invocations":1,"location":null,"numPassingAsserts":1,"retryReasons":[],"status":"passed","title":"NetworkingProfilePage renders without crashing"},{"ancestorTitles":["Profile & Misc Pages"],"duration":10,"failureDetails":[],"failureMessages":[],"fullName":"Profile & Misc Pages SearchComptables renders without crashing","invocations":1,"location":null,"numPassingAsserts":1,"retryReasons":[],"status":"passed","title":"SearchComptables renders without crashing"},{"ancestorTitles":["Profile & Misc Pages"],"duration":133,"failureDetails":[],"failureMessages":[],"fullName":"Profile & Misc Pages MonEspaceClient renders without crashing","invocations":1,"location":null,"numPassingAsserts":1,"retryReasons":[],"status":"passed","title":"MonEspaceClient renders without crashing"}],"endTime":1782345844114,"message":"","name":"C:\\comptabli\\frontend\\src\\pages\\profile\\profile.pages.test.tsx","startTime":1782345837300,"status":"passed","summary":""},{"assertionResults":[],"coverage":{},"endTime":1782345857617,"message":"  \u001b[1m● \u001b[22mTest suite failed to run\n\n    A jest worker process (pid=22520) was terminated by another process: signal=SIGTERM, exitCode=null. Operating system logs may contain more information on why this occurred.\n\n      \u001b[2mat ChildProcessWorker._onExit (\u001b[22m../node_modules/jest-worker/build/workers/ChildProcessWorker.js\u001b[2m:370:23)\u001b[22m\n","name":"C:\\comptabli\\frontend\\src\\pages\\demandes\\requests.pages.test.tsx","startTime":1782345857617,"status":"failed","summary":""},{"assertionResults":[{"ancestorTitles":["Clients & Collaborators Pages"],"duration":256,"failureDetails":[],"failureMessages":[],"fullName":"Clients & Collaborators Pages ClientsPage renders without crashing","invocations":1,"location":null,"numPassingAsserts":1,"retryReasons":[],"status":"passed","title":"ClientsPage renders without crashing"},{"ancestorTitles":["Clients & Collaborators Pages"],"duration":85,"failureDetails":[],"failureMessages":[],"fullName":"Clients & Collaborators Pages CollaboratorsPage renders without crashing","invocations":1,"location":null,"numPassingAsserts":1,"retryReasons":[],"status":"passed","title":"CollaboratorsPage renders without crashing"},{"ancestorTitles":["Clients & Collaborators Pages"],"duration":12,"failureDetails":[],"failureMessages":[],"fullName":"Clients & Collaborators Pages CollaboratorDetailsPage renders without crashing","invocations":1,"location":null,"numPassingAsserts":1,"retryReasons":[],"status":"passed","title":"CollaboratorDetailsPage renders without crashing"}],"endTime":1782345844895,"message":"","name":"C:\\comptabli\\frontend\\src\\pages\\clients\\clients.pages.test.tsx","startTime":1782345837802,"status":"passed","summary":""},{"assertionResults":[{"ancestorTitles":["Admin Pages"],"duration":4276,"failureDetails":[],"failureMessages":[],"fullName":"Admin Pages AdminDashboardPage renders without crashing","invocations":1,"location":null,"numPassingAsserts":1,"retryReasons":[],"status":"passed","title":"AdminDashboardPage renders without crashing"},{"ancestorTitles":["Admin Pages"],"duration":109,"failureDetails":[],"failureMessages":[],"fullName":"Admin Pages AdminUsersPage renders without crashing","invocations":1,"location":null,"numPassingAsserts":1,"retryReasons":[],"status":"passed","title":"AdminUsersPage renders without crashing"},{"ancestorTitles":["Admin Pages"],"duration":48,"failureDetails":[],"failureMessages":[],"fullName":"Admin Pages AdminAccountantsPage renders without crashing","invocations":1,"location":null,"numPassingAsserts":1,"retryReasons":[],"status":"passed","title":"AdminAccountantsPage renders without crashing"},{"ancestorTitles":["Admin Pages"],"duration":26,"failureDetails":[],"failureMessages":[],"fullName":"Admin Pages AdminReviewsPage renders without crashing","invocations":1,"location":null,"numPassingAsserts":1,"retryReasons":[],"status":"passed","title":"AdminReviewsPage renders without crashing"},{"ancestorTitles":["Admin Pages"],"duration":69,"failureDetails":[],"failureMessages":[],"fullName":"Admin Pages AdminAuditLogsPage renders without crashing","invocations":1,"location":null,"numPassingAsserts":1,"retryReasons":[],"status":"passed","title":"AdminAuditLogsPage renders without crashing"},{"ancestorTitles":["Admin Pages"],"duration":26,"failureDetails":[],"failureMessages":[],"fullName":"Admin Pages AdminAnalyticsPage renders without crashing","invocations":1,"location":null,"numPassingAsserts":1,"retryReasons":[],"status":"passed","title":"AdminAnalyticsPage renders without crashing"},{"ancestorTitles":["Admin Pages"],"duration":16,"failureDetails":[],"failureMessages":[],"fullName":"Admin Pages AdminStoragePage renders without crashing","invocations":1,"location":null,"numPassingAsserts":1,"retryReasons":[],"status":"passed","title":"AdminStoragePage renders without crashing"},{"ancestorTitles":["Admin Pages"],"duration":47,"failureDetails":[],"failureMessages":[],"fullName":"Admin Pages AdminProfilePage renders without crashing","invocations":1,"location":null,"numPassingAsserts":1,"retryReasons":[],"status":"passed","title":"AdminProfilePage renders without crashing"}],"endTime":1782345846656,"message":"","name":"C:\\comptabli\\frontend\\src\\pages\\admin\\admin.pages.test.tsx","startTime":1782345836988,"status":"passed","summary":""},{"assertionResults":[{"ancestorTitles":["Login Component"],"duration":566,"failureDetails":[],"failureMessages":[],"fullName":"Login Component renders the login form correctly","invocations":1,"location":null,"numPassingAsserts":4,"retryReasons":[],"status":"passed","title":"renders the login form correctly"},{"ancestorTitles":["Login Component"],"duration":857,"failureDetails":[],"failureMessages":[],"fullName":"Login Component shows error message on invalid credentials","invocations":1,"location":null,"numPassingAsserts":3,"retryReasons":[],"status":"passed","title":"shows error message on invalid credentials"},{"ancestorTitles":["Login Component"],"duration":747,"failureDetails":[],"failureMessages":[],"fullName":"Login Component calls API, updates store and navigates on successful login","invocations":1,"location":null,"numPassingAsserts":3,"retryReasons":[],"status":"passed","title":"calls API, updates store and navigates on successful login"}],"endTime":1782345848054,"message":"","name":"C:\\comptabli\\frontend\\src\\pages\\auth\\Login.test.tsx","startTime":1782345834713,"status":"passed","summary":""},{"assertionResults":[{"ancestorTitles":["Auth Pages"],"duration":327,"failureDetails":[],"failureMessages":[],"fullName":"Auth Pages ForgotPassword renders and shows title","invocations":1,"location":null,"numPassingAsserts":1,"retryReasons":[],"status":"passed","title":"ForgotPassword renders and shows title"},{"ancestorTitles":["Auth Pages"],"duration":90,"failureDetails":[],"failureMessages":[],"fullName":"Auth Pages ResetPassword renders without crashing","invocations":1,"location":null,"numPassingAsserts":1,"retryReasons":[],"status":"passed","title":"ResetPassword renders without crashing"},{"ancestorTitles":["Auth Pages"],"duration":153,"failureDetails":[],"failureMessages":[],"fullName":"Auth Pages Signup renders without crashing","invocations":1,"location":null,"numPassingAsserts":1,"retryReasons":[],"status":"passed","title":"Signup renders without crashing"},{"ancestorTitles":["Auth Pages"],"duration":73,"failureDetails":[],"failureMessages":[],"fullName":"Auth Pages VerifyEmailPrompt renders without crashing","invocations":1,"location":null,"numPassingAsserts":1,"retryReasons":[],"status":"passed","title":"VerifyEmailPrompt renders without crashing"},{"ancestorTitles":["Auth Pages"],"duration":77,"failureDetails":[],"failureMessages":[],"fullName":"Auth Pages VerifyEmail renders without crashing","invocations":1,"location":null,"numPassingAsserts":1,"retryReasons":[],"status":"passed","title":"VerifyEmail renders without crashing"}],"endTime":1782345849972,"message":"","name":"C:\\comptabli\\frontend\\src\\pages\\auth\\auth.pages.test.tsx","startTime":1782345837477,"status":"passed","summary":""},{"assertionResults":[{"ancestorTitles":["Meetings Pages"],"duration":213,"failureDetails":[],"failureMessages":[],"fullName":"Meetings Pages DisponibilitesPage renders without crashing","invocations":1,"location":null,"numPassingAsserts":1,"retryReasons":[],"status":"passed","title":"DisponibilitesPage renders without crashing"},{"ancestorTitles":["Meetings Pages"],"duration":164,"failureDetails":[],"failureMessages":[],"fullName":"Meetings Pages MesRendezVousPage renders without crashing","invocations":1,"location":null,"numPassingAsserts":1,"retryReasons":[],"status":"passed","title":"MesRendezVousPage renders without crashing"}],"endTime":1782345850707,"message":"","name":"C:\\comptabli\\frontend\\src\\pages\\meetings\\meetings.pages.test.tsx","startTime":1782345844173,"status":"passed","summary":""},{"assertionResults":[{"ancestorTitles":["Workspace Pages"],"duration":660,"failureDetails":[],"failureMessages":[],"fullName":"Workspace Pages TasksPage renders without crashing","invocations":1,"location":null,"numPassingAsserts":1,"retryReasons":[],"status":"passed","title":"TasksPage renders without crashing"}],"endTime":1782345854854,"message":"","name":"C:\\comptabli\\frontend\\src\\pages\\tasks\\workspace.pages.test.tsx","startTime":1782345851316,"status":"passed","summary":""},{"assertionResults":[{"ancestorTitles":["App"],"duration":81,"failureDetails":[],"failureMessages":[],"fullName":"App renders without crashing","invocations":1,"location":null,"numPassingAsserts":1,"retryReasons":[],"status":"passed","title":"renders without crashing"}],"endTime":1782345856101,"message":"","name":"C:\\comptabli\\frontend\\src\\App.test.tsx","startTime":1782345843644,"status":"passed","summary":""},{"assertionResults":[{"ancestorTitles":["Dashboard"],"duration":291,"failureDetails":[],"failureMessages":[],"fullName":"Dashboard renders COMPTABLE dashboard","invocations":1,"location":null,"numPassingAsserts":1,"retryReasons":[],"status":"passed","title":"renders COMPTABLE dashboard"},{"ancestorTitles":["Dashboard"],"duration":104,"failureDetails":[],"failureMessages":[],"fullName":"Dashboard renders CLIENT dashboard","invocations":1,"location":null,"numPassingAsserts":1,"retryReasons":[],"status":"passed","title":"renders CLIENT dashboard"},{"ancestorTitles":["Dashboard"],"duration":54,"failureDetails":[],"failureMessages":[],"fullName":"Dashboard renders COLLABORATEUR dashboard","invocations":1,"location":null,"numPassingAsserts":1,"retryReasons":[],"status":"passed","title":"renders COLLABORATEUR dashboard"},{"ancestorTitles":["Dashboard"],"duration":10,"failureDetails":[],"failureMessages":[],"fullName":"Dashboard redirects ADMIN without crash","invocations":1,"location":null,"numPassingAsserts":1,"retryReasons":[],"status":"passed","title":"redirects ADMIN without crash"}],"endTime":1782345857492,"message":"","name":"C:\\comptabli\\frontend\\src\\pages\\dashboard\\Dashboard.test.tsx","startTime":1782345852535,"status":"passed","summary":""}],"wasInterrupted":false}
