{"C:\\comptabli\\backend\\src\\app.controller.ts": {"path":"C:\\comptabli\\backend\\src\\app.controller.ts","statementMap":{"0":{"start":{"line":1,"column":0},"end":{"line":1,"column":49}},"1":{"start":{"line":2,"column":0},"end":{"line":2,"column":43}},"2":{"start":{"line":3,"column":0},"end":{"line":3,"column":56}},"3":{"start":{"line":4,"column":0},"end":{"line":4,"column":33}},"4":{"start":{"line":7,"column":7},"end":{"line":249,"column":null}},"5":{"start":{"line":9,"column":21},"end":{"line":9,"column":33}},"6":{"start":{"line":10,"column":21},"end":{"line":10,"column":29}},"7":{"start":{"line":15,"column":17},"end":{"line":15,"column":53}},"8":{"start":{"line":18,"column":22},"end":{"line":32,"column":6}},"9":{"start":{"line":35,"column":4},"end":{"line":48,"column":7}},"10":{"start":{"line":51,"column":19},"end":{"line":63,"column":6}},"11":{"start":{"line":66,"column":26},"end":{"line":79,"column":6}},"12":{"start":{"line":82,"column":19},"end":{"line":86,"column":6}},"13":{"start":{"line":88,"column":4},"end":{"line":102,"column":5}},"14":{"start":{"line":89,"column":6},"end":{"line":101,"column":9}},"15":{"start":{"line":105,"column":27},"end":{"line":109,"column":6}},"16":{"start":{"line":111,"column":4},"end":{"line":120,"column":5}},"17":{"start":{"line":112,"column":6},"end":{"line":119,"column":9}},"18":{"start":{"line":122,"column":4},"end":{"line":122,"column":141}},"19":{"start":{"line":125,"column":4},"end":{"line":132,"column":7}},"20":{"start":{"line":135,"column":4},"end":{"line":146,"column":7}},"21":{"start":{"line":148,"column":4},"end":{"line":155,"column":6}},"22":{"start":{"line":160,"column":18},"end":{"line":160,"column":44}},"23":{"start":{"line":161,"column":17},"end":{"line":161,"column":53}},"24":{"start":{"line":164,"column":21},"end":{"line":164,"column":104}},"25":{"start":{"line":165,"column":4},"end":{"line":184,"column":5}},"26":{"start":{"line":166,"column":6},"end":{"line":169,"column":9}},"27":{"start":{"line":170,"column":6},"end":{"line":170,"column":92}},"28":{"start":{"line":172,"column":6},"end":{"line":172,"column":100}},"29":{"start":{"line":173,"column":6},"end":{"line":183,"column":9}},"30":{"start":{"line":187,"column":23},"end":{"line":187,"column":88}},"31":{"start":{"line":188,"column":18},"end":{"line":188,"column":19}},"32":{"start":{"line":189,"column":4},"end":{"line":205,"column":5}},"33":{"start":{"line":190,"column":22},"end":{"line":190,"column":103}},"34":{"start":{"line":191,"column":6},"end":{"line":204,"column":7}},"35":{"start":{"line":192,"column":8},"end":{"line":202,"column":11}},"36":{"start":{"line":203,"column":8},"end":{"line":203,"column":18}},"37":{"start":{"line":206,"column":4},"end":{"line":206,"column":67}},"38":{"start":{"line":208,"column":4},"end":{"line":208,"column":38}},"39":{"start":{"line":213,"column":4},"end":{"line":213,"column":16}},"40":{"start":{"line":218,"column":20},"end":{"line":221,"column":6}},"41":{"start":{"line":224,"column":24},"end":{"line":227,"column":6}},"42":{"start":{"line":229,"column":4},"end":{"line":240,"column":5}},"43":{"start":{"line":230,"column":25},"end":{"line":232,"column":8}},"44":{"start":{"line":233,"column":20},"end":{"line":233,"column":37}},"45":{"start":{"line":234,"column":18},"end":{"line":234,"column":86}},"46":{"start":{"line":234,"column":58},"end":{"line":234,"column":70}},"47":{"start":{"line":236,"column":6},"end":{"line":239,"column":25}},"48":{"start":{"line":242,"column":4},"end":{"line":242,"column":86}},"49":{"start":{"line":247,"column":4},"end":{"line":247,"column":38}},"50":{"start":{"line":7,"column":13},"end":{"line":7,"column":26}},"51":{"start":{"line":14,"column":8},"end":{"line":156,"column":null}},"52":{"start":{"line":159,"column":8},"end":{"line":209,"column":null}},"53":{"start":{"line":212,"column":2},"end":{"line":214,"column":null}},"54":{"start":{"line":217,"column":8},"end":{"line":243,"column":null}},"55":{"start":{"line":246,"column":2},"end":{"line":248,"column":null}},"56":{"start":{"line":7,"column":13},"end":{"line":249,"column":null}}},"fnMap":{"0":{"name":"(anonymous_2)","decl":{"start":{"line":8,"column":2},"end":{"line":8,"column":null}},"loc":{"start":{"line":10,"column":42},"end":{"line":11,"column":6}}},"1":{"name":"(anonymous_3)","decl":{"start":{"line":14,"column":2},"end":{"line":14,"column":7}},"loc":{"start":{"line":14,"column":12},"end":{"line":156,"column":3}}},"2":{"name":"(anonymous_4)","decl":{"start":{"line":159,"column":2},"end":{"line":159,"column":7}},"loc":{"start":{"line":159,"column":15},"end":{"line":209,"column":3}}},"3":{"name":"(anonymous_5)","decl":{"start":{"line":212,"column":2},"end":{"line":212,"column":11}},"loc":{"start":{"line":212,"column":11},"end":{"line":214,"column":3}}},"4":{"name":"(anonymous_6)","decl":{"start":{"line":217,"column":2},"end":{"line":217,"column":7}},"loc":{"start":{"line":217,"column":18},"end":{"line":243,"column":3}}},"5":{"name":"(anonymous_7)","decl":{"start":{"line":234,"column":48},"end":{"line":234,"column":49}},"loc":{"start":{"line":234,"column":58},"end":{"line":234,"column":70}}},"6":{"name":"(anonymous_8)","decl":{"start":{"line":239,"column":15},"end":{"line":239,"column":18}},"loc":{"start":{"line":239,"column":20},"end":{"line":239,"column":23}}},"7":{"name":"(anonymous_9)","decl":{"start":{"line":246,"column":2},"end":{"line":246,"column":10}},"loc":{"start":{"line":246,"column":10},"end":{"line":248,"column":3}}}},"branchMap":{"0":{"loc":{"start":{"line":165,"column":4},"end":{"line":184,"column":5}},"type":"if","locations":[{"start":{"line":165,"column":4},"end":{"line":184,"column":5}},{"start":{"line":171,"column":11},"end":{"line":184,"column":5}}]},"1":{"loc":{"start":{"line":191,"column":6},"end":{"line":204,"column":7}},"type":"if","locations":[{"start":{"line":191,"column":6},"end":{"line":204,"column":7}}]},"2":{"loc":{"start":{"line":195,"column":25},"end":{"line":195,"column":61}},"type":"binary-expr","locations":[{"start":{"line":195,"column":25},"end":{"line":195,"column":38}},{"start":{"line":195,"column":42},"end":{"line":195,"column":61}}]},"3":{"loc":{"start":{"line":197,"column":22},"end":{"line":197,"column":45}},"type":"binary-expr","locations":[{"start":{"line":197,"column":22},"end":{"line":197,"column":32}},{"start":{"line":197,"column":36},"end":{"line":197,"column":45}}]},"4":{"loc":{"start":{"line":234,"column":18},"end":{"line":234,"column":86}},"type":"cond-expr","locations":[{"start":{"line":234,"column":30},"end":{"line":234,"column":82}},{"start":{"line":234,"column":85},"end":{"line":234,"column":86}}]}},"s":{"0":1,"1":1,"2":1,"3":1,"4":1,"5":1,"6":1,"7":0,"8":0,"9":0,"10":0,"11":0,"12":0,"13":0,"14":0,"15":0,"16":0,"17":0,"18":0,"19":0,"20":0,"21":0,"22":0,"23":0,"24":0,"25":0,"26":0,"27":0,"28":0,"29":0,"30":0,"31":0,"32":0,"33":0,"34":0,"35":0,"36":0,"37":0,"38":0,"39":0,"40":0,"41":0,"42":0,"43":0,"44":0,"45":0,"46":0,"47":0,"48":0,"49":1,"50":1,"51":1,"52":1,"53":1,"54":1,"55":1,"56":1},"f":{"0":1,"1":0,"2":0,"3":0,"4":0,"5":0,"6":0,"7":1},"b":{"0":[0,0],"1":[0],"2":[0,0],"3":[0,0],"4":[0,0]}}
,"C:\\comptabli\\backend\\src\\app.module.ts": {"path":"C:\\comptabli\\backend\\src\\app.module.ts","statementMap":{"0":{"start":{"line":1,"column":0},"end":{"line":1,"column":40}},"1":{"start":{"line":2,"column":0},"end":{"line":2,"column":46}},"2":{"start":{"line":3,"column":0},"end":{"line":3,"column":57}},"3":{"start":{"line":4,"column":0},"end":{"line":4,"column":28}},"4":{"start":{"line":5,"column":0},"end":{"line":5,"column":54}},"5":{"start":{"line":6,"column":0},"end":{"line":6,"column":48}},"6":{"start":{"line":7,"column":0},"end":{"line":7,"column":51}},"7":{"start":{"line":8,"column":0},"end":{"line":8,"column":48}},"8":{"start":{"line":9,"column":0},"end":{"line":9,"column":63}},"9":{"start":{"line":10,"column":0},"end":{"line":10,"column":51}},"10":{"start":{"line":11,"column":0},"end":{"line":11,"column":49}},"11":{"start":{"line":12,"column":0},"end":{"line":12,"column":43}},"12":{"start":{"line":13,"column":0},"end":{"line":13,"column":57}},"13":{"start":{"line":14,"column":0},"end":{"line":14,"column":51}},"14":{"start":{"line":15,"column":0},"end":{"line":15,"column":60}},"15":{"start":{"line":16,"column":0},"end":{"line":16,"column":60}},"16":{"start":{"line":17,"column":0},"end":{"line":17,"column":63}},"17":{"start":{"line":18,"column":0},"end":{"line":18,"column":60}},"18":{"start":{"line":19,"column":0},"end":{"line":19,"column":51}},"19":{"start":{"line":20,"column":0},"end":{"line":20,"column":75}},"20":{"start":{"line":21,"column":0},"end":{"line":21,"column":57}},"21":{"start":{"line":22,"column":0},"end":{"line":22,"column":63}},"22":{"start":{"line":23,"column":0},"end":{"line":23,"column":75}},"23":{"start":{"line":24,"column":0},"end":{"line":24,"column":51}},"24":{"start":{"line":25,"column":0},"end":{"line":25,"column":48}},"25":{"start":{"line":26,"column":0},"end":{"line":26,"column":54}},"26":{"start":{"line":27,"column":0},"end":{"line":27,"column":89}},"27":{"start":{"line":28,"column":0},"end":{"line":28,"column":42}},"28":{"start":{"line":29,"column":0},"end":{"line":29,"column":45}},"29":{"start":{"line":30,"column":0},"end":{"line":30,"column":63}},"30":{"start":{"line":69,"column":7},"end":{"line":69,"column":null}},"31":{"start":{"line":69,"column":13},"end":{"line":69,"column":22}},"32":{"start":{"line":69,"column":13},"end":{"line":69,"column":null}}},"fnMap":{},"branchMap":{},"s":{"0":0,"1":0,"2":0,"3":0,"4":0,"5":0,"6":0,"7":0,"8":0,"9":0,"10":0,"11":0,"12":0,"13":0,"14":0,"15":0,"16":0,"17":0,"18":0,"19":0,"20":0,"21":0,"22":0,"23":0,"24":0,"25":0,"26":0,"27":0,"28":0,"29":0,"30":0,"31":0,"32":0},"f":{},"b":{}}
,"C:\\comptabli\\backend\\src\\app.service.ts": {"path":"C:\\comptabli\\backend\\src\\app.service.ts","statementMap":{"0":{"start":{"line":1,"column":0},"end":{"line":1,"column":44}},"1":{"start":{"line":4,"column":7},"end":{"line":8,"column":null}},"2":{"start":{"line":6,"column":4},"end":{"line":6,"column":26}},"3":{"start":{"line":4,"column":13},"end":{"line":4,"column":23}},"4":{"start":{"line":4,"column":13},"end":{"line":8,"column":null}}},"fnMap":{"0":{"name":"(anonymous_1)","decl":{"start":{"line":5,"column":2},"end":{"line":5,"column":10}},"loc":{"start":{"line":5,"column":10},"end":{"line":7,"column":3}}}},"branchMap":{},"s":{"0":1,"1":1,"2":1,"3":1,"4":1},"f":{"0":1},"b":{}}
,"C:\\comptabli\\backend\\src\\main.ts": {"path":"C:\\comptabli\\backend\\src\\main.ts","statementMap":{"0":{"start":{"line":1,"column":0},"end":{"line":1,"column":23}},"1":{"start":{"line":2,"column":0},"end":{"line":2,"column":43}},"2":{"start":{"line":3,"column":0},"end":{"line":3,"column":48}},"3":{"start":{"line":4,"column":0},"end":{"line":4,"column":65}},"4":{"start":{"line":5,"column":0},"end":{"line":5,"column":41}},"5":{"start":{"line":6,"column":0},"end":{"line":6,"column":null}},"6":{"start":{"line":12,"column":14},"end":{"line":12,"column":49}},"7":{"start":{"line":13,"column":2},"end":{"line":16,"column":4}},"8":{"start":{"line":17,"column":17},"end":{"line":17,"column":54}},"9":{"start":{"line":18,"column":2},"end":{"line":31,"column":5}},"10":{"start":{"line":23,"column":10},"end":{"line":23,"column":51}},"11":{"start":{"line":23,"column":23},"end":{"line":23,"column":51}},"12":{"start":{"line":24,"column":10},"end":{"line":26,"column":11}},"13":{"start":{"line":25,"column":12},"end":{"line":25,"column":40}},"14":{"start":{"line":27,"column":10},"end":{"line":27,"column":39}},"15":{"start":{"line":32,"column":2},"end":{"line":32,"column":62}},"16":{"start":{"line":35,"column":17},"end":{"line":40,"column":12}},"17":{"start":{"line":41,"column":19},"end":{"line":41,"column":60}},"18":{"start":{"line":42,"column":2},"end":{"line":42,"column":49}},"19":{"start":{"line":44,"column":15},"end":{"line":44,"column":39}},"20":{"start":{"line":45,"column":2},"end":{"line":45,"column":36}},"21":{"start":{"line":46,"column":2},"end":{"line":46,"column":69}},"22":{"start":{"line":48,"column":0},"end":{"line":48,"column":12}}},"fnMap":{"0":{"name":"bootstrap","decl":{"start":{"line":11,"column":15},"end":{"line":11,"column":24}},"loc":{"start":{"line":11,"column":24},"end":{"line":47,"column":1}}},"1":{"name":"(anonymous_1)","decl":{"start":{"line":21,"column":8},"end":{"line":21,"column":9}},"loc":{"start":{"line":21,"column":95},"end":{"line":28,"column":9}}}},"branchMap":{"0":{"loc":{"start":{"line":19,"column":12},"end":{"line":28,"column":9}},"type":"cond-expr","locations":[{"start":{"line":20,"column":9},"end":{"line":20,"column":63}},{"start":{"line":21,"column":8},"end":{"line":28,"column":9}}]},"1":{"loc":{"start":{"line":20,"column":9},"end":{"line":20,"column":63}},"type":"binary-expr","locations":[{"start":{"line":20,"column":9},"end":{"line":20,"column":36}},{"start":{"line":20,"column":40},"end":{"line":20,"column":63}}]},"2":{"loc":{"start":{"line":23,"column":10},"end":{"line":23,"column":51}},"type":"if","locations":[{"start":{"line":23,"column":10},"end":{"line":23,"column":51}}]},"3":{"loc":{"start":{"line":24,"column":10},"end":{"line":26,"column":11}},"type":"if","locations":[{"start":{"line":24,"column":10},"end":{"line":26,"column":11}}]},"4":{"loc":{"start":{"line":44,"column":15},"end":{"line":44,"column":39}},"type":"binary-expr","locations":[{"start":{"line":44,"column":15},"end":{"line":44,"column":31}},{"start":{"line":44,"column":35},"end":{"line":44,"column":39}}]}},"s":{"0":0,"1":0,"2":0,"3":0,"4":0,"5":0,"6":0,"7":0,"8":0,"9":0,"10":0,"11":0,"12":0,"13":0,"14":0,"15":0,"16":0,"17":0,"18":0,"19":0,"20":0,"21":0,"22":0},"f":{"0":0,"1":0},"b":{"0":[0,0],"1":[0,0],"2":[0],"3":[0],"4":[0,0]}}
,"C:\\comptabli\\backend\\src\\accountant-profile\\accountant-profile.controller.ts": {"path":"C:\\comptabli\\backend\\src\\accountant-profile\\accountant-profile.controller.ts","statementMap":{"0":{"start":{"line":1,"column":0},"end":{"line":1,"column":null}},"1":{"start":{"line":16,"column":0},"end":{"line":16,"column":59}},"2":{"start":{"line":17,"column":0},"end":{"line":17,"column":37}},"3":{"start":{"line":18,"column":0},"end":{"line":18,"column":31}},"4":{"start":{"line":20,"column":0},"end":{"line":20,"column":72}},"5":{"start":{"line":21,"column":0},"end":{"line":21,"column":45}},"6":{"start":{"line":22,"column":0},"end":{"line":22,"column":58}},"7":{"start":{"line":23,"column":0},"end":{"line":23,"column":61}},"8":{"start":{"line":24,"column":0},"end":{"line":24,"column":38}},"9":{"start":{"line":27,"column":7},"end":{"line":212,"column":null}},"10":{"start":{"line":28,"column":31},"end":{"line":28,"column":57}},"11":{"start":{"line":37,"column":4},"end":{"line":40,"column":7}},"12":{"start":{"line":48,"column":4},"end":{"line":48,"column":66}},"13":{"start":{"line":56,"column":4},"end":{"line":56,"column":66}},"14":{"start":{"line":75,"column":4},"end":{"line":78,"column":6}},"15":{"start":{"line":90,"column":4},"end":{"line":90,"column":93}},"16":{"start":{"line":100,"column":4},"end":{"line":100,"column":93}},"17":{"start":{"line":110,"column":4},"end":{"line":110,"column":90}},"18":{"start":{"line":122,"column":4},"end":{"line":125,"column":6}},"19":{"start":{"line":135,"column":4},"end":{"line":135,"column":99}},"20":{"start":{"line":145,"column":4},"end":{"line":145,"column":91}},"21":{"start":{"line":155,"column":4},"end":{"line":155,"column":104}},"22":{"start":{"line":178,"column":4},"end":{"line":180,"column":5}},"23":{"start":{"line":179,"column":6},"end":{"line":179,"column":60}},"24":{"start":{"line":181,"column":4},"end":{"line":181,"column":48}},"25":{"start":{"line":196,"column":4},"end":{"line":200,"column":6}},"26":{"start":{"line":210,"column":4},"end":{"line":210,"column":70}},"27":{"start":{"line":27,"column":13},"end":{"line":27,"column":40}},"28":{"start":{"line":36,"column":8},"end":{"line":41,"column":null}},"29":{"start":{"line":47,"column":8},"end":{"line":49,"column":null}},"30":{"start":{"line":55,"column":8},"end":{"line":57,"column":null}},"31":{"start":{"line":64,"column":8},"end":{"line":79,"column":null}},"32":{"start":{"line":89,"column":8},"end":{"line":91,"column":null}},"33":{"start":{"line":99,"column":8},"end":{"line":101,"column":null}},"34":{"start":{"line":109,"column":8},"end":{"line":111,"column":null}},"35":{"start":{"line":118,"column":8},"end":{"line":126,"column":null}},"36":{"start":{"line":134,"column":8},"end":{"line":136,"column":null}},"37":{"start":{"line":144,"column":8},"end":{"line":146,"column":null}},"38":{"start":{"line":154,"column":8},"end":{"line":156,"column":null}},"39":{"start":{"line":177,"column":8},"end":{"line":182,"column":null}},"40":{"start":{"line":169,"column":27},"end":{"line":169,"column":77}},"41":{"start":{"line":170,"column":28},"end":{"line":170,"column":38}},"42":{"start":{"line":171,"column":26},"end":{"line":171,"column":52}},"43":{"start":{"line":172,"column":10},"end":{"line":172,"column":63}},"44":{"start":{"line":191,"column":8},"end":{"line":201,"column":null}},"45":{"start":{"line":209,"column":8},"end":{"line":211,"column":null}},"46":{"start":{"line":27,"column":13},"end":{"line":212,"column":null}}},"fnMap":{"0":{"name":"(anonymous_4)","decl":{"start":{"line":28,"column":2},"end":{"line":28,"column":31}},"loc":{"start":{"line":28,"column":81},"end":{"line":28,"column":85}}},"1":{"name":"(anonymous_5)","decl":{"start":{"line":36,"column":2},"end":{"line":36,"column":7}},"loc":{"start":{"line":36,"column":97},"end":{"line":41,"column":3}}},"2":{"name":"(anonymous_6)","decl":{"start":{"line":47,"column":2},"end":{"line":47,"column":7}},"loc":{"start":{"line":47,"column":68},"end":{"line":49,"column":3}}},"3":{"name":"(anonymous_7)","decl":{"start":{"line":55,"column":2},"end":{"line":55,"column":7}},"loc":{"start":{"line":55,"column":62},"end":{"line":57,"column":3}}},"4":{"name":"(anonymous_8)","decl":{"start":{"line":64,"column":2},"end":{"line":64,"column":7}},"loc":{"start":{"line":73,"column":5},"end":{"line":79,"column":3}}},"5":{"name":"(anonymous_9)","decl":{"start":{"line":89,"column":2},"end":{"line":89,"column":7}},"loc":{"start":{"line":89,"column":40},"end":{"line":91,"column":3}}},"6":{"name":"(anonymous_10)","decl":{"start":{"line":99,"column":2},"end":{"line":99,"column":7}},"loc":{"start":{"line":99,"column":41},"end":{"line":101,"column":3}}},"7":{"name":"(anonymous_11)","decl":{"start":{"line":109,"column":2},"end":{"line":109,"column":7}},"loc":{"start":{"line":109,"column":44},"end":{"line":111,"column":3}}},"8":{"name":"(anonymous_12)","decl":{"start":{"line":118,"column":2},"end":{"line":118,"column":7}},"loc":{"start":{"line":120,"column":23},"end":{"line":126,"column":3}}},"9":{"name":"(anonymous_13)","decl":{"start":{"line":134,"column":2},"end":{"line":134,"column":7}},"loc":{"start":{"line":134,"column":68},"end":{"line":136,"column":3}}},"10":{"name":"(anonymous_14)","decl":{"start":{"line":144,"column":2},"end":{"line":144,"column":7}},"loc":{"start":{"line":144,"column":47},"end":{"line":146,"column":3}}},"11":{"name":"(anonymous_15)","decl":{"start":{"line":154,"column":2},"end":{"line":154,"column":7}},"loc":{"start":{"line":154,"column":86},"end":{"line":156,"column":3}}},"12":{"name":"(anonymous_16)","decl":{"start":{"line":177,"column":2},"end":{"line":177,"column":7}},"loc":{"start":{"line":177,"column":60},"end":{"line":182,"column":3}}},"13":{"name":"(anonymous_17)","decl":{"start":{"line":191,"column":2},"end":{"line":191,"column":7}},"loc":{"start":{"line":194,"column":36},"end":{"line":201,"column":3}}},"14":{"name":"(anonymous_18)","decl":{"start":{"line":209,"column":2},"end":{"line":209,"column":7}},"loc":{"start":{"line":209,"column":56},"end":{"line":211,"column":3}}},"15":{"name":"(anonymous_19)","decl":{"start":{"line":168,"column":18},"end":{"line":168,"column":19}},"loc":{"start":{"line":168,"column":43},"end":{"line":173,"column":9}}}},"branchMap":{"0":{"loc":{"start":{"line":90,"column":61},"end":{"line":90,"column":91}},"type":"binary-expr","locations":[{"start":{"line":90,"column":61},"end":{"line":90,"column":76}},{"start":{"line":90,"column":80},"end":{"line":90,"column":91}}]},"1":{"loc":{"start":{"line":100,"column":61},"end":{"line":100,"column":91}},"type":"binary-expr","locations":[{"start":{"line":100,"column":61},"end":{"line":100,"column":76}},{"start":{"line":100,"column":80},"end":{"line":100,"column":91}}]},"2":{"loc":{"start":{"line":110,"column":58},"end":{"line":110,"column":88}},"type":"binary-expr","locations":[{"start":{"line":110,"column":58},"end":{"line":110,"column":73}},{"start":{"line":110,"column":77},"end":{"line":110,"column":88}}]},"3":{"loc":{"start":{"line":124,"column":6},"end":{"line":124,"column":36}},"type":"binary-expr","locations":[{"start":{"line":124,"column":6},"end":{"line":124,"column":21}},{"start":{"line":124,"column":25},"end":{"line":124,"column":36}}]},"4":{"loc":{"start":{"line":135,"column":55},"end":{"line":135,"column":85}},"type":"binary-expr","locations":[{"start":{"line":135,"column":55},"end":{"line":135,"column":70}},{"start":{"line":135,"column":74},"end":{"line":135,"column":85}}]},"5":{"loc":{"start":{"line":145,"column":59},"end":{"line":145,"column":89}},"type":"binary-expr","locations":[{"start":{"line":145,"column":59},"end":{"line":145,"column":74}},{"start":{"line":145,"column":78},"end":{"line":145,"column":89}}]},"6":{"loc":{"start":{"line":155,"column":62},"end":{"line":155,"column":92}},"type":"binary-expr","locations":[{"start":{"line":155,"column":62},"end":{"line":155,"column":77}},{"start":{"line":155,"column":81},"end":{"line":155,"column":92}}]},"7":{"loc":{"start":{"line":178,"column":4},"end":{"line":180,"column":5}},"type":"if","locations":[{"start":{"line":178,"column":4},"end":{"line":180,"column":5}}]},"8":{"loc":{"start":{"line":198,"column":6},"end":{"line":198,"column":36}},"type":"binary-expr","locations":[{"start":{"line":198,"column":6},"end":{"line":198,"column":21}},{"start":{"line":198,"column":25},"end":{"line":198,"column":36}}]}},"s":{"0":0,"1":0,"2":0,"3":0,"4":0,"5":0,"6":0,"7":0,"8":0,"9":0,"10":0,"11":0,"12":0,"13":0,"14":0,"15":0,"16":0,"17":0,"18":0,"19":0,"20":0,"21":0,"22":0,"23":0,"24":0,"25":0,"26":0,"27":0,"28":0,"29":0,"30":0,"31":0,"32":0,"33":0,"34":0,"35":0,"36":0,"37":0,"38":0,"39":0,"40":0,"41":0,"42":0,"43":0,"44":0,"45":0,"46":0},"f":{"0":0,"1":0,"2":0,"3":0,"4":0,"5":0,"6":0,"7":0,"8":0,"9":0,"10":0,"11":0,"12":0,"13":0,"14":0,"15":0},"b":{"0":[0,0],"1":[0,0],"2":[0,0],"3":[0,0],"4":[0,0],"5":[0,0],"6":[0,0],"7":[0],"8":[0,0]}}
,"C:\\comptabli\\backend\\src\\accountant-profile\\accountant-profile.module.ts": {"path":"C:\\comptabli\\backend\\src\\accountant-profile\\accountant-profile.module.ts","statementMap":{"0":{"start":{"line":1,"column":0},"end":{"line":1,"column":40}},"1":{"start":{"line":2,"column":0},"end":{"line":2,"column":72}},"2":{"start":{"line":3,"column":0},"end":{"line":3,"column":78}},"3":{"start":{"line":4,"column":0},"end":{"line":4,"column":55}},"4":{"start":{"line":5,"column":0},"end":{"line":5,"column":76}},"5":{"start":{"line":13,"column":7},"end":{"line":13,"column":null}},"6":{"start":{"line":13,"column":13},"end":{"line":13,"column":36}},"7":{"start":{"line":13,"column":13},"end":{"line":13,"column":null}}},"fnMap":{},"branchMap":{},"s":{"0":0,"1":0,"2":0,"3":0,"4":0,"5":0,"6":0,"7":0},"f":{},"b":{}}
,"C:\\comptabli\\backend\\src\\accountant-profile\\accountant-profile.service.ts": {"path":"C:\\comptabli\\backend\\src\\accountant-profile\\accountant-profile.service.ts","statementMap":{"0":{"start":{"line":1,"column":0},"end":{"line":1,"column":84}},"1":{"start":{"line":2,"column":0},"end":{"line":2,"column":57}},"2":{"start":{"line":3,"column":0},"end":{"line":3,"column":38}},"3":{"start":{"line":4,"column":0},"end":{"line":4,"column":78}},"4":{"start":{"line":7,"column":7},"end":{"line":473,"column":null}},"5":{"start":{"line":9,"column":21},"end":{"line":9,"column":29}},"6":{"start":{"line":10,"column":21},"end":{"line":10,"column":43}},"7":{"start":{"line":18,"column":17},"end":{"line":20,"column":6}},"8":{"start":{"line":22,"column":4},"end":{"line":24,"column":5}},"9":{"start":{"line":23,"column":6},"end":{"line":23,"column":77}},"10":{"start":{"line":26,"column":28},"end":{"line":45,"column":6}},"11":{"start":{"line":47,"column":4},"end":{"line":49,"column":5}},"12":{"start":{"line":48,"column":6},"end":{"line":48,"column":29}},"13":{"start":{"line":52,"column":4},"end":{"line":71,"column":7}},"14":{"start":{"line":78,"column":20},"end":{"line":97,"column":6}},"15":{"start":{"line":99,"column":4},"end":{"line":101,"column":5}},"16":{"start":{"line":100,"column":6},"end":{"line":100,"column":67}},"17":{"start":{"line":103,"column":4},"end":{"line":103,"column":19}},"18":{"start":{"line":110,"column":17},"end":{"line":112,"column":6}},"19":{"start":{"line":115,"column":27},"end":{"line":117,"column":6}},"20":{"start":{"line":119,"column":4},"end":{"line":122,"column":6}},"21":{"start":{"line":130,"column":20},"end":{"line":132,"column":6}},"22":{"start":{"line":134,"column":4},"end":{"line":136,"column":5}},"23":{"start":{"line":135,"column":6},"end":{"line":135,"column":67}},"24":{"start":{"line":139,"column":26},"end":{"line":139,"column":28}},"25":{"start":{"line":140,"column":26},"end":{"line":144,"column":6}},"26":{"start":{"line":145,"column":4},"end":{"line":149,"column":5}},"27":{"start":{"line":146,"column":6},"end":{"line":148,"column":7}},"28":{"start":{"line":147,"column":8},"end":{"line":147,"column":40}},"29":{"start":{"line":150,"column":4},"end":{"line":150,"column":39}},"30":{"start":{"line":153,"column":27},"end":{"line":166,"column":6}},"31":{"start":{"line":169,"column":32},"end":{"line":169,"column":34}},"32":{"start":{"line":170,"column":4},"end":{"line":170,"column":98}},"33":{"start":{"line":170,"column":46},"end":{"line":170,"column":98}},"34":{"start":{"line":171,"column":4},"end":{"line":171,"column":80}},"35":{"start":{"line":171,"column":40},"end":{"line":171,"column":80}},"36":{"start":{"line":172,"column":4},"end":{"line":172,"column":89}},"37":{"start":{"line":172,"column":43},"end":{"line":172,"column":89}},"38":{"start":{"line":173,"column":4},"end":{"line":173,"column":89}},"39":{"start":{"line":173,"column":43},"end":{"line":173,"column":89}},"40":{"start":{"line":174,"column":4},"end":{"line":174,"column":89}},"41":{"start":{"line":174,"column":43},"end":{"line":174,"column":89}},"42":{"start":{"line":175,"column":4},"end":{"line":175,"column":107}},"43":{"start":{"line":175,"column":49},"end":{"line":175,"column":107}},"44":{"start":{"line":176,"column":4},"end":{"line":176,"column":92}},"45":{"start":{"line":176,"column":44},"end":{"line":176,"column":92}},"46":{"start":{"line":177,"column":4},"end":{"line":177,"column":101}},"47":{"start":{"line":177,"column":47},"end":{"line":177,"column":101}},"48":{"start":{"line":178,"column":4},"end":{"line":178,"column":89}},"49":{"start":{"line":178,"column":43},"end":{"line":178,"column":89}},"50":{"start":{"line":179,"column":4},"end":{"line":179,"column":95}},"51":{"start":{"line":179,"column":45},"end":{"line":179,"column":95}},"52":{"start":{"line":180,"column":4},"end":{"line":180,"column":83}},"53":{"start":{"line":180,"column":41},"end":{"line":180,"column":83}},"54":{"start":{"line":181,"column":4},"end":{"line":181,"column":86}},"55":{"start":{"line":181,"column":42},"end":{"line":181,"column":86}},"56":{"start":{"line":182,"column":4},"end":{"line":182,"column":92}},"57":{"start":{"line":182,"column":44},"end":{"line":182,"column":92}},"58":{"start":{"line":183,"column":4},"end":{"line":183,"column":89}},"59":{"start":{"line":183,"column":43},"end":{"line":183,"column":89}},"60":{"start":{"line":185,"column":4},"end":{"line":190,"column":5}},"61":{"start":{"line":186,"column":6},"end":{"line":189,"column":9}},"62":{"start":{"line":192,"column":4},"end":{"line":192,"column":26}},"63":{"start":{"line":199,"column":4},"end":{"line":207,"column":7}},"64":{"start":{"line":214,"column":20},"end":{"line":216,"column":6}},"65":{"start":{"line":218,"column":25},"end":{"line":218,"column":39}},"66":{"start":{"line":220,"column":6},"end":{"line":222,"column":11}},"67":{"start":{"line":221,"column":37},"end":{"line":221,"column":51}},"68":{"start":{"line":224,"column":4},"end":{"line":230,"column":7}},"69":{"start":{"line":237,"column":29},"end":{"line":237,"column":47}},"70":{"start":{"line":239,"column":4},"end":{"line":241,"column":5}},"71":{"start":{"line":240,"column":6},"end":{"line":240,"column":59}},"72":{"start":{"line":243,"column":4},"end":{"line":245,"column":5}},"73":{"start":{"line":244,"column":6},"end":{"line":244,"column":81}},"74":{"start":{"line":247,"column":4},"end":{"line":265,"column":7}},"75":{"start":{"line":273,"column":20},"end":{"line":275,"column":6}},"76":{"start":{"line":277,"column":4},"end":{"line":279,"column":5}},"77":{"start":{"line":278,"column":6},"end":{"line":278,"column":69}},"78":{"start":{"line":282,"column":21},"end":{"line":284,"column":6}},"79":{"start":{"line":287,"column":4},"end":{"line":301,"column":5}},"80":{"start":{"line":288,"column":6},"end":{"line":291,"column":9}},"81":{"start":{"line":293,"column":6},"end":{"line":300,"column":9}},"82":{"start":{"line":304,"column":25},"end":{"line":308,"column":null}},"83":{"start":{"line":312,"column":4},"end":{"line":320,"column":5}},"84":{"start":{"line":313,"column":6},"end":{"line":319,"column":9}},"85":{"start":{"line":322,"column":4},"end":{"line":322,"column":19}},"86":{"start":{"line":340,"column":20},"end":{"line":342,"column":6}},"87":{"start":{"line":344,"column":4},"end":{"line":346,"column":5}},"88":{"start":{"line":345,"column":6},"end":{"line":345,"column":69}},"89":{"start":{"line":348,"column":20},"end":{"line":359,"column":6}},"90":{"start":{"line":363,"column":20},"end":{"line":371,"column":16}},"91":{"start":{"line":373,"column":25},"end":{"line":378,"column":null}},"92":{"start":{"line":382,"column":4},"end":{"line":390,"column":5}},"93":{"start":{"line":383,"column":6},"end":{"line":389,"column":9}},"94":{"start":{"line":392,"column":4},"end":{"line":392,"column":19}},"95":{"start":{"line":399,"column":4},"end":{"line":407,"column":7}},"96":{"start":{"line":414,"column":4},"end":{"line":417,"column":7}},"97":{"start":{"line":424,"column":4},"end":{"line":424,"column":29}},"98":{"start":{"line":424,"column":19},"end":{"line":424,"column":29}},"99":{"start":{"line":425,"column":18},"end":{"line":428,"column":6}},"100":{"start":{"line":430,"column":26},"end":{"line":430,"column":56}},"101":{"start":{"line":430,"column":41},"end":{"line":430,"column":55}},"102":{"start":{"line":432,"column":4},"end":{"line":451,"column":7}},"103":{"start":{"line":457,"column":17},"end":{"line":460,"column":6}},"104":{"start":{"line":461,"column":4},"end":{"line":461,"column":46}},"105":{"start":{"line":468,"column":4},"end":{"line":471,"column":7}},"106":{"start":{"line":7,"column":13},"end":{"line":7,"column":37}},"107":{"start":{"line":7,"column":13},"end":{"line":473,"column":null}}},"fnMap":{"0":{"name":"(anonymous_2)","decl":{"start":{"line":8,"column":2},"end":{"line":8,"column":null}},"loc":{"start":{"line":10,"column":63},"end":{"line":11,"column":6}}},"1":{"name":"(anonymous_3)","decl":{"start":{"line":17,"column":2},"end":{"line":17,"column":7}},"loc":{"start":{"line":17,"column":48},"end":{"line":72,"column":3}}},"2":{"name":"(anonymous_4)","decl":{"start":{"line":77,"column":2},"end":{"line":77,"column":7}},"loc":{"start":{"line":77,"column":39},"end":{"line":104,"column":3}}},"3":{"name":"(anonymous_5)","decl":{"start":{"line":109,"column":2},"end":{"line":109,"column":7}},"loc":{"start":{"line":109,"column":70},"end":{"line":123,"column":3}}},"4":{"name":"(anonymous_6)","decl":{"start":{"line":129,"column":2},"end":{"line":129,"column":7}},"loc":{"start":{"line":129,"column":59},"end":{"line":193,"column":3}}},"5":{"name":"(anonymous_7)","decl":{"start":{"line":198,"column":2},"end":{"line":198,"column":7}},"loc":{"start":{"line":198,"column":39},"end":{"line":208,"column":3}}},"6":{"name":"(anonymous_8)","decl":{"start":{"line":213,"column":2},"end":{"line":213,"column":7}},"loc":{"start":{"line":213,"column":46},"end":{"line":231,"column":3}}},"7":{"name":"(anonymous_9)","decl":{"start":{"line":221,"column":25},"end":{"line":221,"column":26}},"loc":{"start":{"line":221,"column":37},"end":{"line":221,"column":51}}},"8":{"name":"(anonymous_10)","decl":{"start":{"line":236,"column":2},"end":{"line":236,"column":7}},"loc":{"start":{"line":236,"column":75},"end":{"line":266,"column":3}}},"9":{"name":"(anonymous_11)","decl":{"start":{"line":271,"column":2},"end":{"line":271,"column":7}},"loc":{"start":{"line":271,"column":78},"end":{"line":323,"column":3}}},"10":{"name":"(anonymous_12)","decl":{"start":{"line":328,"column":2},"end":{"line":328,"column":7}},"loc":{"start":{"line":337,"column":5},"end":{"line":393,"column":3}}},"11":{"name":"(anonymous_13)","decl":{"start":{"line":398,"column":2},"end":{"line":398,"column":7}},"loc":{"start":{"line":398,"column":48},"end":{"line":408,"column":3}}},"12":{"name":"(anonymous_14)","decl":{"start":{"line":413,"column":2},"end":{"line":413,"column":7}},"loc":{"start":{"line":413,"column":43},"end":{"line":418,"column":3}}},"13":{"name":"(anonymous_15)","decl":{"start":{"line":423,"column":2},"end":{"line":423,"column":7}},"loc":{"start":{"line":423,"column":41},"end":{"line":452,"column":3}}},"14":{"name":"(anonymous_16)","decl":{"start":{"line":430,"column":36},"end":{"line":430,"column":37}},"loc":{"start":{"line":430,"column":41},"end":{"line":430,"column":55}}},"15":{"name":"(anonymous_17)","decl":{"start":{"line":456,"column":2},"end":{"line":456,"column":7}},"loc":{"start":{"line":456,"column":40},"end":{"line":462,"column":3}}},"16":{"name":"(anonymous_18)","decl":{"start":{"line":467,"column":2},"end":{"line":467,"column":7}},"loc":{"start":{"line":467,"column":61},"end":{"line":472,"column":3}}}},"branchMap":{"0":{"loc":{"start":{"line":22,"column":4},"end":{"line":24,"column":5}},"type":"if","locations":[{"start":{"line":22,"column":4},"end":{"line":24,"column":5}}]},"1":{"loc":{"start":{"line":22,"column":8},"end":{"line":22,"column":45}},"type":"binary-expr","locations":[{"start":{"line":22,"column":8},"end":{"line":22,"column":13}},{"start":{"line":22,"column":17},"end":{"line":22,"column":45}}]},"2":{"loc":{"start":{"line":47,"column":4},"end":{"line":49,"column":5}},"type":"if","locations":[{"start":{"line":47,"column":4},"end":{"line":49,"column":5}}]},"3":{"loc":{"start":{"line":99,"column":4},"end":{"line":101,"column":5}},"type":"if","locations":[{"start":{"line":99,"column":4},"end":{"line":101,"column":5}}]},"4":{"loc":{"start":{"line":134,"column":4},"end":{"line":136,"column":5}},"type":"if","locations":[{"start":{"line":134,"column":4},"end":{"line":136,"column":5}}]},"5":{"loc":{"start":{"line":146,"column":6},"end":{"line":148,"column":7}},"type":"if","locations":[{"start":{"line":146,"column":6},"end":{"line":148,"column":7}}]},"6":{"loc":{"start":{"line":170,"column":4},"end":{"line":170,"column":98}},"type":"if","locations":[{"start":{"line":170,"column":4},"end":{"line":170,"column":98}}]},"7":{"loc":{"start":{"line":171,"column":4},"end":{"line":171,"column":80}},"type":"if","locations":[{"start":{"line":171,"column":4},"end":{"line":171,"column":80}}]},"8":{"loc":{"start":{"line":172,"column":4},"end":{"line":172,"column":89}},"type":"if","locations":[{"start":{"line":172,"column":4},"end":{"line":172,"column":89}}]},"9":{"loc":{"start":{"line":173,"column":4},"end":{"line":173,"column":89}},"type":"if","locations":[{"start":{"line":173,"column":4},"end":{"line":173,"column":89}}]},"10":{"loc":{"start":{"line":174,"column":4},"end":{"line":174,"column":89}},"type":"if","locations":[{"start":{"line":174,"column":4},"end":{"line":174,"column":89}}]},"11":{"loc":{"start":{"line":175,"column":4},"end":{"line":175,"column":107}},"type":"if","locations":[{"start":{"line":175,"column":4},"end":{"line":175,"column":107}}]},"12":{"loc":{"start":{"line":176,"column":4},"end":{"line":176,"column":92}},"type":"if","locations":[{"start":{"line":176,"column":4},"end":{"line":176,"column":92}}]},"13":{"loc":{"start":{"line":177,"column":4},"end":{"line":177,"column":101}},"type":"if","locations":[{"start":{"line":177,"column":4},"end":{"line":177,"column":101}}]},"14":{"loc":{"start":{"line":178,"column":4},"end":{"line":178,"column":89}},"type":"if","locations":[{"start":{"line":178,"column":4},"end":{"line":178,"column":89}}]},"15":{"loc":{"start":{"line":179,"column":4},"end":{"line":179,"column":95}},"type":"if","locations":[{"start":{"line":179,"column":4},"end":{"line":179,"column":95}}]},"16":{"loc":{"start":{"line":180,"column":4},"end":{"line":180,"column":83}},"type":"if","locations":[{"start":{"line":180,"column":4},"end":{"line":180,"column":83}}]},"17":{"loc":{"start":{"line":181,"column":4},"end":{"line":181,"column":86}},"type":"if","locations":[{"start":{"line":181,"column":4},"end":{"line":181,"column":86}}]},"18":{"loc":{"start":{"line":182,"column":4},"end":{"line":182,"column":92}},"type":"if","locations":[{"start":{"line":182,"column":4},"end":{"line":182,"column":92}}]},"19":{"loc":{"start":{"line":183,"column":4},"end":{"line":183,"column":89}},"type":"if","locations":[{"start":{"line":183,"column":4},"end":{"line":183,"column":89}}]},"20":{"loc":{"start":{"line":185,"column":4},"end":{"line":190,"column":5}},"type":"if","locations":[{"start":{"line":185,"column":4},"end":{"line":190,"column":5}}]},"21":{"loc":{"start":{"line":220,"column":6},"end":{"line":222,"column":11}},"type":"cond-expr","locations":[{"start":{"line":221,"column":10},"end":{"line":221,"column":70}},{"start":{"line":222,"column":10},"end":{"line":222,"column":11}}]},"22":{"loc":{"start":{"line":239,"column":4},"end":{"line":241,"column":5}},"type":"if","locations":[{"start":{"line":239,"column":4},"end":{"line":241,"column":5}}]},"23":{"loc":{"start":{"line":243,"column":4},"end":{"line":245,"column":5}},"type":"if","locations":[{"start":{"line":243,"column":4},"end":{"line":245,"column":5}}]},"24":{"loc":{"start":{"line":277,"column":4},"end":{"line":279,"column":5}},"type":"if","locations":[{"start":{"line":277,"column":4},"end":{"line":279,"column":5}}]},"25":{"loc":{"start":{"line":287,"column":4},"end":{"line":301,"column":5}},"type":"if","locations":[{"start":{"line":287,"column":4},"end":{"line":301,"column":5}},{"start":{"line":292,"column":11},"end":{"line":301,"column":5}}]},"26":{"loc":{"start":{"line":312,"column":4},"end":{"line":320,"column":5}},"type":"if","locations":[{"start":{"line":312,"column":4},"end":{"line":320,"column":5}}]},"27":{"loc":{"start":{"line":344,"column":4},"end":{"line":346,"column":5}},"type":"if","locations":[{"start":{"line":344,"column":4},"end":{"line":346,"column":5}}]},"28":{"loc":{"start":{"line":382,"column":4},"end":{"line":390,"column":5}},"type":"if","locations":[{"start":{"line":382,"column":4},"end":{"line":390,"column":5}}]},"29":{"loc":{"start":{"line":424,"column":4},"end":{"line":424,"column":29}},"type":"if","locations":[{"start":{"line":424,"column":4},"end":{"line":424,"column":29}}]}},"s":{"0":0,"1":0,"2":0,"3":0,"4":0,"5":0,"6":0,"7":0,"8":0,"9":0,"10":0,"11":0,"12":0,"13":0,"14":0,"15":0,"16":0,"17":0,"18":0,"19":0,"20":0,"21":0,"22":0,"23":0,"24":0,"25":0,"26":0,"27":0,"28":0,"29":0,"30":0,"31":0,"32":0,"33":0,"34":0,"35":0,"36":0,"37":0,"38":0,"39":0,"40":0,"41":0,"42":0,"43":0,"44":0,"45":0,"46":0,"47":0,"48":0,"49":0,"50":0,"51":0,"52":0,"53":0,"54":0,"55":0,"56":0,"57":0,"58":0,"59":0,"60":0,"61":0,"62":0,"63":0,"64":0,"65":0,"66":0,"67":0,"68":0,"69":0,"70":0,"71":0,"72":0,"73":0,"74":0,"75":0,"76":0,"77":0,"78":0,"79":0,"80":0,"81":0,"82":0,"83":0,"84":0,"85":0,"86":0,"87":0,"88":0,"89":0,"90":0,"91":0,"92":0,"93":0,"94":0,"95":0,"96":0,"97":0,"98":0,"99":0,"100":0,"101":0,"102":0,"103":0,"104":0,"105":0,"106":0,"107":0},"f":{"0":0,"1":0,"2":0,"3":0,"4":0,"5":0,"6":0,"7":0,"8":0,"9":0,"10":0,"11":0,"12":0,"13":0,"14":0,"15":0,"16":0},"b":{"0":[0],"1":[0,0],"2":[0],"3":[0],"4":[0],"5":[0],"6":[0],"7":[0],"8":[0],"9":[0],"10":[0],"11":[0],"12":[0],"13":[0],"14":[0],"15":[0],"16":[0],"17":[0],"18":[0],"19":[0],"20":[0],"21":[0,0],"22":[0],"23":[0],"24":[0],"25":[0,0],"26":[0],"27":[0],"28":[0],"29":[0]}}
,"C:\\comptabli\\backend\\src\\admin\\admin-accountants.controller.ts": {"path":"C:\\comptabli\\backend\\src\\admin\\admin-accountants.controller.ts","statementMap":{"0":{"start":{"line":1,"column":0},"end":{"line":1,"column":82}},"1":{"start":{"line":2,"column":0},"end":{"line":2,"column":54}},"2":{"start":{"line":3,"column":0},"end":{"line":3,"column":45}},"3":{"start":{"line":4,"column":0},"end":{"line":4,"column":58}},"4":{"start":{"line":5,"column":0},"end":{"line":5,"column":61}},"5":{"start":{"line":6,"column":0},"end":{"line":6,"column":46}},"6":{"start":{"line":11,"column":7},"end":{"line":28,"column":null}},"7":{"start":{"line":12,"column":31},"end":{"line":12,"column":45}},"8":{"start":{"line":16,"column":4},"end":{"line":16,"column":84}},"9":{"start":{"line":21,"column":4},"end":{"line":21,"column":55}},"10":{"start":{"line":26,"column":4},"end":{"line":26,"column":40}},"11":{"start":{"line":11,"column":13},"end":{"line":11,"column":39}},"12":{"start":{"line":15,"column":2},"end":{"line":17,"column":null}},"13":{"start":{"line":20,"column":2},"end":{"line":22,"column":null}},"14":{"start":{"line":25,"column":2},"end":{"line":27,"column":null}},"15":{"start":{"line":11,"column":13},"end":{"line":28,"column":null}}},"fnMap":{"0":{"name":"(anonymous_4)","decl":{"start":{"line":12,"column":2},"end":{"line":12,"column":31}},"loc":{"start":{"line":12,"column":57},"end":{"line":12,"column":61}}},"1":{"name":"(anonymous_5)","decl":{"start":{"line":15,"column":2},"end":{"line":15,"column":9}},"loc":{"start":{"line":15,"column":76},"end":{"line":17,"column":3}}},"2":{"name":"(anonymous_6)","decl":{"start":{"line":20,"column":2},"end":{"line":20,"column":9}},"loc":{"start":{"line":20,"column":33},"end":{"line":22,"column":3}}},"3":{"name":"(anonymous_7)","decl":{"start":{"line":25,"column":2},"end":{"line":25,"column":8}},"loc":{"start":{"line":25,"column":32},"end":{"line":27,"column":3}}}},"branchMap":{},"s":{"0":0,"1":0,"2":0,"3":0,"4":0,"5":0,"6":0,"7":0,"8":0,"9":0,"10":0,"11":0,"12":0,"13":0,"14":0,"15":0},"f":{"0":0,"1":0,"2":0,"3":0},"b":{}}
,"C:\\comptabli\\backend\\src\\admin\\admin-analytics.controller.ts": {"path":"C:\\comptabli\\backend\\src\\admin\\admin-analytics.controller.ts","statementMap":{"0":{"start":{"line":1,"column":0},"end":{"line":1,"column":60}},"1":{"start":{"line":2,"column":0},"end":{"line":2,"column":54}},"2":{"start":{"line":3,"column":0},"end":{"line":3,"column":45}},"3":{"start":{"line":4,"column":0},"end":{"line":4,"column":58}},"4":{"start":{"line":5,"column":0},"end":{"line":5,"column":61}},"5":{"start":{"line":6,"column":0},"end":{"line":6,"column":38}},"6":{"start":{"line":11,"column":7},"end":{"line":18,"column":null}},"7":{"start":{"line":12,"column":31},"end":{"line":12,"column":45}},"8":{"start":{"line":16,"column":4},"end":{"line":16,"column":49}},"9":{"start":{"line":11,"column":13},"end":{"line":11,"column":37}},"10":{"start":{"line":15,"column":2},"end":{"line":17,"column":null}},"11":{"start":{"line":11,"column":13},"end":{"line":18,"column":null}}},"fnMap":{"0":{"name":"(anonymous_2)","decl":{"start":{"line":12,"column":2},"end":{"line":12,"column":31}},"loc":{"start":{"line":12,"column":57},"end":{"line":12,"column":61}}},"1":{"name":"(anonymous_3)","decl":{"start":{"line":15,"column":2},"end":{"line":15,"column":14}},"loc":{"start":{"line":15,"column":14},"end":{"line":17,"column":3}}}},"branchMap":{},"s":{"0":0,"1":0,"2":0,"3":0,"4":0,"5":0,"6":0,"7":0,"8":0,"9":0,"10":0,"11":0},"f":{"0":0,"1":0},"b":{}}
,"C:\\comptabli\\backend\\src\\admin\\admin-audit-logs.controller.ts": {"path":"C:\\comptabli\\backend\\src\\admin\\admin-audit-logs.controller.ts","statementMap":{"0":{"start":{"line":1,"column":0},"end":{"line":1,"column":67}},"1":{"start":{"line":2,"column":0},"end":{"line":2,"column":66}},"2":{"start":{"line":3,"column":0},"end":{"line":3,"column":45}},"3":{"start":{"line":4,"column":0},"end":{"line":4,"column":58}},"4":{"start":{"line":5,"column":0},"end":{"line":5,"column":61}},"5":{"start":{"line":6,"column":0},"end":{"line":6,"column":38}},"6":{"start":{"line":11,"column":7},"end":{"line":36,"column":null}},"7":{"start":{"line":12,"column":31},"end":{"line":12,"column":48}},"8":{"start":{"line":22,"column":4},"end":{"line":22,"column":78}},"9":{"start":{"line":34,"column":4},"end":{"line":34,"column":83}},"10":{"start":{"line":11,"column":13},"end":{"line":11,"column":37}},"11":{"start":{"line":15,"column":2},"end":{"line":23,"column":null}},"12":{"start":{"line":26,"column":2},"end":{"line":35,"column":null}},"13":{"start":{"line":11,"column":13},"end":{"line":36,"column":null}}},"fnMap":{"0":{"name":"(anonymous_4)","decl":{"start":{"line":12,"column":2},"end":{"line":12,"column":31}},"loc":{"start":{"line":12,"column":63},"end":{"line":12,"column":67}}},"1":{"name":"(anonymous_5)","decl":{"start":{"line":15,"column":2},"end":{"line":15,"column":9}},"loc":{"start":{"line":20,"column":28},"end":{"line":23,"column":3}}},"2":{"name":"(anonymous_6)","decl":{"start":{"line":26,"column":2},"end":{"line":26,"column":8}},"loc":{"start":{"line":31,"column":28},"end":{"line":35,"column":3}}}},"branchMap":{},"s":{"0":0,"1":0,"2":0,"3":0,"4":0,"5":0,"6":0,"7":0,"8":0,"9":0,"10":0,"11":0,"12":0,"13":0},"f":{"0":0,"1":0,"2":0},"b":{}}
,"C:\\comptabli\\backend\\src\\admin\\admin-dashboard.controller.ts": {"path":"C:\\comptabli\\backend\\src\\admin\\admin-dashboard.controller.ts","statementMap":{"0":{"start":{"line":1,"column":0},"end":{"line":1,"column":60}},"1":{"start":{"line":2,"column":0},"end":{"line":2,"column":54}},"2":{"start":{"line":3,"column":0},"end":{"line":3,"column":45}},"3":{"start":{"line":4,"column":0},"end":{"line":4,"column":58}},"4":{"start":{"line":5,"column":0},"end":{"line":5,"column":61}},"5":{"start":{"line":6,"column":0},"end":{"line":6,"column":38}},"6":{"start":{"line":11,"column":7},"end":{"line":18,"column":null}},"7":{"start":{"line":12,"column":31},"end":{"line":12,"column":45}},"8":{"start":{"line":16,"column":4},"end":{"line":16,"column":54}},"9":{"start":{"line":11,"column":13},"end":{"line":11,"column":37}},"10":{"start":{"line":15,"column":2},"end":{"line":17,"column":null}},"11":{"start":{"line":11,"column":13},"end":{"line":18,"column":null}}},"fnMap":{"0":{"name":"(anonymous_2)","decl":{"start":{"line":12,"column":2},"end":{"line":12,"column":31}},"loc":{"start":{"line":12,"column":57},"end":{"line":12,"column":61}}},"1":{"name":"(anonymous_3)","decl":{"start":{"line":15,"column":2},"end":{"line":15,"column":10}},"loc":{"start":{"line":15,"column":10},"end":{"line":17,"column":3}}}},"branchMap":{},"s":{"0":0,"1":0,"2":0,"3":0,"4":0,"5":0,"6":0,"7":0,"8":0,"9":0,"10":0,"11":0},"f":{"0":0,"1":0},"b":{}}
,"C:\\comptabli\\backend\\src\\admin\\admin-profile.controller.ts": {"path":"C:\\comptabli\\backend\\src\\admin\\admin-profile.controller.ts","statementMap":{"0":{"start":{"line":1,"column":0},"end":{"line":1,"column":88}},"1":{"start":{"line":2,"column":0},"end":{"line":2,"column":54}},"2":{"start":{"line":3,"column":0},"end":{"line":3,"column":45}},"3":{"start":{"line":4,"column":0},"end":{"line":4,"column":58}},"4":{"start":{"line":5,"column":0},"end":{"line":5,"column":61}},"5":{"start":{"line":6,"column":0},"end":{"line":6,"column":38}},"6":{"start":{"line":11,"column":7},"end":{"line":29,"column":null}},"7":{"start":{"line":12,"column":31},"end":{"line":12,"column":45}},"8":{"start":{"line":16,"column":4},"end":{"line":16,"column":55}},"9":{"start":{"line":21,"column":4},"end":{"line":21,"column":74}},"10":{"start":{"line":27,"column":4},"end":{"line":27,"column":78}},"11":{"start":{"line":11,"column":13},"end":{"line":11,"column":35}},"12":{"start":{"line":15,"column":2},"end":{"line":17,"column":null}},"13":{"start":{"line":20,"column":2},"end":{"line":22,"column":null}},"14":{"start":{"line":25,"column":2},"end":{"line":28,"column":null}},"15":{"start":{"line":11,"column":13},"end":{"line":29,"column":null}}},"fnMap":{"0":{"name":"(anonymous_4)","decl":{"start":{"line":12,"column":2},"end":{"line":12,"column":31}},"loc":{"start":{"line":12,"column":57},"end":{"line":12,"column":61}}},"1":{"name":"(anonymous_5)","decl":{"start":{"line":15,"column":2},"end":{"line":15,"column":12}},"loc":{"start":{"line":15,"column":32},"end":{"line":17,"column":3}}},"2":{"name":"(anonymous_6)","decl":{"start":{"line":20,"column":2},"end":{"line":20,"column":15}},"loc":{"start":{"line":20,"column":54},"end":{"line":22,"column":3}}},"3":{"name":"(anonymous_7)","decl":{"start":{"line":25,"column":2},"end":{"line":25,"column":16}},"loc":{"start":{"line":25,"column":55},"end":{"line":28,"column":3}}}},"branchMap":{},"s":{"0":0,"1":0,"2":0,"3":0,"4":0,"5":0,"6":0,"7":0,"8":0,"9":0,"10":0,"11":0,"12":0,"13":0,"14":0,"15":0},"f":{"0":0,"1":0,"2":0,"3":0},"b":{}}
,"C:\\comptabli\\backend\\src\\admin\\admin-reviews.controller.ts": {"path":"C:\\comptabli\\backend\\src\\admin\\admin-reviews.controller.ts","statementMap":{"0":{"start":{"line":1,"column":0},"end":{"line":1,"column":95}},"1":{"start":{"line":2,"column":0},"end":{"line":2,"column":60}},"2":{"start":{"line":3,"column":0},"end":{"line":3,"column":45}},"3":{"start":{"line":4,"column":0},"end":{"line":4,"column":58}},"4":{"start":{"line":5,"column":0},"end":{"line":5,"column":61}},"5":{"start":{"line":6,"column":0},"end":{"line":6,"column":46}},"6":{"start":{"line":11,"column":7},"end":{"line":28,"column":null}},"7":{"start":{"line":12,"column":31},"end":{"line":12,"column":47}},"8":{"start":{"line":16,"column":4},"end":{"line":16,"column":52}},"9":{"start":{"line":21,"column":4},"end":{"line":21,"column":56}},"10":{"start":{"line":26,"column":4},"end":{"line":26,"column":42}},"11":{"start":{"line":11,"column":13},"end":{"line":11,"column":35}},"12":{"start":{"line":15,"column":2},"end":{"line":17,"column":null}},"13":{"start":{"line":20,"column":2},"end":{"line":22,"column":null}},"14":{"start":{"line":25,"column":2},"end":{"line":27,"column":null}},"15":{"start":{"line":11,"column":13},"end":{"line":28,"column":null}}},"fnMap":{"0":{"name":"(anonymous_4)","decl":{"start":{"line":12,"column":2},"end":{"line":12,"column":31}},"loc":{"start":{"line":12,"column":61},"end":{"line":12,"column":65}}},"1":{"name":"(anonymous_5)","decl":{"start":{"line":15,"column":2},"end":{"line":15,"column":9}},"loc":{"start":{"line":15,"column":42},"end":{"line":17,"column":3}}},"2":{"name":"(anonymous_6)","decl":{"start":{"line":20,"column":2},"end":{"line":20,"column":14}},"loc":{"start":{"line":20,"column":70},"end":{"line":22,"column":3}}},"3":{"name":"(anonymous_7)","decl":{"start":{"line":25,"column":2},"end":{"line":25,"column":8}},"loc":{"start":{"line":25,"column":32},"end":{"line":27,"column":3}}}},"branchMap":{},"s":{"0":0,"1":0,"2":0,"3":0,"4":0,"5":0,"6":0,"7":0,"8":0,"9":0,"10":0,"11":0,"12":0,"13":0,"14":0,"15":0},"f":{"0":0,"1":0,"2":0,"3":0},"b":{}}
,"C:\\comptabli\\backend\\src\\admin\\admin-storage.controller.ts": {"path":"C:\\comptabli\\backend\\src\\admin\\admin-storage.controller.ts","statementMap":{"0":{"start":{"line":1,"column":0},"end":{"line":1,"column":80}},"1":{"start":{"line":2,"column":0},"end":{"line":2,"column":78}},"2":{"start":{"line":3,"column":0},"end":{"line":3,"column":45}},"3":{"start":{"line":4,"column":0},"end":{"line":4,"column":58}},"4":{"start":{"line":5,"column":0},"end":{"line":5,"column":61}},"5":{"start":{"line":6,"column":0},"end":{"line":6,"column":38}},"6":{"start":{"line":11,"column":7},"end":{"line":23,"column":null}},"7":{"start":{"line":12,"column":31},"end":{"line":12,"column":53}},"8":{"start":{"line":16,"column":4},"end":{"line":16,"column":52}},"9":{"start":{"line":21,"column":4},"end":{"line":21,"column":72}},"10":{"start":{"line":11,"column":13},"end":{"line":11,"column":35}},"11":{"start":{"line":15,"column":2},"end":{"line":17,"column":null}},"12":{"start":{"line":20,"column":2},"end":{"line":22,"column":null}},"13":{"start":{"line":11,"column":13},"end":{"line":23,"column":null}}},"fnMap":{"0":{"name":"(anonymous_4)","decl":{"start":{"line":12,"column":2},"end":{"line":12,"column":31}},"loc":{"start":{"line":12,"column":73},"end":{"line":12,"column":77}}},"1":{"name":"(anonymous_5)","decl":{"start":{"line":15,"column":2},"end":{"line":15,"column":9}},"loc":{"start":{"line":15,"column":9},"end":{"line":17,"column":3}}},"2":{"name":"(anonymous_6)","decl":{"start":{"line":20,"column":2},"end":{"line":20,"column":13}},"loc":{"start":{"line":20,"column":91},"end":{"line":22,"column":3}}}},"branchMap":{},"s":{"0":0,"1":0,"2":0,"3":0,"4":0,"5":0,"6":0,"7":0,"8":0,"9":0,"10":0,"11":0,"12":0,"13":0},"f":{"0":0,"1":0,"2":0},"b":{}}
,"C:\\comptabli\\backend\\src\\admin\\admin-users.controller.ts": {"path":"C:\\comptabli\\backend\\src\\admin\\admin-users.controller.ts","statementMap":{"0":{"start":{"line":1,"column":0},"end":{"line":1,"column":null}},"1":{"start":{"line":12,"column":0},"end":{"line":12,"column":54}},"2":{"start":{"line":13,"column":0},"end":{"line":13,"column":61}},"3":{"start":{"line":14,"column":0},"end":{"line":14,"column":45}},"4":{"start":{"line":15,"column":0},"end":{"line":15,"column":58}},"5":{"start":{"line":16,"column":0},"end":{"line":16,"column":61}},"6":{"start":{"line":17,"column":0},"end":{"line":17,"column":46}},"7":{"start":{"line":22,"column":7},"end":{"line":76,"column":null}},"8":{"start":{"line":23,"column":31},"end":{"line":23,"column":45}},"9":{"start":{"line":31,"column":4},"end":{"line":31,"column":68}},"10":{"start":{"line":36,"column":4},"end":{"line":36,"column":42}},"11":{"start":{"line":43,"column":4},"end":{"line":48,"column":6}},"12":{"start":{"line":54,"column":4},"end":{"line":54,"column":61}},"13":{"start":{"line":59,"column":4},"end":{"line":59,"column":54}},"14":{"start":{"line":64,"column":4},"end":{"line":64,"column":50}},"15":{"start":{"line":69,"column":4},"end":{"line":69,"column":57}},"16":{"start":{"line":74,"column":4},"end":{"line":74,"column":40}},"17":{"start":{"line":22,"column":13},"end":{"line":22,"column":33}},"18":{"start":{"line":26,"column":2},"end":{"line":32,"column":null}},"19":{"start":{"line":35,"column":2},"end":{"line":37,"column":null}},"20":{"start":{"line":40,"column":2},"end":{"line":49,"column":null}},"21":{"start":{"line":52,"column":2},"end":{"line":55,"column":null}},"22":{"start":{"line":58,"column":2},"end":{"line":60,"column":null}},"23":{"start":{"line":63,"column":2},"end":{"line":65,"column":null}},"24":{"start":{"line":68,"column":2},"end":{"line":70,"column":null}},"25":{"start":{"line":73,"column":2},"end":{"line":75,"column":null}},"26":{"start":{"line":22,"column":13},"end":{"line":76,"column":null}}},"fnMap":{"0":{"name":"(anonymous_4)","decl":{"start":{"line":23,"column":2},"end":{"line":23,"column":31}},"loc":{"start":{"line":23,"column":57},"end":{"line":23,"column":61}}},"1":{"name":"(anonymous_5)","decl":{"start":{"line":26,"column":2},"end":{"line":26,"column":9}},"loc":{"start":{"line":29,"column":36},"end":{"line":32,"column":3}}},"2":{"name":"(anonymous_6)","decl":{"start":{"line":35,"column":2},"end":{"line":35,"column":9}},"loc":{"start":{"line":35,"column":33},"end":{"line":37,"column":3}}},"3":{"name":"(anonymous_7)","decl":{"start":{"line":40,"column":2},"end":{"line":40,"column":8}},"loc":{"start":{"line":40,"column":45},"end":{"line":49,"column":3}}},"4":{"name":"(anonymous_8)","decl":{"start":{"line":52,"column":2},"end":{"line":52,"column":8}},"loc":{"start":{"line":52,"column":57},"end":{"line":55,"column":3}}},"5":{"name":"(anonymous_9)","decl":{"start":{"line":58,"column":2},"end":{"line":58,"column":14}},"loc":{"start":{"line":58,"column":70},"end":{"line":60,"column":3}}},"6":{"name":"(anonymous_10)","decl":{"start":{"line":63,"column":2},"end":{"line":63,"column":12}},"loc":{"start":{"line":63,"column":62},"end":{"line":65,"column":3}}},"7":{"name":"(anonymous_11)","decl":{"start":{"line":68,"column":2},"end":{"line":68,"column":15}},"loc":{"start":{"line":68,"column":76},"end":{"line":70,"column":3}}},"8":{"name":"(anonymous_12)","decl":{"start":{"line":73,"column":2},"end":{"line":73,"column":8}},"loc":{"start":{"line":73,"column":32},"end":{"line":75,"column":3}}}},"branchMap":{"0":{"loc":{"start":{"line":45,"column":6},"end":{"line":45,"column":39}},"type":"binary-expr","locations":[{"start":{"line":45,"column":6},"end":{"line":45,"column":24}},{"start":{"line":45,"column":28},"end":{"line":45,"column":39}}]},"1":{"loc":{"start":{"line":46,"column":6},"end":{"line":46,"column":43}},"type":"binary-expr","locations":[{"start":{"line":46,"column":6},"end":{"line":46,"column":26}},{"start":{"line":46,"column":30},"end":{"line":46,"column":43}}]}},"s":{"0":0,"1":0,"2":0,"3":0,"4":0,"5":0,"6":0,"7":0,"8":0,"9":0,"10":0,"11":0,"12":0,"13":0,"14":0,"15":0,"16":0,"17":0,"18":0,"19":0,"20":0,"21":0,"22":0,"23":0,"24":0,"25":0,"26":0},"f":{"0":0,"1":0,"2":0,"3":0,"4":0,"5":0,"6":0,"7":0,"8":0},"b":{"0":[0,0],"1":[0,0]}}
,"C:\\comptabli\\backend\\src\\admin\\admin.controller.ts": {"path":"C:\\comptabli\\backend\\src\\admin\\admin.controller.ts","statementMap":{"0":{"start":{"line":1,"column":0},"end":{"line":1,"column":null}},"1":{"start":{"line":14,"column":0},"end":{"line":14,"column":45}},"2":{"start":{"line":16,"column":0},"end":{"line":16,"column":46}},"3":{"start":{"line":17,"column":0},"end":{"line":17,"column":61}},"4":{"start":{"line":18,"column":0},"end":{"line":18,"column":58}},"5":{"start":{"line":19,"column":0},"end":{"line":19,"column":47}},"6":{"start":{"line":32,"column":7},"end":{"line":256,"column":null}},"7":{"start":{"line":33,"column":31},"end":{"line":33,"column":45}},"8":{"start":{"line":36,"column":4},"end":{"line":41,"column":6}},"9":{"start":{"line":46,"column":4},"end":{"line":46,"column":59}},"10":{"start":{"line":55,"column":4},"end":{"line":55,"column":82}},"11":{"start":{"line":60,"column":4},"end":{"line":60,"column":64}},"12":{"start":{"line":65,"column":4},"end":{"line":65,"column":67}},"13":{"start":{"line":75,"column":4},"end":{"line":75,"column":82}},"14":{"start":{"line":98,"column":4},"end":{"line":98,"column":63}},"15":{"start":{"line":103,"column":4},"end":{"line":103,"column":58}},"16":{"start":{"line":119,"column":4},"end":{"line":119,"column":67}},"17":{"start":{"line":128,"column":4},"end":{"line":128,"column":75}},"18":{"start":{"line":137,"column":4},"end":{"line":137,"column":71}},"19":{"start":{"line":146,"column":4},"end":{"line":146,"column":78}},"20":{"start":{"line":151,"column":4},"end":{"line":151,"column":61}},"21":{"start":{"line":156,"column":4},"end":{"line":156,"column":66}},"22":{"start":{"line":165,"column":4},"end":{"line":165,"column":77}},"23":{"start":{"line":170,"column":4},"end":{"line":170,"column":63}},"24":{"start":{"line":175,"column":4},"end":{"line":175,"column":58}},"25":{"start":{"line":184,"column":4},"end":{"line":184,"column":96}},"26":{"start":{"line":189,"column":4},"end":{"line":189,"column":59}},"27":{"start":{"line":201,"column":4},"end":{"line":207,"column":7}},"28":{"start":{"line":220,"column":4},"end":{"line":226,"column":7}},"29":{"start":{"line":231,"column":4},"end":{"line":231,"column":57}},"30":{"start":{"line":246,"column":4},"end":{"line":246,"column":66}},"31":{"start":{"line":254,"column":4},"end":{"line":254,"column":67}},"32":{"start":{"line":32,"column":13},"end":{"line":32,"column":28}},"33":{"start":{"line":45,"column":2},"end":{"line":47,"column":null}},"34":{"start":{"line":50,"column":2},"end":{"line":56,"column":null}},"35":{"start":{"line":59,"column":2},"end":{"line":61,"column":null}},"36":{"start":{"line":64,"column":2},"end":{"line":66,"column":null}},"37":{"start":{"line":69,"column":2},"end":{"line":76,"column":null}},"38":{"start":{"line":79,"column":2},"end":{"line":99,"column":null}},"39":{"start":{"line":102,"column":2},"end":{"line":104,"column":null}},"40":{"start":{"line":107,"column":2},"end":{"line":120,"column":null}},"41":{"start":{"line":123,"column":2},"end":{"line":129,"column":null}},"42":{"start":{"line":132,"column":2},"end":{"line":138,"column":null}},"43":{"start":{"line":141,"column":2},"end":{"line":147,"column":null}},"44":{"start":{"line":150,"column":2},"end":{"line":152,"column":null}},"45":{"start":{"line":155,"column":2},"end":{"line":157,"column":null}},"46":{"start":{"line":160,"column":2},"end":{"line":166,"column":null}},"47":{"start":{"line":169,"column":2},"end":{"line":171,"column":null}},"48":{"start":{"line":174,"column":2},"end":{"line":176,"column":null}},"49":{"start":{"line":179,"column":2},"end":{"line":185,"column":null}},"50":{"start":{"line":188,"column":2},"end":{"line":190,"column":null}},"51":{"start":{"line":193,"column":2},"end":{"line":208,"column":null}},"52":{"start":{"line":212,"column":8},"end":{"line":227,"column":null}},"53":{"start":{"line":230,"column":2},"end":{"line":232,"column":null}},"54":{"start":{"line":235,"column":2},"end":{"line":247,"column":null}},"55":{"start":{"line":250,"column":2},"end":{"line":255,"column":null}},"56":{"start":{"line":32,"column":13},"end":{"line":256,"column":null}}},"fnMap":{"0":{"name":"(anonymous_4)","decl":{"start":{"line":33,"column":2},"end":{"line":33,"column":31}},"loc":{"start":{"line":33,"column":57},"end":{"line":33,"column":61}}},"1":{"name":"(anonymous_5)","decl":{"start":{"line":35,"column":10},"end":{"line":35,"column":15}},"loc":{"start":{"line":35,"column":33},"end":{"line":42,"column":3}}},"2":{"name":"(anonymous_6)","decl":{"start":{"line":45,"column":2},"end":{"line":45,"column":14}},"loc":{"start":{"line":45,"column":39},"end":{"line":47,"column":3}}},"3":{"name":"(anonymous_7)","decl":{"start":{"line":50,"column":2},"end":{"line":50,"column":17}},"loc":{"start":{"line":53,"column":36},"end":{"line":56,"column":3}}},"4":{"name":"(anonymous_8)","decl":{"start":{"line":59,"column":2},"end":{"line":59,"column":15}},"loc":{"start":{"line":59,"column":65},"end":{"line":61,"column":3}}},"5":{"name":"(anonymous_9)","decl":{"start":{"line":64,"column":2},"end":{"line":64,"column":18}},"loc":{"start":{"line":64,"column":68},"end":{"line":66,"column":3}}},"6":{"name":"(anonymous_10)","decl":{"start":{"line":69,"column":2},"end":{"line":69,"column":11}},"loc":{"start":{"line":73,"column":36},"end":{"line":76,"column":3}}},"7":{"name":"(anonymous_11)","decl":{"start":{"line":79,"column":2},"end":{"line":79,"column":12}},"loc":{"start":{"line":96,"column":5},"end":{"line":99,"column":3}}},"8":{"name":"(anonymous_12)","decl":{"start":{"line":102,"column":2},"end":{"line":102,"column":9}},"loc":{"start":{"line":102,"column":59},"end":{"line":104,"column":3}}},"9":{"name":"(anonymous_13)","decl":{"start":{"line":107,"column":2},"end":{"line":107,"column":12}},"loc":{"start":{"line":117,"column":5},"end":{"line":120,"column":3}}},"10":{"name":"(anonymous_14)","decl":{"start":{"line":123,"column":2},"end":{"line":123,"column":18}},"loc":{"start":{"line":126,"column":34},"end":{"line":129,"column":3}}},"11":{"name":"(anonymous_15)","decl":{"start":{"line":132,"column":2},"end":{"line":132,"column":16}},"loc":{"start":{"line":135,"column":28},"end":{"line":138,"column":3}}},"12":{"name":"(anonymous_16)","decl":{"start":{"line":141,"column":2},"end":{"line":141,"column":19}},"loc":{"start":{"line":144,"column":39},"end":{"line":147,"column":3}}},"13":{"name":"(anonymous_17)","decl":{"start":{"line":150,"column":2},"end":{"line":150,"column":12}},"loc":{"start":{"line":150,"column":62},"end":{"line":152,"column":3}}},"14":{"name":"(anonymous_18)","decl":{"start":{"line":155,"column":2},"end":{"line":155,"column":13}},"loc":{"start":{"line":155,"column":72},"end":{"line":157,"column":3}}},"15":{"name":"(anonymous_19)","decl":{"start":{"line":160,"column":2},"end":{"line":160,"column":20}},"loc":{"start":{"line":163,"column":34},"end":{"line":166,"column":3}}},"16":{"name":"(anonymous_20)","decl":{"start":{"line":169,"column":2},"end":{"line":169,"column":14}},"loc":{"start":{"line":169,"column":64},"end":{"line":171,"column":3}}},"17":{"name":"(anonymous_21)","decl":{"start":{"line":174,"column":2},"end":{"line":174,"column":13}},"loc":{"start":{"line":174,"column":38},"end":{"line":176,"column":3}}},"18":{"name":"(anonymous_22)","decl":{"start":{"line":179,"column":2},"end":{"line":179,"column":20}},"loc":{"start":{"line":182,"column":32},"end":{"line":185,"column":3}}},"19":{"name":"(anonymous_23)","decl":{"start":{"line":188,"column":2},"end":{"line":188,"column":14}},"loc":{"start":{"line":188,"column":39},"end":{"line":190,"column":3}}},"20":{"name":"(anonymous_24)","decl":{"start":{"line":193,"column":2},"end":{"line":193,"column":15}},"loc":{"start":{"line":199,"column":28},"end":{"line":208,"column":3}}},"21":{"name":"(anonymous_25)","decl":{"start":{"line":212,"column":2},"end":{"line":212,"column":7}},"loc":{"start":{"line":218,"column":28},"end":{"line":227,"column":3}}},"22":{"name":"(anonymous_26)","decl":{"start":{"line":230,"column":2},"end":{"line":230,"column":12}},"loc":{"start":{"line":230,"column":37},"end":{"line":232,"column":3}}},"23":{"name":"(anonymous_27)","decl":{"start":{"line":235,"column":2},"end":{"line":235,"column":15}},"loc":{"start":{"line":244,"column":5},"end":{"line":247,"column":3}}},"24":{"name":"(anonymous_28)","decl":{"start":{"line":250,"column":2},"end":{"line":250,"column":16}},"loc":{"start":{"line":252,"column":68},"end":{"line":255,"column":3}}}},"branchMap":{},"s":{"0":0,"1":0,"2":0,"3":0,"4":0,"5":0,"6":0,"7":0,"8":0,"9":0,"10":0,"11":0,"12":0,"13":0,"14":0,"15":0,"16":0,"17":0,"18":0,"19":0,"20":0,"21":0,"22":0,"23":0,"24":0,"25":0,"26":0,"27":0,"28":0,"29":0,"30":0,"31":0,"32":0,"33":0,"34":0,"35":0,"36":0,"37":0,"38":0,"39":0,"40":0,"41":0,"42":0,"43":0,"44":0,"45":0,"46":0,"47":0,"48":0,"49":0,"50":0,"51":0,"52":0,"53":0,"54":0,"55":0,"56":0},"f":{"0":0,"1":0,"2":0,"3":0,"4":0,"5":0,"6":0,"7":0,"8":0,"9":0,"10":0,"11":0,"12":0,"13":0,"14":0,"15":0,"16":0,"17":0,"18":0,"19":0,"20":0,"21":0,"22":0,"23":0,"24":0},"b":{}}
,"C:\\comptabli\\backend\\src\\admin\\admin.module.ts": {"path":"C:\\comptabli\\backend\\src\\admin\\admin.module.ts","statementMap":{"0":{"start":{"line":1,"column":0},"end":{"line":1,"column":40}},"1":{"start":{"line":2,"column":0},"end":{"line":2,"column":64}},"2":{"start":{"line":3,"column":0},"end":{"line":3,"column":76}},"3":{"start":{"line":4,"column":0},"end":{"line":4,"column":72}},"4":{"start":{"line":5,"column":0},"end":{"line":5,"column":72}},"5":{"start":{"line":6,"column":0},"end":{"line":6,"column":68}},"6":{"start":{"line":7,"column":0},"end":{"line":7,"column":68}},"7":{"start":{"line":8,"column":0},"end":{"line":8,"column":73}},"8":{"start":{"line":9,"column":0},"end":{"line":9,"column":68}},"9":{"start":{"line":11,"column":0},"end":{"line":11,"column":52}},"10":{"start":{"line":12,"column":0},"end":{"line":12,"column":52}},"11":{"start":{"line":13,"column":0},"end":{"line":13,"column":58}},"12":{"start":{"line":14,"column":0},"end":{"line":14,"column":64}},"13":{"start":{"line":15,"column":0},"end":{"line":15,"column":76}},"14":{"start":{"line":36,"column":7},"end":{"line":36,"column":null}},"15":{"start":{"line":36,"column":13},"end":{"line":36,"column":24}},"16":{"start":{"line":36,"column":13},"end":{"line":36,"column":null}}},"fnMap":{},"branchMap":{},"s":{"0":0,"1":0,"2":0,"3":0,"4":0,"5":0,"6":0,"7":0,"8":0,"9":0,"10":0,"11":0,"12":0,"13":0,"14":0,"15":0,"16":0},"f":{},"b":{}}
,"C:\\comptabli\\backend\\src\\admin\\admin.service.ts": {"path":"C:\\comptabli\\backend\\src\\admin\\admin.service.ts","statementMap":{"0":{"start":{"line":1,"column":0},"end":{"line":1,"column":null}},"1":{"start":{"line":7,"column":0},"end":{"line":7,"column":57}},"2":{"start":{"line":8,"column":0},"end":{"line":8,"column":66}},"3":{"start":{"line":9,"column":0},"end":{"line":9,"column":46}},"4":{"start":{"line":10,"column":0},"end":{"line":10,"column":33}},"5":{"start":{"line":11,"column":0},"end":{"line":11,"column":51}},"6":{"start":{"line":12,"column":0},"end":{"line":12,"column":54}},"7":{"start":{"line":15,"column":22},"end":{"line":15,"column":24}},"8":{"start":{"line":39,"column":7},"end":{"line":919,"column":null}},"9":{"start":{"line":41,"column":21},"end":{"line":41,"column":29}},"10":{"start":{"line":42,"column":21},"end":{"line":42,"column":38}},"11":{"start":{"line":43,"column":21},"end":{"line":43,"column":34}},"12":{"start":{"line":44,"column":21},"end":{"line":44,"column":35}},"13":{"start":{"line":55,"column":4},"end":{"line":63,"column":7}},"14":{"start":{"line":67,"column":43},"end":{"line":67,"column":45}},"15":{"start":{"line":69,"column":4},"end":{"line":69,"column":48}},"16":{"start":{"line":69,"column":22},"end":{"line":69,"column":48}},"17":{"start":{"line":70,"column":4},"end":{"line":70,"column":54}},"18":{"start":{"line":70,"column":24},"end":{"line":70,"column":54}},"19":{"start":{"line":71,"column":4},"end":{"line":79,"column":5}},"20":{"start":{"line":72,"column":21},"end":{"line":72,"column":42}},"21":{"start":{"line":73,"column":6},"end":{"line":78,"column":8}},"22":{"start":{"line":81,"column":4},"end":{"line":81,"column":17}},"23":{"start":{"line":85,"column":19},"end":{"line":89,"column":6}},"24":{"start":{"line":91,"column":4},"end":{"line":93,"column":5}},"25":{"start":{"line":92,"column":6},"end":{"line":92,"column":82}},"26":{"start":{"line":95,"column":4},"end":{"line":95,"column":21}},"27":{"start":{"line":99,"column":18},"end":{"line":99,"column":28}},"28":{"start":{"line":100,"column":4},"end":{"line":100,"column":31}},"29":{"start":{"line":102,"column":26},"end":{"line":102,"column":36}},"30":{"start":{"line":103,"column":4},"end":{"line":103,"column":56}},"31":{"start":{"line":116,"column":8},"end":{"line":146,"column":6}},"32":{"start":{"line":148,"column":26},"end":{"line":148,"column":69}},"33":{"start":{"line":149,"column":24},"end":{"line":159,"column":6}},"34":{"start":{"line":157,"column":47},"end":{"line":157,"column":99}},"35":{"start":{"line":160,"column":28},"end":{"line":162,"column":12}},"36":{"start":{"line":161,"column":24},"end":{"line":161,"column":76}},"37":{"start":{"line":164,"column":4},"end":{"line":164,"column":69}},"38":{"start":{"line":166,"column":4},"end":{"line":180,"column":6}},"39":{"start":{"line":168,"column":8},"end":{"line":168,"column":40}},"40":{"start":{"line":169,"column":8},"end":{"line":169,"column":19}},"41":{"start":{"line":184,"column":24},"end":{"line":199,"column":6}},"42":{"start":{"line":201,"column":4},"end":{"line":201,"column":66}},"43":{"start":{"line":203,"column":4},"end":{"line":210,"column":8}},"44":{"start":{"line":203,"column":72},"end":{"line":210,"column":6}},"45":{"start":{"line":214,"column":23},"end":{"line":265,"column":6}},"46":{"start":{"line":267,"column":4},"end":{"line":269,"column":5}},"47":{"start":{"line":268,"column":6},"end":{"line":268,"column":59}},"48":{"start":{"line":271,"column":4},"end":{"line":271,"column":69}},"49":{"start":{"line":273,"column":55},"end":{"line":273,"column":65}},"50":{"start":{"line":274,"column":4},"end":{"line":274,"column":26}},"51":{"start":{"line":278,"column":18},"end":{"line":293,"column":6}},"52":{"start":{"line":295,"column":4},"end":{"line":295,"column":60}},"53":{"start":{"line":297,"column":4},"end":{"line":297,"column":17}},"54":{"start":{"line":304,"column":4},"end":{"line":308,"column":5}},"55":{"start":{"line":305,"column":6},"end":{"line":307,"column":8}},"56":{"start":{"line":310,"column":20},"end":{"line":315,"column":null}},"57":{"start":{"line":318,"column":4},"end":{"line":329,"column":6}},"58":{"start":{"line":331,"column":4},"end":{"line":331,"column":19}},"59":{"start":{"line":335,"column":17},"end":{"line":355,"column":6}},"60":{"start":{"line":357,"column":4},"end":{"line":359,"column":5}},"61":{"start":{"line":358,"column":6},"end":{"line":358,"column":61}},"62":{"start":{"line":361,"column":4},"end":{"line":361,"column":63}},"63":{"start":{"line":363,"column":49},"end":{"line":363,"column":53}},"64":{"start":{"line":364,"column":4},"end":{"line":364,"column":20}},"65":{"start":{"line":378,"column":17},"end":{"line":378,"column":69}},"66":{"start":{"line":379,"column":4},"end":{"line":379,"column":70}},"67":{"start":{"line":379,"column":15},"end":{"line":379,"column":70}},"68":{"start":{"line":381,"column":18},"end":{"line":381,"column":39}},"69":{"start":{"line":382,"column":4},"end":{"line":387,"column":5}},"70":{"start":{"line":383,"column":23},"end":{"line":383,"column":78}},"71":{"start":{"line":384,"column":6},"end":{"line":386,"column":7}},"72":{"start":{"line":385,"column":8},"end":{"line":385,"column":80}},"73":{"start":{"line":389,"column":20},"end":{"line":410,"column":6}},"74":{"start":{"line":412,"column":4},"end":{"line":425,"column":6}},"75":{"start":{"line":427,"column":4},"end":{"line":427,"column":19}},"76":{"start":{"line":431,"column":17},"end":{"line":431,"column":69}},"77":{"start":{"line":432,"column":4},"end":{"line":432,"column":70}},"78":{"start":{"line":432,"column":15},"end":{"line":432,"column":70}},"79":{"start":{"line":434,"column":4},"end":{"line":436,"column":5}},"80":{"start":{"line":435,"column":6},"end":{"line":435,"column":89}},"81":{"start":{"line":438,"column":4},"end":{"line":450,"column":5}},"82":{"start":{"line":439,"column":31},"end":{"line":444,"column":8}},"83":{"start":{"line":445,"column":6},"end":{"line":449,"column":7}},"84":{"start":{"line":446,"column":8},"end":{"line":448,"column":10}},"85":{"start":{"line":452,"column":20},"end":{"line":455,"column":6}},"86":{"start":{"line":457,"column":4},"end":{"line":459,"column":5}},"87":{"start":{"line":458,"column":6},"end":{"line":458,"column":75}},"88":{"start":{"line":461,"column":4},"end":{"line":463,"column":5}},"89":{"start":{"line":462,"column":6},"end":{"line":462,"column":81}},"90":{"start":{"line":465,"column":4},"end":{"line":472,"column":6}},"91":{"start":{"line":474,"column":4},"end":{"line":478,"column":6}},"92":{"start":{"line":482,"column":17},"end":{"line":482,"column":69}},"93":{"start":{"line":483,"column":4},"end":{"line":483,"column":70}},"94":{"start":{"line":483,"column":15},"end":{"line":483,"column":70}},"95":{"start":{"line":485,"column":25},"end":{"line":485,"column":59}},"96":{"start":{"line":487,"column":4},"end":{"line":491,"column":5}},"97":{"start":{"line":488,"column":6},"end":{"line":490,"column":8}},"98":{"start":{"line":493,"column":4},"end":{"line":495,"column":5}},"99":{"start":{"line":494,"column":6},"end":{"line":494,"column":90}},"100":{"start":{"line":497,"column":20},"end":{"line":500,"column":6}},"101":{"start":{"line":502,"column":4},"end":{"line":509,"column":6}},"102":{"start":{"line":511,"column":4},"end":{"line":514,"column":6}},"103":{"start":{"line":518,"column":17},"end":{"line":518,"column":69}},"104":{"start":{"line":519,"column":4},"end":{"line":519,"column":70}},"105":{"start":{"line":519,"column":15},"end":{"line":519,"column":70}},"106":{"start":{"line":522,"column":6},"end":{"line":522,"column":75}},"107":{"start":{"line":523,"column":27},"end":{"line":523,"column":78}},"108":{"start":{"line":525,"column":4},"end":{"line":528,"column":7}},"109":{"start":{"line":530,"column":4},"end":{"line":530,"column":73}},"110":{"start":{"line":532,"column":4},"end":{"line":532,"column":73}},"111":{"start":{"line":534,"column":4},"end":{"line":537,"column":6}},"112":{"start":{"line":541,"column":17},"end":{"line":544,"column":6}},"113":{"start":{"line":545,"column":4},"end":{"line":545,"column":70}},"114":{"start":{"line":545,"column":15},"end":{"line":545,"column":70}},"115":{"start":{"line":547,"column":4},"end":{"line":549,"column":5}},"116":{"start":{"line":548,"column":6},"end":{"line":548,"column":88}},"117":{"start":{"line":551,"column":4},"end":{"line":551,"column":53}},"118":{"start":{"line":552,"column":4},"end":{"line":552,"column":71}},"119":{"start":{"line":553,"column":4},"end":{"line":553,"column":29}},"120":{"start":{"line":557,"column":23},"end":{"line":560,"column":6}},"121":{"start":{"line":562,"column":4},"end":{"line":564,"column":5}},"122":{"start":{"line":563,"column":6},"end":{"line":563,"column":59}},"123":{"start":{"line":566,"column":4},"end":{"line":566,"column":53}},"124":{"start":{"line":568,"column":4},"end":{"line":568,"column":83}},"125":{"start":{"line":570,"column":4},"end":{"line":570,"column":29}},"126":{"start":{"line":574,"column":20},"end":{"line":581,"column":6}},"127":{"start":{"line":583,"column":4},"end":{"line":583,"column":64}},"128":{"start":{"line":585,"column":4},"end":{"line":585,"column":19}},"129":{"start":{"line":589,"column":19},"end":{"line":589,"column":73}},"130":{"start":{"line":590,"column":4},"end":{"line":590,"column":65}},"131":{"start":{"line":590,"column":17},"end":{"line":590,"column":65}},"132":{"start":{"line":592,"column":20},"end":{"line":595,"column":6}},"133":{"start":{"line":597,"column":4},"end":{"line":604,"column":6}},"134":{"start":{"line":606,"column":4},"end":{"line":606,"column":19}},"135":{"start":{"line":610,"column":19},"end":{"line":610,"column":73}},"136":{"start":{"line":611,"column":4},"end":{"line":611,"column":65}},"137":{"start":{"line":611,"column":17},"end":{"line":611,"column":65}},"138":{"start":{"line":613,"column":4},"end":{"line":613,"column":55}},"139":{"start":{"line":614,"column":4},"end":{"line":614,"column":77}},"140":{"start":{"line":616,"column":4},"end":{"line":616,"column":29}},"141":{"start":{"line":620,"column":26},"end":{"line":631,"column":6}},"142":{"start":{"line":633,"column":4},"end":{"line":633,"column":70}},"143":{"start":{"line":635,"column":4},"end":{"line":644,"column":7}},"144":{"start":{"line":636,"column":20},"end":{"line":636,"column":81}},"145":{"start":{"line":637,"column":19},"end":{"line":637,"column":78}},"146":{"start":{"line":638,"column":6},"end":{"line":643,"column":8}},"147":{"start":{"line":648,"column":4},"end":{"line":650,"column":5}},"148":{"start":{"line":649,"column":6},"end":{"line":649,"column":54}},"149":{"start":{"line":652,"column":25},"end":{"line":655,"column":6}},"150":{"start":{"line":657,"column":4},"end":{"line":659,"column":5}},"151":{"start":{"line":658,"column":6},"end":{"line":658,"column":62}},"152":{"start":{"line":661,"column":20},"end":{"line":680,"column":6}},"153":{"start":{"line":682,"column":4},"end":{"line":689,"column":6}},"154":{"start":{"line":691,"column":4},"end":{"line":691,"column":19}},"155":{"start":{"line":695,"column":18},"end":{"line":699,"column":6}},"156":{"start":{"line":701,"column":20},"end":{"line":701,"column":45}},"157":{"start":{"line":702,"column":4},"end":{"line":705,"column":5}},"158":{"start":{"line":703,"column":18},"end":{"line":703,"column":59}},"159":{"start":{"line":704,"column":6},"end":{"line":704,"column":52}},"160":{"start":{"line":707,"column":4},"end":{"line":707,"column":76}},"161":{"start":{"line":707,"column":58},"end":{"line":707,"column":73}},"162":{"start":{"line":711,"column":26},"end":{"line":711,"column":36}},"163":{"start":{"line":712,"column":4},"end":{"line":712,"column":56}},"164":{"start":{"line":714,"column":69},"end":{"line":741,"column":6}},"165":{"start":{"line":743,"column":4},"end":{"line":743,"column":69}},"166":{"start":{"line":745,"column":4},"end":{"line":759,"column":6}},"167":{"start":{"line":763,"column":17},"end":{"line":763,"column":60}},"168":{"start":{"line":764,"column":4},"end":{"line":764,"column":70}},"169":{"start":{"line":765,"column":4},"end":{"line":765,"column":16}},"170":{"start":{"line":769,"column":17},"end":{"line":769,"column":60}},"171":{"start":{"line":770,"column":4},"end":{"line":770,"column":72}},"172":{"start":{"line":772,"column":19},"end
[...]
art":{"line":264,"column":2},"end":{"line":264,"column":7}},"loc":{"start":{"line":264,"column":54},"end":{"line":304,"column":3}}},"19":{"name":"(anonymous_21)","decl":{"start":{"line":277,"column":25},"end":{"line":277,"column":26}},"loc":{"start":{"line":277,"column":31},"end":{"line":299,"column":7}}},"20":{"name":"(anonymous_22)","decl":{"start":{"line":282,"column":45},"end":{"line":282,"column":46}},"loc":{"start":{"line":282,"column":52},"end":{"line":282,"column":78}}},"21":{"name":"(anonymous_23)","decl":{"start":{"line":283,"column":39},"end":{"line":283,"column":40}},"loc":{"start":{"line":283,"column":46},"end":{"line":283,"column":103}}},"22":{"name":"(anonymous_24)","decl":{"start":{"line":284,"column":42},"end":{"line":284,"column":43}},"loc":{"start":{"line":284,"column":49},"end":{"line":284,"column":77}}},"23":{"name":"(anonymous_25)","decl":{"start":{"line":306,"column":2},"end":{"line":306,"column":7}},"loc":{"start":{"line":306,"column":48},"end":{"line":336,"column":3}}},"24":{"name":"(anonymous_26)","decl":{"start":{"line":320,"column":21},"end":{"line":320,"column":22}},"loc":{"start":{"line":320,"column":27},"end":{"line":335,"column":5}}},"25":{"name":"(anonymous_27)","decl":{"start":{"line":324,"column":36},"end":{"line":324,"column":37}},"loc":{"start":{"line":324,"column":43},"end":{"line":324,"column":100}}},"26":{"name":"(anonymous_28)","decl":{"start":{"line":325,"column":34},"end":{"line":325,"column":35}},"loc":{"start":{"line":325,"column":41},"end":{"line":325,"column":98}}},"27":{"name":"(anonymous_29)","decl":{"start":{"line":338,"column":2},"end":{"line":338,"column":7}},"loc":{"start":{"line":338,"column":40},"end":{"line":359,"column":3}}},"28":{"name":"(anonymous_30)","decl":{"start":{"line":363,"column":2},"end":{"line":363,"column":7}},"loc":{"start":{"line":363,"column":77},"end":{"line":392,"column":3}}},"29":{"name":"(anonymous_31)","decl":{"start":{"line":394,"column":2},"end":{"line":394,"column":7}},"loc":{"start":{"line":394,"column":47},"end":{"line":405,"column":3}}},"30":{"name":"(anonymous_32)","decl":{"start":{"line":407,"column":10},"end":{"line":407,"column":23}},"loc":{"start":{"line":407,"column":33},"end":{"line":422,"column":3}}},"31":{"name":"(anonymous_33)","decl":{"start":{"line":424,"column":2},"end":{"line":424,"column":7}},"loc":{"start":{"line":424,"column":41},"end":{"line":429,"column":3}}},"32":{"name":"(anonymous_34)","decl":{"start":{"line":431,"column":2},"end":{"line":431,"column":7}},"loc":{"start":{"line":431,"column":45},"end":{"line":454,"column":3}}},"33":{"name":"(anonymous_35)","decl":{"start":{"line":456,"column":2},"end":{"line":456,"column":7}},"loc":{"start":{"line":456,"column":51},"end":{"line":466,"column":3}}},"34":{"name":"(anonymous_36)","decl":{"start":{"line":468,"column":2},"end":{"line":468,"column":7}},"loc":{"start":{"line":468,"column":54},"end":{"line":478,"column":3}}},"35":{"name":"(anonymous_37)","decl":{"start":{"line":481,"column":2},"end":{"line":481,"column":7}},"loc":{"start":{"line":481,"column":36},"end":{"line":506,"column":3}}},"36":{"name":"(anonymous_38)","decl":{"start":{"line":508,"column":2},"end":{"line":508,"column":7}},"loc":{"start":{"line":508,"column":51},"end":{"line":525,"column":3}}},"37":{"name":"(anonymous_39)","decl":{"start":{"line":527,"column":2},"end":{"line":527,"column":7}},"loc":{"start":{"line":527,"column":25},"end":{"line":531,"column":3}}},"38":{"name":"(anonymous_40)","decl":{"start":{"line":537,"column":10},"end":{"line":537,"column":15}},"loc":{"start":{"line":537,"column":45},"end":{"line":578,"column":3}}},"39":{"name":"(anonymous_41)","decl":{"start":{"line":583,"column":2},"end":{"line":583,"column":7}},"loc":{"start":{"line":583,"column":73},"end":{"line":629,"column":3}}},"40":{"name":"(anonymous_42)","decl":{"start":{"line":621,"column":36},"end":{"line":621,"column":37}},"loc":{"start":{"line":621,"column":52},"end":{"line":625,"column":12}}},"41":{"name":"(anonymous_43)","decl":{"start":{"line":631,"column":2},"end":{"line":631,"column":7}},"loc":{"start":{"line":631,"column":58},"end":{"line":641,"column":3}}}},"branchMap":{"0":{"loc":{"start":{"line":33,"column":4},"end":{"line":35,"column":5}},"type":"if","locations":[{"start":{"line":33,"column":4},"end":{"line":35,"column":5}}]},"1":{"loc":{"start":{"line":38,"column":6},"end":{"line":38,"column":80}},"type":"binary-expr","locations":[{"start":{"line":38,"column":6},"end":{"line":38,"column":28}},{"start":{"line":38,"column":32},"end":{"line":38,"column":80}}]},"2":{"loc":{"start":{"line":43,"column":22},"end":{"line":43,"column":134}},"type":"cond-expr","locations":[{"start":{"line":43,"column":89},"end":{"line":43,"column":122}},{"start":{"line":43,"column":125},"end":{"line":43,"column":134}}]},"3":{"loc":{"start":{"line":43,"column":22},"end":{"line":43,"column":86}},"type":"binary-expr","locations":[{"start":{"line":43,"column":22},"end":{"line":43,"column":45}},{"start":{"line":43,"column":49},"end":{"line":43,"column":86}}]},"4":{"loc":{"start":{"line":44,"column":21},"end":{"line":44,"column":130}},"type":"cond-expr","locations":[{"start":{"line":44,"column":86},"end":{"line":44,"column":118}},{"start":{"line":44,"column":121},"end":{"line":44,"column":130}}]},"5":{"loc":{"start":{"line":44,"column":21},"end":{"line":44,"column":83}},"type":"binary-expr","locations":[{"start":{"line":44,"column":21},"end":{"line":44,"column":43}},{"start":{"line":44,"column":47},"end":{"line":44,"column":83}}]},"6":{"loc":{"start":{"line":54,"column":19},"end":{"line":54,"column":83}},"type":"cond-expr","locations":[{"start":{"line":54,"column":62},"end":{"line":54,"column":71}},{"start":{"line":54,"column":74},"end":{"line":54,"column":83}}]},"7":{"loc":{"start":{"line":54,"column":19},"end":{"line":54,"column":59}},"type":"binary-expr","locations":[{"start":{"line":54,"column":19},"end":{"line":54,"column":28}},{"start":{"line":54,"column":32},"end":{"line":54,"column":59}}]},"8":{"loc":{"start":{"line":56,"column":18},"end":{"line":56,"column":79}},"type":"cond-expr","locations":[{"start":{"line":56,"column":59},"end":{"line":56,"column":67}},{"start":{"line":56,"column":70},"end":{"line":56,"column":79}}]},"9":{"loc":{"start":{"line":56,"column":18},"end":{"line":56,"column":56}},"type":"binary-expr","locations":[{"start":{"line":56,"column":18},"end":{"line":56,"column":26}},{"start":{"line":56,"column":30},"end":{"line":56,"column":56}}]},"10":{"loc":{"start":{"line":61,"column":25},"end":{"line":61,"column":77}},"type":"cond-expr","locations":[{"start":{"line":61,"column":55},"end":{"line":61,"column":64}},{"start":{"line":61,"column":67},"end":{"line":61,"column":77}}]},"11":{"loc":{"start":{"line":65,"column":28},"end":{"line":65,"column":79}},"type":"binary-expr","locations":[{"start":{"line":65,"column":28},"end":{"line":65,"column":48}},{"start":{"line":65,"column":52},"end":{"line":65,"column":79}}]},"12":{"loc":{"start":{"line":70,"column":4},"end":{"line":81,"column":5}},"type":"if","locations":[{"start":{"line":70,"column":4},"end":{"line":81,"column":5}}]},"13":{"loc":{"start":{"line":83,"column":4},"end":{"line":100,"column":5}},"type":"if","locations":[{"start":{"line":83,"column":4},"end":{"line":100,"column":5}},{"start":{"line":93,"column":11},"end":{"line":100,"column":5}}]},"14":{"loc":{"start":{"line":83,"column":8},"end":{"line":83,"column":44}},"type":"binary-expr","locations":[{"start":{"line":83,"column":8},"end":{"line":83,"column":20}},{"start":{"line":83,"column":24},"end":{"line":83,"column":44}}]},"15":{"loc":{"start":{"line":93,"column":11},"end":{"line":100,"column":5}},"type":"if","locations":[{"start":{"line":93,"column":11},"end":{"line":100,"column":5}}]},"16":{"loc":{"start":{"line":93,"column":15},"end":{"line":93,"column":58}},"type":"binary-expr","locations":[{"start":{"line":93,"column":15},"end":{"line":93,"column":27}},{"start":{"line":93,"column":31},"end":{"line":93,"column":58}}]},"17":{"loc":{"start":{"line":105,"column":4},"end":{"line":135,"column":5}},"type":"if","locations":[{"start":{"line":105,"column":4},"end":{"line":135,"column":5}},{"start":{"line":123,"column":11},"end":{"line":135,"column":5}}]},"18":{"loc":{"start":{"line":127,"column":8},"end":{"line":132,"column":21}},"type":"cond-expr","locations":[{"start":{"line":128,"column":12},"end":{"line":131,"column":null}},{"start":{"line":132,"column":12},"end":{"line":132,"column":21}}]},"19":{"loc":{"start":{"line":143,"column":25},"end":{"line":143,"column":78}},"type":"cond-expr","locations":[{"start":{"line":143,"column":49},"end":{"line":143,"column":66}},{"start":{"line":143,"column":69},"end":{"line":143,"column":78}}]},"20":{"loc":{"start":{"line":159,"column":4},"end":{"line":159,"column":61}},"type":"if","locations":[{"start":{"line":159,"column":4},"end":{"line":159,"column":61}}]},"21":{"loc":{"start":{"line":178,"column":4},"end":{"line":184,"column":5}},"type":"if","locations":[{"start":{"line":178,"column":4},"end":{"line":184,"column":5}}]},"22":{"loc":{"start":{"line":186,"column":4},"end":{"line":200,"column":5}},"type":"if","locations":[{"start":{"line":186,"column":4},"end":{"line":200,"column":5}}]},"23":{"loc":{"start":{"line":202,"column":4},"end":{"line":245,"column":5}},"type":"if","locations":[{"start":{"line":202,"column":4},"end":{"line":245,"column":5}}]},"24":{"loc":{"start":{"line":207,"column":6},"end":{"line":209,"column":7}},"type":"if","locations":[{"start":{"line":207,"column":6},"end":{"line":209,"column":7}}]},"25":{"loc":{"start":{"line":247,"column":4},"end":{"line":259,"column":5}},"type":"if","locations":[{"start":{"line":247,"column":4},"end":{"line":259,"column":5}}]},"26":{"loc":{"start":{"line":279,"column":22},"end":{"line":279,"column":46}},"type":"binary-expr","locations":[{"start":{"line":279,"column":22},"end":{"line":279,"column":40}},{"start":{"line":279,"column":44},"end":{"line":279,"column":46}}]},"27":{"loc":{"start":{"line":283,"column":46},"end":{"line":283,"column":103}},"type":"binary-expr","locations":[{"start":{"line":283,"column":46},"end":{"line":283,"column":70}},{"start":{"line":283,"column":74},"end":{"line":283,"column":103}}]},"28":{"loc":{"start":{"line":286,"column":35},"end":{"line":286,"column":90}},"type":"cond-expr","locations":[{"start":{"line":286,"column":49},"end":{"line":286,"column":50}},{"start":{"line":286,"column":53},"end":{"line":286,"column":90}}]},"29":{"loc":{"start":{"line":324,"column":43},"end":{"line":324,"column":100}},"type":"binary-expr","locations":[{"start":{"line":324,"column":43},"end":{"line":324,"column":67}},{"start":{"line":324,"column":71},"end":{"line":324,"column":100}}]},"30":{"loc":{"start":{"line":325,"column":41},"end":{"line":325,"column":98}},"type":"binary-expr","locations":[{"start":{"line":325,"column":41},"end":{"line":325,"column":68}},{"start":{"line":325,"column":72},"end":{"line":325,"column":98}}]},"31":{"loc":{"start":{"line":348,"column":4},"end":{"line":348,"column":74}},"type":"if","locations":[{"start":{"line":348,"column":4},"end":{"line":348,"column":74}}]},"32":{"loc":{"start":{"line":365,"column":4},"end":{"line":365,"column":44}},"type":"if","locations":[{"start":{"line":365,"column":4},"end":{"line":365,"column":44}}]},"33":{"loc":{"start":{"line":366,"column":4},"end":{"line":366,"column":50}},"type":"if","locations":[{"start":{"line":366,"column":4},"end":{"line":366,"column":50}}]},"34":{"loc":{"start":{"line":367,"column":4},"end":{"line":374,"column":5}},"type":"if","locations":[{"start":{"line":367,"column":4},"end":{"line":374,"column":5}}]},"35":{"loc":{"start":{"line":400,"column":4},"end":{"line":402,"column":5}},"type":"if","locations":[{"start":{"line":400,"column":4},"end":{"line":402,"column":5}}]},"36":{"loc":{"start":{"line":400,"column":8},"end":{"line":400,"column":64}},"type":"binary-expr","locations":[{"start":{"line":400,"column":8},"end":{"line":400,"column":36}},{"start":{"line":400,"column":40},"end":{"line":400,"column":64}}]},"37":{"loc":{"start":{"line":417,"column":6},"end":{"line":419,"column":7}},"type":"if","locations":[{"start":{"line":417,"column":6},"end":{"line":419,"column":7}}]},"38":{"loc":{"start":{"line":439,"column":4},"end":{"line":451,"column":5}},"type":"if","locations":[{"start":{"line":439,"column":4},"end":{"line":451,"column":5}}]},"39":{"loc":{"start":{"line":440,"column":6},"end":{"line":450,"column":7}},"type":"if","locations":[{"start":{"line":440,"column":6},"end":{"line":450,"column":7}},{"start":{"line":445,"column":13},"end":{"line":450,"column":7}}]},"40":{"loc":{"start":{"line":442,"column":8},"end":{"line":444,"column":9}},"type":"if","locations":[{"start":{"line":442,"column":8},"end":{"line":444,"column":9}}]},"41":{"loc":{"start":{"line":445,"column":13},"end":{"line":450,"column":7}},"type":"if","locations":[{"start":{"line":445,"column":13},"end":{"line":450,"column":7}}]},"42":{"loc":{"start":{"line":447,"column":8},"end":{"line":449,"column":9}},"type":"if","locations":[{"start":{"line":447,"column":8},"end":{"line":449,"column":9}}]},"43":{"loc":{"start":{"line":460,"column":6},"end":{"line":460,"column":64}},"type":"if","locations":[{"start":{"line":460,"column":6},"end":{"line":460,"column":64}}]},"44":{"loc":{"start":{"line":469,"column":16},"end":{"line":469,"column":80}},"type":"binary-expr","locations":[{"start":{"line":469,"column":16},"end":{"line":469,"column":27}},{"start":{"line":469,"column":31},"end":{"line":469,"column":80}}]},"45":{"loc":{"start":{"line":485,"column":4},"end":{"line":487,"column":5}},"type":"if","locations":[{"start":{"line":485,"column":4},"end":{"line":487,"column":5}}]},"46":{"loc":{"start":{"line":490,"column":4},"end":{"line":494,"column":5}},"type":"if","locations":[{"start":{"line":490,"column":4},"end":{"line":494,"column":5}},{"start":{"line":491,"column":9},"end":{"line":494,"column":5}}]},"47":{"loc":{"start":{"line":491,"column":9},"end":{"line":494,"column":5}},"type":"if","locations":[{"start":{"line":491,"column":9},"end":{"line":494,"column":5}}]},"48":{"loc":{"start":{"line":493,"column":28},"end":{"line":493,"column":57}},"type":"cond-expr","locations":[{"start":{"line":493,"column":49},"end":{"line":493,"column":53}},{"start":{"line":493,"column":56},"end":{"line":493,"column":57}}]},"49":{"loc":{"start":{"line":496,"column":4},"end":{"line":500,"column":5}},"type":"if","locations":[{"start":{"line":496,"column":4},"end":{"line":500,"column":5}},{"start":{"line":497,"column":9},"end":{"line":500,"column":5}}]},"50":{"loc":{"start":{"line":497,"column":9},"end":{"line":500,"column":5}},"type":"if","locations":[{"start":{"line":497,"column":9},"end":{"line":500,"column":5}}]},"51":{"loc":{"start":{"line":499,"column":27},"end":{"line":499,"column":56}},"type":"cond-expr","locations":[{"start":{"line":499,"column":48},"end":{"line":499,"column":52}},{"start":{"line":499,"column":55},"end":{"line":499,"column":56}}]},"52":{"loc":{"start":{"line":517,"column":4},"end":{"line":519,"column":5}},"type":"if","locations":[{"start":{"line":517,"column":4},"end":{"line":519,"column":5}}]},"53":{"loc":{"start":{"line":517,"column":8},"end":{"line":517,"column":34}},"type":"binary-expr","locations":[{"start":{"line":517,"column":8},"end":{"line":517,"column":19}},{"start":{"line":517,"column":23},"end":{"line":517,"column":34}}]},"54":{"loc":{"start":{"line":573,"column":4},"end":{"line":577,"column":5}},"type":"if","locations":[{"start":{"line":573,"column":4},"end":{"line":577,"column":5}}]},"55":{"loc":{"start":{"line":595,"column":4},"end":{"line":608,"column":5}},"type":"if","locations":[{"start":{"line":595,"column":4},"end":{"line":608,"column":5}}]},"56":{"loc":{"start":{"line":601,"column":6},"end":{"line":607,"column":7}},"type":"if","locations":[{"start":{"line":601,"column":6},"end":{"line":607,"column":7}}]},"57":{"loc":{"start":{"line":619,"column":6},"end":{"line":627,"column":7}},"type":"if","locations":[{"start":{"line":619,"column":6},"end":{"line":627,"column":7}}]}},"s":{"0":3,"1":3,"2":3,"3":3,"4":3,"5":3,"6":3,"7":3,"8":8,"9":8,"10":2,"11":2,"12":1,"13":1,"14":1,"15":1,"16":1,"17":1,"18":1,"19":1,"20":0,"21":0,"22":1,"23":0,"24":0,"25":1,"26":0,"27":1,"28":1,"29":0,"30":0,"31":0,"32":0,"33":0,"34":0,"35":0,"36":1,"37":1,"38":1,"39":1,"40":1,"41":2,"42":2,"43":1,"44":1,"45":0,"46":0,"47":0,"48":0,"49":0,"50":0,"51":0,"52":0,"53":0,"54":0,"55":0,"56":0,"57":0,"58":0,"59":0,"60":0,"61":0,"62":0,"63":0,"64":0,"65":0,"66":0,"67":0,"68":0,"69":0,"70":0,"71":0,"72":0,"73":0,"74":0,"75":0,"76":0,"77":0,"78":0,"79":0,"80":0,"81":0,"82":0,"83":0,"84":0,"85":0,"86":0,"87":0,"88":0,"89":0,"90":0,"91":0,"92":0,"93":0,"94":0,"95":0,"96":0,"97":0,"98":0,"99":0,"100":0,"101":0,"102":0,"103":0,"104":0,"105":0,"106":0,"107":0,"108":0,"109":0,"110":0,"111":0,"112":0,"113":0,"114":0,"115":0,"116":0,"117":0,"118":0,"119":0,"120":0,"121":0,"122":0,"123":0,"124":0,"125":0,"126":0,"127":0,"128":0,"129":0,"130":0,"131":0,"132":0,"133":0,"134":0,"135":0,"136":0,"137":0,"138":0,"139":0,"140":0,"141":0,"142":0,"143":0,"144":0,"145":0,"146":0,"147":0,"148":0,"149":0,"150":0,"151":0,"152":0,"153":0,"154":0,"155":0,"156":0,"157":0,"158":0,"159":0,"160":0,"161":0,"162":0,"163":0,"164":0,"165":0,"166":2,"167":2,"168":2,"169":0,"170":2,"171":1,"172":0,"173":0,"174":2,"175":2,"176":2,"177":1,"178":0,"179":0,"180":0,"181":0,"182":0,"183":0,"184":0,"185":0,"186":0,"187":0,"188":0,"189":0,"190":0,"191":0,"192":0,"193":3,"194":3},"f":{"0":8,"1":2,"2":0,"3":1,"4":2,"5":0,"6":0,"7":0,"8":0,"9":0,"10":0,"11":0,"12":0,"13":0,"14":0,"15":0,"16":0,"17":0,"18":0,"19":0,"20":0,"21":0,"22":0,"23":0,"24":0,"25":0,"26":0,"27":0,"28":0,"29":0,"30":0,"31":0,"32":0,"33":0,"34":0,"35":0,"36":2,"37":0,"38":2,"39":0,"40":0,"41":0},"b":{"0":[1],"1":[1,0],"2":[0,1],"3":[1,0],"4":[0,1],"5":[1,0],"6":[0,1],"7":[1,0],"8":[0,1],"9":[1,0],"10":[0,1],"11":[1,0],"12":[0],"13":[0,1],"14":[1,0],"15":[0],"16":[1,0],"17":[0,1],"18":[0,1],"19":[0,1],"20":[1],"21":[0],"22":[0],"23":[0],"24":[0],"25":[0],"26":[0,0],"27":[0,0],"28":[0,0],"29":[0,0],"30":[0,0],"31":[0],"32":[0],"33":[0],"34":[0],"35":[0],"36":[0,0],"37":[0],"38":[0],"39":[0,0],"40":[0],"41":[0],"42":[0],"43":[0],"44":[0,0],"45":[0],"46":[0,0],"47":[0],"48":[0,0],"49":[0,0],"50":[0],"51":[0,0],"52":[0],"53":[2,0],"54":[1],"55":[0],"56":[0],"57":[0]}}
,"C:\\comptabli\\backend\\src\\users\\dto\\create-user.dto.ts": {"path":"C:\\comptabli\\backend\\src\\users\\dto\\create-user.dto.ts","statementMap":{"0":{"start":{"line":1,"column":0},"end":{"line":1,"column":null}},"1":{"start":{"line":10,"column":0},"end":{"line":10,"column":13}},"2":{"start":{"line":12,"column":2},"end":{"line":12,"column":null}},"3":{"start":{"line":16,"column":2},"end":{"line":16,"column":null}},"4":{"start":{"line":20,"column":2},"end":{"line":20,"column":null}},"5":{"start":{"line":24,"column":2},"end":{"line":24,"column":null}},"6":{"start":{"line":28,"column":2},"end":{"line":28,"column":null}},"7":{"start":{"line":32,"column":2},"end":{"line":32,"column":null}},"8":{"start":{"line":36,"column":2},"end":{"line":36,"column":null}},"9":{"start":{"line":40,"column":2},"end":{"line":40,"column":null}},"10":{"start":{"line":44,"column":2},"end":{"line":44,"column":null}},"11":{"start":{"line":48,"column":2},"end":{"line":48,"column":null}},"12":{"start":{"line":52,"column":2},"end":{"line":52,"column":null}},"13":{"start":{"line":55,"column":2},"end":{"line":55,"column":null}},"14":{"start":{"line":58,"column":2},"end":{"line":58,"column":null}},"15":{"start":{"line":62,"column":2},"end":{"line":62,"column":null}},"16":{"start":{"line":66,"column":2},"end":{"line":66,"column":null}},"17":{"start":{"line":70,"column":2},"end":{"line":70,"column":null}},"18":{"start":{"line":74,"column":2},"end":{"line":74,"column":null}}},"fnMap":{},"branchMap":{},"s":{"0":0,"1":0,"2":0,"3":0,"4":0,"5":0,"6":0,"7":0,"8":0,"9":0,"10":0,"11":0,"12":0,"13":0,"14":0,"15":0,"16":0,"17":0,"18":0},"f":{},"b":{}}
}
