TN:
SF:src\app.controller.ts
FN:8,(anonymous_2)
FN:14,(anonymous_3)
FN:159,(anonymous_4)
FN:212,(anonymous_5)
FN:217,(anonymous_6)
FN:234,(anonymous_7)
FN:239,(anonymous_8)
FN:246,(anonymous_9)
FNF:8
FNH:2
FNDA:1,(anonymous_2)
FNDA:0,(anonymous_3)
FNDA:0,(anonymous_4)
FNDA:0,(anonymous_5)
FNDA:0,(anonymous_6)
FNDA:0,(anonymous_7)
FNDA:0,(anonymous_8)
FNDA:1,(anonymous_9)
DA:1,1
DA:2,1
DA:3,1
DA:4,1
DA:7,1
DA:9,1
DA:10,1
DA:14,1
DA:15,0
DA:18,0
DA:35,0
DA:51,0
DA:66,0
DA:82,0
DA:88,0
DA:89,0
DA:105,0
DA:111,0
DA:112,0
DA:122,0
DA:125,0
DA:135,0
DA:148,0
DA:159,1
DA:160,0
DA:161,0
DA:164,0
DA:165,0
DA:166,0
DA:170,0
DA:172,0
DA:173,0
DA:187,0
DA:188,0
DA:189,0
DA:190,0
DA:191,0
DA:192,0
DA:203,0
DA:206,0
DA:208,0
DA:212,1
DA:213,0
DA:217,1
DA:218,0
DA:224,0
DA:229,0
DA:230,0
DA:233,0
DA:234,0
DA:236,0
DA:242,0
DA:246,1
DA:247,1
LF:54
LH:13
BRDA:165,0,0,0
BRDA:165,0,1,0
BRDA:191,1,0,0
BRDA:195,2,0,0
BRDA:195,2,1,0
BRDA:197,3,0,0
BRDA:197,3,1,0
BRDA:234,4,0,0
BRDA:234,4,1,0
BRF:9
BRH:0
end_of_record
TN:
SF:src\app.module.ts
FNF:0
FNH:0
DA:1,0
DA:2,0
DA:3,0
DA:4,0
DA:5,0
DA:6,0
DA:7,0
DA:8,0
DA:9,0
DA:10,0
DA:11,0
DA:12,0
DA:13,0
DA:14,0
DA:15,0
DA:16,0
DA:17,0
DA:18,0
DA:19,0
DA:20,0
DA:21,0
DA:22,0
DA:23,0
DA:24,0
DA:25,0
DA:26,0
DA:27,0
DA:28,0
DA:29,0
DA:30,0
DA:69,0
LF:31
LH:0
BRF:0
BRH:0
end_of_record
TN:
SF:src\app.service.ts
FN:5,(anonymous_1)
FNF:1
FNH:1
FNDA:1,(anonymous_1)
DA:1,1
DA:4,1
DA:6,1
LF:3
LH:3
BRF:0
BRH:0
end_of_record
TN:
SF:src\main.ts
FN:11,bootstrap
FN:21,(anonymous_1)
FNF:2
FNH:0
FNDA:0,bootstrap
FNDA:0,(anonymous_1)
DA:1,0
DA:2,0
DA:3,0
DA:4,0
DA:5,0
DA:6,0
DA:12,0
DA:13,0
DA:17,0
DA:18,0
DA:23,0
DA:24,0
DA:25,0
DA:27,0
DA:32,0
DA:35,0
DA:41,0
DA:42,0
DA:44,0
DA:45,0
DA:46,0
DA:48,0
LF:22
LH:0
BRDA:19,0,0,0
BRDA:19,0,1,0
BRDA:20,1,0,0
BRDA:20,1,1,0
BRDA:23,2,0,0
BRDA:24,3,0,0
BRDA:44,4,0,0
BRDA:44,4,1,0
BRF:8
BRH:0
end_of_record
TN:
SF:src\accountant-profile\accountant-profile.controller.ts
FN:28,(anonymous_4)
FN:36,(anonymous_5)
FN:47,(anonymous_6)
FN:55,(anonymous_7)
FN:64,(anonymous_8)
FN:89,(anonymous_9)
FN:99,(anonymous_10)
FN:109,(anonymous_11)
FN:118,(anonymous_12)
FN:134,(anonymous_13)
FN:144,(anonymous_14)
FN:154,(anonymous_15)
FN:177,(anonymous_16)
FN:191,(anonymous_17)
FN:209,(anonymous_18)
FN:168,(anonymous_19)
FNF:16
FNH:0
FNDA:0,(anonymous_4)
FNDA:0,(anonymous_5)
FNDA:0,(anonymous_6)
FNDA:0,(anonymous_7)
FNDA:0,(anonymous_8)
FNDA:0,(anonymous_9)
FNDA:0,(anonymous_10)
FNDA:0,(anonymous_11)
FNDA:0,(anonymous_12)
FNDA:0,(anonymous_13)
FNDA:0,(anonymous_14)
FNDA:0,(anonymous_15)
FNDA:0,(anonymous_16)
FNDA:0,(anonymous_17)
FNDA:0,(anonymous_18)
FNDA:0,(anonymous_19)
DA:1,0
DA:16,0
DA:17,0
DA:18,0
DA:20,0
DA:21,0
DA:22,0
DA:23,0
DA:24,0
DA:27,0
DA:28,0
DA:36,0
DA:37,0
DA:47,0
DA:48,0
DA:55,0
DA:56,0
DA:64,0
DA:75,0
DA:89,0
DA:90,0
DA:99,0
DA:100,0
DA:109,0
DA:110,0
DA:118,0
DA:122,0
DA:134,0
DA:135,0
DA:144,0
DA:145,0
DA:154,0
DA:155,0
DA:169,0
DA:170,0
DA:171,0
DA:172,0
DA:177,0
DA:178,0
DA:179,0
DA:181,0
DA:191,0
DA:196,0
DA:209,0
DA:210,0
LF:45
LH:0
BRDA:90,0,0,0
BRDA:90,0,1,0
BRDA:100,1,0,0
BRDA:100,1,1,0
BRDA:110,2,0,0
BRDA:110,2,1,0
BRDA:124,3,0,0
BRDA:124,3,1,0
BRDA:135,4,0,0
BRDA:135,4,1,0
BRDA:145,5,0,0
BRDA:145,5,1,0
BRDA:155,6,0,0
BRDA:155,6,1,0
BRDA:178,7,0,0
BRDA:198,8,0,0
BRDA:198,8,1,0
BRF:17
BRH:0
end_of_record
TN:
SF:src\accountant-profile\accountant-profile.module.ts
FNF:0
FNH:0
DA:1,0
DA:2,0
DA:3,0
DA:4,0
DA:5,0
DA:13,0
LF:6
LH:0
BRF:0
BRH:0
end_of_record
TN:
SF:src\accountant-profile\accountant-profile.service.ts
FN:8,(anonymous_2)
FN:17,(anonymous_3)
FN:77,(anonymous_4)
FN:109,(anonymous_5)
FN:129,(anonymous_6)
FN:198,(anonymous_7)
FN:213,(anonymous_8)
FN:221,(anonymous_9)
FN:236,(anonymous_10)
FN:271,(anonymous_11)
FN:328,(anonymous_12)
FN:398,(anonymous_13)
FN:413,(anonymous_14)
FN:423,(anonymous_15)
FN:430,(anonymous_16)
FN:456,(anonymous_17)
FN:467,(anonymous_18)
FNF:17
FNH:0
FNDA:0,(anonymous_2)
FNDA:0,(anonymous_3)
FNDA:0,(anonymous_4)
FNDA:0,(anonymous_5)
FNDA:0,(anonymous_6)
FNDA:0,(anonymous_7)
FNDA:0,(anonymous_8)
FNDA:0,(anonymous_9)
FNDA:0,(anonymous_10)
FNDA:0,(anonymous_11)
FNDA:0,(anonymous_12)
FNDA:0,(anonymous_13)
FNDA:0,(anonymous_14)
FNDA:0,(anonymous_15)
FNDA:0,(anonymous_16)
FNDA:0,(anonymous_17)
FNDA:0,(anonymous_18)
DA:1,0
DA:2,0
DA:3,0
DA:4,0
DA:7,0
DA:9,0
DA:10,0
DA:18,0
DA:22,0
DA:23,0
DA:26,0
DA:47,0
DA:48,0
DA:52,0
DA:78,0
DA:99,0
DA:100,0
DA:103,0
DA:110,0
DA:115,0
DA:119,0
DA:130,0
DA:134,0
DA:135,0
DA:139,0
DA:140,0
DA:145,0
DA:146,0
DA:147,0
DA:150,0
DA:153,0
DA:169,0
DA:170,0
DA:171,0
DA:172,0
DA:173,0
DA:174,0
DA:175,0
DA:176,0
DA:177,0
DA:178,0
DA:179,0
DA:180,0
DA:181,0
DA:182,0
DA:183,0
DA:185,0
DA:186,0
DA:192,0
DA:199,0
DA:214,0
DA:218,0
DA:220,0
DA:221,0
DA:224,0
DA:237,0
DA:239,0
DA:240,0
DA:243,0
DA:244,0
DA:247,0
DA:273,0
DA:277,0
DA:278,0
DA:282,0
DA:287,0
DA:288,0
DA:293,0
DA:304,0
DA:312,0
DA:313,0
DA:322,0
DA:340,0
DA:344,0
DA:345,0
DA:348,0
DA:363,0
DA:373,0
DA:382,0
DA:383,0
DA:392,0
DA:399,0
DA:414,0
DA:424,0
DA:425,0
DA:430,0
DA:432,0
DA:457,0
DA:461,0
DA:468,0
LF:90
LH:0
BRDA:22,0,0,0
BRDA:22,1,0,0
BRDA:22,1,1,0
BRDA:47,2,0,0
BRDA:99,3,0,0
BRDA:134,4,0,0
BRDA:146,5,0,0
BRDA:170,6,0,0
BRDA:171,7,0,0
BRDA:172,8,0,0
BRDA:173,9,0,0
BRDA:174,10,0,0
BRDA:175,11,0,0
BRDA:176,12,0,0
BRDA:177,13,0,0
BRDA:178,14,0,0
BRDA:179,15,0,0
BRDA:180,16,0,0
BRDA:181,17,0,0
BRDA:182,18,0,0
BRDA:183,19,0,0
BRDA:185,20,0,0
BRDA:220,21,0,0
BRDA:220,21,1,0
BRDA:239,22,0,0
BRDA:243,23,0,0
BRDA:277,24,0,0
BRDA:287,25,0,0
BRDA:287,25,1,0
BRDA:312,26,0,0
BRDA:344,27,0,0
BRDA:382,28,0,0
BRDA:424,29,0,0
BRF:33
BRH:0
end_of_record
TN:
SF:src\admin\admin-accountants.controller.ts
FN:12,(anonymous_4)
FN:15,(anonymous_5)
FN:20,(anonymous_6)
FN:25,(anonymous_7)
FNF:4
FNH:0
FNDA:0,(anonymous_4)
FNDA:0,(anonymous_5)
FNDA:0,(anonymous_6)
FNDA:0,(anonymous_7)
DA:1,0
DA:2,0
DA:3,0
DA:4,0
DA:5,0
DA:6,0
DA:11,0
DA:12,0
DA:15,0
DA:16,0
DA:20,0
DA:21,0
DA:25,0
DA:26,0
LF:14
LH:0
BRF:0
BRH:0
end_of_record
TN:
SF:src\admin\admin-analytics.controller.ts
FN:12,(anonymous_2)
FN:15,(anonymous_3)
FNF:2
FNH:0
FNDA:0,(anonymous_2)
FNDA:0,(anonymous_3)
DA:1,0
DA:2,0
DA:3,0
DA:4,0
DA:5,0
DA:6,0
DA:11,0
DA:12,0
DA:15,0
DA:16,0
LF:10
LH:0
BRF:0
BRH:0
end_of_record
TN:
SF:src\admin\admin-audit-logs.controller.ts
FN:12,(anonymous_4)
FN:15,(anonymous_5)
FN:26,(anonymous_6)
FNF:3
FNH:0
FNDA:0,(anonymous_4)
FNDA:0,(anonymous_5)
FNDA:0,(anonymous_6)
DA:1,0
DA:2,0
DA:3,0
DA:4,0
DA:5,0
DA:6,0
DA:11,0
DA:12,0
DA:15,0
DA:22,0
DA:26,0
DA:34,0
LF:12
LH:0
BRF:0
BRH:0
end_of_record
TN:
SF:src\admin\admin-dashboard.controller.ts
FN:12,(anonymous_2)
FN:15,(anonymous_3)
FNF:2
FNH:0
FNDA:0,(anonymous_2)
FNDA:0,(anonymous_3)
DA:1,0
DA:2,0
DA:3,0
DA:4,0
DA:5,0
DA:6,0
DA:11,0
DA:12,0
DA:15,0
DA:16,0
LF:10
LH:0
BRF:0
BRH:0
end_of_record
TN:
SF:src\admin\admin-profile.controller.ts
FN:12,(anonymous_4)
FN:15,(anonymous_5)
FN:20,(anonymous_6)
FN:25,(anonymous_7)
FNF:4
FNH:0
FNDA:0,(anonymous_4)
FNDA:0,(anonymous_5)
FNDA:0,(anonymous_6)
FNDA:0,(anonymous_7)
DA:1,0
DA:2,0
DA:3,0
DA:4,0
DA:5,0
DA:6,0
DA:11,0
DA:12,0
DA:15,0
DA:16,0
DA:20,0
DA:21,0
DA:25,0
DA:27,0
LF:14
LH:0
BRF:0
BRH:0
end_of_record
TN:
SF:src\admin\admin-reviews.controller.ts
FN:12,(anonymous_4)
FN:15,(anonymous_5)
FN:20,(anonymous_6)
FN:25,(anonymous_7)
FNF:4
FNH:0
FNDA:0,(anonymous_4)
FNDA:0,(anonymous_5)
FNDA:0,(anonymous_6)
FNDA:0,(anonymous_7)
DA:1,0
DA:2,0
DA:3,0
DA:4,0
DA:5,0
DA:6,0
DA:11,0
DA:12,0
DA:15,0
DA:16,0
DA:20,0
DA:21,0
DA:25,0
DA:26,0
LF:14
LH:0
BRF:0
BRH:0
end_of_record
TN:
SF:src\admin\admin-storage.controller.ts
FN:12,(anonymous_4)
FN:15,(anonymous_5)
FN:20,(anonymous_6)
FNF:3
FNH:0
FNDA:0,(anonymous_4)
FNDA:0,(anonymous_5)
FNDA:0,(anonymous_6)
DA:1,0
DA:2,0
DA:3,0
DA:4,0
DA:5,0
DA:6,0
DA:11,0
DA:12,0
DA:15,0
DA:16,0
DA:20,0
DA:21,0
LF:12
LH:0
BRF:0
BRH:0
end_of_record
TN:
SF:src\admin\admin-users.controller.ts
FN:23,(anonymous_4)
FN:26,(anonymous_5)
FN:35,(anonymous_6)
FN:40,(anonymous_7)
FN:52,(anonymous_8)
FN:58,(anonymous_9)
FN:63,(anonymous_10)
FN:68,(anonymous_11)
FN:73,(anonymous_12)
FNF:9
FNH:0
FNDA:0,(anonymous_4)
FNDA:0,(anonymous_5)
FNDA:0,(anonymous_6)
FNDA:0,(anonymous_7)
FNDA:0,(anonymous_8)
FNDA:0,(anonymous_9)
FNDA:0,(anonymous_10)
FNDA:0,(anonymous_11)
FNDA:0,(anonymous_12)
DA:1,0
DA:12,0
DA:13,0
DA:14,0
DA:15,0
DA:16,0
DA:17,0
DA:22,0
DA:23,0
DA:26,0
DA:31,0
DA:35,0
DA:36,0
DA:40,0
DA:43,0
DA:52,0
DA:54,0
DA:58,0
DA:59,0
DA:63,0
DA:64,0
DA:68,0
DA:69,0
DA:73,0
DA:74,0
LF:25
LH:0
BRDA:45,0,0,0
BRDA:45,0,1,0
BRDA:46,1,0,0
BRDA:46,1,1,0
BRF:4
BRH:0
end_of_record
TN:
SF:src\admin\admin.controller.ts
FN:33,(anonymous_4)
FN:35,(anonymous_5)
FN:45,(anonymous_6)
FN:50,(anonymous_7)
FN:59,(anonymous_8)
FN:64,(anonymous_9)
FN:69,(anonymous_10)
FN:79,(anonymous_11)
FN:102,(anonymous_12)
FN:107,(anonymous_13)
FN:123,(anonymous_14)
FN:132,(anonymous_15)
FN:141,(anonymous_16)
FN:150,(anonymous_17)
FN:155,(anonymous_18)
FN:160,(anonymous_19)
FN:169,(anonymous_20)
FN:174,(anonymous_21)
FN:179,(anonymous_22)
FN:188,(anonymous_23)
FN:193,(anonymous_24)
FN:212,(anonymous_25)
FN:230,(anonymous_26)
FN:235,(anonymous_27)
FN:250,(anonymous_28)
FNF:25
FNH:0
FNDA:0,(anonymous_4)
FNDA:0,(anonymous_5)
FNDA:0,(anonymous_6)
FNDA:0,(anonymous_7)
FNDA:0,(anonymous_8)
FNDA:0,(anonymous_9)
FNDA:0,(anonymous_10)
FNDA:0,(anonymous_11)
FNDA:0,(anonymous_12)
FNDA:0,(anonymous_13)
FNDA:0,(anonymous_14)
FNDA:0,(anonymous_15)
FNDA:0,(anonymous_16)
FNDA:0,(anonymous_17)
FNDA:0,(anonymous_18)
FNDA:0,(anonymous_19)
FNDA:0,(anonymous_20)
FNDA:0,(anonymous_21)
FNDA:0,(anonymous_22)
FNDA:0,(anonymous_23)
FNDA:0,(anonymous_24)
FNDA:0,(anonymous_25)
FNDA:0,(anonymous_26)
FNDA:0,(anonymous_27)
FNDA:0,(anonymous_28)
DA:1,0
DA:14,0
DA:16,0
DA:17,0
DA:18,0
DA:19,0
DA:32,0
DA:33,0
DA:36,0
DA:45,0
DA:46,0
DA:50,0
DA:55,0
DA:59,0
DA:60,0
DA:64,0
DA:65,0
DA:69,0
DA:75,0
DA:79,0
DA:98,0
DA:102,0
DA:103,0
DA:107,0
DA:119,0
DA:123,0
DA:128,0
DA:132,0
DA:137,0
DA:141,0
DA:146,0
DA:150,0
DA:151,0
DA:155,0
DA:156,0
DA:160,0
DA:165,0
DA:169,0
DA:170,0
DA:174,0
DA:175,0
DA:179,0
DA:184,0
DA:188,0
DA:189,0
DA:193,0
DA:201,0
DA:212,0
DA:220,0
DA:230,0
DA:231,0
DA:235,0
DA:246,0
DA:250,0
DA:254,0
LF:55
LH:0
BRF:0
BRH:0
end_of_record
TN:
SF:src\admin\admin.module.ts
FNF:0
FNH:0
DA:1,0
DA:2,0
DA:3,0
DA:4,0
DA:5,0
DA:6,0
DA:7,0
DA:8,0
DA:9,0
DA:11,0
DA:12,0
DA:13,0
DA:14,0
DA:15,0
DA:36,0
LF:15
LH:0
BRF:0
BRH:0
end_of_record
TN:
SF:src\admin\admin.service.ts
FN:40,(anonymous_2)
FN:47,(anonymous_3)
FN:66,(anonymous_4)
FN:84,(anonymous_5)
FN:98,(anonymous_6)
FN:157,(anonymous_7)
FN:161,(anonymous_8)
FN:167,(anonymous_9)
FN:183,(anonymous_10)
FN:203,(anonymous_11)
FN:213,(anonymous_12)
FN:277,(anonymous_13)
FN:300,(anonymous_14)
FN:334,(anonymous_15)
FN:367,(anonymous_16)
FN:430,(anonymous_17)
FN:481,(anonymous_18)
FN:517,(anonymous_19)
FN:540,(anonymous_20)
FN:556,(anonymous_21)
FN:573,(anonymous_22)
FN:588,(anonymous_23)
FN:609,(anonymous_24)
FN:619,(anonymous_25)
FN:635,(anonymous_26)
FN:647,(anonymous_27)
FN:694,(anonymous_28)
FN:707,(anonymous_29)
FN:710,(anonymous_30)
FN:762,(anonymous_31)
FN:768,(anonymous_32)
FN:784,(anonymous_33)
FN:789,(anonymous_34)
FN:808,(anonymous_35)
FN:833,(anonymous_36)
FN:888,(anonymous_37)
FNF:36
FNH:6
FNDA:10,(anonymous_2)
FNDA:4,(anonymous_3)
FNDA:0,(anonymous_4)
FNDA:0,(anonymous_5)
FNDA:0,(anonymous_6)
FNDA:0,(anonymous_7)
FNDA:0,(anonymous_8)
FNDA:0,(anonymous_9)
FNDA:0,(anonymous_10)
FNDA:0,(anonymous_11)
FNDA:0,(anonymous_12)
FNDA:0,(anonymous_13)
FNDA:2,(anonymous_14)
FNDA:0,(anonymous_15)
FNDA:0,(anonymous_16)
FNDA:3,(anonymous_17)
FNDA:0,(anonymous_18)
FNDA:0,(anonymous_19)
FNDA:2,(anonymous_20)
FNDA:0,(anonymous_21)
FNDA:0,(anonymous_22)
FNDA:0,(anonymous_23)
FNDA:0,(anonymous_24)
FNDA:0,(anonymous_25)
FNDA:0,(anonymous_26)
FNDA:2,(anonymous_27)
FNDA:0,(anonymous_28)
FNDA:0,(anonymous_29)
FNDA:0,(anonymous_30)
FNDA:0,(anonymous_31)
FNDA:0,(anonymous_32)
FNDA:0,(anonymous_33)
FNDA:0,(anonymous_34)
FNDA:0,(anonymous_35)
FNDA:0,(anonymous_36)
FNDA:0,(anonymous_37)
DA:1,1
DA:7,1
DA:8,1
DA:9,1
DA:10,1
DA:11,1
DA:12,1
DA:15,1
DA:39,1
DA:41,10
DA:42,10
DA:43,10
DA:44,10
DA:55,4
DA:67,0
DA:69,0
DA:70,0
DA:71,0
DA:72,0
DA:73,0
DA:81,0
DA:85,0
DA:91,0
DA:92,0
DA:95,0
DA:99,0
DA:100,0
DA:102,0
DA:103,0
DA:116,0
DA:148,0
DA:149,0
DA:157,0
DA:160,0
DA:161,0
DA:164,0
DA:166,0
DA:168,0
DA:169,0
DA:184,0
DA:201,0
DA:203,0
DA:214,0
DA:267,0
DA:268,0
DA:271,0
DA:273,0
DA:274,0
DA:278,0
DA:295,0
DA:297,0
DA:304,2
DA:305,1
DA:310,1
DA:318,1
DA:331,1
DA:335,0
DA:357,0
DA:358,0
DA:361,0
DA:363,0
DA:364,0
DA:378,0
DA:379,0
DA:381,0
DA:382,0
DA:383,0
DA:384,0
DA:385,0
DA:389,0
DA:412,0
DA:427,0
DA:431,3
DA:432,3
DA:434,2
DA:435,1
DA:438,1
DA:439,0
DA:445,0
DA:446,0
DA:452,1
DA:457,1
DA:458,1
DA:461,1
DA:462,0
DA:465,1
DA:474,1
DA:482,0
DA:483,0
DA:485,0
DA:487,0
DA:488,0
DA:493,0
DA:494,0
DA:497,0
DA:502,0
DA:511,0
DA:518,0
DA:519,0
DA:522,0
DA:523,0
DA:525,0
DA:530,0
DA:532,0
DA:534,0
DA:541,2
DA:545,2
DA:547,2
DA:548,1
DA:551,1
DA:552,1
DA:553,1
DA:557,0
DA:562,0
DA:563,0
DA:566,0
DA:568,0
DA:570,0
DA:574,0
DA:583,0
DA:585,0
DA:589,0
DA:590,0
DA:592,0
DA:597,0
DA:606,0
DA:610,0
DA:611,0
DA:613,0
DA:614,0
DA:616,0
DA:620,0
DA:633,0
DA:635,0
DA:636,0
DA:637,0
DA:638,0
DA:648,2
DA:649,1
DA:652,1
DA:657,1
DA:658,0
DA:661,1
DA:682,1
DA:691,1
DA:695,0
DA:701,0
DA:702,0
DA:703,0
DA:704,0
DA:707,0
DA:711,0
DA:712,0
DA:714,0
DA:743,0
DA:745,0
DA:763,0
DA:764,0
DA:765,0
DA:769,0
DA:770,0
DA:772,0
DA:784,0
DA:785,0
DA:786,0
DA:789,0
DA:790,0
DA:805,0
DA:809,0
DA:824,0
DA:825,0
DA:828,0
DA:830,0
DA:837,0
DA:838,0
DA:840,0
DA:841,0
DA:842,0
DA:843,0
DA:844,0
DA:848,0
DA:870,0
DA:885,0
DA:892,0
DA:893,0
DA:896,0
DA:897,0
DA:900,0
DA:901,0
DA:903,0
DA:904,0
DA:905,0
DA:908,0
DA:909,0
DA:913,0
DA:915,0
DA:917,0
LF:197
LH:44
BRDA:60,0,0,1
BRDA:60,0,1,3
BRDA:61,1,0,1
BRDA:61,1,1,3
BRDA:62,2,0,4
BRDA:62,2,1,4
BRDA:69,3,0,0
BRDA:70,4,0,0
BRDA:71,5,0,0
BRDA:91,6,0,0
BRDA:153,7,0,0
BRDA:153,7,1,0
BRDA:154,8,0,0
BRDA:154,8,1,0
BRDA:267,9,0,0
BRDA:304,10,0,1
BRDA:313,11,0,1
BRDA:313,11,1,1
BRDA:357,12,0,0
BRDA:379,13,0,0
BRDA:382,14,0,0
BRDA:382,15,0,0
BRDA:382,15,1,0
BRDA:384,16,0,0
BRDA:384,17,0,0
BRDA:384,17,1,0
BRDA:392,18,0,0
BRDA:392,18,1,0
BRDA:393,19,0,0
BRDA:393,19,1,0
BRDA:394,20,0,0
BRDA:394,20,1,0
BRDA:395,21,0,0
BRDA:395,21,1,0
BRDA:396,22,0,0
BRDA:396,22,1,0
BRDA:432,23,0,1
BRDA:434,24,0,1
BRDA:434,25,0,2
BRDA:434,25,1,1
BRDA:438,26,0,0
BRDA:438,27,0,1
BRDA:438,27,1,1
BRDA:445,28,0,0
BRDA:457,29,0,1
BRDA:461,30,0,0
BRDA:461,31,0,1
BRDA:461,31,1,0
BRDA:483,32,0,0
BRDA:487,33,0,0
BRDA:487,34,0,0
BRDA:487,34,1,0
BRDA:493,35,0,0
BRDA:493,36,0,0
BRDA:493,36,1,0
BRDA:519,37,0,0
BRDA:522,38,0,0
BRDA:522,38,1,0
BRDA:545,39,0,0
BRDA:547,40,0,1
BRDA:562,41,0,0
BRDA:575,42,0,0
BRDA:575,42,1,0
BRDA:590,43,0,0
BRDA:611,44,0,0
BRDA:636,45,0,0
BRDA:636,45,1,0
BRDA:637,46,0,0
BRDA:637,46,1,0
BRDA:648,47,0,1
BRDA:648,48,0,2
BRDA:648,48,1,2
BRDA:657,49,0,0
BRDA:669,50,0,1
BRDA:669,50,1,1
BRDA:704,51,0,0
BRDA:704,51,1,0
BRDA:757,52,0,0
BRDA:757,52,1,0
BRDA:785,53,0,0
BRDA:785,53,1,0
BRDA:795,54,0,0
BRDA:795,54,1,0
BRDA:796,55,0,0
BRDA:796,55,1,0
BRDA:797,56,0,0
BRDA:797,56,1,0
BRDA:798,57,0,0
BRDA:798,57,1,0
BRDA:799,58,0,0
BRDA:799,58,1,0
BRDA:824,59,0,0
BRDA:838,60,0,0
BRDA:841,61,0,0
BRDA:841,62,0,0
BRDA:841,62,1,0
BRDA:843,63,0,0
BRDA:843,64,0,0
BRDA:843,64,1,0
BRDA:851,65,0,0
BRDA:851,65,1,0
BRDA:852,66,0,0
BRDA:852,66,1,0
BRDA:853,67,0,0
BRDA:853,67,1,0
BRDA:854,68,0,0
BRDA:854,68,1,0
BRDA:855,69,0,0
BRDA:855,69,1,0
BRDA:892,70,0,0
BRDA:892,71,0,0
BRDA:892,71,1,0
BRDA:896,72,0,0
BRDA:901,73,0,0
BRDA:904,74,0,0
BRF:115
BRH:23
end_of_record
TN:
SF:src\ai\ai.module.ts
FNF:0
FNH:0
DA:1,0
DA:2,0
DA:8,0
LF:3
LH:0
BRF:0
BRH:0
end_of_record
TN:
SF:src\ai\ai.service.ts
FN:9,(anonymous_2)
FN:147,(anonymous_3)
FNF:2
FNH:2
FNDA:4,(anonymous_2)
FNDA:2,(anonymous_3)
DA:1,2
DA:2,2
DA:5,2
DA:6,4
DA:10,4
DA:16,4
DA:148,2
DA:149,1
DA:150,1
DA:156,1
DA:157,1
DA:159,1
DA:164,1
DA:174,1
DA:176,1
DA:178,1
DA:180,0
DA:181,0
LF:18
LH:16
BRDA:10,0,0,4
BRDA:10,0,1,1
BRDA:148,1,0,1
BRF:3
BRH:3
end_of_record
TN:
SF:src\audit-logs\audit-log.controller.ts
FN:11,(anonymous_4)
FN:15,(anonymous_5)
FNF:2
FNH:0
FNDA:0,(anonymous_4)
FNDA:0,(anonymous_5)
DA:1,0
DA:2,0
DA:3,0
DA:4,0
DA:5,0
DA:6,0
DA:10,0
DA:11,0
DA:15,0
DA:22,0
LF:10
LH:0
BRF:0
BRH:0
end_of_record
TN:
SF:src\audit-logs\audit-log.module.ts
FNF:0
FNH:0
DA:1,0
DA:2,0
DA:3,0
DA:10,0
LF:4
LH:0
BRF:0
BRH:0
end_of_record
TN:
SF:src\audit-logs\audit-log.service.ts
FN:6,(anonymous_2)
FN:8,(anonymous_3)
FN:27,(anonymous_4)
FNF:3
FNH:0
FNDA:0,(anonymous_2)
FNDA:0,(anonymous_3)
FNDA:0,(anonymous_4)
DA:1,1
DA:2,1
DA:5,1
DA:6,0
DA:9,0
DA:10,0
DA:11,0
DA:12,0
DA:13,0
DA:14,0
DA:15,0
DA:16,0
DA:19,0
DA:28,0
LF:14
LH:3
BRDA:10,0,0,0
BRDA:11,1,0,0
BRDA:12,2,0,0
BRDA:13,3,0,0
BRDA:13,4,0,0
BRDA:13,4,1,0
BRDA:15,5,0,0
BRDA:16,6,0,0
BRF:8
BRH:0
end_of_record
TN:
SF:src\auth\auth.controller.ts
FN:8,(anonymous_4)
FN:11,(anonymous_5)
FN:16,(anonymous_6)
FN:21,(anonymous_7)
FN:26,(anonymous_8)
FN:31,(anonymous_9)
FN:36,(anonymous_10)
FN:41,(anonymous_11)
FN:46,(anonymous_12)
FN:51,(anonymous_13)
FNF:10
FNH:0
FNDA:0,(anonymous_4)
FNDA:0,(anonymous_5)
FNDA:0,(anonymous_6)
FNDA:0,(anonymous_7)
FNDA:0,(anonymous_8)
FNDA:0,(anonymous_9)
FNDA:0,(anonymous_10)
FNDA:0,(anonymous_11)
FNDA:0,(anonymous_12)
FNDA:0,(anonymous_13)
DA:1,0
DA:2,0
DA:3,0
DA:4,0
DA:7,0
DA:8,0
DA:11,0
DA:12,0
DA:16,0
DA:17,0
DA:21,0
DA:22,0
DA:26,0
DA:27,0
DA:31,0
DA:32,0
DA:36,0
DA:37,0
DA:41,0
DA:42,0
DA:46,0
DA:47,0
DA:51,0
DA:52,0
DA:53,0
LF:25
LH:0
BRDA:17,0,0,0
BRDA:17,0,1,0
BRDA:27,1,0,0
BRDA:27,1,1,0
BRDA:32,2,0,0
BRDA:32,2,1,0
BRDA:37,3,0,0
BRDA:37,3,1,0
BRDA:37,4,0,0
BRDA:37,4,1,0
BRF:10
BRH:0
end_of_record
TN:
SF:src\auth\auth.module.ts
FN:9,jwtDefaultExpiresSeconds
FNF:1
FNH:0
FNDA:0,jwtDefaultExpiresSeconds
DA:1,0
DA:2,0
DA:3,0
DA:4,0
DA:5,0
DA:6,0
DA:7,0
DA:10,0
DA:11,0
DA:12,0
DA:13,0
DA:15,0
DA:16,0
DA:17,0
DA:19,0
DA:20,0
DA:35,0
LF:17
LH:0
BRDA:10,0,0,0
BRDA:10,0,1,0
BRDA:11,1,0,0
BRDA:13,2,0,0
BRDA:13,2,1,0
BRDA:15,3,0,0
BRDA:17,4,0,0
BRDA:17,4,1,0
BRDA:20,5,0,0
BRDA:20,5,1,0
BRDA:28,6,0,0
BRDA:28,6,1,0
BRF:12
BRH:0
end_of_record
TN:
SF:src\auth\auth.service.ts
FN:18,(anonymous_2)
FN:25,(anonymous_3)
FN:33,(anonymous_4)
FN:47,(anonymous_5)
FN:54,(anonymous_6)
FN:64,(anonymous_7)
FN:101,(anonymous_8)
FN:111,(anonymous_9)
FN:130,(anonymous_10)
FN:138,(anonymous_11)
FN:169,(anonymous_12)
FN:191,(anonymous_13)
FN:220,(anonymous_14)
FN:226,(anonymous_15)
FN:232,(anonymous_16)
FNF:15
FNH:6
FNDA:8,(anonymous_2)
FNDA:3,(anonymous_3)
FNDA:2,(anonymous_4)
FNDA:1,(anonymous_5)
FNDA:1,(anonymous_6)
FNDA:4,(anonymous_7)
FNDA:0,(anonymous_8)
FNDA:0,(anonymous_9)
FNDA:0,(anonymous_10)
FNDA:0,(anonymous_11)
FNDA:0,(anonymous_12)
FNDA:0,(anonymous_13)
FNDA:0,(anonymous_14)
FNDA:0,(anonymous_15)
FNDA:0,(anonymous_16)
DA:1,1
DA:6,1
DA:7,1
DA:9,1
DA:11,1
DA:12,1
DA:13,1
DA:14,1
DA:17,1
DA:19,8
DA:20,8
DA:21,8
DA:22,8
DA:26,3
DA:27,3
DA:28,1
DA:30,2
DA:34,2
DA:35,2
DA:36,2
DA:37,2
DA:39,0
DA:40,0
DA:41,0
DA:43,0
DA:44,0
DA:48,1
DA:49,1
DA:55,1
DA:56,1
DA:57,1
DA:58,1
DA:61,1
DA:65,4
DA:66,4
DA:67,1
DA:70,3
DA:71,1
DA:74,2
DA:75,1
DA:78,1
DA:79,0
DA:82,1
DA:83,1
DA:84,1
DA:102,0
DA:103,0
DA:105,0
DA:109,0
DA:110,0
DA:111,0
DA:113,0
DA:115,0
DA:116,0
DA:117,0
DA:119,0
DA:120,0
DA:121,0
DA:122,0
DA:131,0
DA:132,0
DA:135,0
DA:139,0
DA:140,0
DA:142,0
DA:143,0
DA:149,0
DA:150,0
DA:152,0
DA:162,0
DA:166,0
DA:170,0
DA:171,0
DA:173,0
DA:177,0
DA:178,0
DA:180,0
DA:181,0
DA:182,0
DA:183,0
DA:187,0
DA:188,0
DA:192,0
DA:193,0
DA:195,0
DA:196,0
DA:198,0
DA:199,0
DA:205,0
DA:206,0
DA:208,0
DA:209,0
DA:217,0
DA:221,0
DA:227,0
DA:233,0
LF:96
LH:39
BRDA:27,0,0,1
BRDA:27,1,0,3
BRDA:27,1,1,2
BRDA:34,2,0,2
BRDA:34,2,1,2
BRDA:35,3,0,2
BRDA:37,4,0,0
BRDA:37,4,1,2
BRDA:39,5,0,0
BRDA:41,6,0,0
BRDA:41,6,1,0
BRDA:44,7,0,0
BRDA:44,7,1,0
BRDA:56,8,0,1
BRDA:56,8,1,1
BRDA:57,9,0,0
BRDA:57,9,1,1
BRDA:66,10,0,1
BRDA:70,11,0,1
BRDA:74,12,0,1
BRDA:78,13,0,0
BRDA:102,14,0,0
BRDA:109,15,0,0
BRDA:109,16,0,0
BRDA:109,16,1,0
BRDA:110,17,0,0
BRDA:116,18,0,0
BRDA:131,19,0,0
BRDA:139,20,0,0
BRDA:149,21,0,0
BRDA:158,22,0,0
BRDA:158,22,1,0
BRDA:162,23,0,0
BRDA:162,23,1,0
BRDA:170,24,0,0
BRDA:177,25,0,0
BRDA:192,26,0,0
BRDA:195,27,0,0
BRDA:195,28,0,0
BRDA:195,28,1,0
BRDA:205,29,0,0
BRF:41
BRH:13
end_of_record
TN:
SF:src\auth\dto\login.dto.ts
FNF:0
FNH:0
DA:1,0
DA:3,0
DA:5,0
DA:10,0
LF:4
LH:0
BRF:0
BRH:0
end_of_record
TN:
SF:src\auth\strategies\jwt.strategy.ts
FN:15,(anonymous_2)
FN:23,(anonymous_3)
FNF:2
FNH:0
FNDA:0,(anonymous_2)
FNDA:0,(anonymous_3)
DA:1,0
DA:2,0
DA:3,0
DA:4,0
DA:5,0
DA:14,0
DA:15,0
DA:16,0
DA:24,0
DA:29,0
DA:30,0
DA:33,0
LF:12
LH:0
BRDA:19,0,0,0
BRDA:19,0,1,0
BRDA:29,1,0,0
BRDA:29,2,0,0
BRDA:29,2,1,0
BRF:5
BRH:0
end_of_record
TN:
SF:src\banks\banks.controller.ts
FN:29,(anonymous_4)
FN:33,(anonymous_5)
FN:39,(anonymous_6)
FN:45,(anonymous_7)
FN:51,(anonymous_8)
FN:57,(anonymous_9)
FN:63,(anonymous_10)
FNF:7
FNH:0
FNDA:0,(anonymous_4)
FNDA:0,(anonymous_5)
FNDA:0,(anonymous_6)
FNDA:0,(anonymous_7)
FNDA:0,(anonymous_8)
FNDA:0,(anonymous_9)
FNDA:0,(anonymous_10)
DA:1,0
DA:12,0
DA:13,0
DA:14,0
DA:15,0
DA:16,0
DA:28,0
DA:29,0
DA:33,0
DA:34,0
DA:39,0
DA:40,0
DA:45,0
DA:46,0
DA:51,0
DA:52,0
DA:57,0
DA:58,0
DA:63,0
DA:68,0
LF:20
LH:0
BRF:0
BRH:0
end_of_record
TN:
SF:src\banks\banks.module.ts
FNF:0
FNH:0
DA:1,0
DA:2,0
DA:3,0
DA:4,0
DA:11,0
LF:5
LH:0
BRF:0
BRH:0
end_of_record
TN:
SF:src\banks\banks.service.ts
FN:7,(anonymous_2)
FN:9,(anonymous_3)
FN:28,(anonymous_4)
FN:44,(anonymous_5)
FN:63,(anonymous_6)
FN:81,(anonymous_7)
FN:88,(anonymous_8)
FNF:7
FNH:5
FNDA:7,(anonymous_2)
FNDA:1,(anonymous_3)
FNDA:1,(anonymous_4)
FNDA:4,(anonymous_5)
FNDA:0,(anonymous_6)
FNDA:0,(anonymous_7)
FNDA:1,(anonymous_8)
DA:1,1
DA:2,1
DA:6,1
DA:7,7
DA:20,1
DA:29,1
DA:45,4
DA:57,4
DA:58,3
DA:60,2
DA:74,0
DA:75,0
DA:82,0
DA:83,0
DA:95,1
DA:98,1
DA:105,1
LF:17
LH:13
BRDA:57,0,0,1
BRDA:58,1,0,1
BRF:2
BRH:2
end_of_record
TN:
SF:src\common\decorators\roles.decorator.ts
FN:5,(anonymous_0)
FNF:1
FNH:0
FNDA:0,(anonymous_0)
DA:1,0
DA:4,0
DA:5,0
LF:3
LH:0
BRF:0
BRH:0
end_of_record
TN:
SF:src\common\filters\prisma-exception.filter.ts
FN:12,(anonymous_1)
FN:36,(anonymous_2)
FNF:2
FNH:0
FNDA:0,(anonymous_1)
FNDA:0,(anonymous_2)
DA:1,0
DA:7,0
DA:11,0
DA:13,0
DA:14,0
DA:16,0
DA:17,0
DA:23,0
DA:27,0
DA:35,0
DA:37,0
DA:38,0
DA:39,0
LF:13
LH:0
BRDA:16,0,0,0
BRDA:23,1,0,0
BRDA:23,1,1,0
BRDA:41,2,0,0
BRDA:41,2,1,0
BRF:5
BRH:0
end_of_record
TN:
SF:src\common\guards\roles.guard.ts
FN:16,(anonymous_2)
FN:18,(anonymous_3)
FN:32,(anonymous_4)
FNF:3
FNH:0
FNDA:0,(anonymous_2)
FNDA:0,(anonymous_3)
FNDA:0,(anonymous_4)
DA:1,0
DA:2,0
DA:3,0
DA:4,0
DA:15,0
DA:16,0
DA:19,0
DA:23,0
DA:24,0
DA:26,0
DA:27,0
DA:28,0
DA:30,0
DA:32,0
LF:14
LH:0
BRDA:23,0,0,0
BRDA:28,1,0,0
BRDA:30,2,0,0
BRF:3
BRH:0
end_of_record
TN:
SF:src\cron\cron.module.ts
FNF:0
FNH:0
DA:1,0
DA:2,0
DA:3,0
DA:4,0
DA:5,0
DA:6,0
DA:17,0
LF:7
LH:0
BRF:0
BRH:0
end_of_record
TN:
SF:src\cron\cron.service.ts
FN:12,(anonymous_2)
FN:20,(anonymous_3)
FN:51,(anonymous_4)
FN:73,(anonymous_5)
FN:104,(anonymous_6)
FNF:5
FNH:0
FNDA:0,(anonymous_2)
FNDA:0,(anonymous_3)
FNDA:0,(anonymous_4)
FNDA:0,(anonymous_5)
FNDA:0,(anonymous_6)
DA:1,0
DA:2,0
DA:3,0
DA:4,0
DA:5,0
DA:6,0
DA:9,0
DA:10,0
DA:13,0
DA:14,0
DA:15,0
DA:20,0
DA:21,0
DA:22,0
DA:26,0
DA:36,0
DA:37,0
DA:38,0
DA:39,0
DA:43,0
DA:44,0
DA:45,0
DA:46,0
DA:52,0
DA:53,0
DA:55,0
DA:63,0
DA:64,0
DA:66,0
DA:67,0
DA:73,0
DA:74,0
DA:77,0
DA:82,0
DA:84,0
DA:85,0
DA:87,0
DA:95,0
DA:96,0
DA:97,0
DA:104,0
DA:105,0
DA:106,0
DA:108,0
DA:115,0
DA:116,0
DA:117,0
DA:119,0
DA:121,0
DA:122,0
DA:130,0
DA:132,0
DA:133,0
LF:53
LH:0
BRDA:43,0,0,0
BRDA:43,0,1,0
BRDA:43,1,0,0
BRDA:43,1,1,0
BRDA:45,2,0,0
BRDA:45,3,0,0
BRDA:45,3,1,0
BRDA:53,4,0,0
BRDA:53,4,1,0
BRDA:63,5,0,0
BRDA:66,6,0,0
BRDA:95,7,0,0
BRDA:119,8,0,0
BRDA:119,8,1,0
BRDA:119,9,0,0
BRDA:119,9,1,0
BRDA:121,10,0,0
BRDA:125,11,0,0
BRDA:125,11,1,0
BRDA:130,12,0,0
BRDA:132,13,0,0
BRDA:136,14,0,0
BRDA:136,14,1,0
BRF:23
BRH:0
end_of_record
TN:
SF:src\documents\documents.controller.ts
FN:37,(anonymous_4)
FN:40,(anonymous_5)
FN:51,(anonymous_6)
FN:57,(anonymous_7)
FN:83,(anonymous_8)
FN:96,(anonymous_9)
FN:106,(anonymous_10)
FN:128,(anonymous_11)
FN:73,(anonymous_12)
FNF:9
FNH:0
FNDA:0,(anonymous_4)
FNDA:0,(anonymous_5)
FNDA:0,(anonymous_6)
FNDA:0,(anonymous_7)
FNDA:0,(anonymous_8)
FNDA:0,(anonymous_9)
FNDA:0,(anonymous_10)
FNDA:0,(anonymous_11)
FNDA:0,(anonymous_12)
DA:1,0
DA:16,0
DA:17,0
DA:18,0
DA:19,0
DA:20,0
DA:21,0
DA:22,0
DA:23,0
DA:36,0
DA:37,0
DA:40,0
DA:46,0
DA:47,0
DA:51,0
DA:52,0
DA:57,0
DA:62,0
DA:63,0
DA:65,0
DA:74,0
DA:75,0
DA:76,0
DA:77,0
DA:83,0
DA:91,0
DA:96,0
DA:101,0
DA:106,0
DA:111,0
DA:112,0
DA:113,0
DA:115,0
DA:116,0
DA:119,0
DA:128,0
DA:129,0
LF:37
LH:0
BRDA:46,0,0,0
BRDA:46,0,1,0
BRDA:62,1,0,0
BRDA:62,2,0,0
BRDA:62,2,1,0
BRDA:112,3,0,0
BRDA:112,3,1,0
BRDA:115,4,0,0
BRDA:115,5,0,0
BRDA:115,5,1,0
BRDA:115,5,2,0
BRDA:120,6,0,0
BRDA:120,6,1,0
BRDA:121,7,0,0
BRDA:121,7,1,0
BRDA:122,8,0,0
BRDA:122,8,1,0
BRF:17
BRH:0
end_of_record
TN:
SF:src\documents\documents.module.ts
FNF:0
FNH:0
DA:1,0
DA:2,0
DA:3,0
DA:4,0
DA:5,0
DA:7,0
DA:18,0
LF:7
LH:0
BRF:0
BRH:0
end_of_record
TN:
SF:src\documents\documents.service.ts
FN:15,(anonymous_2)
FN:22,(anonymous_3)
FN:46,(anonymous_4)
FN:48,(anonymous_5)
FN:77,(anonymous_6)
FN:79,(anonymous_7)
FN:130,(anonymous_8)
FN:178,(anonymous_9)
FN:213,(anonymous_10)
FN:240,(anonymous_11)
FN:252,(anonymous_12)
FN:303,(anonymous_13)
FN:338,(anonymous_14)
FNF:13
FNH:3
FNDA:6,(anonymous_2)
FNDA:2,(anonymous_3)
FNDA:0,(anonymous_4)
FNDA:0,(anonymous_5)
FNDA:0,(anonymous_6)
FNDA:0,(anonymous_7)
FNDA:3,(anonymous_8)
FNDA:0,(anonymous_9)
FNDA:0,(anonymous_10)
FNDA:0,(anonymous_11)
FNDA:0,(anonymous_12)
FNDA:0,(anonymous_13)
FNDA:0,(anonymous_14)
DA:1,1
DA:2,1
DA:3,1
DA:5,1
DA:7,1
DA:9,1
DA:10,1
DA:11,1
DA:14,1
DA:16,6
DA:17,6
DA:18,6
DA:19,6
DA:23,2
DA:25,2
DA:26,1
DA:41,1
DA:42,0
DA:46,0
DA:47,0
DA:48,0
DA:51,0
DA:66,1
DA:67,0
DA:71,0
DA:73,0
DA:77,0
DA:78,0
DA:79,0
DA:82,0
DA:97,1
DA:98,1
DA:99,0
DA:113,1
DA:127,0
DA:131,3
DA:148,3
DA:151,2
DA:153,2
DA:154,0
DA:157,0
DA:160,2
DA:161,0
DA:165,0
DA:166,0
DA:169,0
DA:173,2
DA:175,1
DA:179,0
DA:180,0
DA:183,0
DA:184,0
DA:185,0
DA:188,0
DA:190,0
DA:209,0
DA:210,0
DA:211,0
DA:213,0
DA:214,0
DA:219,0
DA:220,0
DA:222,0
DA:226,0
DA:228,0
DA:237,0
DA:241,0
DA:258,0
DA:261,0
DA:264,0
DA:265,0
DA:266,0
DA:267,0
DA:268,0
DA:271,0
DA:272,0
DA:273,0
DA:276,0
DA:277,0
DA:280,0
DA:284,0
DA:285,0
DA:288,0
DA:289,0
DA:290,0
DA:291,0
DA:293,0
DA:304,0
DA:307,0
DA:310,0
DA:311,0
DA:312,0
DA:313,0
DA:314,0
DA:317,0
DA:318,0
DA:319,0
DA:322,0
DA:323,0
DA:326,0
DA:330,0
DA:331,0
DA:334,0
DA:335,0
DA:339,0
LF:105
LH:28
BRDA:23,0,0,0
BRDA:23,0,1,2
BRDA:25,1,0,1
BRDA:29,2,0,0
BRDA:29,2,1,1
BRDA:30,3,0,0
BRDA:30,3,1,1
BRDA:30,4,0,1
BRDA:30,4,1,1
BRDA:41,5,0,0
BRDA:47,6,0,0
BRDA:53,7,0,0
BRDA:53,7,1,0
BRDA:54,8,0,0
BRDA:54,8,1,0
BRDA:55,9,0,0
BRDA:55,9,1,0
BRDA:55,10,0,0
BRDA:55,10,1,0
BRDA:66,11,0,0
BRDA:71,12,0,0
BRDA:78,13,0,0
BRDA:86,14,0,0
BRDA:86,14,1,0
BRDA:86,15,0,0
BRDA:86,15,1,0
BRDA:97,16,0,1
BRDA:98,17,0,0
BRDA:103,18,0,0
BRDA:103,18,1,0
BRDA:103,19,0,0
BRDA:103,19,1,0
BRDA:117,20,0,0
BRDA:117,20,1,1
BRDA:117,21,0,1
BRDA:117,21,1,1
BRDA:148,22,0,1
BRDA:151,23,0,0
BRDA:153,24,0,0
BRDA:157,25,0,0
BRDA:157,26,0,0
BRDA:157,26,1,0
BRDA:160,27,0,0
BRDA:165,28,0,0
BRDA:169,29,0,0
BRDA:173,30,0,1
BRDA:173,31,0,2
BRDA:173,31,1,2
BRDA:179,32,0,0
BRDA:184,33,0,0
BRDA:192,34,0,0
BRDA:192,34,1,0
BRDA:192,35,0,0
BRDA:192,35,1,0
BRDA:197,36,0,0
BRDA:197,36,1,0
BRDA:198,37,0,0
BRDA:198,37,1,0
BRDA:199,38,0,0
BRDA:199,38,1,0
BRDA:199,39,0,0
BRDA:199,39,1,0
BRDA:200,40,0,0
BRDA:200,40,1,0
BRDA:209,41,0,0
BRDA:211,42,0,0
BRDA:211,42,1,0
BRDA:219,43,0,0
BRDA:219,43,1,0
BRDA:220,44,0,0
BRDA:223,45,0,0
BRDA:223,45,1,0
BRDA:226,46,0,0
BRDA:226,46,1,0
BRDA:261,47,0,0
BRDA:265,48,0,0
BRDA:265,48,1,0
BRDA:266,49,0,0
BRDA:266,49,1,0
BRDA:266,50,0,0
BRDA:266,50,1,0
BRDA:267,51,0,0
BRDA:267,51,1,0
BRDA:271,52,0,0
BRDA:271,53,0,0
BRDA:271,53,1,0
BRDA:272,54,0,0
BRDA:276,55,0,0
BRDA:280,56,0,0
BRDA:284,57,0,0
BRDA:289,58,0,0
BRDA:290,59,0,0
BRDA:291,60,0,0
BRDA:307,61,0,0
BRDA:311,62,0,0
BRDA:311,62,1,0
BRDA:312,63,0,0
BRDA:312,63,1,0
BRDA:312,64,0,0
BRDA:312,64,1,0
BRDA:313,65,0,0
BRDA:313,65,1,0
BRDA:317,66,0,0
BRDA:317,67,0,0
BRDA:317,67,1,0
BRDA:318,68,0,0
BRDA:322,69,0,0
BRDA:326,70,0,0
BRDA:330,71,0,0
BRF:109
BRH:14
end_of_record
TN:
SF:src\folders\folders.controller.ts
FN:51,(anonymous_4)
FN:55,(anonymous_5)
FN:67,(anonymous_6)
FN:79,(anonymous_7)
FN:88,(anonymous_8)
FN:94,(anonymous_9)
FN:100,(anonymous_10)
FN:106,(anonymous_11)
FNF:8
FNH:0
FNDA:0,(anonymous_4)
FNDA:0,(anonymous_5)
FNDA:0,(anonymous_6)
FNDA:0,(anonymous_7)
FNDA:0,(anonymous_8)
FNDA:0,(anonymous_9)
FNDA:0,(anonymous_10)
FNDA:0,(anonymous_11)
DA:1,0
DA:13,0
DA:14,0
DA:15,0
DA:16,0
DA:17,0
DA:18,0
DA:20,0
DA:23,0
DA:27,0
DA:31,0
DA:34,0
DA:37,0
DA:50,0
DA:51,0
DA:55,0
DA:56,0
DA:67,0
DA:73,0
DA:74,0
DA:79,0
DA:84,0
DA:88,0
DA:89,0
DA:94,0
DA:95,0
DA:100,0
DA:101,0
DA:106,0
DA:107,0
LF:30
LH:0
BRF:0
BRH:0
end_of_record
TN:
SF:src\folders\folders.module.ts
FNF:0
FNH:0
DA:1,0
DA:2,0
DA:3,0
DA:9,0
LF:4
LH:0
BRF:0
BRH:0
end_of_record
TN:
SF:src\folders\folders.service.ts
FN:7,(anonymous_2)
FN:9,(anonymous_3)
FN:46,(anonymous_4)
FN:89,(anonymous_5)
FN:113,(anonymous_6)
FN:118,(anonymous_7)
FN:152,(anonymous_8)
FN:167,(anonymous_9)
FN:210,(anonymous_10)
FNF:9
FNH:4
FNDA:9,(anonymous_2)
FNDA:3,(anonymous_3)
FNDA:0,(anonymous_4)
FNDA:3,(anonymous_5)
FNDA:0,(anonymous_6)
FNDA:2,(anonymous_7)
FNDA:0,(anonymous_8)
FNDA:0,(anonymous_9)
FNDA:0,(anonymous_10)
DA:1,1
DA:2,1
DA:3,1
DA:6,1
DA:7,9
DA:10,3
DA:12,3
DA:13,2
DA:14,0
DA:15,2
DA:16,2
DA:19,2
DA:20,1
DA:21,0
DA:22,0
DA:25,0
DA:26,0
DA:29,0
DA:30,0
DA:32,0
DA:37,2
DA:47,0
DA:49,0
DA:50,0
DA:51,0
DA:52,0
DA:53,0
DA:56,0
DA:57,0
DA:58,0
DA:59,0
DA:62,0
DA:63,0
DA:66,0
DA:67,0
DA:69,0
DA:74,0
DA:90,3
DA:102,3
DA:104,2
DA:105,1
DA:110,1
DA:114,0
DA:115,0
DA:119,2
DA:122,2
DA:125,1
DA:126,0
DA:127,1
DA:128,0
DA:131,0
DA:132,1
DA:133,0
DA:136,0
DA:137,0
DA:140,0
DA:143,1
DA:153,0
DA:154,0
DA:158,0
DA:159,0
DA:161,0
DA:168,0
DA:171,0
DA:174,0
DA:175,0
DA:176,0
DA:177,0
DA:180,0
DA:181,0
DA:182,0
DA:185,0
DA:186,0
DA:189,0
DA:192,0
DA:195,0
DA:201,0
DA:206,0
DA:211,0
LF:79
LH:24
BRDA:12,0,0,2
BRDA:12,1,0,3
BRDA:12,1,1,2
BRDA:12,1,2,2
BRDA:13,2,0,0
BRDA:13,2,1,2
BRDA:15,3,0,2
BRDA:15,3,1,0
BRDA:19,4,0,1
BRDA:21,5,0,0
BRDA:25,6,0,0
BRDA:25,6,1,0
BRDA:29,7,0,0
BRDA:41,8,0,2
BRDA:41,8,1,2
BRDA:46,9,0,0
BRDA:49,10,0,0
BRDA:49,11,0,0
BRDA:49,11,1,0
BRDA:49,11,2,0
BRDA:50,12,0,0
BRDA:50,12,1,0
BRDA:52,13,0,0
BRDA:52,13,1,0
BRDA:56,14,0,0
BRDA:58,15,0,0
BRDA:62,16,0,0
BRDA:62,16,1,0
BRDA:66,17,0,0
BRDA:77,18,0,0
BRDA:77,18,1,0
BRDA:77,19,0,0
BRDA:77,19,1,0
BRDA:102,20,0,1
BRDA:104,21,0,1
BRDA:104,22,0,2
BRDA:104,22,1,2
BRDA:122,23,0,1
BRDA:125,24,0,0
BRDA:125,24,1,1
BRDA:125,25,0,1
BRDA:125,25,1,1
BRDA:127,26,0,0
BRDA:127,26,1,1
BRDA:131,27,0,0
BRDA:132,28,0,0
BRDA:136,29,0,0
BRDA:140,30,0,0
BRDA:171,31,0,0
BRDA:174,32,0,0
BRDA:174,32,1,0
BRDA:174,33,0,0
BRDA:174,33,1,0
BRDA:176,34,0,0
BRDA:176,34,1,0
BRDA:180,35,0,0
BRDA:181,36,0,0
BRDA:185,37,0,0
BRDA:189,38,0,0
BRF:59
BRH:18
end_of_record
TN:
SF:src\invoices\invoices.controller.ts
FN:11,(anonymous_4)
FN:15,(anonymous_5)
FN:20,(anonymous_6)
FN:25,(anonymous_7)
FN:31,(anonymous_8)
FN:37,(anonymous_9)
FN:43,(anonymous_10)
FNF:7
FNH:0
FNDA:0,(anonymous_4)
FNDA:0,(anonymous_5)
FNDA:0,(anonymous_6)
FNDA:0,(anonymous_7)
FNDA:0,(anonymous_8)
FNDA:0,(anonymous_9)
FNDA:0,(anonymous_10)
DA:1,0
DA:2,0
DA:3,0
DA:4,0
DA:5,0
DA:6,0
DA:10,0
DA:11,0
DA:15,0
DA:16,0
DA:20,0
DA:21,0
DA:25,0
DA:26,0
DA:31,0
DA:32,0
DA:37,0
DA:38,0
DA:43,0
DA:44,0
LF:20
LH:0
BRF:0
BRH:0
end_of_record
TN:
SF:src\invoices\invoices.module.ts
FNF:0
FNH:0
DA:1,0
DA:2,0
DA:3,0
DA:4,0
DA:12,0
LF:5
LH:0
BRF:0
BRH:0
end_of_record
TN:
SF:src\invoices\invoices.service.ts
FN:7,(anonymous_2)
FN:9,(anonymous_3)
FN:59,(anonymous_4)
FN:73,(anonymous_5)
FN:82,(anonymous_6)
FN:89,(anonymous_7)
FN:104,(anonymous_8)
FNF:7
FNH:4
FNDA:6,(anonymous_2)
FNDA:2,(anonymous_3)
FNDA:0,(anonymous_4)
FNDA:2,(anonymous_5)
FNDA:0,(anonymous_6)
FNDA:1,(anonymous_7)
FNDA:0,(anonymous_8)
DA:1,1
DA:2,1
DA:3,1
DA:6,1
DA:7,6
DA:21,2
DA:26,2
DA:34,2
DA:35,1
DA:51,1
DA:60,0
DA:61,0
DA:67,0
DA:74,2
DA:78,2
DA:79,1
DA:83,0
DA:90,1
DA:91,0
DA:93,1
DA:105,0
LF:21
LH:15
BRDA:30,0,0,0
BRDA:30,0,1,2
BRDA:34,1,0,1
BRDA:60,2,0,0
BRDA:78,3,0,1
BRDA:90,4,0,0
BRDA:90,5,0,1
BRDA:90,5,1,1
BRF:8
BRH:5
end_of_record
TN:
SF:src\leaves\leaves.controller.ts
FN:11,(anonymous_4)
FN:15,(anonymous_5)
FN:39,(anonymous_6)
FN:45,(anonymous_7)
FNF:4
FNH:0
FNDA:0,(anonymous_4)
FNDA:0,(anonymous_5)
FNDA:0,(anonymous_6)
FNDA:0,(anonymous_7)
DA:1,0
DA:2,0
DA:3,0
DA:4,0
DA:5,0
DA:6,0
DA:10,0
DA:11,0
DA:15,0
DA:16,0
DA:17,0
DA:18,0
DA:19,0
DA:23,0
DA:25,0
DA:26,0
DA:29,0
DA:39,0
DA:40,0
DA:45,0
DA:46,0
LF:21
LH:0
BRDA:18,0,0,0
BRDA:18,1,0,0
BRDA:18,1,1,0
BRDA:25,2,0,0
BRF:4
BRH:0
end_of_record
TN:
SF:src\leaves\leaves.module.ts
FNF:0
FNH:0
DA:1,0
DA:2,0
DA:3,0
DA:4,0
DA:12,0
LF:5
LH:0
BRF:0
BRH:0
end_of_record
TN:
SF:src\leaves\leaves.service.ts
FN:6,(anonymous_2)
FN:8,(anonymous_3)
FN:14,(anonymous_4)
FN:21,(anonymous_5)
FNF:4
FNH:4
FNDA:7,(anonymous_2)
FNDA:1,(anonymous_3)
FNDA:2,(anonymous_4)
FNDA:3,(anonymous_5)
DA:1,1
DA:2,1
DA:5,1
DA:6,7
DA:9,1
DA:15,2
DA:22,3
DA:23,3
DA:24,2
DA:26,1
LF:10
LH:10
BRDA:23,0,0,1
BRDA:24,1,0,1
BRF:2
BRH:2
end_of_record
TN:
SF:src\mail\mail.module.ts
FNF:0
FNH:0
DA:1,0
DA:2,0
DA:9,0
LF:3
LH:0
BRF:0
BRH:0
end_of_record
TN:
SF:src\mail\mail.service.ts
FN:12,(anonymous_2)
FN:18,(anonymous_3)
FN:22,(anonymous_4)
FN:56,(anonymous_5)
FN:62,(anonymous_6)
FN:87,(anonymous_7)
FN:157,(anonymous_8)
FN:234,(anonymous_9)
FN:302,(anonymous_10)
FNF:9
FNH:0
FNDA:0,(anonymous_2)
FNDA:0,(anonymous_3)
FNDA:0,(anonymous_4)
FNDA:0,(anonymous_5)
FNDA:0,(anonymous_6)
FNDA:0,(anonymous_7)
FNDA:0,(anonymous_8)
FNDA:0,(anonymous_9)
FNDA:0,(anonymous_10)
DA:1,10
DA:2,10
DA:3,10
DA:4,10
DA:7,10
DA:8,0
DA:9,0
DA:12,0
DA:13,0
DA:19,0
DA:23,0
DA:24,0
DA:26,0
DA:29,0
DA:30,0
DA:31,0
DA:32,0
DA:33,0
DA:36,0
DA:37,0
DA:39,0
DA:40,0
DA:43,0
DA:46,0
DA:53,0
DA:57,0
DA:63,0
DA:64,0
DA:65,0
DA:68,0
DA:70,0
DA:71,0
DA:79,0
DA:80,0
DA:82,0
DA:83,0
DA:92,0
DA:93,0
DA:94,0
DA:96,0
DA:104,0
DA:151,0
DA:152,0
DA:153,0
DA:162,0
DA:163,0
DA:164,0
DA:174,0
DA:222,0
DA:223,0
DA:224,0
DA:225,0
DA:226,0
DA:229,0
DA:231,0
DA:235,0
DA:236,0
DA:237,0
DA:247,0
DA:293,0
DA:294,0
DA:295,0
DA:296,0
DA:297,0
DA:298,0
DA:300,0
DA:315,0
DA:316,0
DA:317,0
DA:320,0
DA:324,0
DA:330,0
DA:332,0
DA:383,0
DA:384,0
LF:75
LH:5
BRDA:14,0,0,0
BRDA:14,0,1,0
BRDA:26,1,0,0
BRDA:26,1,1,0
BRDA:30,2,0,0
BRDA:30,2,1,0
BRDA:31,3,0,0
BRDA:37,4,0,0
BRDA:37,4,1,0
BRDA:37,4,2,0
BRDA:39,5,0,0
BRDA:39,6,0,0
BRDA:39,6,1,0
BRDA:39,6,2,0
BRDA:58,7,0,0
BRDA:58,7,1,0
BRDA:63,8,0,0
BRDA:64,9,0,0
BRDA:76,10,0,0
BRDA:76,10,1,0
BRDA:96,11,0,0
BRDA:96,11,1,0
BRDA:99,12,0,0
BRDA:99,12,1,0
BRDA:225,13,0,0
BRDA:296,14,0,0
BRDA:320,15,0,0
BRDA:320,15,1,0
BRDA:321,16,0,0
BRDA:321,16,1,0
BRDA:324,17,0,0
BRDA:324,17,1,0
BRDA:326,18,0,0
BRDA:326,18,1,0
BRF:34
BRH:0
end_of_record
TN:
SF:src\meetings\meetings.controller.ts
FN:23,(anonymous_4)
FN:27,(anonymous_5)
FN:77,(anonymous_6)
FN:83,(anonymous_7)
FN:89,(anonymous_8)
FN:102,(anonymous_9)
FN:107,(anonymous_10)
FN:112,(anonymous_11)
FN:117,(anonymous_12)
FN:128,(anonymous_13)
FN:138,(anonymous_14)
FN:143,(anonymous_15)
FN:148,(anonymous_16)
FNF:13
FNH:0
FNDA:0,(anonymous_4)
FNDA:0,(anonymous_5)
FNDA:0,(anonymous_6)
FNDA:0,(anonymous_7)
FNDA:0,(anonymous_8)
FNDA:0,(anonymous_9)
FNDA:0,(anonymous_10)
FNDA:0,(anonymous_11)
FNDA:0,(anonymous_12)
FNDA:0,(anonymous_13)
FNDA:0,(anonymous_14)
FNDA:0,(anonymous_15)
FNDA:0,(anonymous_16)
DA:1,0
DA:14,0
DA:15,0
DA:16,0
DA:17,0
DA:18,0
DA:22,0
DA:23,0
DA:27,0
DA:28,0
DA:29,0
DA:30,0
DA:32,0
DA:34,0
DA:35,0
DA:52,0
DA:53,0
DA:57,0
DA:59,0
DA:77,0
DA:78,0
DA:83,0
DA:84,0
DA:89,0
DA:94,0
DA:95,0
DA:96,0
DA:97,0
DA:102,0
DA:103,0
DA:107,0
DA:108,0
DA:112,0
DA:113,0
DA:117,0
DA:118,0
DA:119,0
DA:120,0
DA:121,0
DA:124,0
DA:128,0
DA:134,0
DA:138,0
DA:139,0
DA:143,0
DA:144,0
DA:148,0
DA:149,0
LF:48
LH:0
BRDA:29,0,0,0
BRDA:32,1,0,0
BRDA:32,1,1,0
BRDA:34,2,0,0
BRDA:37,3,0,0
BRDA:37,3,1,0
BRDA:41,4,0,0
BRDA:41,4,1,0
BRDA:42,5,0,0
BRDA:42,5,1,0
BRDA:52,6,0,0
BRDA:57,7,0,0
BRDA:57,7,1,0
BRDA:57,8,0,0
BRDA:57,8,1,0
BRDA:61,9,0,0
BRDA:61,9,1,0
BRDA:64,10,0,0
BRDA:64,10,1,0
BRDA:66,11,0,0
BRDA:66,11,1,0
BRDA:95,12,0,0
BRDA:95,12,1,0
BRDA:96,13,0,0
BRDA:96,13,1,0
BRDA:118,14,0,0
BRDA:120,15,0,0
BRF:27
BRH:0
end_of_record
TN:
SF:src\meetings\meetings.module.ts
FNF:0
FNH:0
DA:1,0
DA:2,0
DA:3,0
DA:4,0
DA:6,0
DA:14,0
LF:6
LH:0
BRF:0
BRH:0
end_of_record
TN:
SF:src\meetings\meetings.service.ts
FN:14,(anonymous_2)
FN:20,(anonymous_3)
FN:64,(anonymous_4)
FN:197,(anonymous_5)
FN:229,(anonymous_6)
FN:236,(anonymous_7)
FN:239,(anonymous_8)
FN:258,(anonymous_9)
FN:302,(anonymous_10)
FN:312,(anonymous_11)
FN:331,(anonymous_12)
FN:337,(anonymous_13)
FN:345,(anonymous_14)
FN:348,(anonymous_15)
FN:359,(anonymous_16)
FN:370,(anonymous_17)
FN:388,(anonymous_18)
FN:407,(anonymous_19)
FN:438,(anonymous_20)
FN:515,(anonymous_21)
FN:562,(anonymous_22)
FN:574,(anonymous_23)
FN:592,(anonymous_24)
FNF:23
FNH:8
FNDA:11,(anonymous_2)
FNDA:3,(anonymous_3)
FNDA:0,(anonymous_4)
FNDA:2,(anonymous_5)
FNDA:0,(anonymous_6)
FNDA:1,(anonymous_7)
FNDA:2,(anonymous_8)
FNDA:0,(anonymous_9)
FNDA:0,(anonymous_10)
FNDA:0,(anonymous_11)
FNDA:0,(anonymous_12)
FNDA:0,(anonymous_13)
FNDA:0,(anonymous_14)
FNDA:0,(anonymous_15)
FNDA:2,(anonymous_16)
FNDA:1,(anonymous_17)
FNDA:0,(anonymous_18)
FNDA:0,(anonymous_19)
FNDA:0,(anonymous_20)
FNDA:0,(anonymous_21)
FNDA:0,(anonymous_22)
FNDA:0,(anonymous_23)
FNDA:2,(anonymous_24)
DA:1,1
DA:6,1
DA:7,1
DA:9,1
DA:10,1
DA:13,1
DA:15,11
DA:16,11
DA:17,11
DA:36,3
DA:37,3
DA:38,1
DA:44,2
DA:46,2
DA:47,2
DA:48,2
DA:52,2
DA:53,2
DA:54,2
DA:58,2
DA:59,0
DA:60,0
DA:61,0
DA:62,0
DA:64,0
DA:65,0
DA:66,0
DA:67,0
DA:68,0
DA:69,0
DA:72,0
DA:73,0
DA:80,2
DA:88,2
DA:89,1
DA:95,1
DA:109,1
DA:110,0
DA:111,0
DA:112,0
DA:113,0
DA:119,1
DA:145,1
DA:146,0
DA:147,0
DA:149,0
DA:153,0
DA:154,0
DA:165,1
DA:166,0
DA:167,0
DA:168,0
DA:169,0
DA:170,0
DA:174,0
DA:175,0
DA:176,0
DA:194,1
DA:198,2
DA:199,2
DA:200,1
DA:201,0
DA:202,0
DA:206,0
DA:207,0
DA:211,2
DA:230,0
DA:237,1
DA:238,1
DA:239,2
DA:260,0
DA:265,0
DA:268,0
DA:269,0
DA:270,0
DA:280,0
DA:290,0
DA:291,0
DA:292,0
DA:294,0
DA:296,0
DA:297,0
DA:299,0
DA:301,0
DA:302,0
DA:303,0
DA:306,0
DA:307,0
DA:308,0
DA:312,0
DA:313,0
DA:316,0
DA:317,0
DA:318,0
DA:319,0
DA:320,0
DA:321,0
DA:323,0
DA:324,0
DA:325,0
DA:326,0
DA:331,0
DA:332,0
DA:333,0
DA:334,0
DA:337,0
DA:338,0
DA:339,0
DA:340,0
DA:345,0
DA:346,0
DA:347,0
DA:348,0
DA:351,0
DA:352,0
DA:356,0
DA:360,2
DA:361,2
DA:363,2
DA:364,1
DA:375,1
DA:376,1
DA:377,1
DA:378,1
DA:379,1
DA:383,1
DA:385,1
DA:389,0
DA:402,0
DA:403,0
DA:404,0
DA:408,0
DA:409,0
DA:410,0
DA:412,0
DA:413,0
DA:414,0
DA:415,0
DA:421,0
DA:422,0
DA:423,0
DA:424,0
DA:426,0
DA:427,0
DA:428,0
DA:432,0
DA:433,0
DA:434,0
DA:435,0
DA:436,0
DA:438,0
DA:439,0
DA:440,0
DA:441,0
DA:442,0
DA:443,0
DA:446,0
DA:447,0
DA:454,0
DA:462,0
DA:463,0
DA:470,0
DA:471,0
DA:472,0
DA:473,0
DA:474,0
DA:475,0
DA:476,0
DA:477,0
DA:478,0
DA:479,0
DA:480,0
DA:482,0
DA:495,0
DA:496,0
DA:498,0
DA:502,0
DA:503,0
DA:512,0
DA:516,0
DA:517,0
DA:518,0
DA:519,0
DA:535,0
DA:536,0
DA:538,0
DA:539,0
DA:540,0
DA:541,0
DA:544,0
DA:548,0
DA:549,0
DA:559,0
DA:563,0
DA:564,0
DA:565,0
DA:580,0
DA:581,0
DA:582,0
DA:593,2
DA:594,2
DA:595,1
DA:596,0
LF:203
LH:50
BRDA:37,0,0,1
BRDA:47,1,0,2
BRDA:52,2,0,2
BRDA:58,3,0,0
BRDA:69,4,0,0
BRDA:69,4,1,0
BRDA:72,5,0,0
BRDA:88,6,0,1
BRDA:109,7,0,0
BRDA:112,8,0,0
BRDA:112,9,0,0
BRDA:112,9,1,0
BRDA:126,10,0,1
BRDA:126,10,1,0
BRDA:127,11,0,1
BRDA:127,11,1,1
BRDA:128,12,0,1
BRDA:128,12,1,1
BRDA:129,13,0,1
BRDA:129,13,1,1
BRDA:130,14,0,1
BRDA:130,14,1,1
BRDA:131,15,0,1
BRDA:131,15,1,1
BRDA:132,16,0,1
BRDA:132,16,1,1
BRDA:145,17,0,0
BRDA:147,18,0,0
BRDA:147,18,1,0
BRDA:149,19,0,0
BRDA:149,19,1,0
BRDA:150,20,0,0
BRDA:150,20,1,0
BRDA:153,21,0,0
BRDA:165,22,0,0
BRDA:168,23,0,0
BRDA:168,24,0,0
BRDA:168,24,1,0
BRDA:170,25,0,0
BRDA:170,25,1,0
BRDA:171,26,0,0
BRDA:171,26,1,0
BRDA:172,27,0,0
BRDA:172,27,1,0
BRDA:175,28,0,0
BRDA:175,29,0,0
BRDA:175,29,1,0
BRDA:183,30,0,0
BRDA:183,30,1,0
BRDA:184,31,0,0
BRDA:184,31,1,0
BRDA:199,32,0,1
BRDA:199,32,1,1
BRDA:200,33,0,1
BRDA:200,33,1,0
BRDA:201,34,0,0
BRDA:206,35,0,0
BRDA:244,36,0,2
BRDA:244,36,1,2
BRDA:265,37,0,0
BRDA:299,38,0,0
BRDA:303,39,0,0
BRDA:312,40,0,0
BRDA:312,40,1,0
BRDA:313,41,0,0
BRDA:340,42,0,0
BRDA:340,42,1,0
BRDA:348,43,0,0
BRDA:348,43,1,0
BRDA:351,44,0,0
BRDA:361,45,0,0
BRDA:363,46,0,1
BRDA:375,47,0,0
BRDA:375,48,0,1
BRDA:375,48,1,0
BRDA:376,49,0,0
BRDA:376,50,0,1
BRDA:376,50,1,0
BRDA:377,51,0,0
BRDA:378,52,0,1
BRDA:383,53,0,0
BRDA:383,54,0,1
BRDA:383,54,1,0
BRDA:402,55,0,0
BRDA:409,56,0,0
BRDA:412,57,0,0
BRDA:414,58,0,0
BRDA:421,59,0,0
BRDA:421,60,0,0
BRDA:421,60,1,0
BRDA:422,61,0,0
BRDA:422,61,1,0
BRDA:423,62,0,0
BRDA:423,62,1,0
BRDA:426,63,0,0
BRDA:432,64,0,0
BRDA:443,65,0,0
BRDA:443,65,1,0
BRDA:446,66,0,0
BRDA:462,67,0,0
BRDA:471,68,0,0
BRDA:472,69,0,0
BRDA:473,70,0,0
BRDA:474,71,0,0
BRDA:475,72,0,0
BRDA:476,73,0,0
BRDA:477,74,0,0
BRDA:478,75,0,0
BRDA:479,76,0,0
BRDA:480,77,0,0
BRDA:496,78,0,0
BRDA:496,78,1,0
BRDA:498,79,0,0
BRDA:498,79,1,0
BRDA:499,80,0,0
BRDA:499,80,1,0
BRDA:502,81,0,0
BRDA:517,82,0,0
BRDA:535,83,0,0
BRDA:535,83,1,0
BRDA:536,84,0,0
BRDA:536,84,1,0
BRDA:538,85,0,0
BRDA:538,86,0,0
BRDA:538,86,1,0
BRDA:540,87,0,0
BRDA:540,87,1,0
BRDA:540,88,0,0
BRDA:540,88,1,0
BRDA:541,89,0,0
BRDA:541,89,1,0
BRDA:544,90,0,0
BRDA:544,90,1,0
BRDA:545,91,0,0
BRDA:545,91,1,0
BRDA:548,92,0,0
BRDA:564,93,0,0
BRDA:581,94,0,0
BRDA:594,95,0,1
BRF:139
BRH:28
end_of_record
TN:
SF:src\messaging\messaging.controller.ts
FN:9,(anonymous_4)
FN:12,(anonymous_5)
FN:19,(anonymous_6)
FN:24,(anonymous_7)
FN:29,(anonymous_8)
FN:45,(anonymous_9)
FN:50,(anonymous_10)
FN:55,(anonymous_11)
FNF:8
FNH:0
FNDA:0,(anonymous_4)
FNDA:0,(anonymous_5)
FNDA:0,(anonymous_6)
FNDA:0,(anonymous_7)
FNDA:0,(anonymous_8)
FNDA:0,(anonymous_9)
FNDA:0,(anonymous_10)
FNDA:0,(anonymous_11)
DA:1,0
DA:2,0
DA:3,0
DA:4,0
DA:8,0
DA:9,0
DA:12,0
DA:13,0
DA:14,0
DA:15,0
DA:19,0
DA:20,0
DA:24,0
DA:25,0
DA:29,0
DA:34,0
DA:45,0
DA:46,0
DA:50,0
DA:51,0
DA:55,0
DA:56,0
LF:22
LH:0
BRDA:13,0,0,0
BRDA:13,0,1,0
BRDA:15,1,0,0
BRDA:15,1,1,0
BRDA:38,2,0,0
BRDA:38,2,1,0
BRF:6
BRH:0
end_of_record
TN:
SF:src\messaging\messaging.module.ts
FNF:0
FNH:0
DA:1,0
DA:2,0
DA:3,0
DA:4,0
DA:5,0
DA:13,0
LF:6
LH:0
BRF:0
BRH:0
end_of_record
TN:
SF:src\messaging\messaging.service.ts
FN:11,(anonymous_2)
FN:16,(anonymous_3)
FN:26,(anonymous_4)
FN:37,(anonymous_5)
FN:57,(anonymous_6)
FN:64,(anonymous_7)
FN:86,(anonymous_8)
FN:145,(anonymous_9)
FN:165,(anonymous_10)
FN:177,(anonymous_11)
FNF:10
FNH:5
FNDA:5,(anonymous_2)
FNDA:2,(anonymous_3)
FNDA:2,(anonymous_4)
FNDA:0,(anonymous_5)
FNDA:2,(anonymous_6)
FNDA:0,(anonymous_7)
FNDA:2,(anonymous_8)
FNDA:0,(anonymous_9)
FNDA:0,(anonymous_10)
FNDA:0,(anonymous_11)
DA:1,1
DA:6,1
DA:7,1
DA:10,1
DA:12,5
DA:13,5
DA:17,2
DA:18,2
DA:19,1
DA:21,1
DA:26,2
DA:38,0
DA:58,2
DA:61,2
DA:65,0
DA:81,0
DA:82,0
DA:83,0
DA:94,2
DA:95,1
DA:102,1
DA:103,1
DA:105,1
DA:113,1
DA:119,1
DA:128,1
DA:132,1
DA:133,1
DA:142,1
DA:146,0
DA:149,0
DA:150,0
DA:151,0
DA:166,0
DA:167,0
DA:168,0
DA:169,0
DA:171,0
DA:178,0
DA:179,0
DA:180,0
DA:181,0
DA:183,0
LF:43
LH:24
BRDA:16,0,0,2
BRDA:18,1,0,1
BRDA:61,2,0,1
BRDA:81,3,0,0
BRDA:90,4,0,2
BRDA:102,5,0,0
BRDA:103,6,0,0
BRDA:128,7,0,1
BRDA:128,7,1,0
BRDA:128,8,0,1
BRDA:128,8,1,1
BRDA:130,9,0,0
BRDA:130,9,1,0
BRDA:136,10,0,0
BRDA:136,10,1,1
BRDA:149,11,0,0
BRDA:167,12,0,0
BRDA:168,13,0,0
BRDA:179,14,0,0
BRDA:180,15,0,0
BRF:20
BRH:8
end_of_record
TN:
SF:src\notifications\notifications.controller.ts
FN:12,(anonymous_4)
FN:15,(anonymous_5)
FN:20,(anonymous_6)
FN:25,(anonymous_7)
FN:31,(anonymous_8)
FN:36,(anonymous_9)
FNF:6
FNH:0
FNDA:0,(anonymous_4)
FNDA:0,(anonymous_5)
FNDA:0,(anonymous_6)
FNDA:0,(anonymous_7)
FNDA:0,(anonymous_8)
FNDA:0,(anonymous_9)
DA:1,0
DA:2,0
DA:3,0
DA:11,0
DA:12,0
DA:15,0
DA:16,0
DA:20,0
DA:21,0
DA:25,0
DA:26,0
DA:31,0
DA:32,0
DA:36,0
DA:37,0
LF:15
LH:0
BRF:0
BRH:0
end_of_record
TN:
SF:src\notifications\notifications.gateway.ts
FN:23,(anonymous_2)
FN:25,(anonymous_3)
FN:46,(anonymous_4)
FN:51,(anonymous_5)
FNF:4
FNH:0
FNDA:0,(anonymous_2)
FNDA:0,(anonymous_3)
FNDA:0,(anonymous_4)
FNDA:0,(anonymous_5)
DA:1,7
DA:10,7
DA:11,7
DA:19,7
DA:21,7
DA:23,0
DA:26,0
DA:27,0
DA:28,0
DA:29,0
DA:30,0
DA:32,0
DA:35,0
DA:36,0
DA:39,0
DA:40,0
DA:42,0
DA:47,0
DA:52,0
LF:19
LH:5
BRDA:27,0,0,0
BRDA:27,0,1,0
BRDA:28,1,0,0
BRF:3
BRH:0
end_of_record
TN:
SF:src\notifications\notifications.module.ts
FNF:0
FNH:0
DA:1,0
DA:2,0
DA:3,0
DA:4,0
DA:5,0
DA:6,0
DA:19,0
LF:7
LH:0
BRDA:12,0,0,0
BRDA:12,0,1,0
BRF:2
BRH:0
end_of_record
TN:
SF:src\notifications\notifications.service.ts
FN:8,(anonymous_2)
FN:14,(anonymous_3)
FN:22,(anonymous_4)
FN:31,(anonymous_5)
FN:40,(anonymous_6)
FN:101,(anonymous_7)
FN:113,(anonymous_8)
FN:131,(anonymous_9)
FN:167,(anonymous_10)
FNF:9
FNH:6
FNDA:7,(anonymous_2)
FNDA:1,(anonymous_3)
FNDA:2,(anonymous_4)
FNDA:1,(anonymous_5)
FNDA:2,(anonymous_6)
FNDA:2,(anonymous_7)
FNDA:0,(anonymous_8)
FNDA:0,(anonymous_9)
FNDA:0,(anonymous_10)
DA:1,7
DA:2,7
DA:3,7
DA:4,7
DA:7,7
DA:9,7
DA:10,7
DA:11,7
DA:15,1
DA:23,2
DA:24,2
DA:25,1
DA:32,1
DA:36,1
DA:53,2
DA:56,2
DA:71,2
DA:72,1
DA:77,2
DA:78,2
DA:79,2
DA:80,2
DA:82,2
DA:83,2
DA:84,2
DA:85,2
DA:86,2
DA:88,2
DA:90,2
DA:91,0
DA:92,0
DA:93,0
DA:97,2
DA:102,2
DA:105,2
DA:106,0
DA:110,2
DA:115,0
DA:116,0
DA:138,0
DA:139,0
DA:141,0
DA:143,0
DA:144,0
DA:145,0
DA:146,0
DA:150,0
DA:161,0
DA:168,0
LF:49
LH:33
BRDA:24,0,0,1
BRDA:62,1,0,2
BRDA:62,1,1,2
BRDA:63,2,0,2
BRDA:63,2,1,2
BRDA:64,3,0,2
BRDA:64,3,1,2
BRDA:65,4,0,2
BRDA:65,4,1,2
BRDA:66,5,0,2
BRDA:66,5,1,2
BRDA:71,6,0,1
BRDA:77,7,0,2
BRDA:77,7,1,2
BRDA:83,8,0,0
BRDA:83,9,0,2
BRDA:83,9,1,0
BRDA:84,10,0,0
BRDA:84,11,0,2
BRDA:84,11,1,0
BRDA:85,12,0,0
BRDA:85,13,0,2
BRDA:85,13,1,0
BRDA:86,14,0,0
BRDA:88,15,0,0
BRDA:88,16,0,2
BRDA:88,16,1,2
BRDA:90,17,0,0
BRDA:92,18,0,0
BRDA:105,19,0,0
BRDA:139,20,0,0
BRDA:141,21,0,0
BRDA:141,21,1,0
BRDA:143,22,0,0
BRDA:145,23,0,0
BRDA:153,24,0,0
BRDA:153,24,1,0
BRDA:155,25,0,0
BRDA:155,25,1,0
BRDA:171,26,0,0
BRDA:171,26,1,0
BRF:41
BRH:19
end_of_record
TN:
SF:src\ocr\ocr.controller.ts
FN:16,(anonymous_4)
FN:24,(anonymous_5)
FN:31,(anonymous_6)
FN:43,(anonymous_7)
FNF:4
FNH:0
FNDA:0,(anonymous_4)
FNDA:0,(anonymous_5)
FNDA:0,(anonymous_6)
FNDA:0,(anonymous_7)
DA:1,0
DA:10,0
DA:11,0
DA:15,0
DA:16,0
DA:24,0
DA:29,0
DA:32,0
DA:35,0
DA:43,0
DA:44,0
LF:11
LH:0
BRF:0
BRH:0
end_of_record
TN:
SF:src\ocr\ocr.module.ts
FNF:0
FNH:0
DA:1,0
DA:2,0
DA:3,0
DA:4,0
DA:5,0
DA:16,0
LF:6
LH:0
BRF:0
BRH:0
end_of_record
TN:
SF:src\ocr\ocr.service.ts
FN:44,(anonymous_2)
FN:52,(anonymous_3)
FN:115,(anonymous_4)
FN:137,(anonymous_5)
FN:159,(anonymous_6)
FN:195,(anonymous_7)
FN:218,(anonymous_8)
FN:242,(anonymous_9)
FN:263,(anonymous_10)
FNF:9
FNH:3
FNDA:7,(anonymous_2)
FNDA:3,(anonymous_3)
FNDA:0,(anonymous_4)
FNDA:0,(anonymous_5)
FNDA:0,(anonymous_6)
FNDA:0,(anonymous_7)
FNDA:0,(anonymous_8)
FNDA:0,(anonymous_9)
FNDA:3,(anonymous_10)
DA:1,2
DA:2,2
DA:3,2
DA:4,2
DA:5,2
DA:6,2
DA:7,2
DA:9,2
DA:12,2
DA:41,2
DA:42,7
DA:45,7
DA:46,7
DA:57,3
DA:61,3
DA:62,1
DA:66,2
DA:67,2
DA:68,1
DA:69,1
DA:73,1
DA:74,1
DA:75,1
DA:77,1
DA:78,1
DA:79,1
DA:83,0
DA:88,0
DA:90,0
DA:93,0
DA:99,0
DA:105,0
DA:107,0
DA:108,0
DA:113,0
DA:114,0
DA:115,0
DA:116,0
DA:117,0
DA:121,0
DA:130,0
DA:140,0
DA:141,0
DA:145,0
DA:153,0
DA:163,0
DA:167,0
DA:177,0
DA:178,0
DA:183,0
DA:196,0
DA:199,0
DA:200,0
DA:201,0
DA:202,0
DA:206,0
DA:207,0
DA:208,0
DA:209,0
DA:212,0
DA:219,0
DA:236,0
DA:243,0
DA:244,0
DA:250,0
DA:254,0
DA:256,0
DA:264,3
DA:269,3
DA:270,1
DA:273,2
DA:274,2
DA:275,1
DA:277,1
LF:74
LH:33
BRDA:9,0,0,2
BRDA:9,0,1,2
BRDA:61,1,0,1
BRDA:66,2,0,2
BRDA:66,2,1,0
BRDA:67,3,0,1
BRDA:77,4,0,1
BRDA:107,5,0,0
BRDA:107,5,1,0
BRDA:113,6,0,0
BRDA:113,6,1,0
BRDA:113,6,2,0
BRDA:114,7,0,0
BRDA:114,7,1,0
BRDA:115,8,0,0
BRDA:115,8,1,0
BRDA:116,9,0,0
BRDA:168,10,0,0
BRDA:168,10,1,0
BRDA:169,11,0,0
BRDA:169,11,1,0
BRDA:171,12,0,0
BRDA:171,12,1,0
BRDA:172,13,0,0
BRDA:172,13,1,0
BRDA:173,14,0,0
BRDA:173,14,1,0
BRDA:177,15,0,0
BRDA:177,15,1,0
BRDA:196,16,0,0
BRDA:200,17,0,0
BRDA:202,18,0,0
BRDA:202,18,1,0
BRDA:207,19,0,0
BRDA:209,20,0,0
BRDA:209,20,1,0
BRDA:222,21,0,0
BRDA:222,21,1,0
BRDA:223,22,0,0
BRDA:223,22,1,0
BRDA:224,23,0,0
BRDA:224,23,1,0
BRDA:225,24,0,0
BRDA:225,24,1,0
BRDA:227,25,0,0
BRDA:227,25,1,0
BRDA:227,26,0,0
BRDA:227,26,1,0
BRDA:228,27,0,0
BRDA:228,27,1,0
BRDA:228,28,0,0
BRDA:228,28,1,0
BRDA:229,29,0,0
BRDA:229,29,1,0
BRDA:229,30,0,0
BRDA:229,30,1,0
BRDA:231,31,0,0
BRDA:231,31,1,0
BRDA:232,32,0,0
BRDA:232,32,1,0
BRDA:233,33,0,0
BRDA:233,33,1,0
BRDA:234,34,0,0
BRDA:234,34,1,0
BRDA:269,35,0,1
BRDA:269,36,0,3
BRDA:269,36,1,3
BRF:67
BRH:9
end_of_record
TN:
SF:src\organizations\organizations.controller.ts
FN:11,(anonymous_4)
FN:15,(anonymous_5)
FN:21,(anonymous_6)
FNF:3
FNH:0
FNDA:0,(anonymous_4)
FNDA:0,(anonymous_5)
FNDA:0,(anonymous_6)
DA:1,0
DA:2,0
DA:3,0
DA:4,0
DA:5,0
DA:6,0
DA:10,0
DA:11,0
DA:15,0
DA:16,0
DA:21,0
DA:22,0
LF:12
LH:0
BRF:0
BRH:0
end_of_record
TN:
SF:src\organizations\organizations.module.ts
FNF:0
FNH:0
DA:1,0
DA:2,0
DA:3,0
DA:10,0
LF:4
LH:0
BRF:0
BRH:0
end_of_record
TN:
SF:src\organizations\organizations.service.ts
FN:6,(anonymous_2)
FN:8,(anonymous_3)
FN:18,(anonymous_4)
FNF:3
FNH:3
FNDA:4,(anonymous_2)
FNDA:1,(anonymous_3)
FNDA:2,(anonymous_4)
DA:1,1
DA:2,1
DA:5,1
DA:6,4
DA:9,1
DA:19,2
DA:20,2
DA:22,1
LF:8
LH:8
BRDA:20,0,0,1
BRF:1
BRH:1
end_of_record
TN:
SF:src\prisma\prisma.mock.ts
FN:7,(anonymous_0)
FNF:1
FNH:1
FNDA:39,(anonymous_0)
DA:2,6
DA:7,39
LF:2
LH:2
BRF:0
BRH:0
end_of_record
TN:
SF:src\prisma\prisma.module.ts
FNF:0
FNH:0
DA:1,0
DA:2,0
DA:9,0
LF:3
LH:0
BRF:0
BRH:0
end_of_record
TN:
SF:src\prisma\prisma.service.ts
FN:19,(anonymous_2)
FN:28,(anonymous_3)
FN:33,(anonymous_4)
FN:82,(anonymous_5)
FNF:4
FNH:0
FNDA:0,(anonymous_2)
FNDA:0,(anonymous_3)
FNDA:0,(anonymous_4)
FNDA:0,(anonymous_5)
DA:1,18
DA:2,18
DA:8,18
DA:9,18
DA:10,18
DA:13,18
DA:17,0
DA:20,0
DA:21,0
DA:22,0
DA:24,0
DA:25,0
DA:29,0
DA:30,0
DA:34,0
DA:35,0
DA:37,0
DA:38,0
DA:41,0
DA:44,0
DA:45,0
DA:49,0
DA:50,0
DA:51,0
DA:61,0
DA:66,0
DA:70,0
DA:74,0
DA:78,0
DA:83,0
LF:30
LH:6
BRDA:21,0,0,0
BRDA:24,1,0,0
BRDA:24,1,1,0
BRDA:37,2,0,0
BRDA:37,3,0,0
BRDA:37,3,1,0
BRDA:49,4,0,0
BRDA:49,4,1,0
BRDA:66,5,0,0
BRDA:67,6,0,0
BRDA:67,6,1,0
BRF:11
BRH:0
end_of_record
TN:
SF:src\requests\requests.controller.ts
FN:29,(anonymous_4)
FN:33,(anonymous_5)
FN:76,(anonymous_6)
FN:81,(anonymous_7)
FN:87,(anonymous_8)
FN:118,(anonymous_9)
FN:124,(anonymous_10)
FN:159,(anonymous_11)
FN:165,(anonymous_12)
FN:192,(anonymous_13)
FN:204,(anonymous_14)
FN:213,(anonymous_15)
FN:183,(anonymous_16)
FNF:13
FNH:0
FNDA:0,(anonymous_4)
FNDA:0,(anonymous_5)
FNDA:0,(anonymous_6)
FNDA:0,(anonymous_7)
FNDA:0,(anonymous_8)
FNDA:0,(anonymous_9)
FNDA:0,(anonymous_10)
FNDA:0,(anonymous_11)
FNDA:0,(anonymous_12)
FNDA:0,(anonymous_13)
FNDA:0,(anonymous_14)
FNDA:0,(anonymous_15)
FNDA:0,(anonymous_16)
DA:1,0
DA:16,0
DA:17,0
DA:18,0
DA:19,0
DA:20,0
DA:21,0
DA:22,0
DA:23,0
DA:28,0
DA:29,0
DA:33,0
DA:34,0
DA:36,0
DA:40,0
DA:45,0
DA:46,0
DA:47,0
DA:48,0
DA:50,0
DA:53,0
DA:68,0
DA:69,0
DA:76,0
DA:77,0
DA:81,0
DA:82,0
DA:87,0
DA:89,0
DA:95,0
DA:101,0
DA:118,0
DA:119,0
DA:124,0
DA:126,0
DA:132,0
DA:137,0
DA:159,0
DA:160,0
DA:165,0
DA:170,0
DA:184,0
DA:185,0
DA:186,0
DA:187,0
DA:192,0
DA:197,0
DA:198,0
DA:200,0
DA:204,0
DA:209,0
DA:213,0
DA:214,0
LF:53
LH:0
BRDA:36,0,0,0
BRDA:36,0,1,0
BRDA:36,1,0,0
BRDA:36,1,1,0
BRDA:40,2,0,0
BRDA:40,2,1,0
BRDA:40,3,0,0
BRDA:40,3,1,0
BRDA:46,4,0,0
BRDA:47,5,0,0
BRDA:55,6,0,0
BRDA:55,6,1,0
BRDA:56,7,0,0
BRDA:56,7,1,0
BRDA:57,8,0,0
BRDA:57,8,1,0
BRDA:58,9,0,0
BRDA:58,9,1,0
BRDA:59,10,0,0
BRDA:59,10,1,0
BRDA:59,11,0,0
BRDA:59,11,1,0
BRDA:61,12,0,0
BRDA:61,12,1,0
BRDA:61,13,0,0
BRDA:61,13,1,0
BRDA:70,14,0,0
BRDA:70,14,1,0
BRDA:89,15,0,0
BRDA:89,15,1,0
BRDA:91,16,0,0
BRDA:91,16,1,0
BRDA:91,17,0,0
BRDA:91,17,1,0
BRDA:95,18,0,0
BRDA:95,18,1,0
BRDA:97,19,0,0
BRDA:97,19,1,0
BRDA:97,20,0,0
BRDA:97,20,1,0
BRDA:106,21,0,0
BRDA:106,21,1,0
BRDA:106,22,0,0
BRDA:106,22,1,0
BRDA:106,23,0,0
BRDA:106,23,1,0
BRDA:108,24,0,0
BRDA:108,24,1,0
BRDA:110,25,0,0
BRDA:110,25,1,0
BRDA:110,26,0,0
BRDA:110,26,1,0
BRDA:126,27,0,0
BRDA:126,27,1,0
BRDA:128,28,0,0
BRDA:128,28,1,0
BRDA:128,29,0,0
BRDA:128,29,1,0
BRDA:132,30,0,0
BRDA:132,30,1,0
BRDA:134,31,0,0
BRDA:134,31,1,0
BRDA:134,32,0,0
BRDA:134,32,1,0
BRDA:144,33,0,0
BRDA:144,33,1,0
BRDA:146,34,0,0
BRDA:146,34,1,0
BRDA:146,35,0,0
BRDA:146,35,1,0
BRDA:150,36,0,0
BRDA:150,36,1,0
BRDA:152,37,0,0
BRDA:152,37,1,0
BRDA:152,38,0,0
BRDA:152,38,1,0
BRDA:197,39,0,0
BRF:77
BRH:0
end_of_record
TN:
SF:src\requests\requests.module.ts
FNF:0
FNH:0
DA:1,0
DA:2,0
DA:3,0
DA:4,0
DA:5,0
DA:13,0
LF:6
LH:0
BRF:0
BRH:0
end_of_record
TN:
SF:src\requests\requests.service.ts
FN:34,(anonymous_2)
FN:39,(anonymous_3)
FN:92,(anonymous_4)
FN:148,(anonymous_5)
FN:153,(anonymous_6)
FN:179,(anonymous_7)
FN:194,(anonymous_8)
FN:234,(anonymous_9)
FN:262,(anonymous_10)
FN:272,(anonymous_11)
FN:313,(anonymous_12)
FN:374,(anonymous_13)
FN:405,(anonymous_14)
FN:421,(anonymous_15)
FN:444,(anonymous_16)
FN:478,(anonymous_17)
FN:495,(anonymous_18)
FNF:17
FNH:6
FNDA:10,(anonymous_2)
FNDA:2,(anonymous_3)
FNDA:1,(anonymous_4)
FNDA:0,(anonymous_5)
FNDA:0,(anonymous_6)
FNDA:2,(anonymous_7)
FNDA:0,(anonymous_8)
FNDA:0,(anonymous_9)
FNDA:0,(anonymous_10)
FNDA:2,(anonymous_11)
FNDA:0,(anonymous_12)
FNDA:0,(anonymous_13)
FNDA:0,(anonymous_14)
FNDA:0,(anonymous_15)
FNDA:0,(anonymous_16)
FNDA:0,(anonymous_17)
FNDA:3,(anonymous_18)
DA:1,1
DA:6,1
DA:7,1
DA:8,1
DA:11,1
DA:33,1
DA:35,10
DA:36,10
DA:50,2
DA:73,2
DA:75,1
DA:77,1
DA:86,1
DA:89,2
DA:93,1
DA:97,1
DA:99,0
DA:104,0
DA:107,0
DA:111,0
DA:113,0
DA:121,0
DA:125,0
DA:128,0
DA:129,0
DA:131,0
DA:133,0
DA:149,0
DA:153,0
DA:156,10
DA:166,10
DA:180,2
DA:181,1
DA:188,1
DA:190,0
DA:194,0
DA:195,0
DA:197,0
DA:209,1
DA:212,0
DA:224,1
DA:225,0
DA:231,1
DA:239,0
DA:240,0
DA:241,0
DA:243,0
DA:244,0
DA:245,0
DA:246,0
DA:248,0
DA:249,0
DA:253,0
DA:254,0
DA:255,0
DA:256,0
DA:258,0
DA:259,0
DA:263,0
DA:267,0
DA:268,0
DA:269,0
DA:285,2
DA:288,2
DA:289,1
DA:290,1
DA:292,0
DA:293,0
DA:296,0
DA:298,0
DA:326,0
DA:327,0
DA:329,0
DA:330,0
DA:331,0
DA:333,0
DA:334,0
DA:338,0
DA:339,0
DA:340,0
DA:341,0
DA:344,0
DA:345,0
DA:346,0
DA:347,0
DA:350,0
DA:356,0
DA:357,0
DA:359,0
DA:362,0
DA:371,0
DA:375,0
DA:376,0
DA:378,0
DA:379,0
DA:380,0
DA:381,0
DA:383,0
DA:384,0
DA:387,0
DA:390,0
DA:391,0
DA:392,0
DA:394,0
DA:395,0
DA:398,0
DA:406,0
DA:407,0
DA:408,0
DA:409,0
DA:427,0
DA:428,0
DA:429,0
DA:430,0
DA:431,0
DA:450,0
DA:451,0
DA:452,0
DA:454,0
DA:455,0
DA:457,0
DA:458,0
DA:461,0
DA:464,0
DA:466,0
DA:479,0
DA:483,0
DA:484,0
DA:485,0
DA:486,0
DA:487,0
DA:488,0
DA:491,0
DA:492,0
DA:496,3
DA:497,3
DA:499,3
DA:500,2
DA:501,2
DA:502,1
DA:504,1
DA:505,1
DA:506,0
DA:509,0
DA:512,1
LF:145
LH:37
BRDA:54,0,0,2
BRDA:54,0,1,2
BRDA:57,1,0,2
BRDA:57,1,1,1
BRDA:58,2,0,2
BRDA:58,2,1,2
BRDA:59,3,0,2
BRDA:59,3,1,2
BRDA:60,4,0,2
BRDA:60,4,1,2
BRDA:73,5,0,1
BRDA:75,6,0,1
BRDA:75,6,1,1
BRDA:80,7,0,1
BRDA:80,7,1,0
BRDA:86,8,0,1
BRDA:86,8,1,1
BRDA:97,9,0,1
BRDA:104,10,0,0
BRDA:111,11,0,0
BRDA:128,12,0,0
BRDA:131,13,0,0
BRDA:135,14,0,0
BRDA:135,14,1,0
BRDA:137,15,0,0
BRDA:137,15,1,0
BRDA:180,16,0,1
BRDA:188,17,0,0
BRDA:209,18,0,0
BRDA:224,19,0,0
BRDA:239,20,0,0
BRDA:240,21,0,0
BRDA:243,22,0,0
BRDA:245,23,0,0
BRDA:248,24,0,0
BRDA:253,25,0,0
BRDA:255,26,0,0
BRDA:258,27,0,0
BRDA:267,28,0,0
BRDA:288,29,0,1
BRDA:289,30,0,1
BRDA:292,31,0,0
BRDA:292,32,0,0
BRDA:292,32,1,0
BRDA:296,33,0,0
BRDA:301,34,0,0
BRDA:301,34,1,0
BRDA:302,35,0,0
BRDA:302,35,1,0
BRDA:303,36,0,0
BRDA:303,36,1,0
BRDA:304,37,0,0
BRDA:304,37,1,0
BRDA:305,38,0,0
BRDA:305,38,1,0
BRDA:306,39,0,0
BRDA:306,39,1,0
BRDA:307,40,0,0
BRDA:307,40,1,0
BRDA:326,41,0,0
BRDA:326,42,0,0
BRDA:326,42,1,0
BRDA:326,42,2,0
BRDA:330,43,0,0
BRDA:333,44,0,0
BRDA:333,45,0,0
BRDA:333,45,1,0
BRDA:339,46,0,0
BRDA:340,47,0,0
BRDA:341,48,0,0
BRDA:344,49,0,0
BRDA:345,50,0,0
BRDA:346,51,0,0
BRDA:347,52,0,0
BRDA:356,53,0,0
BRDA:359,54,0,0
BRDA:359,54,1,0
BRDA:365,55,0,0
BRDA:365,55,1,0
BRDA:376,56,0,0
BRDA:378,57,0,0
BRDA:378,57,1,0
BRDA:380,58,0,0
BRDA:381,59,0,0
BRDA:381,59,1,0
BRDA:384,60,0,0
BRDA:384,60,1,0
BRDA:391,61,0,0
BRDA:391,62,0,0
BRDA:391,62,1,0
BRDA:394,63,0,0
BRDA:394,64,0,0
BRDA:394,64,1,0
BRDA:407,65,0,0
BRDA:428,66,0,0
BRDA:436,67,0,0
BRDA:436,67,1,0
BRDA:437,68,0,0
BRDA:437,68,1,0
BRDA:451,69,0,0
BRDA:454,70,0,0
BRDA:454,71,0,0
BRDA:454,71,1,0
BRDA:457,72,0,0
BRDA:464,73,0,0
BRDA:471,74,0,0
BRDA:471,74,1,0
BRDA:472,75,0,0
BRDA:472,75,1,0
BRDA:483,76,0,0
BRDA:485,77,0,0
BRDA:486,78,0,0
BRDA:487,79,0,0
BRDA:487,80,0,0
BRDA:487,80,1,0
BRDA:497,81,0,0
BRDA:499,82,0,2
BRDA:499,82,1,1
BRDA:500,83,0,0
BRDA:501,84,0,1
BRDA:504,85,0,1
BRDA:504,85,1,0
BRDA:506,86,0,0
BRDA:506,86,1,0
BRF:124
BRH:24
end_of_record
TN:
SF:src\reviews\reviews.controller.ts
FN:11,(anonymous_4)
FN:20,(anonymous_5)
FN:37,(anonymous_6)
FN:46,(anonymous_7)
FN:55,(anonymous_8)
FN:65,(anonymous_9)
FN:74,(anonymous_10)
FN:83,(anonymous_11)
FNF:8
FNH:0
FNDA:0,(anonymous_4)
FNDA:0,(anonymous_5)
FNDA:0,(anonymous_6)
FNDA:0,(anonymous_7)
FNDA:0,(anonymous_8)
FNDA:0,(anonymous_9)
FNDA:0,(anonymous_10)
FNDA:0,(anonymous_11)
DA:1,0
DA:2,0
DA:3,0
DA:4,0
DA:5,0
DA:6,0
DA:10,0
DA:11,0
DA:20,0
DA:24,0
DA:37,0
DA:38,0
DA:46,0
DA:47,0
DA:55,0
DA:56,0
DA:65,0
DA:66,0
DA:74,0
DA:75,0
DA:83,0
DA:84,0
LF:22
LH:0
BRDA:25,0,0,0
BRDA:25,0,1,0
BRDA:38,1,0,0
BRDA:38,1,1,0
BRDA:47,2,0,0
BRDA:47,2,1,0
BRF:6
BRH:0
end_of_record
TN:
SF:src\reviews\reviews.module.ts
FNF:0
FNH:0
DA:1,0
DA:2,0
DA:3,0
DA:4,0
DA:5,0
DA:13,0
LF:6
LH:0
BRF:0
BRH:0
end_of_record
TN:
SF:src\reviews\reviews.service.ts
FN:8,(anonymous_2)
FN:13,(anonymous_3)
FN:27,(anonymous_4)
FN:49,(anonymous_5)
FN:66,(anonymous_6)
FN:79,(anonymous_7)
FN:125,(anonymous_8)
FN:142,(anonymous_9)
FN:162,(anonymous_10)
FN:170,(anonymous_11)
FNF:10
FNH:5
FNDA:5,(anonymous_2)
FNDA:0,(anonymous_3)
FNDA:1,(anonymous_4)
FNDA:0,(anonymous_5)
FNDA:0,(anonymous_6)
FNDA:3,(anonymous_7)
FNDA:0,(anonymous_8)
FNDA:0,(anonymous_9)
FNDA:2,(anonymous_10)
FNDA:3,(anonymous_11)
DA:1,1
DA:2,1
DA:3,1
DA:4,1
DA:7,1
DA:9,5
DA:10,5
DA:14,0
DA:28,1
DA:29,1
DA:31,1
DA:37,1
DA:40,1
DA:46,1
DA:50,0
DA:51,0
DA:53,0
DA:59,0
DA:60,0
DA:63,0
DA:67,0
DA:68,0
DA:70,0
DA:73,0
DA:86,3
DA:90,3
DA:91,1
DA:97,2
DA:101,2
DA:102,1
DA:105,1
DA:106,0
DA:109,1
DA:120,1
DA:122,1
DA:126,0
DA:143,0
DA:163,2
DA:167,2
DA:169,2
DA:170,3
DA:174,2
DA:178,2
DA:180,2
LF:44
LH:30
BRDA:15,0,0,0
BRDA:15,0,1,0
BRDA:29,1,0,0
BRDA:43,2,0,1
BRDA:43,2,1,1
BRDA:51,3,0,0
BRDA:59,4,0,0
BRDA:59,5,0,0
BRDA:59,5,1,0
BRDA:68,6,0,0
BRDA:90,7,0,1
BRDA:101,8,0,1
BRDA:105,9,0,0
BRDA:105,10,0,1
BRDA:105,10,1,1
BRDA:169,11,0,2
BRDA:169,11,1,0
BRDA:178,12,0,2
BRF:18
BRH:8
end_of_record
TN:
SF:src\stats\stats.controller.ts
FN:11,(anonymous_4)
FN:14,(anonymous_5)
FN:32,(anonymous_6)
FN:38,(anonymous_7)
FNF:4
FNH:0
FNDA:0,(anonymous_4)
FNDA:0,(anonymous_5)
FNDA:0,(anonymous_6)
FNDA:0,(anonymous_7)
DA:1,0
DA:2,0
DA:3,0
DA:4,0
DA:5,0
DA:6,0
DA:10,0
DA:11,0
DA:14,0
DA:15,0
DA:16,0
DA:18,0
DA:19,0
DA:21,0
DA:22,0
DA:24,0
DA:25,0
DA:27,0
DA:32,0
DA:33,0
DA:38,0
DA:39,0
LF:22
LH:0
BRDA:15,0,0,0
BRDA:18,1,0,0
BRDA:21,2,0,0
BRDA:24,3,0,0
BRF:4
BRH:0
end_of_record
TN:
SF:src\stats\stats.module.ts
FNF:0
FNH:0
DA:1,0
DA:2,0
DA:3,0
DA:4,0
DA:12,0
LF:5
LH:0
BRF:0
BRH:0
end_of_record
TN:
SF:src\stats\stats.service.ts
FN:7,(anonymous_2)
FN:9,(anonymous_3)
FN:37,(anonymous_4)
FN:87,(anonymous_5)
FN:108,(anonymous_6)
FN:113,(anonymous_7)
FN:123,(anonymous_8)
FN:129,(anonymous_9)
FN:140,(anonymous_10)
FN:167,(anonymous_11)
FN:177,(anonymous_12)
FN:246,(anonymous_13)
FNF:12
FNH:6
FNDA:7,(anonymous_2)
FNDA:1,(anonymous_3)
FNDA:2,(anonymous_4)
FNDA:0,(anonymous_5)
FNDA:0,(anonymous_6)
FNDA:0,(anonymous_7)
FNDA:0,(anonymous_8)
FNDA:0,(anonymous_9)
FNDA:1,(anonymous_10)
FNDA:0,(anonymous_11)
FNDA:1,(anonymous_12)
FNDA:1,(anonymous_13)
DA:1,1
DA:2,1
DA:3,1
DA:6,1
DA:7,7
DA:10,1
DA:25,1
DA:38,2
DA:85,2
DA:86,2
DA:87,2
DA:88,0
DA:89,0
DA:90,0
DA:91,0
DA:95,2
DA:96,2
DA:97,2
DA:98,18
DA:99,18
DA:100,18
DA:107,2
DA:108,2
DA:109,0
DA:110,0
DA:113,2
DA:114,2
DA:115,2
DA:118,2
DA:123,0
DA:129,0
DA:141,1
DA:162,1
DA:167,0
DA:169,1
DA:185,1
DA:198,1
DA:199,1
DA:200,1
DA:201,1
DA:204,1
DA:214,1
DA:220,1
DA:249,1
LF:44
LH:35
BRDA:30,0,0,1
BRDA:30,0,1,0
BRDA:88,1,0,0
BRDA:88,1,1,0
BRDA:89,2,0,0
BRDA:89,3,0,0
BRDA:89,3,1,0
BRDA:91,4,0,0
BRDA:91,4,1,0
BRDA:99,5,0,6
BRDA:102,6,0,18
BRDA:102,6,1,18
BRDA:109,7,0,0
BRDA:109,7,1,0
BRDA:110,8,0,0
BRDA:110,8,1,0
BRDA:114,9,0,2
BRDA:124,10,0,0
BRDA:124,10,1,0
BRDA:125,11,0,0
BRDA:125,11,1,0
BRDA:126,12,0,0
BRDA:126,12,1,0
BRDA:126,13,0,0
BRDA:126,13,1,0
BRDA:131,14,0,0
BRDA:131,14,1,0
BRDA:132,15,0,0
BRDA:132,15,1,0
BRDA:173,16,0,1
BRDA:173,16,1,0
BRDA:231,17,0,1
BRDA:231,17,1,0
BRF:33
BRH:7
end_of_record
TN:
SF:src\tasks\tasks.controller.ts
FN:30,(anonymous_4)
FN:33,(anonymous_5)
FN:51,(anonymous_6)
FN:82,(anonymous_7)
FN:91,(anonymous_8)
FN:100,(anonymous_9)
FN:109,(anonymous_10)
FNF:7
FNH:0
FNDA:0,(anonymous_4)
FNDA:0,(anonymous_5)
FNDA:0,(anonymous_6)
FNDA:0,(anonymous_7)
FNDA:0,(anonymous_8)
FNDA:0,(anonymous_9)
FNDA:0,(anonymous_10)
DA:1,0
DA:13,0
DA:14,0
DA:15,0
DA:16,0
DA:17,0
DA:29,0
DA:30,0
DA:33,0
DA:39,0
DA:40,0
DA:51,0
DA:67,0
DA:68,0
DA:70,0
DA:82,0
DA:87,0
DA:91,0
DA:96,0
DA:100,0
DA:105,0
DA:109,0
DA:112,0
LF:23
LH:0
BRDA:35,0,0,0
BRDA:36,1,0,0
BRDA:67,2,0,0
BRDA:67,2,1,0
BRDA:67,3,0,0
BRDA:67,3,1,0
BRDA:68,4,0,0
BRDA:68,4,1,0
BRDA:68,5,0,0
BRDA:68,5,1,0
BRDA:73,6,0,0
BRDA:73,6,1,0
BRDA:74,7,0,0
BRDA:74,7,1,0
BRDA:74,8,0,0
BRDA:74,8,1,0
BRDA:75,9,0,0
BRDA:75,9,1,0
BRDA:75,10,0,0
BRDA:75,10,1,0
BRF:20
BRH:0
end_of_record
TN:
SF:src\tasks\tasks.module.ts
FNF:0
FNH:0
DA:1,0
DA:2,0
DA:3,0
DA:5,0
DA:12,0
LF:5
LH:0
BRF:0
BRH:0
end_of_record
TN:
SF:src\tasks\tasks.service.ts
FN:8,(anonymous_2)
FN:13,(anonymous_3)
FN:66,(anonymous_4)
FN:109,(anonymous_5)
FN:134,(anonymous_6)
FN:142,(anonymous_7)
FN:219,(anonymous_8)
FN:232,(anonymous_9)
FN:243,(anonymous_10)
FNF:9
FNH:3
FNDA:5,(anonymous_2)
FNDA:0,(anonymous_3)
FNDA:0,(anonymous_4)
FNDA:0,(anonymous_5)
FNDA:4,(anonymous_6)
FNDA:3,(anonymous_7)
FNDA:0,(anonymous_8)
FNDA:0,(anonymous_9)
FNDA:0,(anonymous_10)
DA:1,1
DA:2,1
DA:3,1
DA:4,1
DA:7,1
DA:9,5
DA:10,5
DA:14,0
DA:15,0
DA:29,0
DA:31,0
DA:32,0
DA:33,0
DA:34,0
DA:41,0
DA:42,0
DA:45,0
DA:58,0
DA:82,0
DA:83,0
DA:84,0
DA:87,0
DA:88,0
DA:90,0
DA:91,0
DA:98,0
DA:101,0
DA:103,0
DA:109,0
DA:119,0
DA:120,0
DA:121,0
DA:131,0
DA:135,4
DA:139,4
DA:142,3
DA:143,3
DA:145,3
DA:146,1
DA:149,2
DA:150,1
DA:153,1
DA:167,1
DA:169,0
DA:178,1
DA:180,0
DA:181,0
DA:191,1
DA:193,1
DA:194,1
DA:204,1
DA:205,0
DA:206,0
DA:209,0
DA:211,0
DA:216,1
DA:220,0
DA:233,0
DA:244,0
DA:245,0
DA:246,0
LF:61
LH:23
BRDA:13,0,0,0
BRDA:13,1,0,0
BRDA:13,2,0,0
BRDA:31,3,0,0
BRDA:31,3,1,0
BRDA:33,4,0,0
BRDA:33,4,1,0
BRDA:33,5,0,0
BRDA:33,5,1,0
BRDA:41,6,0,0
BRDA:83,7,0,0
BRDA:83,8,0,0
BRDA:83,8,1,0
BRDA:87,9,0,0
BRDA:90,10,0,0
BRDA:108,11,0,0
BRDA:108,11,1,0
BRDA:108,12,0,0
BRDA:108,12,1,0
BRDA:119,13,0,0
BRDA:119,14,0,0
BRDA:119,14,1,0
BRDA:139,15,0,1
BRDA:145,16,0,1
BRDA:145,17,0,3
BRDA:145,17,1,3
BRDA:145,17,2,1
BRDA:149,18,0,1
BRDA:149,19,0,2
BRDA:149,19,1,2
BRDA:149,19,2,2
BRDA:157,20,0,0
BRDA:157,20,1,1
BRDA:158,21,0,1
BRDA:158,21,1,0
BRDA:167,22,0,0
BRDA:167,23,0,1
BRDA:167,23,1,0
BRDA:178,24,0,0
BRDA:178,25,0,1
BRDA:178,25,1,0
BRDA:184,26,0,0
BRDA:184,26,1,0
BRDA:191,27,0,1
BRDA:204,28,0,0
BRDA:245,29,0,0
BRF:46
BRH:14
end_of_record
TN:
SF:src\users\users.controller.ts
FN:32,(anonymous_4)
FN:36,(anonymous_5)
FN:51,(anonymous_6)
FN:62,(anonymous_7)
FN:67,(anonymous_8)
FN:73,(anonymous_9)
FN:79,(anonymous_10)
FN:84,(anonymous_11)
FN:90,(anonymous_12)
FN:96,(anonymous_13)
FN:102,(anonymous_14)
FN:108,(anonymous_15)
FN:113,(anonymous_16)
FNF:13
FNH:0
FNDA:0,(anonymous_4)
FNDA:0,(anonymous_5)
FNDA:0,(anonymous_6)
FNDA:0,(anonymous_7)
FNDA:0,(anonymous_8)
FNDA:0,(anonymous_9)
FNDA:0,(anonymous_10)
FNDA:0,(anonymous_11)
FNDA:0,(anonymous_12)
FNDA:0,(anonymous_13)
FNDA:0,(anonymous_14)
FNDA:0,(anonymous_15)
FNDA:0,(anonymous_16)
DA:1,0
DA:14,0
DA:15,0
DA:16,0
DA:17,0
DA:18,0
DA:19,0
DA:31,0
DA:32,0
DA:36,0
DA:40,0
DA:51,0
DA:52,0
DA:62,0
DA:63,0
DA:67,0
DA:68,0
DA:73,0
DA:74,0
DA:79,0
DA:80,0
DA:84,0
DA:85,0
DA:90,0
DA:91,0
DA:96,0
DA:97,0
DA:102,0
DA:103,0
DA:108,0
DA:109,0
DA:113,0
DA:117,0
DA:118,0
DA:120,0
LF:35
LH:0
BRDA:117,0,0,0
BRF:1
BRH:0
end_of_record
TN:
SF:src\users\users.module.ts
FNF:0
FNH:0
DA:1,0
DA:2,0
DA:3,0
DA:10,0
LF:4
LH:0
BRF:0
BRH:0
end_of_record
TN:
SF:src\users\users.service.ts
FN:18,(anonymous_2)
FN:23,(anonymous_3)
FN:80,(anonymous_4)
FN:147,(anonymous_5)
FN:151,(anonymous_6)
FN:163,(anonymous_7)
FN:175,(anonymous_8)
FN:183,(anonymous_9)
FN:197,(anonymous_10)
FN:198,(anonymous_11)
FN:220,(anonymous_12)
FN:221,(anonymous_13)
FN:222,(anonymous_14)
FN:237,(anonymous_15)
FN:238,(anonymous_16)
FN:255,(anonymous_17)
FN:256,(anonymous_18)
FN:257,(anonymous_19)
FN:264,(anonymous_20)
FN:277,(anonymous_21)
FN:282,(anonymous_22)
FN:283,(anonymous_23)
FN:284,(anonymous_24)
FN:306,(anonymous_25)
FN:320,(anonymous_26)
FN:324,(anonymous_27)
FN:325,(anonymous_28)
FN:338,(anonymous_29)
FN:363,(anonymous_30)
FN:394,(anonymous_31)
FN:407,(anonymous_32)
FN:424,(anonymous_33)
FN:431,(anonymous_34)
FN:456,(anonymous_35)
FN:468,(anonymous_36)
FN:481,(anonymous_37)
FN:508,(anonymous_38)
FN:527,(anonymous_39)
FN:537,(anonymous_40)
FN:583,(anonymous_41)
FN:621,(anonymous_42)
FN:631,(anonymous_43)
FNF:42
FNH:6
FNDA:8,(anonymous_2)
FNDA:2,(anonymous_3)
FNDA:0,(anonymous_4)
FNDA:1,(anonymous_5)
FNDA:2,(anonymous_6)
FNDA:0,(anonymous_7)
FNDA:0,(anonymous_8)
FNDA:0,(anonymous_9)
FNDA:0,(anonymous_10)
FNDA:0,(anonymous_11)
FNDA:0,(anonymous_12)
FNDA:0,(anonymous_13)
FNDA:0,(anonymous_14)
FNDA:0,(anonymous_15)
FNDA:0,(anonymous_16)
FNDA:0,(anonymous_17)
FNDA:0,(anonymous_18)
FNDA:0,(anonymous_19)
FNDA:0,(anonymous_20)
FNDA:0,(anonymous_21)
FNDA:0,(anonymous_22)
FNDA:0,(anonymous_23)
FNDA:0,(anonymous_24)
FNDA:0,(anonymous_25)
FNDA:0,(anonymous_26)
FNDA:0,(anonymous_27)
FNDA:0,(anonymous_28)
FNDA:0,(anonymous_29)
FNDA:0,(anonymous_30)
FNDA:0,(anonymous_31)
FNDA:0,(anonymous_32)
FNDA:0,(anonymous_33)
FNDA:0,(anonymous_34)
FNDA:0,(anonymous_35)
FNDA:0,(anonymous_36)
FNDA:0,(anonymous_37)
FNDA:2,(anonymous_38)
FNDA:0,(anonymous_39)
FNDA:2,(anonymous_40)
FNDA:0,(anonymous_41)
FNDA:0,(anonymous_42)
FNDA:0,(anonymous_43)
DA:1,3
DA:7,3
DA:8,3
DA:10,3
DA:11,3
DA:12,3
DA:14,3
DA:17,3
DA:19,8
DA:20,8
DA:30,2
DA:33,2
DA:34,1
DA:38,1
DA:39,1
DA:41,1
DA:43,1
DA:44,1
DA:46,1
DA:70,1
DA:71,0
DA:80,0
DA:83,1
DA:84,0
DA:92,0
DA:93,1
DA:94,0
DA:102,1
DA:105,1
DA:106,0
DA:107,0
DA:108,0
DA:109,0
DA:116,0
DA:121,0
DA:122,0
DA:124,1
DA:134,1
DA:138,1
DA:139,1
DA:148,1
DA:152,2
DA:159,2
DA:160,1
DA:164,0
DA:176,0
DA:178,0
DA:179,0
DA:183,0
DA:186,0
DA:187,0
DA:191,0
DA:195,0
DA:197,0
DA:198,0
DA:202,0
DA:203,0
DA:207,0
DA:208,0
DA:212,0
DA:218,0
DA:220,0
DA:221,0
DA:222,0
DA:226,0
DA:231,0
DA:236,0
DA:237,0
DA:238,0
DA:240,0
DA:247,0
DA:248,0
DA:254,0
DA:255,0
DA:256,0
DA:257,0
DA:261,0
DA:265,0
DA:266,0
DA:277,0
DA:278,0
DA:279,0
DA:280,0
DA:282,0
DA:283,0
DA:284,0
DA:286,0
DA:288,0
DA:289,0
DA:301,0
DA:302,0
DA:307,0
DA:320,0
DA:321,0
DA:322,0
DA:324,0
DA:325,0
DA:327,0
DA:328,0
DA:339,0
DA:348,0
DA:350,0
DA:351,0
DA:364,0
DA:365,0
DA:366,0
DA:367,0
DA:368,0
DA:376,0
DA:395,0
DA:400,0
DA:401,0
DA:404,0
DA:408,0
DA:415,0
DA:416,0
DA:417,0
DA:418,0
DA:421,0
DA:425,0
DA:432,0
DA:434,0
DA:439,0
DA:440,0
DA:441,0
DA:442,0
DA:443,0
DA:445,0
DA:446,0
DA:447,0
DA:448,0
DA:453,0
DA:457,0
DA:458,0
DA:459,0
DA:460,0
DA:462,0
DA:469,0
DA:470,0
DA:472,0
DA:477,0
DA:482,0
DA:485,0
DA:486,0
DA:490,0
DA:491,0
DA:492,0
DA:493,0
DA:496,0
DA:497,0
DA:498,0
DA:499,0
DA:502,0
DA:510,2
DA:513,2
DA:517,2
DA:518,0
DA:522,2
DA:524,1
DA:529,0
DA:530,0
DA:552,2
DA:569,2
DA:573,2
DA:574,1
DA:584,0
DA:595,0
DA:596,0
DA:601,0
DA:602,0
DA:603,0
DA:605,0
DA:610,0
DA:611,0
DA:619,0
DA:620,0
DA:621,0
DA:632,0
DA:633,0
DA:640,0
LF:180
LH:41
BRDA:33,0,0,1
BRDA:38,1,0,1
BRDA:38,1,1,0
BRDA:43,2,0,0
BRDA:43,2,1,1
BRDA:43,3,0,1
BRDA:43,3,1,0
BRDA:44,4,0,0
BRDA:44,4,1,1
BRDA:44,5,0,1
BRDA:44,5,1,0
BRDA:54,6,0,0
BRDA:54,6,1,1
BRDA:54,7,0,1
BRDA:54,7,1,0
BRDA:56,8,0,0
BRDA:56,8,1,1
BRDA:56,9,0,1
BRDA:56,9,1,0
BRDA:61,10,0,0
BRDA:61,10,1,1
BRDA:65,11,0,1
BRDA:65,11,1,0
BRDA:70,12,0,0
BRDA:83,13,0,0
BRDA:83,13,1,1
BRDA:83,14,0,1
BRDA:83,14,1,0
BRDA:93,15,0,0
BRDA:93,16,0,1
BRDA:93,16,1,0
BRDA:105,17,0,0
BRDA:105,17,1,1
BRDA:127,18,0,0
BRDA:127,18,1,1
BRDA:143,19,0,0
BRDA:143,19,1,1
BRDA:159,20,0,1
BRDA:178,21,0,0
BRDA:186,22,0,0
BRDA:202,23,0,0
BRDA:207,24,0,0
BRDA:247,25,0,0
BRDA:279,26,0,0
BRDA:279,26,1,0
BRDA:283,27,0,0
BRDA:283,27,1,0
BRDA:286,28,0,0
BRDA:286,28,1,0
BRDA:324,29,0,0
BRDA:324,29,1,0
BRDA:325,30,0,0
BRDA:325,30,1,0
BRDA:348,31,0,0
BRDA:365,32,0,0
BRDA:366,33,0,0
BRDA:367,34,0,0
BRDA:400,35,0,0
BRDA:400,36,0,0
BRDA:400,36,1,0
BRDA:417,37,0,0
BRDA:439,38,0,0
BRDA:440,39,0,0
BRDA:440,39,1,0
BRDA:442,40,0,0
BRDA:445,41,0,0
BRDA:447,42,0,0
BRDA:460,43,0,0
BRDA:469,44,0,0
BRDA:469,44,1,0
BRDA:485,45,0,0
BRDA:490,46,0,0
BRDA:490,46,1,0
BRDA:491,47,0,0
BRDA:493,48,0,0
BRDA:493,48,1,0
BRDA:496,49,0,0
BRDA:496,49,1,0
BRDA:497,50,0,0
BRDA:499,51,0,0
BRDA:499,51,1,0
BRDA:517,52,0,0
BRDA:517,53,0,2
BRDA:517,53,1,0
BRDA:573,54,0,1
BRDA:595,55,0,0
BRDA:601,56,0,0
BRDA:619,57,0,0
BRF:88
BRH:21
end_of_record
TN:
SF:src\users\dto\create-user.dto.ts
FNF:0
FNH:0
DA:1,0
DA:10,0
DA:12,0
DA:16,0
DA:20,0
DA:24,0
DA:28,0
DA:32,0
DA:36,0
DA:40,0
DA:44,0
DA:48,0
DA:52,0
DA:55,0
DA:58,0
DA:62,0
DA:66,0
DA:70,0
DA:74,0
LF:19
LH:0
BRF:0
BRH:0
end_of_record
